

================================================================
== Synthesis Summary Report of 'naive_findClustersHLS1'
================================================================
+ General Information: 
    * Date:           Thu Apr 24 10:01:47 2025
    * Version:        2023.1 (Build 3854077 on May  4 2023)
    * Project:        clustering
    * Solution:       solution1 (Vivado IP Flow Target)
    * Product family: virtexuplus
    * Target device:  xcvu11p-flga2577-1-e
    

+ Performance & Resource Estimates: 
    
    PS: '+' for module; 'o' for loop; '*' for dataflow
    +----------------------------------------------------------------------+------+------+---------+-----------+----------+---------+------+----------+----------+----+-------------+------------+-----+
    |                                Modules                               | Issue|      | Latency |  Latency  | Iteration|         | Trip |          |          |    |             |            |     |
    |                                & Loops                               | Type | Slack| (cycles)|    (ns)   |  Latency | Interval| Count| Pipelined|   BRAM   | DSP|      FF     |     LUT    | URAM|
    +----------------------------------------------------------------------+------+------+---------+-----------+----------+---------+------+----------+----------+----+-------------+------------+-----+
    |+ naive_findClustersHLS1                                              |     -|  2.68|        -|          -|         -|        -|     -|        no|  14 (~0%)|   -|  10622 (~0%)|  5688 (~0%)|    -|
    | + naive_findClustersHLS1_Pipeline_1                                  |     -|  5.15|       51|    510.000|         -|       51|     -|        no|         -|   -|     17 (~0%)|   401 (~0%)|    -|
    |  o Loop 1                                                            |    II|  7.30|       49|    490.000|         5|        5|    10|       yes|         -|   -|            -|           -|    -|
    | + naive_findClustersHLS1_Pipeline_2                                  |     -|  5.98|      101|  1.010e+03|         -|      101|     -|        no|         -|   -|      9 (~0%)|    55 (~0%)|    -|
    |  o Loop 1                                                            |     -|  7.30|       99|    990.000|         1|        1|   100|       yes|         -|   -|            -|           -|    -|
    | + naive_findClustersHLS1_Pipeline_4                                  |     -|  5.15|       51|    510.000|         -|       51|     -|        no|         -|   -|     17 (~0%)|   401 (~0%)|    -|
    |  o Loop 1                                                            |    II|  7.30|       49|    490.000|         5|        5|    10|       yes|         -|   -|            -|           -|    -|
    | + naive_findClustersHLS1_Pipeline_VITIS_LOOP_199_5_VITIS_LOOP_200_6  |     -|  4.12|      102|  1.020e+03|         -|      102|     -|        no|         -|   -|     25 (~0%)|   178 (~0%)|    -|
    |  o VITIS_LOOP_199_5_VITIS_LOOP_200_6                                 |     -|  7.30|      100|  1.000e+03|         2|        1|   100|       yes|         -|   -|            -|           -|    -|
    | o VITIS_LOOP_151_1_VITIS_LOOP_152_2                                  |     -|  7.30|        -|          -|         -|        -|     -|        no|         -|   -|            -|           -|    -|
    |  + naive_findClustersHLS1_Pipeline_VITIS_LOOP_168_3                  |     -|  2.68|        -|          -|         -|        -|     -|        no|         -|   -|    908 (~0%)|  1860 (~0%)|    -|
    |   o VITIS_LOOP_168_3                                                 |    II|  7.30|        -|          -|        11|       11|     -|       yes|         -|   -|            -|           -|    -|
    +----------------------------------------------------------------------+------+------+---------+-----------+----------+---------+------+----------+----------+----+-------------+------------+-----+


================================================================
== HW Interfaces
================================================================
* AP_MEMORY
+---------------+-----------+----------+
| Port          | Direction | Bitwidth |
+---------------+-----------+----------+
| grid_address0 | out       | 7        |
| grid_address1 | out       | 7        |
| grid_q0       | in        | 32       |
| grid_q1       | in        | 32       |
+---------------+-----------+----------+

* Other Ports
+-----------+---------+-----------+----------+
| Port      | Mode    | Direction | Bitwidth |
+-----------+---------+-----------+----------+
| ap_return |         | out       | 9600     |
| debug     | ap_none | in        | 1        |
+-----------+---------+-----------+----------+

* TOP LEVEL CONTROL
+-----------+------------+-----------------------------------+
| Interface | Type       | Ports                             |
+-----------+------------+-----------------------------------+
| ap_clk    | clock      | ap_clk                            |
| ap_rst    | reset      | ap_rst                            |
| ap_ctrl   | ap_ctrl_hs | ap_done ap_idle ap_ready ap_start |
+-----------+------------+-----------------------------------+


================================================================
== SW I/O Information
================================================================
* Top Function Arguments
+----------+-----------+----------------------------------+
| Argument | Direction | Datatype                         |
+----------+-----------+----------------------------------+
| grid     | in        | int*                             |
| debug    | in        | bool                             |
| return   | out       | array<std::array<Point, 10>, 10> |
+----------+-----------+----------------------------------+

* SW-to-HW Mapping
+----------+---------------+---------+----------+
| Argument | HW Interface  | HW Type | HW Usage |
+----------+---------------+---------+----------+
| grid     | grid_address0 | port    | offset   |
| grid     | grid_ce0      | port    |          |
| grid     | grid_q0       | port    |          |
| grid     | grid_address1 | port    | offset   |
| grid     | grid_ce1      | port    |          |
| grid     | grid_q1       | port    |          |
| debug    | debug         | port    |          |
| return   | ap_return     | port    |          |
+----------+---------------+---------+----------+


================================================================
== M_AXI Burst Information
================================================================
 Note: All burst requests might be further partitioned into multiple requests during RTL generation based on max_read_burst_length or max_write_burst_length settings.


================================================================
== Bind Op Report
================================================================
+----------------------------------------------------------------------+-----+--------+--------------+-----+--------+---------+
| Name                                                                 | DSP | Pragma | Variable     | Op  | Impl   | Latency |
+----------------------------------------------------------------------+-----+--------+--------------+-----+--------+---------+
| + naive_findClustersHLS1                                             | 0   |        |              |     |        |         |
|   add_ln151_1_fu_2603_p2                                             | -   |        | add_ln151_1  | add | fabric | 0       |
|   add_ln151_fu_2615_p2                                               | -   |        | add_ln151    | add | fabric | 0       |
|   clusterID_2_fu_2719_p2                                             | -   |        | clusterID_2  | add | fabric | 0       |
|   stackIndex_fu_2737_p2                                              | -   |        | stackIndex   | add | fabric | 0       |
|   add_ln152_fu_2743_p2                                               | -   |        | add_ln152    | add | fabric | 0       |
|  + naive_findClustersHLS1_Pipeline_1                                 | 0   |        |              |     |        |         |
|    add_ln142_1_fu_359_p2                                             | -   |        | add_ln142_1  | add | fabric | 0       |
|    add_ln142_2_fu_402_p2                                             | -   |        | add_ln142_2  | add | fabric | 0       |
|    add_ln142_3_fu_414_p2                                             | -   |        | add_ln142_3  | add | fabric | 0       |
|    add_ln142_4_fu_426_p2                                             | -   |        | add_ln142_4  | add | fabric | 0       |
|    add_ln142_5_fu_438_p2                                             | -   |        | add_ln142_5  | add | fabric | 0       |
|    add_ln142_6_fu_450_p2                                             | -   |        | add_ln142_6  | add | fabric | 0       |
|    add_ln142_7_fu_462_p2                                             | -   |        | add_ln142_7  | add | fabric | 0       |
|    add_ln142_8_fu_474_p2                                             | -   |        | add_ln142_8  | add | fabric | 0       |
|    add_ln142_9_fu_486_p2                                             | -   |        | add_ln142_9  | add | fabric | 0       |
|    add_ln142_fu_385_p2                                               | -   |        | add_ln142    | add | fabric | 0       |
|  + naive_findClustersHLS1_Pipeline_2                                 | 0   |        |              |     |        |         |
|    add_ln147_fu_72_p2                                                | -   |        | add_ln147    | add | fabric | 0       |
|  + naive_findClustersHLS1_Pipeline_4                                 | 0   |        |              |     |        |         |
|    add_ln37_fu_359_p2                                                | -   |        | add_ln37     | add | fabric | 0       |
|    add_ln37_1_fu_402_p2                                              | -   |        | add_ln37_1   | add | fabric | 0       |
|    add_ln37_2_fu_414_p2                                              | -   |        | add_ln37_2   | add | fabric | 0       |
|    add_ln37_3_fu_426_p2                                              | -   |        | add_ln37_3   | add | fabric | 0       |
|    add_ln37_4_fu_438_p2                                              | -   |        | add_ln37_4   | add | fabric | 0       |
|    add_ln37_5_fu_450_p2                                              | -   |        | add_ln37_5   | add | fabric | 0       |
|    add_ln37_6_fu_462_p2                                              | -   |        | add_ln37_6   | add | fabric | 0       |
|    add_ln37_7_fu_474_p2                                              | -   |        | add_ln37_7   | add | fabric | 0       |
|    add_ln37_8_fu_486_p2                                              | -   |        | add_ln37_8   | add | fabric | 0       |
|    add_ln94_fu_385_p2                                                | -   |        | add_ln94     | add | fabric | 0       |
|  + naive_findClustersHLS1_Pipeline_VITIS_LOOP_168_3                  | 0   |        |              |     |        |         |
|    stackIndex_2_fu_643_p2                                            | -   |        | stackIndex_2 | add | fabric | 0       |
|    add_ln175_fu_663_p2                                               | -   |        | add_ln175    | add | fabric | 0       |
|    add_ln176_fu_677_p2                                               | -   |        | add_ln176    | add | fabric | 0       |
|    add_ln186_fu_919_p2                                               | -   |        | add_ln186    | add | fabric | 0       |
|    add_ln175_1_fu_801_p2                                             | -   |        | add_ln175_1  | add | fabric | 0       |
|    add_ln186_1_fu_1113_p2                                            | -   |        | add_ln186_1  | add | fabric | 0       |
|    add_ln186_2_fu_1140_p2                                            | -   |        | add_ln186_2  | add | fabric | 0       |
|    add_ln186_3_fu_1158_p2                                            | -   |        | add_ln186_3  | add | fabric | 0       |
|    add_ln176_1_fu_971_p2                                             | -   |        | add_ln176_1  | add | fabric | 0       |
|    add_ln186_4_fu_1165_p2                                            | -   |        | add_ln186_4  | add | fabric | 0       |
|    add_ln186_5_fu_1177_p2                                            | -   |        | add_ln186_5  | add | fabric | 0       |
|    add_ln186_6_fu_1189_p2                                            | -   |        | add_ln186_6  | add | fabric | 0       |
|  + naive_findClustersHLS1_Pipeline_VITIS_LOOP_199_5_VITIS_LOOP_200_6 | 0   |        |              |     |        |         |
|    add_ln199_1_fu_171_p2                                             | -   |        | add_ln199_1  | add | fabric | 0       |
|    add_ln199_fu_183_p2                                               | -   |        | add_ln199    | add | fabric | 0       |
|    add_ln200_fu_254_p2                                               | -   |        | add_ln200    | add | fabric | 0       |
+----------------------------------------------------------------------+-----+--------+--------------+-----+--------+---------+


================================================================
== Bind Storage Report
================================================================
+----------------------------+------+------+--------+------------------------+---------+------+---------+
| Name                       | BRAM | URAM | Pragma | Variable               | Storage | Impl | Latency |
+----------------------------+------+------+--------+------------------------+---------+------+---------+
| + naive_findClustersHLS1   | 14   | 0    |        |                        |         |      |         |
|   clusterArray_x_U         | 2    | -    |        | clusterArray_x         | ram_t2p | auto | 1       |
|   clusterArray_y_U         | 2    | -    |        | clusterArray_y         | ram_t2p | auto | 1       |
|   clusterArray_clusterID_U | 2    | -    |        | clusterArray_clusterID | ram_t2p | auto | 1       |
|   clusterGrid_x_U          | 2    | -    |        | clusterGrid_x          | ram_t2p | auto | 1       |
|   clusterGrid_y_U          | 2    | -    |        | clusterGrid_y          | ram_t2p | auto | 1       |
|   clusterGrid_clusterID_U  | 2    | -    |        | clusterGrid_clusterID  | ram_t2p | auto | 1       |
|   stack_x_U                | 1    | -    |        | stack_x                | ram_1p  | auto | 1       |
|   stack_y_U                | 1    | -    |        | stack_y                | ram_1p  | auto | 1       |
+----------------------------+------+------+--------+------------------------+---------+------+---------+


================================================================
== Pragma Report
================================================================
* Pragmas with Warnings
+----------+----------------------------------------+---------------------------------------------------------+----------------------------------------------------------------------------+
| Type     | Options                                | Location                                                | Messages                                                                   |
+----------+----------------------------------------+---------------------------------------------------------+----------------------------------------------------------------------------+
| resource | variable=clusterGrid1 core=RAM_2P_BRAM | cluster.cpp:217 in naive_findclustershls2, clusterGrid1 | 'Resource pragma' is deprecated, use 'bind_op/bind_storage pragma' instead |
| resource | variable=clusterGrid2 core=RAM_2P_BRAM | cluster.cpp:218 in naive_findclustershls2, clusterGrid2 | 'Resource pragma' is deprecated, use 'bind_op/bind_storage pragma' instead |
+----------+----------------------------------------+---------------------------------------------------------+----------------------------------------------------------------------------+

* Valid Pragma Syntax
+-----------------+---------------------------------------------------+----------------------------------------------------------------------+
| Type            | Options                                           | Location                                                             |
+-----------------+---------------------------------------------------+----------------------------------------------------------------------+
| array_partition | variable=upperLeftNeighborXCoords complete dim=1  | cluster.cpp:219 in naive_findclustershls2, upperLeftNeighborXCoords  |
| array_partition | variable=upperLeftNeighborYCoords complete dim=1  | cluster.cpp:220 in naive_findclustershls2, upperLeftNeighborYCoords  |
| array_partition | variable=lowerRightNeighborXCoords complete dim=1 | cluster.cpp:221 in naive_findclustershls2, lowerRightNeighborXCoords |
| array_partition | variable=lowerRightNeighborYCoords complete dim=1 | cluster.cpp:222 in naive_findclustershls2, lowerRightNeighborYCoords |
| pipeline        | II=11                                             | cluster.cpp:230 in naive_findclustershls2                            |
| pipeline        | II=11                                             | cluster.cpp:255 in naive_findclustershls2                            |
| pipeline        | II=1                                              | cluster.cpp:283 in naive_findclustershls2                            |
+-----------------+---------------------------------------------------+----------------------------------------------------------------------+


