

================================================================
== Vitis HLS Report for 'naive_findClustersHLS1_Pipeline_VITIS_LOOP_168_3'
================================================================
* Date:           Thu Apr 24 10:01:44 2025

* Version:        2023.1 (Build 3854077 on May  4 2023)
* Project:        clustering
* Solution:       solution1 (Vivado IP Flow Target)
* Product family: virtexuplus
* Target device:  xcvu11p-flga2577-1-e


================================================================
== Performance Estimates
================================================================
+ Timing: 
    * Summary: 
    +--------+----------+----------+------------+
    |  Clock |  Target  | Estimated| Uncertainty|
    +--------+----------+----------+------------+
    |ap_clk  |  10.00 ns|  4.622 ns|     2.70 ns|
    +--------+----------+----------+------------+

+ Latency: 
    * Summary: 
    +---------+---------+----------+----------+-----+-----+---------+
    |  Latency (cycles) |  Latency (absolute) |  Interval | Pipeline|
    |   min   |   max   |    min   |    max   | min | max |   Type  |
    +---------+---------+----------+----------+-----+-----+---------+
    |        ?|        ?|         ?|         ?|    ?|    ?|       no|
    +---------+---------+----------+----------+-----+-----+---------+

    + Detail: 
        * Instance: 
        N/A

        * Loop: 
        +--------------------+---------+---------+----------+-----------+-----------+------+----------+
        |                    |  Latency (cycles) | Iteration|  Initiation Interval  | Trip |          |
        |      Loop Name     |   min   |   max   |  Latency |  achieved |   target  | Count| Pipelined|
        +--------------------+---------+---------+----------+-----------+-----------+------+----------+
        |- VITIS_LOOP_168_3  |        ?|        ?|        11|         11|          1|     ?|       yes|
        +--------------------+---------+---------+----------+-----------+-----------+------+----------+



================================================================
== Utilization Estimates
================================================================
* Summary: 
+---------------------+---------+------+---------+---------+-----+
|         Name        | BRAM_18K|  DSP |    FF   |   LUT   | URAM|
+---------------------+---------+------+---------+---------+-----+
|DSP                  |        -|     -|        -|        -|    -|
|Expression           |        -|     -|        0|     1189|    -|
|FIFO                 |        -|     -|        -|        -|    -|
|Instance             |        -|     -|        -|        -|    -|
|Memory               |        -|     -|        -|        -|    -|
|Multiplexer          |        -|     -|        -|      671|    -|
|Register             |        -|     -|      908|        -|    -|
+---------------------+---------+------+---------+---------+-----+
|Total                |        0|     0|      908|     1860|    0|
+---------------------+---------+------+---------+---------+-----+
|Available SLR        |     1344|  3072|   864000|   432000|  320|
+---------------------+---------+------+---------+---------+-----+
|Utilization SLR (%)  |        0|     0|       ~0|       ~0|    0|
+---------------------+---------+------+---------+---------+-----+
|Available            |     4032|  9216|  2592000|  1296000|  960|
+---------------------+---------+------+---------+---------+-----+
|Utilization (%)      |        0|     0|       ~0|       ~0|    0|
+---------------------+---------+------+---------+---------+-----+

+ Detail: 
    * Instance: 
    N/A

    * DSP: 
    N/A

    * Memory: 
    N/A

    * FIFO: 
    N/A

    * Expression: 
    +-------------------------+----------+----+---+----+------------+------------+
    |      Variable Name      | Operation| DSP| FF| LUT| Bitwidth P0| Bitwidth P1|
    +-------------------------+----------+----+---+----+------------+------------+
    |add_ln175_1_fu_801_p2    |         +|   0|  0|  39|          32|           1|
    |add_ln175_fu_663_p2      |         +|   0|  0|  39|          32|           2|
    |add_ln176_1_fu_971_p2    |         +|   0|  0|  39|          32|           1|
    |add_ln176_fu_677_p2      |         +|   0|  0|  39|          32|           2|
    |add_ln184_10_fu_1001_p2  |         +|   0|  0|  16|           7|           7|
    |add_ln184_11_fu_1015_p2  |         +|   0|  0|  16|           7|           7|
    |add_ln184_12_fu_1048_p2  |         +|   0|  0|  16|           7|           7|
    |add_ln184_13_fu_1062_p2  |         +|   0|  0|  16|           7|           7|
    |add_ln184_14_fu_1087_p2  |         +|   0|  0|  16|           7|           7|
    |add_ln184_15_fu_1101_p2  |         +|   0|  0|  16|           7|           7|
    |add_ln184_1_fu_731_p2    |         +|   0|  0|  16|           7|           7|
    |add_ln184_2_fu_773_p2    |         +|   0|  0|  16|           7|           7|
    |add_ln184_3_fu_787_p2    |         +|   0|  0|  16|           7|           7|
    |add_ln184_4_fu_841_p2    |         +|   0|  0|  16|           7|           7|
    |add_ln184_5_fu_854_p2    |         +|   0|  0|  16|           7|           7|
    |add_ln184_6_fu_892_p2    |         +|   0|  0|  16|           7|           7|
    |add_ln184_7_fu_905_p2    |         +|   0|  0|  16|           7|           7|
    |add_ln184_8_fu_944_p2    |         +|   0|  0|  16|           7|           7|
    |add_ln184_9_fu_957_p2    |         +|   0|  0|  16|           7|           7|
    |add_ln184_fu_717_p2      |         +|   0|  0|  16|           7|           7|
    |add_ln186_1_fu_1113_p2   |         +|   0|  0|  39|          32|           1|
    |add_ln186_2_fu_1140_p2   |         +|   0|  0|  39|          32|           1|
    |add_ln186_3_fu_1158_p2   |         +|   0|  0|  39|          32|           1|
    |add_ln186_4_fu_1165_p2   |         +|   0|  0|  39|          32|           1|
    |add_ln186_5_fu_1177_p2   |         +|   0|  0|  39|          32|           1|
    |add_ln186_6_fu_1189_p2   |         +|   0|  0|  39|          32|           1|
    |add_ln186_fu_919_p2      |         +|   0|  0|  39|          32|           1|
    |stackIndex_2_fu_643_p2   |         +|   0|  0|  39|          32|           2|
    |and_ln180_1_fu_751_p2    |       and|   0|  0|   2|           1|           1|
    |and_ln180_2_fu_820_p2    |       and|   0|  0|   2|           1|           1|
    |and_ln180_3_fu_873_p2    |       and|   0|  0|   2|           1|           1|
    |and_ln180_4_fu_926_p2    |       and|   0|  0|   2|           1|           1|
    |and_ln180_5_fu_982_p2    |       and|   0|  0|   2|           1|           1|
    |and_ln180_6_fu_1029_p2   |       and|   0|  0|   2|           1|           1|
    |and_ln180_7_fu_1068_p2   |       and|   0|  0|   2|           1|           1|
    |and_ln180_fu_695_p2      |       and|   0|  0|   2|           1|           1|
    |ap_condition_1090        |       and|   0|  0|   2|           1|           1|
    |ap_condition_1094        |       and|   0|  0|   2|           1|           1|
    |ap_condition_1098        |       and|   0|  0|   2|           1|           1|
    |ap_condition_1102        |       and|   0|  0|   2|           1|           1|
    |ap_condition_1107        |       and|   0|  0|   2|           1|           1|
    |ap_condition_1111        |       and|   0|  0|   2|           1|           1|
    |ap_condition_1115        |       and|   0|  0|   2|           1|           1|
    |ap_condition_1119        |       and|   0|  0|   2|           1|           1|
    |ap_condition_254         |       and|   0|  0|   2|           1|           1|
    |ap_condition_320         |       and|   0|  0|   2|           1|           1|
    |grp_fu_605_p2            |      icmp|   0|  0|  39|          32|           1|
    |grp_fu_611_p2            |      icmp|   0|  0|  39|          32|           1|
    |grp_fu_617_p2            |      icmp|   0|  0|  39|          32|           1|
    |grp_fu_623_p2            |      icmp|   0|  0|  39|          32|           1|
    |icmp_ln168_fu_637_p2     |      icmp|   0|  0|  39|          32|           1|
    |icmp_ln180_1_fu_689_p2   |      icmp|   0|  0|  39|          32|           4|
    |icmp_ln180_2_fu_814_p2   |      icmp|   0|  0|  39|          32|           4|
    |icmp_ln180_3_fu_745_p2   |      icmp|   0|  0|  39|          32|           4|
    |icmp_ln180_4_fu_868_p2   |      icmp|   0|  0|  39|          32|           4|
    |icmp_ln180_5_fu_976_p2   |      icmp|   0|  0|  39|          32|           4|
    |icmp_ln180_fu_683_p2     |      icmp|   0|  0|  39|          32|           4|
    +-------------------------+----------+----+---+----+------------+------------+
    |Total                    |          |   0|  0|1189|         866|         174|
    +-------------------------+----------+----+---+----+------------+------------+

    * Multiplexer: 
    +---------------------------------------------+----+-----------+-----+-----------+
    |                     Name                    | LUT| Input Size| Bits| Total Bits|
    +---------------------------------------------+----+-----------+-----+-----------+
    |ap_NS_fsm                                    |  65|         12|    1|         12|
    |ap_done_int                                  |   9|          2|    1|          2|
    |ap_phi_mux_stackIndex_5_0_phi_fu_477_p8      |  14|          3|   32|         96|
    |ap_phi_mux_stackIndex_5_1_phi_fu_491_p8      |  14|          3|   32|         96|
    |ap_phi_mux_stackIndex_5_2_phi_fu_508_p8      |  14|          3|   32|         96|
    |ap_phi_mux_stackIndex_5_3_phi_fu_525_p8      |   9|          2|   32|         64|
    |ap_phi_mux_stackIndex_5_4_phi_fu_542_p8      |   9|          2|   32|         64|
    |ap_phi_mux_stackIndex_5_7_phi_fu_592_p8      |  14|          3|   32|         96|
    |ap_phi_reg_pp0_iter0_stackIndex_5_5_reg_556  |   9|          2|   32|         64|
    |ap_phi_reg_pp0_iter0_stackIndex_5_6_reg_573  |   9|          2|   32|         64|
    |ap_sig_allocacmp_stackIndex_1                |   9|          2|   32|         64|
    |clusterGrid_clusterID_address0               |  26|          5|    7|         35|
    |clusterGrid_clusterID_address1               |  26|          5|    7|         35|
    |clusterGrid_x_address0                       |  26|          5|    7|         35|
    |clusterGrid_x_address1                       |  26|          5|    7|         35|
    |clusterGrid_x_d0                             |  20|          4|   32|        128|
    |clusterGrid_x_d1                             |  20|          4|   32|        128|
    |clusterGrid_y_address0                       |  26|          5|    7|         35|
    |clusterGrid_y_address1                       |  26|          5|    7|         35|
    |clusterGrid_y_d0                             |  20|          4|   32|        128|
    |clusterGrid_y_d1                             |  20|          4|   32|        128|
    |grid_address0                                |  26|          5|    7|         35|
    |grid_address1                                |  26|          5|    7|         35|
    |stackIndex_5_0_reg_474                       |  14|          3|   32|         96|
    |stackIndex_5_1_reg_488                       |  14|          3|   32|         96|
    |stackIndex_5_2_reg_505                       |  14|          3|   32|         96|
    |stackIndex_5_3_reg_522                       |   9|          2|   32|         64|
    |stackIndex_fu_52                             |   9|          2|   32|         64|
    |stack_x_address0                             |  54|         10|    7|         70|
    |stack_x_d0                                   |  20|          4|   32|        128|
    |stack_y_address0                             |  54|         10|    7|         70|
    |stack_y_d0                                   |  20|          4|   32|        128|
    +---------------------------------------------+----+-----------+-----+-----------+
    |Total                                        | 671|        133|  712|       2322|
    +---------------------------------------------+----+-----------+-----+-----------+

    * Register: 
    +---------------------------------------------+----+----+-----+-----------+
    |                     Name                    | FF | LUT| Bits| Const Bits|
    +---------------------------------------------+----+----+-----+-----------+
    |add_ln175_1_reg_1380                         |  32|   0|   32|          0|
    |add_ln175_reg_1281                           |  32|   0|   32|          0|
    |add_ln176_1_reg_1498                         |  32|   0|   32|          0|
    |add_ln176_reg_1300                           |  32|   0|   32|          0|
    |add_ln184_13_reg_1533                        |   7|   0|    7|          0|
    |add_ln184_15_reg_1542                        |   7|   0|    7|          0|
    |add_ln186_2_reg_1619                         |  32|   0|   32|          0|
    |and_ln180_1_reg_1348                         |   1|   0|    1|          0|
    |and_ln180_2_reg_1405                         |   1|   0|    1|          0|
    |and_ln180_3_reg_1434                         |   1|   0|    1|          0|
    |and_ln180_4_reg_1474                         |   1|   0|    1|          0|
    |and_ln180_5_reg_1505                         |   1|   0|    1|          0|
    |and_ln180_6_reg_1529                         |   1|   0|    1|          0|
    |and_ln180_7_reg_1538                         |   1|   0|    1|          0|
    |and_ln180_reg_1319                           |   1|   0|    1|          0|
    |ap_CS_fsm                                    |  11|   0|   11|          0|
    |ap_done_reg                                  |   1|   0|    1|          0|
    |ap_phi_reg_pp0_iter0_stackIndex_5_0_reg_474  |  32|   0|   32|          0|
    |ap_phi_reg_pp0_iter0_stackIndex_5_2_reg_505  |  32|   0|   32|          0|
    |ap_phi_reg_pp0_iter0_stackIndex_5_3_reg_522  |  32|   0|   32|          0|
    |ap_phi_reg_pp0_iter0_stackIndex_5_4_reg_539  |  32|   0|   32|          0|
    |ap_phi_reg_pp0_iter0_stackIndex_5_5_reg_556  |  32|   0|   32|          0|
    |ap_phi_reg_pp0_iter0_stackIndex_5_6_reg_573  |  32|   0|   32|          0|
    |clusterGrid_clusterID_addr_1_reg_1367        |   7|   0|    7|          0|
    |clusterGrid_clusterID_addr_2_reg_1424        |   7|   0|    7|          0|
    |clusterGrid_clusterID_addr_3_reg_1453        |   7|   0|    7|          0|
    |clusterGrid_clusterID_addr_4_reg_1493        |   7|   0|    7|          0|
    |clusterGrid_clusterID_addr_5_reg_1524        |   7|   0|    7|          0|
    |clusterGrid_clusterID_addr_6_reg_1578        |   7|   0|    7|          0|
    |clusterGrid_clusterID_addr_7_reg_1598        |   7|   0|    7|          0|
    |clusterGrid_clusterID_addr_reg_1338          |   7|   0|    7|          0|
    |clusterGrid_x_addr_1_reg_1357                |   7|   0|    7|          0|
    |clusterGrid_x_addr_2_reg_1414                |   7|   0|    7|          0|
    |clusterGrid_x_addr_3_reg_1443                |   7|   0|    7|          0|
    |clusterGrid_x_addr_4_reg_1483                |   7|   0|    7|          0|
    |clusterGrid_x_addr_5_reg_1514                |   7|   0|    7|          0|
    |clusterGrid_x_addr_6_reg_1568                |   7|   0|    7|          0|
    |clusterGrid_x_addr_7_reg_1588                |   7|   0|    7|          0|
    |clusterGrid_x_addr_reg_1328                  |   7|   0|    7|          0|
    |clusterGrid_y_addr_1_reg_1362                |   7|   0|    7|          0|
    |clusterGrid_y_addr_2_reg_1419                |   7|   0|    7|          0|
    |clusterGrid_y_addr_3_reg_1448                |   7|   0|    7|          0|
    |clusterGrid_y_addr_4_reg_1488                |   7|   0|    7|          0|
    |clusterGrid_y_addr_5_reg_1519                |   7|   0|    7|          0|
    |clusterGrid_y_addr_6_reg_1573                |   7|   0|    7|          0|
    |clusterGrid_y_addr_7_reg_1593                |   7|   0|    7|          0|
    |clusterGrid_y_addr_reg_1333                  |   7|   0|    7|          0|
    |hit_x_reg_1252                               |  32|   0|   32|          0|
    |hit_y_reg_1270                               |  32|   0|   32|          0|
    |icmp_ln168_reg_1231                          |   1|   0|    1|          0|
    |icmp_ln180_1_reg_1314                        |   1|   0|    1|          0|
    |icmp_ln180_2_reg_1399                        |   1|   0|    1|          0|
    |icmp_ln180_3_reg_1343                        |   1|   0|    1|          0|
    |icmp_ln180_4_reg_1429                        |   1|   0|    1|          0|
    |icmp_ln180_reg_1308                          |   1|   0|    1|          0|
    |icmp_ln184_10_reg_1547                       |   1|   0|    1|          0|
    |icmp_ln184_11_reg_1551                       |   1|   0|    1|          0|
    |icmp_ln184_12_reg_1603                       |   1|   0|    1|          0|
    |icmp_ln184_13_reg_1607                       |   1|   0|    1|          0|
    |icmp_ln184_14_reg_1624                       |   1|   0|    1|          0|
    |icmp_ln184_15_reg_1628                       |   1|   0|    1|          0|
    |icmp_ln184_1_reg_1458                        |   1|   0|    1|          0|
    |icmp_ln184_2_reg_1466                        |   1|   0|    1|          0|
    |icmp_ln184_3_reg_1470                        |   1|   0|    1|          0|
    |icmp_ln184_4_reg_1555                        |   1|   0|    1|          0|
    |icmp_ln184_5_reg_1559                        |   1|   0|    1|          0|
    |icmp_ln184_6_reg_1611                        |   1|   0|    1|          0|
    |icmp_ln184_7_reg_1615                        |   1|   0|    1|          0|
    |icmp_ln184_8_reg_1376                        |   1|   0|    1|          0|
    |icmp_ln184_9_reg_1462                        |   1|   0|    1|          0|
    |icmp_ln184_reg_1372                          |   1|   0|    1|          0|
    |stackIndex_1_reg_1226                        |  32|   0|   32|          0|
    |stackIndex_2_reg_1235                        |  32|   0|   32|          0|
    |stackIndex_5_0_reg_474                       |  32|   0|   32|          0|
    |stackIndex_5_1_reg_488                       |  32|   0|   32|          0|
    |stackIndex_5_2_reg_505                       |  32|   0|   32|          0|
    |stackIndex_5_3_reg_522                       |  32|   0|   32|          0|
    |stackIndex_fu_52                             |  32|   0|   32|          0|
    |stack_x_addr_reg_1242                        |   7|   0|    7|          0|
    |stack_y_addr_reg_1247                        |   7|   0|    7|          0|
    |trunc_ln170_1_reg_1265                       |   4|   0|    4|          0|
    |trunc_ln170_reg_1260                         |   6|   0|    6|          0|
    |trunc_ln176_1_reg_1294                       |   4|   0|    4|          0|
    |trunc_ln176_reg_1288                         |   6|   0|    6|          0|
    |trunc_ln180_1_reg_1393                       |   4|   0|    4|          0|
    |trunc_ln180_reg_1387                         |   6|   0|    6|          0|
    +---------------------------------------------+----+----+-----+-----------+
    |Total                                        | 908|   0|  908|          0|
    +---------------------------------------------+----+----+-----+-----------+



================================================================
== Interface
================================================================
* Summary: 
+--------------------------------+-----+-----+------------+--------------------------------------------------+--------------+
|            RTL Ports           | Dir | Bits|  Protocol  |                   Source Object                  |    C Type    |
+--------------------------------+-----+-----+------------+--------------------------------------------------+--------------+
|ap_clk                          |   in|    1|  ap_ctrl_hs|  naive_findClustersHLS1_Pipeline_VITIS_LOOP_168_3|  return value|
|ap_rst                          |   in|    1|  ap_ctrl_hs|  naive_findClustersHLS1_Pipeline_VITIS_LOOP_168_3|  return value|
|ap_start                        |   in|    1|  ap_ctrl_hs|  naive_findClustersHLS1_Pipeline_VITIS_LOOP_168_3|  return value|
|ap_done                         |  out|    1|  ap_ctrl_hs|  naive_findClustersHLS1_Pipeline_VITIS_LOOP_168_3|  return value|
|ap_idle                         |  out|    1|  ap_ctrl_hs|  naive_findClustersHLS1_Pipeline_VITIS_LOOP_168_3|  return value|
|ap_ready                        |  out|    1|  ap_ctrl_hs|  naive_findClustersHLS1_Pipeline_VITIS_LOOP_168_3|  return value|
|stackIndex_3                    |   in|   32|     ap_none|                                      stackIndex_3|        scalar|
|stack_x_address0                |  out|    7|   ap_memory|                                           stack_x|         array|
|stack_x_ce0                     |  out|    1|   ap_memory|                                           stack_x|         array|
|stack_x_we0                     |  out|    1|   ap_memory|                                           stack_x|         array|
|stack_x_d0                      |  out|   32|   ap_memory|                                           stack_x|         array|
|stack_x_q0                      |   in|   32|   ap_memory|                                           stack_x|         array|
|stack_y_address0                |  out|    7|   ap_memory|                                           stack_y|         array|
|stack_y_ce0                     |  out|    1|   ap_memory|                                           stack_y|         array|
|stack_y_we0                     |  out|    1|   ap_memory|                                           stack_y|         array|
|stack_y_d0                      |  out|   32|   ap_memory|                                           stack_y|         array|
|stack_y_q0                      |   in|   32|   ap_memory|                                           stack_y|         array|
|grid_address0                   |  out|    7|   ap_memory|                                              grid|         array|
|grid_ce0                        |  out|    1|   ap_memory|                                              grid|         array|
|grid_q0                         |   in|   32|   ap_memory|                                              grid|         array|
|grid_address1                   |  out|    7|   ap_memory|                                              grid|         array|
|grid_ce1                        |  out|    1|   ap_memory|                                              grid|         array|
|grid_q1                         |   in|   32|   ap_memory|                                              grid|         array|
|clusterGrid_x_address0          |  out|    7|   ap_memory|                                     clusterGrid_x|         array|
|clusterGrid_x_ce0               |  out|    1|   ap_memory|                                     clusterGrid_x|         array|
|clusterGrid_x_we0               |  out|    1|   ap_memory|                                     clusterGrid_x|         array|
|clusterGrid_x_d0                |  out|   32|   ap_memory|                                     clusterGrid_x|         array|
|clusterGrid_x_address1          |  out|    7|   ap_memory|                                     clusterGrid_x|         array|
|clusterGrid_x_ce1               |  out|    1|   ap_memory|                                     clusterGrid_x|         array|
|clusterGrid_x_we1               |  out|    1|   ap_memory|                                     clusterGrid_x|         array|
|clusterGrid_x_d1                |  out|   32|   ap_memory|                                     clusterGrid_x|         array|
|clusterGrid_y_address0          |  out|    7|   ap_memory|                                     clusterGrid_y|         array|
|clusterGrid_y_ce0               |  out|    1|   ap_memory|                                     clusterGrid_y|         array|
|clusterGrid_y_we0               |  out|    1|   ap_memory|                                     clusterGrid_y|         array|
|clusterGrid_y_d0                |  out|   32|   ap_memory|                                     clusterGrid_y|         array|
|clusterGrid_y_address1          |  out|    7|   ap_memory|                                     clusterGrid_y|         array|
|clusterGrid_y_ce1               |  out|    1|   ap_memory|                                     clusterGrid_y|         array|
|clusterGrid_y_we1               |  out|    1|   ap_memory|                                     clusterGrid_y|         array|
|clusterGrid_y_d1                |  out|   32|   ap_memory|                                     clusterGrid_y|         array|
|clusterGrid_clusterID_address0  |  out|    7|   ap_memory|                             clusterGrid_clusterID|         array|
|clusterGrid_clusterID_ce0       |  out|    1|   ap_memory|                             clusterGrid_clusterID|         array|
|clusterGrid_clusterID_we0       |  out|    1|   ap_memory|                             clusterGrid_clusterID|         array|
|clusterGrid_clusterID_d0        |  out|   32|   ap_memory|                             clusterGrid_clusterID|         array|
|clusterGrid_clusterID_q0        |   in|   32|   ap_memory|                             clusterGrid_clusterID|         array|
|clusterGrid_clusterID_address1  |  out|    7|   ap_memory|                             clusterGrid_clusterID|         array|
|clusterGrid_clusterID_ce1       |  out|    1|   ap_memory|                             clusterGrid_clusterID|         array|
|clusterGrid_clusterID_we1       |  out|    1|   ap_memory|                             clusterGrid_clusterID|         array|
|clusterGrid_clusterID_d1        |  out|   32|   ap_memory|                             clusterGrid_clusterID|         array|
|clusterGrid_clusterID_q1        |   in|   32|   ap_memory|                             clusterGrid_clusterID|         array|
|clusterID_3                     |   in|   32|     ap_none|                                       clusterID_3|        scalar|
|stackIndex_2_out                |  out|   32|      ap_vld|                                  stackIndex_2_out|       pointer|
|stackIndex_2_out_ap_vld         |  out|    1|      ap_vld|                                  stackIndex_2_out|       pointer|
+--------------------------------+-----+-----+------------+--------------------------------------------------+--------------+

