

================================================================
== Vitis HLS Report for 'naive_findClustersHLS1_Pipeline_VITIS_LOOP_199_5_VITIS_LOOP_200_6'
================================================================
* Date:           Thu Apr 24 10:01:45 2025

* Version:        2023.1 (Build 3854077 on May  4 2023)
* Project:        clustering
* Solution:       solution1 (Vivado IP Flow Target)
* Product family: virtexuplus
* Target device:  xcvu11p-flga2577-1-e


================================================================
== Performance Estimates
================================================================
+ Timing: 
    * Summary: 
    +--------+----------+----------+------------+
    |  Clock |  Target  | Estimated| Uncertainty|
    +--------+----------+----------+------------+
    |ap_clk  |  10.00 ns|  3.179 ns|     2.70 ns|
    +--------+----------+----------+------------+

+ Latency: 
    * Summary: 
    +---------+---------+----------+----------+-----+-----+---------+
    |  Latency (cycles) |  Latency (absolute) |  Interval | Pipeline|
    |   min   |   max   |    min   |    max   | min | max |   Type  |
    +---------+---------+----------+----------+-----+-----+---------+
    |      102|      102|  1.020 us|  1.020 us|  102|  102|       no|
    +---------+---------+----------+----------+-----+-----+---------+

    + Detail: 
        * Instance: 
        N/A

        * Loop: 
        +-------------------------------------+---------+---------+----------+-----------+-----------+------+----------+
        |                                     |  Latency (cycles) | Iteration|  Initiation Interval  | Trip |          |
        |              Loop Name              |   min   |   max   |  Latency |  achieved |   target  | Count| Pipelined|
        +-------------------------------------+---------+---------+----------+-----------+-----------+------+----------+
        |- VITIS_LOOP_199_5_VITIS_LOOP_200_6  |      100|      100|         2|          1|          1|   100|       yes|
        +-------------------------------------+---------+---------+----------+-----------+-----------+------+----------+



================================================================
== Utilization Estimates
================================================================
* Summary: 
+---------------------+---------+------+---------+---------+-----+
|         Name        | BRAM_18K|  DSP |    FF   |   LUT   | URAM|
+---------------------+---------+------+---------+---------+-----+
|DSP                  |        -|     -|        -|        -|    -|
|Expression           |        -|     -|        0|      106|    -|
|FIFO                 |        -|     -|        -|        -|    -|
|Instance             |        -|     -|        -|        -|    -|
|Memory               |        -|     -|        -|        -|    -|
|Multiplexer          |        -|     -|        -|       72|    -|
|Register             |        -|     -|       25|        -|    -|
+---------------------+---------+------+---------+---------+-----+
|Total                |        0|     0|       25|      178|    0|
+---------------------+---------+------+---------+---------+-----+
|Available SLR        |     1344|  3072|   864000|   432000|  320|
+---------------------+---------+------+---------+---------+-----+
|Utilization SLR (%)  |        0|     0|       ~0|       ~0|    0|
+---------------------+---------+------+---------+---------+-----+
|Available            |     4032|  9216|  2592000|  1296000|  960|
+---------------------+---------+------+---------+---------+-----+
|Utilization (%)      |        0|     0|       ~0|       ~0|    0|
+---------------------+---------+------+---------+---------+-----+

+ Detail: 
    * Instance: 
    N/A

    * DSP: 
    N/A

    * Memory: 
    N/A

    * FIFO: 
    N/A

    * Expression: 
    +--------------------------+----------+----+---+----+------------+------------+
    |       Variable Name      | Operation| DSP| FF| LUT| Bitwidth P0| Bitwidth P1|
    +--------------------------+----------+----+---+----+------------+------------+
    |add_ln199_1_fu_171_p2     |         +|   0|  0|  14|           7|           1|
    |add_ln199_fu_183_p2       |         +|   0|  0|  12|           4|           1|
    |add_ln200_fu_254_p2       |         +|   0|  0|  12|           4|           1|
    |add_ln201_1_fu_241_p2     |         +|   0|  0|  16|           7|           7|
    |add_ln201_fu_231_p2       |         +|   0|  0|  16|           7|           7|
    |icmp_ln199_fu_165_p2      |      icmp|   0|  0|  14|           7|           6|
    |icmp_ln200_fu_189_p2      |      icmp|   0|  0|  12|           4|           4|
    |select_ln199_1_fu_203_p3  |    select|   0|  0|   4|           1|           4|
    |select_ln199_fu_195_p3    |    select|   0|  0|   4|           1|           1|
    |ap_enable_pp0             |       xor|   0|  0|   2|           1|           2|
    +--------------------------+----------+----+---+----+------------+------------+
    |Total                     |          |   0|  0| 106|          43|          34|
    +--------------------------+----------+----+---+----+------------+------------+

    * Multiplexer: 
    +---------------------------------------+----+-----------+-----+-----------+
    |                  Name                 | LUT| Input Size| Bits| Total Bits|
    +---------------------------------------+----+-----------+-----+-----------+
    |ap_done_int                            |   9|          2|    1|          2|
    |ap_enable_reg_pp0_iter1                |   9|          2|    1|          2|
    |ap_sig_allocacmp_i_load                |   9|          2|    4|          8|
    |ap_sig_allocacmp_indvar_flatten6_load  |   9|          2|    7|         14|
    |ap_sig_allocacmp_j_load                |   9|          2|    4|          8|
    |i_fu_58                                |   9|          2|    4|          8|
    |indvar_flatten6_fu_62                  |   9|          2|    7|         14|
    |j_fu_54                                |   9|          2|    4|          8|
    +---------------------------------------+----+-----------+-----+-----------+
    |Total                                  |  72|         16|   32|         64|
    +---------------------------------------+----+-----------+-----+-----------+

    * Register: 
    +-------------------------+---+----+-----+-----------+
    |           Name          | FF| LUT| Bits| Const Bits|
    +-------------------------+---+----+-----+-----------+
    |ap_CS_fsm                |  1|   0|    1|          0|
    |ap_done_reg              |  1|   0|    1|          0|
    |ap_enable_reg_pp0_iter1  |  1|   0|    1|          0|
    |i_fu_58                  |  4|   0|    4|          0|
    |indvar_flatten6_fu_62    |  7|   0|    7|          0|
    |j_fu_54                  |  4|   0|    4|          0|
    |zext_ln201_2_reg_299     |  7|   0|   64|         57|
    +-------------------------+---+----+-----+-----------+
    |Total                    | 25|   0|   82|         57|
    +-------------------------+---+----+-----+-----------+



================================================================
== Interface
================================================================
* Summary: 
+---------------------------------+-----+-----+------------+-------------------------------------------------------------------+--------------+
|            RTL Ports            | Dir | Bits|  Protocol  |                           Source Object                           |    C Type    |
+---------------------------------+-----+-----+------------+-------------------------------------------------------------------+--------------+
|ap_clk                           |   in|    1|  ap_ctrl_hs|  naive_findClustersHLS1_Pipeline_VITIS_LOOP_199_5_VITIS_LOOP_200_6|  return value|
|ap_rst                           |   in|    1|  ap_ctrl_hs|  naive_findClustersHLS1_Pipeline_VITIS_LOOP_199_5_VITIS_LOOP_200_6|  return value|
|ap_start                         |   in|    1|  ap_ctrl_hs|  naive_findClustersHLS1_Pipeline_VITIS_LOOP_199_5_VITIS_LOOP_200_6|  return value|
|ap_done                          |  out|    1|  ap_ctrl_hs|  naive_findClustersHLS1_Pipeline_VITIS_LOOP_199_5_VITIS_LOOP_200_6|  return value|
|ap_idle                          |  out|    1|  ap_ctrl_hs|  naive_findClustersHLS1_Pipeline_VITIS_LOOP_199_5_VITIS_LOOP_200_6|  return value|
|ap_ready                         |  out|    1|  ap_ctrl_hs|  naive_findClustersHLS1_Pipeline_VITIS_LOOP_199_5_VITIS_LOOP_200_6|  return value|
|clusterArray_x_address0          |  out|    7|   ap_memory|                                                     clusterArray_x|         array|
|clusterArray_x_ce0               |  out|    1|   ap_memory|                                                     clusterArray_x|         array|
|clusterArray_x_we0               |  out|    1|   ap_memory|                                                     clusterArray_x|         array|
|clusterArray_x_d0                |  out|   32|   ap_memory|                                                     clusterArray_x|         array|
|clusterArray_y_address0          |  out|    7|   ap_memory|                                                     clusterArray_y|         array|
|clusterArray_y_ce0               |  out|    1|   ap_memory|                                                     clusterArray_y|         array|
|clusterArray_y_we0               |  out|    1|   ap_memory|                                                     clusterArray_y|         array|
|clusterArray_y_d0                |  out|   32|   ap_memory|                                                     clusterArray_y|         array|
|clusterArray_clusterID_address0  |  out|    7|   ap_memory|                                             clusterArray_clusterID|         array|
|clusterArray_clusterID_ce0       |  out|    1|   ap_memory|                                             clusterArray_clusterID|         array|
|clusterArray_clusterID_we0       |  out|    1|   ap_memory|                                             clusterArray_clusterID|         array|
|clusterArray_clusterID_d0        |  out|   32|   ap_memory|                                             clusterArray_clusterID|         array|
|clusterGrid_x_address0           |  out|    7|   ap_memory|                                                      clusterGrid_x|         array|
|clusterGrid_x_ce0                |  out|    1|   ap_memory|                                                      clusterGrid_x|         array|
|clusterGrid_x_q0                 |   in|   32|   ap_memory|                                                      clusterGrid_x|         array|
|clusterGrid_y_address0           |  out|    7|   ap_memory|                                                      clusterGrid_y|         array|
|clusterGrid_y_ce0                |  out|    1|   ap_memory|                                                      clusterGrid_y|         array|
|clusterGrid_y_q0                 |   in|   32|   ap_memory|                                                      clusterGrid_y|         array|
|clusterGrid_clusterID_address0   |  out|    7|   ap_memory|                                              clusterGrid_clusterID|         array|
|clusterGrid_clusterID_ce0        |  out|    1|   ap_memory|                                              clusterGrid_clusterID|         array|
|clusterGrid_clusterID_q0         |   in|   32|   ap_memory|                                              clusterGrid_clusterID|         array|
+---------------------------------+-----+-----+------------+-------------------------------------------------------------------+--------------+

