

================================================================
== Vitis HLS Report for 'naive_findClustersHLS2_Pipeline_SecondPass_SecondPassInner'
================================================================
* Date:           Thu Apr 24 10:03:28 2025

* Version:        2023.1 (Build 3854077 on May  4 2023)
* Project:        clustering
* Solution:       solution1 (Vivado IP Flow Target)
* Product family: virtexuplus
* Target device:  xcvu11p-flga2577-1-e


================================================================
== Performance Estimates
================================================================
+ Timing: 
    * Summary: 
    +--------+----------+----------+------------+
    |  Clock |  Target  | Estimated| Uncertainty|
    +--------+----------+----------+------------+
    |ap_clk  |  10.00 ns|  4.586 ns|     2.70 ns|
    +--------+----------+----------+------------+

+ Latency: 
    * Summary: 
    +---------+---------+-----------+-----------+------+------+---------+
    |  Latency (cycles) |   Latency (absolute)  |   Interval  | Pipeline|
    |   min   |   max   |    min    |    max    |  min |  max |   Type  |
    +---------+---------+-----------+-----------+------+------+---------+
    |     1102|     1102|  11.020 us|  11.020 us|  1102|  1102|       no|
    +---------+---------+-----------+-----------+------+------+---------+

    + Detail: 
        * Instance: 
        N/A

        * Loop: 
        +------------------------------+---------+---------+----------+-----------+-----------+------+----------+
        |                              |  Latency (cycles) | Iteration|  Initiation Interval  | Trip |          |
        |           Loop Name          |   min   |   max   |  Latency |  achieved |   target  | Count| Pipelined|
        +------------------------------+---------+---------+----------+-----------+-----------+------+----------+
        |- SecondPass_SecondPassInner  |     1100|     1100|        11|         11|         11|   100|       yes|
        +------------------------------+---------+---------+----------+-----------+-----------+------+----------+



================================================================
== Utilization Estimates
================================================================
* Summary: 
+---------------------+---------+------+---------+---------+-----+
|         Name        | BRAM_18K|  DSP |    FF   |   LUT   | URAM|
+---------------------+---------+------+---------+---------+-----+
|DSP                  |        -|     -|        -|        -|    -|
|Expression           |        -|     -|        0|      348|    -|
|FIFO                 |        -|     -|        -|        -|    -|
|Instance             |        -|     -|        -|        -|    -|
|Memory               |        -|     -|        -|        -|    -|
|Multiplexer          |        -|     -|        -|      230|    -|
|Register             |        -|     -|      196|        -|    -|
+---------------------+---------+------+---------+---------+-----+
|Total                |        0|     0|      196|      578|    0|
+---------------------+---------+------+---------+---------+-----+
|Available SLR        |     1344|  3072|   864000|   432000|  320|
+---------------------+---------+------+---------+---------+-----+
|Utilization SLR (%)  |        0|     0|       ~0|       ~0|    0|
+---------------------+---------+------+---------+---------+-----+
|Available            |     4032|  9216|  2592000|  1296000|  960|
+---------------------+---------+------+---------+---------+-----+
|Utilization (%)      |        0|     0|       ~0|       ~0|    0|
+---------------------+---------+------+---------+---------+-----+

+ Detail: 
    * Instance: 
    N/A

    * DSP: 
    N/A

    * Memory: 
    N/A

    * FIFO: 
    N/A

    * Expression: 
    +-----------------------------------+----------+----+---+----+------------+------------+
    |           Variable Name           | Operation| DSP| FF| LUT| Bitwidth P0| Bitwidth P1|
    +-----------------------------------+----------+----+---+----+------------+------------+
    |add_ln252_fu_251_p2                |         +|   0|  0|  14|           7|           1|
    |add_ln254_fu_383_p2                |         +|   0|  0|  12|           4|           1|
    |add_ln256_fu_335_p2                |         +|   0|  0|  15|           8|           8|
    |add_ln259_1_fu_457_p2              |         +|   0|  0|  15|           8|           8|
    |add_ln259_fu_392_p2                |         +|   0|  0|  15|           8|           8|
    |add_ln260_fu_403_p2                |         +|   0|  0|  15|           8|           8|
    |add_ln261_fu_372_p2                |         +|   0|  0|  15|           8|           8|
    |add_ln262_1_fu_424_p2              |         +|   0|  0|  15|           8|           8|
    |add_ln262_fu_415_p2                |         +|   0|  0|  12|           4|           2|
    |indvars_iv_next24916_fu_277_p2     |         +|   0|  0|  12|           4|           1|
    |indvars_iv_next249_mid1_fu_317_p2  |         +|   0|  0|  12|           4|           2|
    |sub_ln256_fu_311_p2                |         -|   0|  0|  15|           8|           8|
    |sub_ln260_fu_366_p2                |         -|   0|  0|  15|           8|           8|
    |and_ln264_fu_441_p2                |       and|   0|  0|   2|           1|           1|
    |and_ln265_fu_467_p2                |       and|   0|  0|   2|           1|           1|
    |and_ln266_fu_488_p2                |       and|   0|  0|   2|           1|           1|
    |and_ln267_fu_505_p2                |       and|   0|  0|   2|           1|           1|
    |grp_fu_215_p2                      |      icmp|   0|  0|  23|          16|           1|
    |grp_fu_221_p2                      |      icmp|   0|  0|  23|          16|          16|
    |icmp_ln252_fu_245_p2               |      icmp|   0|  0|  14|           7|           6|
    |icmp_ln254_fu_263_p2               |      icmp|   0|  0|  12|           4|           4|
    |icmp_ln264_1_fu_435_p2             |      icmp|   0|  0|  23|          16|          16|
    |icmp_ln264_fu_429_p2               |      icmp|   0|  0|  23|          16|           1|
    |select_ln252_1_fu_283_p3           |    select|   0|  0|   4|           1|           4|
    |select_ln252_2_fu_323_p3           |    select|   0|  0|   4|           1|           4|
    |select_ln252_fu_269_p3             |    select|   0|  0|   4|           1|           1|
    |select_ln264_fu_447_p3             |    select|   0|  0|   4|           1|           4|
    |select_ln265_fu_473_p3             |    select|   0|  0|   8|           1|           8|
    |select_ln266_fu_494_p3             |    select|   0|  0|   8|           1|           8|
    |select_ln267_fu_511_p3             |    select|   0|  0|   8|           1|           8|
    +-----------------------------------+----------+----+---+----+------------+------------+
    |Total                              |          |   0|  0| 348|         173|         156|
    +-----------------------------------+----------+----+---+----+------------+------------+

    * Multiplexer: 
    +---------------------------------------+----+-----------+-----+-----------+
    |                  Name                 | LUT| Input Size| Bits| Total Bits|
    +---------------------------------------+----+-----------+-----+-----------+
    |ap_NS_fsm                              |  65|         12|    1|         12|
    |ap_done_int                            |   9|          2|    1|          2|
    |ap_sig_allocacmp_i_load                |   9|          2|    4|          8|
    |ap_sig_allocacmp_indvar_flatten6_load  |   9|          2|    7|         14|
    |ap_sig_allocacmp_j_load                |   9|          2|    4|          8|
    |clusterGrid1_address0                  |  31|          6|    8|         48|
    |clusterGrid1_address1                  |  26|          5|    8|         40|
    |clusterGrid2_address1                  |  31|          6|    8|         48|
    |clusterGrid2_d1                        |  14|          3|   16|         48|
    |i_fu_70                                |   9|          2|    4|          8|
    |indvar_flatten6_fu_74                  |   9|          2|    7|         14|
    |j_fu_66                                |   9|          2|    4|          8|
    +---------------------------------------+----+-----------+-----+-----------+
    |Total                                  | 230|         46|   72|        258|
    +---------------------------------------+----+-----------+-----+-----------+

    * Register: 
    +-----------------------------+----+----+-----+-----------+
    |             Name            | FF | LUT| Bits| Const Bits|
    +-----------------------------+----+----+-----+-----------+
    |add_ln252_reg_559            |   7|   0|    7|          0|
    |add_ln254_reg_632            |   4|   0|    4|          0|
    |add_ln259_1_reg_669          |   8|   0|    8|          0|
    |add_ln260_reg_643            |   8|   0|    8|          0|
    |add_ln261_reg_613            |   8|   0|    8|          0|
    |add_ln262_1_reg_663          |   8|   0|    8|          0|
    |ap_CS_fsm                    |  11|   0|   11|          0|
    |ap_done_reg                  |   1|   0|    1|          0|
    |clusterGrid1_addr_1_reg_618  |   8|   0|    8|          0|
    |clusterGrid1_addr_3_reg_648  |   8|   0|    8|          0|
    |clusterGrid1_addr_reg_598    |   8|   0|    8|          0|
    |clusterGrid2_addr_1_reg_623  |   8|   0|    8|          0|
    |clusterGrid2_addr_2_reg_653  |   8|   0|    8|          0|
    |clusterGrid2_addr_3_reg_658  |   8|   0|    8|          0|
    |clusterGrid2_addr_reg_603    |   8|   0|    8|          0|
    |grid_load_reg_628            |   1|   0|    1|          0|
    |i_fu_70                      |   4|   0|    4|          0|
    |icmp_ln252_reg_555           |   1|   0|    1|          0|
    |indvar_flatten6_fu_74        |   7|   0|    7|          0|
    |j_fu_66                      |   4|   0|    4|          0|
    |minClusterID_8_reg_714       |  16|   0|   16|          0|
    |select_ln252_1_reg_571       |   4|   0|    4|          0|
    |select_ln252_2_reg_582       |   4|   0|    4|          0|
    |select_ln252_reg_564         |   4|   0|    4|          0|
    |select_ln265_reg_679         |   8|   0|    8|          0|
    |select_ln266_reg_699         |   8|   0|    8|          0|
    |sub_ln256_reg_576            |   6|   0|    8|          2|
    |sub_ln260_reg_608            |   6|   0|    8|          2|
    |zext_ln256_1_reg_588         |   4|   0|    8|          4|
    |zext_ln262_1_reg_689         |   8|   0|   64|         56|
    +-----------------------------+----+----+-----+-----------+
    |Total                        | 196|   0|  260|         64|
    +-----------------------------+----+----+-----+-----------+



================================================================
== Interface
================================================================
* Summary: 
+-----------------------+-----+-----+------------+------------------------------------------------------------+--------------+
|       RTL Ports       | Dir | Bits|  Protocol  |                        Source Object                       |    C Type    |
+-----------------------+-----+-----+------------+------------------------------------------------------------+--------------+
|ap_clk                 |   in|    1|  ap_ctrl_hs|  naive_findClustersHLS2_Pipeline_SecondPass_SecondPassInner|  return value|
|ap_rst                 |   in|    1|  ap_ctrl_hs|  naive_findClustersHLS2_Pipeline_SecondPass_SecondPassInner|  return value|
|ap_start               |   in|    1|  ap_ctrl_hs|  naive_findClustersHLS2_Pipeline_SecondPass_SecondPassInner|  return value|
|ap_done                |  out|    1|  ap_ctrl_hs|  naive_findClustersHLS2_Pipeline_SecondPass_SecondPassInner|  return value|
|ap_idle                |  out|    1|  ap_ctrl_hs|  naive_findClustersHLS2_Pipeline_SecondPass_SecondPassInner|  return value|
|ap_ready               |  out|    1|  ap_ctrl_hs|  naive_findClustersHLS2_Pipeline_SecondPass_SecondPassInner|  return value|
|grid_address0          |  out|    8|   ap_memory|                                                        grid|         array|
|grid_ce0               |  out|    1|   ap_memory|                                                        grid|         array|
|grid_q0                |   in|    1|   ap_memory|                                                        grid|         array|
|clusterGrid1_address0  |  out|    8|   ap_memory|                                                clusterGrid1|         array|
|clusterGrid1_ce0       |  out|    1|   ap_memory|                                                clusterGrid1|         array|
|clusterGrid1_q0        |   in|   16|   ap_memory|                                                clusterGrid1|         array|
|clusterGrid1_address1  |  out|    8|   ap_memory|                                                clusterGrid1|         array|
|clusterGrid1_ce1       |  out|    1|   ap_memory|                                                clusterGrid1|         array|
|clusterGrid1_q1        |   in|   16|   ap_memory|                                                clusterGrid1|         array|
|clusterGrid2_address1  |  out|    8|   ap_memory|                                                clusterGrid2|         array|
|clusterGrid2_ce1       |  out|    1|   ap_memory|                                                clusterGrid2|         array|
|clusterGrid2_we1       |  out|    1|   ap_memory|                                                clusterGrid2|         array|
|clusterGrid2_d1        |  out|   16|   ap_memory|                                                clusterGrid2|         array|
+-----------------------+-----+-----+------------+------------------------------------------------------------+--------------+

