

================================================================
== Vitis HLS Report for 'naive_findClustersHLS2'
================================================================
* Date:           Thu Apr 24 10:03:29 2025

* Version:        2023.1 (Build 3854077 on May  4 2023)
* Project:        clustering
* Solution:       solution1 (Vivado IP Flow Target)
* Product family: virtexuplus
* Target device:  xcvu11p-flga2577-1-e


================================================================
== Performance Estimates
================================================================
+ Timing: 
    * Summary: 
    +--------+----------+----------+------------+
    |  Clock |  Target  | Estimated| Uncertainty|
    +--------+----------+----------+------------+
    |ap_clk  |  10.00 ns|  6.002 ns|     2.70 ns|
    +--------+----------+----------+------------+

+ Latency: 
    * Summary: 
    +---------+---------+-----------+-----------+------+------+---------+
    |  Latency (cycles) |   Latency (absolute)  |   Interval  | Pipeline|
    |   min   |   max   |    min    |    max    |  min |  max |   Type  |
    +---------+---------+-----------+-----------+------+------+---------+
    |     1656|     1656|  16.560 us|  16.560 us|  1657|  1657|       no|
    +---------+---------+-----------+-----------+------+------+---------+

    + Detail: 
        * Instance: 
        +---------------------------------------------------------------------------+----------------------------------------------------------------+---------+---------+-----------+-----------+------+------+---------+
        |                                                                           |                                                                |  Latency (cycles) |   Latency (absolute)  |   Interval  | Pipeline|
        |                                  Instance                                 |                             Module                             |   min   |   max   |    min    |    max    |  min |  max |   Type  |
        +---------------------------------------------------------------------------+----------------------------------------------------------------+---------+---------+-----------+-----------+------+------+---------+
        |grp_naive_findClustersHLS2_Pipeline_FirstPass_FirstPassInner_fu_85         |naive_findClustersHLS2_Pipeline_FirstPass_FirstPassInner        |      402|      402|   4.020 us|   4.020 us|   402|   402|       no|
        |grp_naive_findClustersHLS2_Pipeline_SecondPass_SecondPassInner_fu_92       |naive_findClustersHLS2_Pipeline_SecondPass_SecondPassInner      |     1102|     1102|  11.020 us|  11.020 us|  1102|  1102|       no|
        |grp_naive_findClustersHLS2_Pipeline_CreateResult_CreateResultInner_fu_100  |naive_findClustersHLS2_Pipeline_CreateResult_CreateResultInner  |      146|      146|   1.460 us|   1.460 us|   146|   146|       no|
        +---------------------------------------------------------------------------+----------------------------------------------------------------+---------+---------+-----------+-----------+------+------+---------+

        * Loop: 
        N/A



================================================================
== Utilization Estimates
================================================================
* Summary: 
+---------------------+---------+------+---------+---------+-----+
|         Name        | BRAM_18K|  DSP |    FF   |   LUT   | URAM|
+---------------------+---------+------+---------+---------+-----+
|DSP                  |        -|     -|        -|        -|    -|
|Expression           |        -|     -|        -|        -|    -|
|FIFO                 |        -|     -|        -|        -|    -|
|Instance             |        -|     -|      358|     1490|    -|
|Memory               |        2|     -|        0|        0|    -|
|Multiplexer          |        -|     -|        -|      256|    -|
|Register             |        -|     -|       10|        -|    -|
+---------------------+---------+------+---------+---------+-----+
|Total                |        2|     0|      368|     1746|    0|
+---------------------+---------+------+---------+---------+-----+
|Available SLR        |     1344|  3072|   864000|   432000|  320|
+---------------------+---------+------+---------+---------+-----+
|Utilization SLR (%)  |       ~0|     0|       ~0|       ~0|    0|
+---------------------+---------+------+---------+---------+-----+
|Available            |     4032|  9216|  2592000|  1296000|  960|
+---------------------+---------+------+---------+---------+-----+
|Utilization (%)      |       ~0|     0|       ~0|       ~0|    0|
+---------------------+---------+------+---------+---------+-----+

+ Detail: 
    * Instance: 
    +---------------------------------------------------------------------------+----------------------------------------------------------------+---------+----+-----+-----+-----+
    |                                  Instance                                 |                             Module                             | BRAM_18K| DSP|  FF | LUT | URAM|
    +---------------------------------------------------------------------------+----------------------------------------------------------------+---------+----+-----+-----+-----+
    |grp_naive_findClustersHLS2_Pipeline_CreateResult_CreateResultInner_fu_100  |naive_findClustersHLS2_Pipeline_CreateResult_CreateResultInner  |        0|   0|   35|  303|    0|
    |grp_naive_findClustersHLS2_Pipeline_FirstPass_FirstPassInner_fu_85         |naive_findClustersHLS2_Pipeline_FirstPass_FirstPassInner        |        0|   0|  127|  609|    0|
    |grp_naive_findClustersHLS2_Pipeline_SecondPass_SecondPassInner_fu_92       |naive_findClustersHLS2_Pipeline_SecondPass_SecondPassInner      |        0|   0|  196|  578|    0|
    +---------------------------------------------------------------------------+----------------------------------------------------------------+---------+----+-----+-----+-----+
    |Total                                                                      |                                                                |        0|   0|  358| 1490|    0|
    +---------------------------------------------------------------------------+----------------------------------------------------------------+---------+----+-----+-----+-----+

    * DSP: 
    N/A

    * Memory: 
    +----------------+-------------------------------+---------+---+----+-----+------+-----+------+-------------+
    |     Memory     |             Module            | BRAM_18K| FF| LUT| URAM| Words| Bits| Banks| W*Bits*Banks|
    +----------------+-------------------------------+---------+---+----+-----+------+-----+------+-------------+
    |clusterGrid1_U  |clusterGrid1_RAM_2P_BRAM_1R1W  |        1|  0|   0|    0|   144|   16|     1|         2304|
    |clusterGrid2_U  |clusterGrid2_RAM_2P_BRAM_1R1W  |        1|  0|   0|    0|   144|   16|     1|         2304|
    +----------------+-------------------------------+---------+---+----+-----+------+-----+------+-------------+
    |Total           |                               |        2|  0|   0|    0|   288|   32|     2|         4608|
    +----------------+-------------------------------+---------+---+----+-----+------+-----+------+-------------+

    * FIFO: 
    N/A

    * Expression: 
    N/A

    * Multiplexer: 
    +-----------------------+----+-----------+-----+-----------+
    |          Name         | LUT| Input Size| Bits| Total Bits|
    +-----------------------+----+-----------+-----+-----------+
    |ap_NS_fsm              |  43|          8|    1|          8|
    |clusterGrid1_address0  |  20|          4|    8|         32|
    |clusterGrid1_address1  |  20|          4|    8|         32|
    |clusterGrid1_ce0       |  20|          4|    1|          4|
    |clusterGrid1_ce1       |  20|          4|    1|          4|
    |clusterGrid1_d1        |  14|          3|   16|         48|
    |clusterGrid1_we1       |  14|          3|    1|          3|
    |clusterGrid2_address1  |  14|          3|    8|         24|
    |clusterGrid2_ce0       |   9|          2|    1|          2|
    |clusterGrid2_ce1       |  14|          3|    1|          3|
    |clusterGrid2_d1        |  14|          3|   16|         48|
    |clusterGrid2_we1       |  14|          3|    1|          3|
    |grid_address0          |  20|          4|    8|         32|
    |grid_ce0               |  20|          4|    1|          4|
    +-----------------------+----+-----------+-----+-----------+
    |Total                  | 256|         52|   72|        247|
    +-----------------------+----+-----------+-----+-----------+

    * Register: 
    +----------------------------------------------------------------------------------------+---+----+-----+-----------+
    |                                          Name                                          | FF| LUT| Bits| Const Bits|
    +----------------------------------------------------------------------------------------+---+----+-----+-----------+
    |ap_CS_fsm                                                                               |  7|   0|    7|          0|
    |grp_naive_findClustersHLS2_Pipeline_CreateResult_CreateResultInner_fu_100_ap_start_reg  |  1|   0|    1|          0|
    |grp_naive_findClustersHLS2_Pipeline_FirstPass_FirstPassInner_fu_85_ap_start_reg         |  1|   0|    1|          0|
    |grp_naive_findClustersHLS2_Pipeline_SecondPass_SecondPassInner_fu_92_ap_start_reg       |  1|   0|    1|          0|
    +----------------------------------------------------------------------------------------+---+----+-----+-----------+
    |Total                                                                                   | 10|   0|   10|          0|
    +----------------------------------------------------------------------------------------+---+----+-----+-----------+



================================================================
== Interface
================================================================
* Summary: 
+---------------------+-----+-----+------------+------------------------+--------------+
|      RTL Ports      | Dir | Bits|  Protocol  |      Source Object     |    C Type    |
+---------------------+-----+-----+------------+------------------------+--------------+
|ap_clk               |   in|    1|  ap_ctrl_hs|  naive_findClustersHLS2|  return value|
|ap_rst               |   in|    1|  ap_ctrl_hs|  naive_findClustersHLS2|  return value|
|ap_start             |   in|    1|  ap_ctrl_hs|  naive_findClustersHLS2|  return value|
|ap_done              |  out|    1|  ap_ctrl_hs|  naive_findClustersHLS2|  return value|
|ap_idle              |  out|    1|  ap_ctrl_hs|  naive_findClustersHLS2|  return value|
|ap_ready             |  out|    1|  ap_ctrl_hs|  naive_findClustersHLS2|  return value|
|grid_address0        |  out|    8|   ap_memory|                    grid|         array|
|grid_ce0             |  out|    1|   ap_memory|                    grid|         array|
|grid_q0              |   in|    1|   ap_memory|                    grid|         array|
|pointsGrid_address0  |  out|    8|   ap_memory|              pointsGrid|         array|
|pointsGrid_ce0       |  out|    1|   ap_memory|              pointsGrid|         array|
|pointsGrid_we0       |  out|    1|   ap_memory|              pointsGrid|         array|
|pointsGrid_d0        |  out|   96|   ap_memory|              pointsGrid|         array|
+---------------------+-----+-----+------------+------------------------+--------------+

