

================================================================
== Vitis HLS Report for 'naive_findClustersHLS2_Pipeline_FirstPass_FirstPassInner'
================================================================
* Date:           Thu Apr 24 10:03:28 2025

* Version:        2023.1 (Build 3854077 on May  4 2023)
* Project:        clustering
* Solution:       solution1 (Vivado IP Flow Target)
* Product family: virtexuplus
* Target device:  xcvu11p-flga2577-1-e


================================================================
== Performance Estimates
================================================================
+ Timing: 
    * Summary: 
    +--------+----------+----------+------------+
    |  Clock |  Target  | Estimated| Uncertainty|
    +--------+----------+----------+------------+
    |ap_clk  |  10.00 ns|  6.002 ns|     2.70 ns|
    +--------+----------+----------+------------+

+ Latency: 
    * Summary: 
    +---------+---------+----------+----------+-----+-----+---------+
    |  Latency (cycles) |  Latency (absolute) |  Interval | Pipeline|
    |   min   |   max   |    min   |    max   | min | max |   Type  |
    +---------+---------+----------+----------+-----+-----+---------+
    |      402|      402|  4.020 us|  4.020 us|  402|  402|       no|
    +---------+---------+----------+----------+-----+-----+---------+

    + Detail: 
        * Instance: 
        N/A

        * Loop: 
        +----------------------------+---------+---------+----------+-----------+-----------+------+----------+
        |                            |  Latency (cycles) | Iteration|  Initiation Interval  | Trip |          |
        |          Loop Name         |   min   |   max   |  Latency |  achieved |   target  | Count| Pipelined|
        +----------------------------+---------+---------+----------+-----------+-----------+------+----------+
        |- FirstPass_FirstPassInner  |      400|      400|         4|          4|         11|   100|       yes|
        +----------------------------+---------+---------+----------+-----------+-----------+------+----------+



================================================================
== Utilization Estimates
================================================================
* Summary: 
+---------------------+---------+------+---------+---------+-----+
|         Name        | BRAM_18K|  DSP |    FF   |   LUT   | URAM|
+---------------------+---------+------+---------+---------+-----+
|DSP                  |        -|     -|        -|        -|    -|
|Expression           |        -|     -|        0|      477|    -|
|FIFO                 |        -|     -|        -|        -|    -|
|Instance             |        -|     -|        -|        -|    -|
|Memory               |        -|     -|        -|        -|    -|
|Multiplexer          |        -|     -|        -|      132|    -|
|Register             |        -|     -|      127|        -|    -|
+---------------------+---------+------+---------+---------+-----+
|Total                |        0|     0|      127|      609|    0|
+---------------------+---------+------+---------+---------+-----+
|Available SLR        |     1344|  3072|   864000|   432000|  320|
+---------------------+---------+------+---------+---------+-----+
|Utilization SLR (%)  |        0|     0|       ~0|       ~0|    0|
+---------------------+---------+------+---------+---------+-----+
|Available            |     4032|  9216|  2592000|  1296000|  960|
+---------------------+---------+------+---------+---------+-----+
|Utilization (%)      |        0|     0|       ~0|       ~0|    0|
+---------------------+---------+------+---------+---------+-----+

+ Detail: 
    * Instance: 
    N/A

    * DSP: 
    N/A

    * Memory: 
    N/A

    * FIFO: 
    N/A

    * Expression: 
    +---------------------------+----------+----+---+----+------------+------------+
    |       Variable Name       | Operation| DSP| FF| LUT| Bitwidth P0| Bitwidth P1|
    +---------------------------+----------+----+---+----+------------+------------+
    |add_ln227_1_fu_180_p2      |         +|   0|  0|  14|           7|           1|
    |add_ln227_fu_192_p2        |         +|   0|  0|  12|           4|           1|
    |add_ln229_fu_310_p2        |         +|   0|  0|  12|           4|           1|
    |add_ln231_fu_264_p2        |         +|   0|  0|  15|           8|           8|
    |add_ln233_1_fu_339_p2      |         +|   0|  0|  15|           8|           8|
    |add_ln233_fu_330_p2        |         +|   0|  0|  12|           4|           2|
    |add_ln234_fu_349_p2        |         +|   0|  0|  15|           8|           8|
    |add_ln235_fu_300_p2        |         +|   0|  0|  15|           8|           8|
    |add_ln236_fu_319_p2        |         +|   0|  0|  15|           8|           8|
    |empty_fu_246_p2            |         +|   0|  0|  12|           4|           2|
    |maxClusterID_fu_447_p2     |         +|   0|  0|  23|          16|           1|
    |sub_ln231_fu_240_p2        |         -|   0|  0|  15|           8|           8|
    |sub_ln234_fu_294_p2        |         -|   0|  0|  15|           8|           8|
    |and_ln238_fu_369_p2        |       and|   0|  0|   2|           1|           1|
    |and_ln239_fu_389_p2        |       and|   0|  0|   2|           1|           1|
    |and_ln240_fu_408_p2        |       and|   0|  0|   2|           1|           1|
    |and_ln241_fu_427_p2        |       and|   0|  0|   2|           1|           1|
    |grp_fu_139_p2              |      icmp|   0|  0|  23|          16|           1|
    |grp_fu_145_p2              |      icmp|   0|  0|  23|          16|           1|
    |icmp_ln227_fu_174_p2       |      icmp|   0|  0|  14|           7|           6|
    |icmp_ln229_fu_198_p2       |      icmp|   0|  0|  12|           4|           4|
    |icmp_ln238_1_fu_363_p2     |      icmp|   0|  0|  23|          16|          16|
    |icmp_ln239_1_fu_383_p2     |      icmp|   0|  0|  23|          16|          16|
    |icmp_ln240_1_fu_403_p2     |      icmp|   0|  0|  23|          16|          16|
    |icmp_ln241_1_fu_421_p2     |      icmp|   0|  0|  23|          16|          16|
    |icmp_ln243_fu_442_p2       |      icmp|   0|  0|  23|          16|          16|
    |maxClusterID_1_fu_452_p3   |    select|   0|  0|  16|           1|          16|
    |minClusterID_10_fu_375_p3  |    select|   0|  0|  16|           1|          16|
    |minClusterID_12_fu_395_p3  |    select|   0|  0|  16|           1|          16|
    |minClusterID_14_fu_414_p3  |    select|   0|  0|  16|           1|          16|
    |minClusterID_16_fu_433_p3  |    select|   0|  0|  16|           1|          16|
    |select_ln227_1_fu_212_p3   |    select|   0|  0|   4|           1|           4|
    |select_ln227_2_fu_252_p3   |    select|   0|  0|   4|           1|           4|
    |select_ln227_fu_204_p3     |    select|   0|  0|   4|           1|           1|
    +---------------------------+----------+----+---+----+------------+------------+
    |Total                      |          |   0|  0| 477|         230|         249|
    +---------------------------+----------+----+---+----+------------+------------+

    * Multiplexer: 
    +--------------------------------------+----+-----------+-----+-----------+
    |                 Name                 | LUT| Input Size| Bits| Total Bits|
    +--------------------------------------+----+-----------+-----+-----------+
    |ap_NS_fsm                             |  26|          5|    1|          5|
    |ap_done_int                           |   9|          2|    1|          2|
    |ap_sig_allocacmp_i_load               |   9|          2|    4|          8|
    |ap_sig_allocacmp_indvar_flatten_load  |   9|          2|    7|         14|
    |ap_sig_allocacmp_j_load               |   9|          2|    4|          8|
    |clusterGrid1_address0                 |  14|          3|    8|         24|
    |clusterGrid1_address1                 |  20|          4|    8|         32|
    |i_fu_68                               |   9|          2|    4|          8|
    |indvar_flatten_fu_72                  |   9|          2|    7|         14|
    |j_fu_64                               |   9|          2|    4|          8|
    |minClusterID_fu_76                    |   9|          2|   16|         32|
    +--------------------------------------+----+-----------+-----+-----------+
    |Total                                 | 132|         28|   64|        155|
    +--------------------------------------+----+-----------+-----+-----------+

    * Register: 
    +-----------------------------+----+----+-----+-----------+
    |             Name            | FF | LUT| Bits| Const Bits|
    +-----------------------------+----+----+-----+-----------+
    |add_ln227_1_reg_508          |   7|   0|    7|          0|
    |add_ln229_reg_559            |   4|   0|    4|          0|
    |ap_CS_fsm                    |   4|   0|    4|          0|
    |ap_done_reg                  |   1|   0|    1|          0|
    |clusterGrid1_addr_3_reg_550  |   8|   0|    8|          0|
    |clusterGrid1_addr_4_reg_564  |   8|   0|    8|          0|
    |clusterGrid1_addr_5_reg_545  |   8|   0|    8|          0|
    |grid_load_reg_555            |   1|   0|    1|          0|
    |i_fu_68                      |   4|   0|    4|          0|
    |icmp_ln227_reg_504           |   1|   0|    1|          0|
    |indvar_flatten_fu_72         |   7|   0|    7|          0|
    |j_fu_64                      |   4|   0|    4|          0|
    |minClusterID_12_reg_586      |  16|   0|   16|          0|
    |minClusterID_fu_76           |  16|   0|   16|          0|
    |minClusterID_load_reg_579    |  16|   0|   16|          0|
    |select_ln227_1_reg_519       |   4|   0|    4|          0|
    |select_ln227_2_reg_529       |   4|   0|    4|          0|
    |select_ln227_reg_513         |   4|   0|    4|          0|
    |sub_ln231_reg_524            |   6|   0|    8|          2|
    |zext_ln231_1_reg_535         |   4|   0|    8|          4|
    +-----------------------------+----+----+-----+-----------+
    |Total                        | 127|   0|  133|          6|
    +-----------------------------+----+----+-----+-----------+



================================================================
== Interface
================================================================
* Summary: 
+-----------------------+-----+-----+------------+----------------------------------------------------------+--------------+
|       RTL Ports       | Dir | Bits|  Protocol  |                       Source Object                      |    C Type    |
+-----------------------+-----+-----+------------+----------------------------------------------------------+--------------+
|ap_clk                 |   in|    1|  ap_ctrl_hs|  naive_findClustersHLS2_Pipeline_FirstPass_FirstPassInner|  return value|
|ap_rst                 |   in|    1|  ap_ctrl_hs|  naive_findClustersHLS2_Pipeline_FirstPass_FirstPassInner|  return value|
|ap_start               |   in|    1|  ap_ctrl_hs|  naive_findClustersHLS2_Pipeline_FirstPass_FirstPassInner|  return value|
|ap_done                |  out|    1|  ap_ctrl_hs|  naive_findClustersHLS2_Pipeline_FirstPass_FirstPassInner|  return value|
|ap_idle                |  out|    1|  ap_ctrl_hs|  naive_findClustersHLS2_Pipeline_FirstPass_FirstPassInner|  return value|
|ap_ready               |  out|    1|  ap_ctrl_hs|  naive_findClustersHLS2_Pipeline_FirstPass_FirstPassInner|  return value|
|grid_address0          |  out|    8|   ap_memory|                                                      grid|         array|
|grid_ce0               |  out|    1|   ap_memory|                                                      grid|         array|
|grid_q0                |   in|    1|   ap_memory|                                                      grid|         array|
|clusterGrid1_address0  |  out|    8|   ap_memory|                                              clusterGrid1|         array|
|clusterGrid1_ce0       |  out|    1|   ap_memory|                                              clusterGrid1|         array|
|clusterGrid1_q0        |   in|   16|   ap_memory|                                              clusterGrid1|         array|
|clusterGrid1_address1  |  out|    8|   ap_memory|                                              clusterGrid1|         array|
|clusterGrid1_ce1       |  out|    1|   ap_memory|                                              clusterGrid1|         array|
|clusterGrid1_we1       |  out|    1|   ap_memory|                                              clusterGrid1|         array|
|clusterGrid1_d1        |  out|   16|   ap_memory|                                              clusterGrid1|         array|
|clusterGrid1_q1        |   in|   16|   ap_memory|                                              clusterGrid1|         array|
+-----------------------+-----+-----+------------+----------------------------------------------------------+--------------+

