

================================================================
== Vitis HLS Report for 'naive_findClustersHLS1_Pipeline_4'
================================================================
* Date:           Thu Apr 24 10:01:41 2025

* Version:        2023.1 (Build 3854077 on May  4 2023)
* Project:        clustering
* Solution:       solution1 (Vivado IP Flow Target)
* Product family: virtexuplus
* Target device:  xcvu11p-flga2577-1-e


================================================================
== Performance Estimates
================================================================
+ Timing: 
    * Summary: 
    +--------+----------+----------+------------+
    |  Clock |  Target  | Estimated| Uncertainty|
    +--------+----------+----------+------------+
    |ap_clk  |  10.00 ns|  2.152 ns|     2.70 ns|
    +--------+----------+----------+------------+

+ Latency: 
    * Summary: 
    +---------+---------+----------+----------+-----+-----+---------+
    |  Latency (cycles) |  Latency (absolute) |  Interval | Pipeline|
    |   min   |   max   |    min   |    max   | min | max |   Type  |
    +---------+---------+----------+----------+-----+-----+---------+
    |       51|       51|  0.510 us|  0.510 us|   51|   51|       no|
    +---------+---------+----------+----------+-----+-----+---------+

    + Detail: 
        * Instance: 
        N/A

        * Loop: 
        +----------+---------+---------+----------+-----------+-----------+------+----------+
        |          |  Latency (cycles) | Iteration|  Initiation Interval  | Trip |          |
        | Loop Name|   min   |   max   |  Latency |  achieved |   target  | Count| Pipelined|
        +----------+---------+---------+----------+-----------+-----------+------+----------+
        |- Loop 1  |       49|       49|         5|          5|          1|    10|       yes|
        +----------+---------+---------+----------+-----------+-----------+------+----------+

============================================================
+ Verbose Summary: Synthesis Manager
============================================================
InlineROM: 1
ExposeGlobal: 0
============================================================
+ Verbose Summary: CDFG Model
============================================================
IsTopModel: 0
ResetActiveHigh: 1
IsCombinational: 0
IsDatapathOnly: 0
HasWiredReturn: 1
HasMFsm: 2
HasVarLatency: 1
IsPipeline: 0
IsRtlPipelined: 0
IsInstanceOverlapped: 0
IsDontTouch: 0
HasImplIP: 0
IsGatedGlobalClock: 0

+ Individual pipeline summary: 
  * Pipeline-0: initiation interval (II) = 5, depth = 5


============================================================
+ Verbose Summary: Schedule
============================================================
* Number of FSM states : 5
* Pipeline : 1
  Pipeline-0 : II = 5, D = 5, States = { 1 2 3 4 5 }
* Dataflow Pipeline: 0

* FSM state transitions: 
1 --> 2 
2 --> 3 
3 --> 4 
4 --> 5 
5 --> 

* FSM state operations: 

State 1 <SV = 0> <Delay = 2.15>
ST_1 : Operation 8 [1/1] (0.00ns)   --->   "%indvars_iv104 = alloca i32 1"   --->   Operation 8 'alloca' 'indvars_iv104' <Predicate = true> <Delay = 0.00>
ST_1 : Operation 9 [1/1] (0.46ns)   --->   "%store_ln0 = store i4 0, i4 %indvars_iv104"   --->   Operation 9 'store' 'store_ln0' <Predicate = true> <Delay = 0.46>
ST_1 : Operation 10 [1/1] (0.00ns)   --->   "%br_ln0 = br void %arrayctor.loop.i"   --->   Operation 10 'br' 'br_ln0' <Predicate = true> <Delay = 0.00>
ST_1 : Operation 11 [1/1] (0.00ns)   --->   "%indvars_iv104_load = load i4 %indvars_iv104" [E:/Vitis_HLS/2023.1/tps/mingw/8.3.0/win64.o/nt\lib\gcc\x86_64-w64-mingw32\8.3.0\include\c++\array:94->cluster.cpp:198]   --->   Operation 11 'load' 'indvars_iv104_load' <Predicate = true> <Delay = 0.00>
ST_1 : Operation 12 [1/1] (0.00ns)   --->   "%tmp_4 = bitconcatenate i7 @_ssdm_op_BitConcatenate.i7.i4.i3, i4 %indvars_iv104_load, i3 0" [./cluster.hpp:37->E:/Vitis_HLS/2023.1/tps/mingw/8.3.0/win64.o/nt\lib\gcc\x86_64-w64-mingw32\8.3.0\include\c++\array:94->E:/Vitis_HLS/2023.1/tps/mingw/8.3.0/win64.o/nt\lib\gcc\x86_64-w64-mingw32\8.3.0\include\c++\array:94->cluster.cpp:198]   --->   Operation 12 'bitconcatenate' 'tmp_4' <Predicate = true> <Delay = 0.00>
ST_1 : Operation 13 [1/1] (0.00ns)   --->   "%tmp_5 = bitconcatenate i5 @_ssdm_op_BitConcatenate.i5.i4.i1, i4 %indvars_iv104_load, i1 0" [./cluster.hpp:37->E:/Vitis_HLS/2023.1/tps/mingw/8.3.0/win64.o/nt\lib\gcc\x86_64-w64-mingw32\8.3.0\include\c++\array:94->E:/Vitis_HLS/2023.1/tps/mingw/8.3.0/win64.o/nt\lib\gcc\x86_64-w64-mingw32\8.3.0\include\c++\array:94->cluster.cpp:198]   --->   Operation 13 'bitconcatenate' 'tmp_5' <Predicate = true> <Delay = 0.00>
ST_1 : Operation 14 [1/1] (0.00ns)   --->   "%zext_ln37 = zext i5 %tmp_5" [./cluster.hpp:37->E:/Vitis_HLS/2023.1/tps/mingw/8.3.0/win64.o/nt\lib\gcc\x86_64-w64-mingw32\8.3.0\include\c++\array:94->E:/Vitis_HLS/2023.1/tps/mingw/8.3.0/win64.o/nt\lib\gcc\x86_64-w64-mingw32\8.3.0\include\c++\array:94->cluster.cpp:198]   --->   Operation 14 'zext' 'zext_ln37' <Predicate = true> <Delay = 0.00>
ST_1 : Operation 15 [1/1] (0.85ns)   --->   "%add_ln37 = add i7 %tmp_4, i7 %zext_ln37" [./cluster.hpp:37->E:/Vitis_HLS/2023.1/tps/mingw/8.3.0/win64.o/nt\lib\gcc\x86_64-w64-mingw32\8.3.0\include\c++\array:94->E:/Vitis_HLS/2023.1/tps/mingw/8.3.0/win64.o/nt\lib\gcc\x86_64-w64-mingw32\8.3.0\include\c++\array:94->cluster.cpp:198]   --->   Operation 15 'add' 'add_ln37' <Predicate = true> <Delay = 0.85> <CoreInst = "Adder">   --->   Core 1 'Adder' <Latency = 0> <II = 1> <Delay = 0.85> <FuncUnit> <Opcode : 'add' 'sub'> <InPorts = 2> <OutPorts = 1>
ST_1 : Operation 16 [1/1] (0.00ns)   --->   "%zext_ln37_1 = zext i7 %add_ln37" [./cluster.hpp:37->E:/Vitis_HLS/2023.1/tps/mingw/8.3.0/win64.o/nt\lib\gcc\x86_64-w64-mingw32\8.3.0\include\c++\array:94->E:/Vitis_HLS/2023.1/tps/mingw/8.3.0/win64.o/nt\lib\gcc\x86_64-w64-mingw32\8.3.0\include\c++\array:94->cluster.cpp:198]   --->   Operation 16 'zext' 'zext_ln37_1' <Predicate = true> <Delay = 0.00>
ST_1 : Operation 17 [1/1] (0.00ns)   --->   "%clusterArray_x_addr = getelementptr i32 %clusterArray_x, i64 0, i64 %zext_ln37_1" [./cluster.hpp:37->E:/Vitis_HLS/2023.1/tps/mingw/8.3.0/win64.o/nt\lib\gcc\x86_64-w64-mingw32\8.3.0\include\c++\array:94->E:/Vitis_HLS/2023.1/tps/mingw/8.3.0/win64.o/nt\lib\gcc\x86_64-w64-mingw32\8.3.0\include\c++\array:94->cluster.cpp:198]   --->   Operation 17 'getelementptr' 'clusterArray_x_addr' <Predicate = true> <Delay = 0.00>
ST_1 : Operation 18 [1/1] (0.00ns)   --->   "%or_ln37 = or i7 %add_ln37, i7 1" [./cluster.hpp:37->E:/Vitis_HLS/2023.1/tps/mingw/8.3.0/win64.o/nt\lib\gcc\x86_64-w64-mingw32\8.3.0\include\c++\array:94->E:/Vitis_HLS/2023.1/tps/mingw/8.3.0/win64.o/nt\lib\gcc\x86_64-w64-mingw32\8.3.0\include\c++\array:94->cluster.cpp:198]   --->   Operation 18 'or' 'or_ln37' <Predicate = true> <Delay = 0.00>
ST_1 : Operation 19 [1/1] (0.00ns)   --->   "%zext_ln37_2 = zext i7 %or_ln37" [./cluster.hpp:37->E:/Vitis_HLS/2023.1/tps/mingw/8.3.0/win64.o/nt\lib\gcc\x86_64-w64-mingw32\8.3.0\include\c++\array:94->E:/Vitis_HLS/2023.1/tps/mingw/8.3.0/win64.o/nt\lib\gcc\x86_64-w64-mingw32\8.3.0\include\c++\array:94->cluster.cpp:198]   --->   Operation 19 'zext' 'zext_ln37_2' <Predicate = true> <Delay = 0.00>
ST_1 : Operation 20 [1/1] (0.00ns)   --->   "%clusterArray_x_addr_1 = getelementptr i32 %clusterArray_x, i64 0, i64 %zext_ln37_2" [./cluster.hpp:37->E:/Vitis_HLS/2023.1/tps/mingw/8.3.0/win64.o/nt\lib\gcc\x86_64-w64-mingw32\8.3.0\include\c++\array:94->E:/Vitis_HLS/2023.1/tps/mingw/8.3.0/win64.o/nt\lib\gcc\x86_64-w64-mingw32\8.3.0\include\c++\array:94->cluster.cpp:198]   --->   Operation 20 'getelementptr' 'clusterArray_x_addr_1' <Predicate = true> <Delay = 0.00>
ST_1 : Operation 21 [1/1] (0.00ns)   --->   "%clusterArray_y_addr = getelementptr i32 %clusterArray_y, i64 0, i64 %zext_ln37_1" [./cluster.hpp:37->E:/Vitis_HLS/2023.1/tps/mingw/8.3.0/win64.o/nt\lib\gcc\x86_64-w64-mingw32\8.3.0\include\c++\array:94->E:/Vitis_HLS/2023.1/tps/mingw/8.3.0/win64.o/nt\lib\gcc\x86_64-w64-mingw32\8.3.0\include\c++\array:94->cluster.cpp:198]   --->   Operation 21 'getelementptr' 'clusterArray_y_addr' <Predicate = true> <Delay = 0.00>
ST_1 : Operation 22 [1/1] (0.00ns)   --->   "%clusterArray_y_addr_1 = getelementptr i32 %clusterArray_y, i64 0, i64 %zext_ln37_2" [./cluster.hpp:37->E:/Vitis_HLS/2023.1/tps/mingw/8.3.0/win64.o/nt\lib\gcc\x86_64-w64-mingw32\8.3.0\include\c++\array:94->E:/Vitis_HLS/2023.1/tps/mingw/8.3.0/win64.o/nt\lib\gcc\x86_64-w64-mingw32\8.3.0\include\c++\array:94->cluster.cpp:198]   --->   Operation 22 'getelementptr' 'clusterArray_y_addr_1' <Predicate = true> <Delay = 0.00>
ST_1 : Operation 23 [1/1] (0.00ns)   --->   "%clusterArray_clusterID_addr = getelementptr i32 %clusterArray_clusterID, i64 0, i64 %zext_ln37_1" [./cluster.hpp:37->E:/Vitis_HLS/2023.1/tps/mingw/8.3.0/win64.o/nt\lib\gcc\x86_64-w64-mingw32\8.3.0\include\c++\array:94->E:/Vitis_HLS/2023.1/tps/mingw/8.3.0/win64.o/nt\lib\gcc\x86_64-w64-mingw32\8.3.0\include\c++\array:94->cluster.cpp:198]   --->   Operation 23 'getelementptr' 'clusterArray_clusterID_addr' <Predicate = true> <Delay = 0.00>
ST_1 : Operation 24 [1/1] (0.00ns)   --->   "%clusterArray_clusterID_addr_1 = getelementptr i32 %clusterArray_clusterID, i64 0, i64 %zext_ln37_2" [./cluster.hpp:37->E:/Vitis_HLS/2023.1/tps/mingw/8.3.0/win64.o/nt\lib\gcc\x86_64-w64-mingw32\8.3.0\include\c++\array:94->E:/Vitis_HLS/2023.1/tps/mingw/8.3.0/win64.o/nt\lib\gcc\x86_64-w64-mingw32\8.3.0\include\c++\array:94->cluster.cpp:198]   --->   Operation 24 'getelementptr' 'clusterArray_clusterID_addr_1' <Predicate = true> <Delay = 0.00>
ST_1 : Operation 25 [1/1] (1.29ns)   --->   "%store_ln37 = store i32 0, i7 %clusterArray_x_addr" [./cluster.hpp:37->E:/Vitis_HLS/2023.1/tps/mingw/8.3.0/win64.o/nt\lib\gcc\x86_64-w64-mingw32\8.3.0\include\c++\array:94->E:/Vitis_HLS/2023.1/tps/mingw/8.3.0/win64.o/nt\lib\gcc\x86_64-w64-mingw32\8.3.0\include\c++\array:94->cluster.cpp:198]   --->   Operation 25 'store' 'store_ln37' <Predicate = true> <Delay = 1.29> <CoreInst = "RAM">   --->   Core 83 'RAM' <Latency = 1> <II = 1> <Delay = 1.29> <Storage> <Opcode : 'load' 'store'> <Ports = 2> <Width = 32> <Depth = 100> <RAM>
ST_1 : Operation 26 [1/1] (1.29ns)   --->   "%store_ln37 = store i32 0, i7 %clusterArray_y_addr" [./cluster.hpp:37->E:/Vitis_HLS/2023.1/tps/mingw/8.3.0/win64.o/nt\lib\gcc\x86_64-w64-mingw32\8.3.0\include\c++\array:94->E:/Vitis_HLS/2023.1/tps/mingw/8.3.0/win64.o/nt\lib\gcc\x86_64-w64-mingw32\8.3.0\include\c++\array:94->cluster.cpp:198]   --->   Operation 26 'store' 'store_ln37' <Predicate = true> <Delay = 1.29> <CoreInst = "RAM">   --->   Core 83 'RAM' <Latency = 1> <II = 1> <Delay = 1.29> <Storage> <Opcode : 'load' 'store'> <Ports = 2> <Width = 32> <Depth = 100> <RAM>
ST_1 : Operation 27 [1/1] (1.29ns)   --->   "%store_ln37 = store i32 0, i7 %clusterArray_clusterID_addr" [./cluster.hpp:37->E:/Vitis_HLS/2023.1/tps/mingw/8.3.0/win64.o/nt\lib\gcc\x86_64-w64-mingw32\8.3.0\include\c++\array:94->E:/Vitis_HLS/2023.1/tps/mingw/8.3.0/win64.o/nt\lib\gcc\x86_64-w64-mingw32\8.3.0\include\c++\array:94->cluster.cpp:198]   --->   Operation 27 'store' 'store_ln37' <Predicate = true> <Delay = 1.29> <CoreInst = "RAM">   --->   Core 83 'RAM' <Latency = 1> <II = 1> <Delay = 1.29> <Storage> <Opcode : 'load' 'store'> <Ports = 2> <Width = 32> <Depth = 100> <RAM>
ST_1 : Operation 28 [1/1] (1.29ns)   --->   "%store_ln37 = store i32 0, i7 %clusterArray_x_addr_1" [./cluster.hpp:37->E:/Vitis_HLS/2023.1/tps/mingw/8.3.0/win64.o/nt\lib\gcc\x86_64-w64-mingw32\8.3.0\include\c++\array:94->E:/Vitis_HLS/2023.1/tps/mingw/8.3.0/win64.o/nt\lib\gcc\x86_64-w64-mingw32\8.3.0\include\c++\array:94->cluster.cpp:198]   --->   Operation 28 'store' 'store_ln37' <Predicate = true> <Delay = 1.29> <CoreInst = "RAM">   --->   Core 83 'RAM' <Latency = 1> <II = 1> <Delay = 1.29> <Storage> <Opcode : 'load' 'store'> <Ports = 2> <Width = 32> <Depth = 100> <RAM>
ST_1 : Operation 29 [1/1] (1.29ns)   --->   "%store_ln37 = store i32 0, i7 %clusterArray_y_addr_1" [./cluster.hpp:37->E:/Vitis_HLS/2023.1/tps/mingw/8.3.0/win64.o/nt\lib\gcc\x86_64-w64-mingw32\8.3.0\include\c++\array:94->E:/Vitis_HLS/2023.1/tps/mingw/8.3.0/win64.o/nt\lib\gcc\x86_64-w64-mingw32\8.3.0\include\c++\array:94->cluster.cpp:198]   --->   Operation 29 'store' 'store_ln37' <Predicate = true> <Delay = 1.29> <CoreInst = "RAM">   --->   Core 83 'RAM' <Latency = 1> <II = 1> <Delay = 1.29> <Storage> <Opcode : 'load' 'store'> <Ports = 2> <Width = 32> <Depth = 100> <RAM>
ST_1 : Operation 30 [1/1] (1.29ns)   --->   "%store_ln37 = store i32 0, i7 %clusterArray_clusterID_addr_1" [./cluster.hpp:37->E:/Vitis_HLS/2023.1/tps/mingw/8.3.0/win64.o/nt\lib\gcc\x86_64-w64-mingw32\8.3.0\include\c++\array:94->E:/Vitis_HLS/2023.1/tps/mingw/8.3.0/win64.o/nt\lib\gcc\x86_64-w64-mingw32\8.3.0\include\c++\array:94->cluster.cpp:198]   --->   Operation 30 'store' 'store_ln37' <Predicate = true> <Delay = 1.29> <CoreInst = "RAM">   --->   Core 83 'RAM' <Latency = 1> <II = 1> <Delay = 1.29> <Storage> <Opcode : 'load' 'store'> <Ports = 2> <Width = 32> <Depth = 100> <RAM>
ST_1 : Operation 31 [1/1] (0.80ns)   --->   "%add_ln94 = add i4 %indvars_iv104_load, i4 1" [E:/Vitis_HLS/2023.1/tps/mingw/8.3.0/win64.o/nt\lib\gcc\x86_64-w64-mingw32\8.3.0\include\c++\array:94->cluster.cpp:198]   --->   Operation 31 'add' 'add_ln94' <Predicate = true> <Delay = 0.80> <CoreInst = "Adder">   --->   Core 1 'Adder' <Latency = 0> <II = 1> <Delay = 0.80> <FuncUnit> <Opcode : 'add' 'sub'> <InPorts = 2> <OutPorts = 1>
ST_1 : Operation 32 [1/1] (0.80ns)   --->   "%icmp_ln94 = icmp_eq  i4 %indvars_iv104_load, i4 9" [E:/Vitis_HLS/2023.1/tps/mingw/8.3.0/win64.o/nt\lib\gcc\x86_64-w64-mingw32\8.3.0\include\c++\array:94->cluster.cpp:198]   --->   Operation 32 'icmp' 'icmp_ln94' <Predicate = true> <Delay = 0.80> <CoreInst = "Cmp">   --->   Core 9 'Cmp' <Latency = 0> <II = 1> <Delay = 0.80> <FuncUnit> <Opcode : 'icmp'> <InPorts = 2> <OutPorts = 1>
ST_1 : Operation 33 [1/1] (0.46ns)   --->   "%store_ln94 = store i4 %add_ln94, i4 %indvars_iv104" [E:/Vitis_HLS/2023.1/tps/mingw/8.3.0/win64.o/nt\lib\gcc\x86_64-w64-mingw32\8.3.0\include\c++\array:94->cluster.cpp:198]   --->   Operation 33 'store' 'store_ln94' <Predicate = true> <Delay = 0.46>

State 2 <SV = 1> <Delay = 2.15>
ST_2 : Operation 34 [1/1] (0.85ns)   --->   "%add_ln37_1 = add i7 %add_ln37, i7 2" [./cluster.hpp:37->E:/Vitis_HLS/2023.1/tps/mingw/8.3.0/win64.o/nt\lib\gcc\x86_64-w64-mingw32\8.3.0\include\c++\array:94->E:/Vitis_HLS/2023.1/tps/mingw/8.3.0/win64.o/nt\lib\gcc\x86_64-w64-mingw32\8.3.0\include\c++\array:94->cluster.cpp:198]   --->   Operation 34 'add' 'add_ln37_1' <Predicate = true> <Delay = 0.85> <CoreInst = "Adder">   --->   Core 1 'Adder' <Latency = 0> <II = 1> <Delay = 0.85> <FuncUnit> <Opcode : 'add' 'sub'> <InPorts = 2> <OutPorts = 1>
ST_2 : Operation 35 [1/1] (0.00ns)   --->   "%zext_ln37_3 = zext i7 %add_ln37_1" [./cluster.hpp:37->E:/Vitis_HLS/2023.1/tps/mingw/8.3.0/win64.o/nt\lib\gcc\x86_64-w64-mingw32\8.3.0\include\c++\array:94->E:/Vitis_HLS/2023.1/tps/mingw/8.3.0/win64.o/nt\lib\gcc\x86_64-w64-mingw32\8.3.0\include\c++\array:94->cluster.cpp:198]   --->   Operation 35 'zext' 'zext_ln37_3' <Predicate = true> <Delay = 0.00>
ST_2 : Operation 36 [1/1] (0.00ns)   --->   "%clusterArray_x_addr_2 = getelementptr i32 %clusterArray_x, i64 0, i64 %zext_ln37_3" [./cluster.hpp:37->E:/Vitis_HLS/2023.1/tps/mingw/8.3.0/win64.o/nt\lib\gcc\x86_64-w64-mingw32\8.3.0\include\c++\array:94->E:/Vitis_HLS/2023.1/tps/mingw/8.3.0/win64.o/nt\lib\gcc\x86_64-w64-mingw32\8.3.0\include\c++\array:94->cluster.cpp:198]   --->   Operation 36 'getelementptr' 'clusterArray_x_addr_2' <Predicate = true> <Delay = 0.00>
ST_2 : Operation 37 [1/1] (0.85ns)   --->   "%add_ln37_2 = add i7 %add_ln37, i7 3" [./cluster.hpp:37->E:/Vitis_HLS/2023.1/tps/mingw/8.3.0/win64.o/nt\lib\gcc\x86_64-w64-mingw32\8.3.0\include\c++\array:94->E:/Vitis_HLS/2023.1/tps/mingw/8.3.0/win64.o/nt\lib\gcc\x86_64-w64-mingw32\8.3.0\include\c++\array:94->cluster.cpp:198]   --->   Operation 37 'add' 'add_ln37_2' <Predicate = true> <Delay = 0.85> <CoreInst = "Adder">   --->   Core 1 'Adder' <Latency = 0> <II = 1> <Delay = 0.85> <FuncUnit> <Opcode : 'add' 'sub'> <InPorts = 2> <OutPorts = 1>
ST_2 : Operation 38 [1/1] (0.00ns)   --->   "%zext_ln37_4 = zext i7 %add_ln37_2" [./cluster.hpp:37->E:/Vitis_HLS/2023.1/tps/mingw/8.3.0/win64.o/nt\lib\gcc\x86_64-w64-mingw32\8.3.0\include\c++\array:94->E:/Vitis_HLS/2023.1/tps/mingw/8.3.0/win64.o/nt\lib\gcc\x86_64-w64-mingw32\8.3.0\include\c++\array:94->cluster.cpp:198]   --->   Operation 38 'zext' 'zext_ln37_4' <Predicate = true> <Delay = 0.00>
ST_2 : Operation 39 [1/1] (0.00ns)   --->   "%clusterArray_x_addr_3 = getelementptr i32 %clusterArray_x, i64 0, i64 %zext_ln37_4" [./cluster.hpp:37->E:/Vitis_HLS/2023.1/tps/mingw/8.3.0/win64.o/nt\lib\gcc\x86_64-w64-mingw32\8.3.0\include\c++\array:94->E:/Vitis_HLS/2023.1/tps/mingw/8.3.0/win64.o/nt\lib\gcc\x86_64-w64-mingw32\8.3.0\include\c++\array:94->cluster.cpp:198]   --->   Operation 39 'getelementptr' 'clusterArray_x_addr_3' <Predicate = true> <Delay = 0.00>
ST_2 : Operation 40 [1/1] (0.00ns)   --->   "%clusterArray_y_addr_2 = getelementptr i32 %clusterArray_y, i64 0, i64 %zext_ln37_3" [./cluster.hpp:37->E:/Vitis_HLS/2023.1/tps/mingw/8.3.0/win64.o/nt\lib\gcc\x86_64-w64-mingw32\8.3.0\include\c++\array:94->E:/Vitis_HLS/2023.1/tps/mingw/8.3.0/win64.o/nt\lib\gcc\x86_64-w64-mingw32\8.3.0\include\c++\array:94->cluster.cpp:198]   --->   Operation 40 'getelementptr' 'clusterArray_y_addr_2' <Predicate = true> <Delay = 0.00>
ST_2 : Operation 41 [1/1] (0.00ns)   --->   "%clusterArray_y_addr_3 = getelementptr i32 %clusterArray_y, i64 0, i64 %zext_ln37_4" [./cluster.hpp:37->E:/Vitis_HLS/2023.1/tps/mingw/8.3.0/win64.o/nt\lib\gcc\x86_64-w64-mingw32\8.3.0\include\c++\array:94->E:/Vitis_HLS/2023.1/tps/mingw/8.3.0/win64.o/nt\lib\gcc\x86_64-w64-mingw32\8.3.0\include\c++\array:94->cluster.cpp:198]   --->   Operation 41 'getelementptr' 'clusterArray_y_addr_3' <Predicate = true> <Delay = 0.00>
ST_2 : Operation 42 [1/1] (0.00ns)   --->   "%clusterArray_clusterID_addr_2 = getelementptr i32 %clusterArray_clusterID, i64 0, i64 %zext_ln37_3" [./cluster.hpp:37->E:/Vitis_HLS/2023.1/tps/mingw/8.3.0/win64.o/nt\lib\gcc\x86_64-w64-mingw32\8.3.0\include\c++\array:94->E:/Vitis_HLS/2023.1/tps/mingw/8.3.0/win64.o/nt\lib\gcc\x86_64-w64-mingw32\8.3.0\include\c++\array:94->cluster.cpp:198]   --->   Operation 42 'getelementptr' 'clusterArray_clusterID_addr_2' <Predicate = true> <Delay = 0.00>
ST_2 : Operation 43 [1/1] (0.00ns)   --->   "%clusterArray_clusterID_addr_3 = getelementptr i32 %clusterArray_clusterID, i64 0, i64 %zext_ln37_4" [./cluster.hpp:37->E:/Vitis_HLS/2023.1/tps/mingw/8.3.0/win64.o/nt\lib\gcc\x86_64-w64-mingw32\8.3.0\include\c++\array:94->E:/Vitis_HLS/2023.1/tps/mingw/8.3.0/win64.o/nt\lib\gcc\x86_64-w64-mingw32\8.3.0\include\c++\array:94->cluster.cpp:198]   --->   Operation 43 'getelementptr' 'clusterArray_clusterID_addr_3' <Predicate = true> <Delay = 0.00>
ST_2 : Operation 44 [1/1] (1.29ns)   --->   "%store_ln37 = store i32 0, i7 %clusterArray_x_addr_2" [./cluster.hpp:37->E:/Vitis_HLS/2023.1/tps/mingw/8.3.0/win64.o/nt\lib\gcc\x86_64-w64-mingw32\8.3.0\include\c++\array:94->E:/Vitis_HLS/2023.1/tps/mingw/8.3.0/win64.o/nt\lib\gcc\x86_64-w64-mingw32\8.3.0\include\c++\array:94->cluster.cpp:198]   --->   Operation 44 'store' 'store_ln37' <Predicate = true> <Delay = 1.29> <CoreInst = "RAM">   --->   Core 83 'RAM' <Latency = 1> <II = 1> <Delay = 1.29> <Storage> <Opcode : 'load' 'store'> <Ports = 2> <Width = 32> <Depth = 100> <RAM>
ST_2 : Operation 45 [1/1] (1.29ns)   --->   "%store_ln37 = store i32 0, i7 %clusterArray_y_addr_2" [./cluster.hpp:37->E:/Vitis_HLS/2023.1/tps/mingw/8.3.0/win64.o/nt\lib\gcc\x86_64-w64-mingw32\8.3.0\include\c++\array:94->E:/Vitis_HLS/2023.1/tps/mingw/8.3.0/win64.o/nt\lib\gcc\x86_64-w64-mingw32\8.3.0\include\c++\array:94->cluster.cpp:198]   --->   Operation 45 'store' 'store_ln37' <Predicate = true> <Delay = 1.29> <CoreInst = "RAM">   --->   Core 83 'RAM' <Latency = 1> <II = 1> <Delay = 1.29> <Storage> <Opcode : 'load' 'store'> <Ports = 2> <Width = 32> <Depth = 100> <RAM>
ST_2 : Operation 46 [1/1] (1.29ns)   --->   "%store_ln37 = store i32 0, i7 %clusterArray_clusterID_addr_2" [./cluster.hpp:37->E:/Vitis_HLS/2023.1/tps/mingw/8.3.0/win64.o/nt\lib\gcc\x86_64-w64-mingw32\8.3.0\include\c++\array:94->E:/Vitis_HLS/2023.1/tps/mingw/8.3.0/win64.o/nt\lib\gcc\x86_64-w64-mingw32\8.3.0\include\c++\array:94->cluster.cpp:198]   --->   Operation 46 'store' 'store_ln37' <Predicate = true> <Delay = 1.29> <CoreInst = "RAM">   --->   Core 83 'RAM' <Latency = 1> <II = 1> <Delay = 1.29> <Storage> <Opcode : 'load' 'store'> <Ports = 2> <Width = 32> <Depth = 100> <RAM>
ST_2 : Operation 47 [1/1] (1.29ns)   --->   "%store_ln37 = store i32 0, i7 %clusterArray_x_addr_3" [./cluster.hpp:37->E:/Vitis_HLS/2023.1/tps/mingw/8.3.0/win64.o/nt\lib\gcc\x86_64-w64-mingw32\8.3.0\include\c++\array:94->E:/Vitis_HLS/2023.1/tps/mingw/8.3.0/win64.o/nt\lib\gcc\x86_64-w64-mingw32\8.3.0\include\c++\array:94->cluster.cpp:198]   --->   Operation 47 'store' 'store_ln37' <Predicate = true> <Delay = 1.29> <CoreInst = "RAM">   --->   Core 83 'RAM' <Latency = 1> <II = 1> <Delay = 1.29> <Storage> <Opcode : 'load' 'store'> <Ports = 2> <Width = 32> <Depth = 100> <RAM>
ST_2 : Operation 48 [1/1] (1.29ns)   --->   "%store_ln37 = store i32 0, i7 %clusterArray_y_addr_3" [./cluster.hpp:37->E:/Vitis_HLS/2023.1/tps/mingw/8.3.0/win64.o/nt\lib\gcc\x86_64-w64-mingw32\8.3.0\include\c++\array:94->E:/Vitis_HLS/2023.1/tps/mingw/8.3.0/win64.o/nt\lib\gcc\x86_64-w64-mingw32\8.3.0\include\c++\array:94->cluster.cpp:198]   --->   Operation 48 'store' 'store_ln37' <Predicate = true> <Delay = 1.29> <CoreInst = "RAM">   --->   Core 83 'RAM' <Latency = 1> <II = 1> <Delay = 1.29> <Storage> <Opcode : 'load' 'store'> <Ports = 2> <Width = 32> <Depth = 100> <RAM>
ST_2 : Operation 49 [1/1] (1.29ns)   --->   "%store_ln37 = store i32 0, i7 %clusterArray_clusterID_addr_3" [./cluster.hpp:37->E:/Vitis_HLS/2023.1/tps/mingw/8.3.0/win64.o/nt\lib\gcc\x86_64-w64-mingw32\8.3.0\include\c++\array:94->E:/Vitis_HLS/2023.1/tps/mingw/8.3.0/win64.o/nt\lib\gcc\x86_64-w64-mingw32\8.3.0\include\c++\array:94->cluster.cpp:198]   --->   Operation 49 'store' 'store_ln37' <Predicate = true> <Delay = 1.29> <CoreInst = "RAM">   --->   Core 83 'RAM' <Latency = 1> <II = 1> <Delay = 1.29> <Storage> <Opcode : 'load' 'store'> <Ports = 2> <Width = 32> <Depth = 100> <RAM>

State 3 <SV = 2> <Delay = 2.15>
ST_3 : Operation 50 [1/1] (0.85ns)   --->   "%add_ln37_3 = add i7 %add_ln37, i7 4" [./cluster.hpp:37->E:/Vitis_HLS/2023.1/tps/mingw/8.3.0/win64.o/nt\lib\gcc\x86_64-w64-mingw32\8.3.0\include\c++\array:94->E:/Vitis_HLS/2023.1/tps/mingw/8.3.0/win64.o/nt\lib\gcc\x86_64-w64-mingw32\8.3.0\include\c++\array:94->cluster.cpp:198]   --->   Operation 50 'add' 'add_ln37_3' <Predicate = true> <Delay = 0.85> <CoreInst = "Adder">   --->   Core 1 'Adder' <Latency = 0> <II = 1> <Delay = 0.85> <FuncUnit> <Opcode : 'add' 'sub'> <InPorts = 2> <OutPorts = 1>
ST_3 : Operation 51 [1/1] (0.00ns)   --->   "%zext_ln37_5 = zext i7 %add_ln37_3" [./cluster.hpp:37->E:/Vitis_HLS/2023.1/tps/mingw/8.3.0/win64.o/nt\lib\gcc\x86_64-w64-mingw32\8.3.0\include\c++\array:94->E:/Vitis_HLS/2023.1/tps/mingw/8.3.0/win64.o/nt\lib\gcc\x86_64-w64-mingw32\8.3.0\include\c++\array:94->cluster.cpp:198]   --->   Operation 51 'zext' 'zext_ln37_5' <Predicate = true> <Delay = 0.00>
ST_3 : Operation 52 [1/1] (0.00ns)   --->   "%clusterArray_x_addr_4 = getelementptr i32 %clusterArray_x, i64 0, i64 %zext_ln37_5" [./cluster.hpp:37->E:/Vitis_HLS/2023.1/tps/mingw/8.3.0/win64.o/nt\lib\gcc\x86_64-w64-mingw32\8.3.0\include\c++\array:94->E:/Vitis_HLS/2023.1/tps/mingw/8.3.0/win64.o/nt\lib\gcc\x86_64-w64-mingw32\8.3.0\include\c++\array:94->cluster.cpp:198]   --->   Operation 52 'getelementptr' 'clusterArray_x_addr_4' <Predicate = true> <Delay = 0.00>
ST_3 : Operation 53 [1/1] (0.85ns)   --->   "%add_ln37_4 = add i7 %add_ln37, i7 5" [./cluster.hpp:37->E:/Vitis_HLS/2023.1/tps/mingw/8.3.0/win64.o/nt\lib\gcc\x86_64-w64-mingw32\8.3.0\include\c++\array:94->E:/Vitis_HLS/2023.1/tps/mingw/8.3.0/win64.o/nt\lib\gcc\x86_64-w64-mingw32\8.3.0\include\c++\array:94->cluster.cpp:198]   --->   Operation 53 'add' 'add_ln37_4' <Predicate = true> <Delay = 0.85> <CoreInst = "Adder">   --->   Core 1 'Adder' <Latency = 0> <II = 1> <Delay = 0.85> <FuncUnit> <Opcode : 'add' 'sub'> <InPorts = 2> <OutPorts = 1>
ST_3 : Operation 54 [1/1] (0.00ns)   --->   "%zext_ln37_6 = zext i7 %add_ln37_4" [./cluster.hpp:37->E:/Vitis_HLS/2023.1/tps/mingw/8.3.0/win64.o/nt\lib\gcc\x86_64-w64-mingw32\8.3.0\include\c++\array:94->E:/Vitis_HLS/2023.1/tps/mingw/8.3.0/win64.o/nt\lib\gcc\x86_64-w64-mingw32\8.3.0\include\c++\array:94->cluster.cpp:198]   --->   Operation 54 'zext' 'zext_ln37_6' <Predicate = true> <Delay = 0.00>
ST_3 : Operation 55 [1/1] (0.00ns)   --->   "%clusterArray_x_addr_5 = getelementptr i32 %clusterArray_x, i64 0, i64 %zext_ln37_6" [./cluster.hpp:37->E:/Vitis_HLS/2023.1/tps/mingw/8.3.0/win64.o/nt\lib\gcc\x86_64-w64-mingw32\8.3.0\include\c++\array:94->E:/Vitis_HLS/2023.1/tps/mingw/8.3.0/win64.o/nt\lib\gcc\x86_64-w64-mingw32\8.3.0\include\c++\array:94->cluster.cpp:198]   --->   Operation 55 'getelementptr' 'clusterArray_x_addr_5' <Predicate = true> <Delay = 0.00>
ST_3 : Operation 56 [1/1] (0.00ns)   --->   "%clusterArray_y_addr_4 = getelementptr i32 %clusterArray_y, i64 0, i64 %zext_ln37_5" [./cluster.hpp:37->E:/Vitis_HLS/2023.1/tps/mingw/8.3.0/win64.o/nt\lib\gcc\x86_64-w64-mingw32\8.3.0\include\c++\array:94->E:/Vitis_HLS/2023.1/tps/mingw/8.3.0/win64.o/nt\lib\gcc\x86_64-w64-mingw32\8.3.0\include\c++\array:94->cluster.cpp:198]   --->   Operation 56 'getelementptr' 'clusterArray_y_addr_4' <Predicate = true> <Delay = 0.00>
ST_3 : Operation 57 [1/1] (0.00ns)   --->   "%clusterArray_y_addr_5 = getelementptr i32 %clusterArray_y, i64 0, i64 %zext_ln37_6" [./cluster.hpp:37->E:/Vitis_HLS/2023.1/tps/mingw/8.3.0/win64.o/nt\lib\gcc\x86_64-w64-mingw32\8.3.0\include\c++\array:94->E:/Vitis_HLS/2023.1/tps/mingw/8.3.0/win64.o/nt\lib\gcc\x86_64-w64-mingw32\8.3.0\include\c++\array:94->cluster.cpp:198]   --->   Operation 57 'getelementptr' 'clusterArray_y_addr_5' <Predicate = true> <Delay = 0.00>
ST_3 : Operation 58 [1/1] (0.00ns)   --->   "%clusterArray_clusterID_addr_4 = getelementptr i32 %clusterArray_clusterID, i64 0, i64 %zext_ln37_5" [./cluster.hpp:37->E:/Vitis_HLS/2023.1/tps/mingw/8.3.0/win64.o/nt\lib\gcc\x86_64-w64-mingw32\8.3.0\include\c++\array:94->E:/Vitis_HLS/2023.1/tps/mingw/8.3.0/win64.o/nt\lib\gcc\x86_64-w64-mingw32\8.3.0\include\c++\array:94->cluster.cpp:198]   --->   Operation 58 'getelementptr' 'clusterArray_clusterID_addr_4' <Predicate = true> <Delay = 0.00>
ST_3 : Operation 59 [1/1] (0.00ns)   --->   "%clusterArray_clusterID_addr_5 = getelementptr i32 %clusterArray_clusterID, i64 0, i64 %zext_ln37_6" [./cluster.hpp:37->E:/Vitis_HLS/2023.1/tps/mingw/8.3.0/win64.o/nt\lib\gcc\x86_64-w64-mingw32\8.3.0\include\c++\array:94->E:/Vitis_HLS/2023.1/tps/mingw/8.3.0/win64.o/nt\lib\gcc\x86_64-w64-mingw32\8.3.0\include\c++\array:94->cluster.cpp:198]   --->   Operation 59 'getelementptr' 'clusterArray_clusterID_addr_5' <Predicate = true> <Delay = 0.00>
ST_3 : Operation 60 [1/1] (1.29ns)   --->   "%store_ln37 = store i32 0, i7 %clusterArray_x_addr_4" [./cluster.hpp:37->E:/Vitis_HLS/2023.1/tps/mingw/8.3.0/win64.o/nt\lib\gcc\x86_64-w64-mingw32\8.3.0\include\c++\array:94->E:/Vitis_HLS/2023.1/tps/mingw/8.3.0/win64.o/nt\lib\gcc\x86_64-w64-mingw32\8.3.0\include\c++\array:94->cluster.cpp:198]   --->   Operation 60 'store' 'store_ln37' <Predicate = true> <Delay = 1.29> <CoreInst = "RAM">   --->   Core 83 'RAM' <Latency = 1> <II = 1> <Delay = 1.29> <Storage> <Opcode : 'load' 'store'> <Ports = 2> <Width = 32> <Depth = 100> <RAM>
ST_3 : Operation 61 [1/1] (1.29ns)   --->   "%store_ln37 = store i32 0, i7 %clusterArray_y_addr_4" [./cluster.hpp:37->E:/Vitis_HLS/2023.1/tps/mingw/8.3.0/win64.o/nt\lib\gcc\x86_64-w64-mingw32\8.3.0\include\c++\array:94->E:/Vitis_HLS/2023.1/tps/mingw/8.3.0/win64.o/nt\lib\gcc\x86_64-w64-mingw32\8.3.0\include\c++\array:94->cluster.cpp:198]   --->   Operation 61 'store' 'store_ln37' <Predicate = true> <Delay = 1.29> <CoreInst = "RAM">   --->   Core 83 'RAM' <Latency = 1> <II = 1> <Delay = 1.29> <Storage> <Opcode : 'load' 'store'> <Ports = 2> <Width = 32> <Depth = 100> <RAM>
ST_3 : Operation 62 [1/1] (1.29ns)   --->   "%store_ln37 = store i32 0, i7 %clusterArray_clusterID_addr_4" [./cluster.hpp:37->E:/Vitis_HLS/2023.1/tps/mingw/8.3.0/win64.o/nt\lib\gcc\x86_64-w64-mingw32\8.3.0\include\c++\array:94->E:/Vitis_HLS/2023.1/tps/mingw/8.3.0/win64.o/nt\lib\gcc\x86_64-w64-mingw32\8.3.0\include\c++\array:94->cluster.cpp:198]   --->   Operation 62 'store' 'store_ln37' <Predicate = true> <Delay = 1.29> <CoreInst = "RAM">   --->   Core 83 'RAM' <Latency = 1> <II = 1> <Delay = 1.29> <Storage> <Opcode : 'load' 'store'> <Ports = 2> <Width = 32> <Depth = 100> <RAM>
ST_3 : Operation 63 [1/1] (1.29ns)   --->   "%store_ln37 = store i32 0, i7 %clusterArray_x_addr_5" [./cluster.hpp:37->E:/Vitis_HLS/2023.1/tps/mingw/8.3.0/win64.o/nt\lib\gcc\x86_64-w64-mingw32\8.3.0\include\c++\array:94->E:/Vitis_HLS/2023.1/tps/mingw/8.3.0/win64.o/nt\lib\gcc\x86_64-w64-mingw32\8.3.0\include\c++\array:94->cluster.cpp:198]   --->   Operation 63 'store' 'store_ln37' <Predicate = true> <Delay = 1.29> <CoreInst = "RAM">   --->   Core 83 'RAM' <Latency = 1> <II = 1> <Delay = 1.29> <Storage> <Opcode : 'load' 'store'> <Ports = 2> <Width = 32> <Depth = 100> <RAM>
ST_3 : Operation 64 [1/1] (1.29ns)   --->   "%store_ln37 = store i32 0, i7 %clusterArray_y_addr_5" [./cluster.hpp:37->E:/Vitis_HLS/2023.1/tps/mingw/8.3.0/win64.o/nt\lib\gcc\x86_64-w64-mingw32\8.3.0\include\c++\array:94->E:/Vitis_HLS/2023.1/tps/mingw/8.3.0/win64.o/nt\lib\gcc\x86_64-w64-mingw32\8.3.0\include\c++\array:94->cluster.cpp:198]   --->   Operation 64 'store' 'store_ln37' <Predicate = true> <Delay = 1.29> <CoreInst = "RAM">   --->   Core 83 'RAM' <Latency = 1> <II = 1> <Delay = 1.29> <Storage> <Opcode : 'load' 'store'> <Ports = 2> <Width = 32> <Depth = 100> <RAM>
ST_3 : Operation 65 [1/1] (1.29ns)   --->   "%store_ln37 = store i32 0, i7 %clusterArray_clusterID_addr_5" [./cluster.hpp:37->E:/Vitis_HLS/2023.1/tps/mingw/8.3.0/win64.o/nt\lib\gcc\x86_64-w64-mingw32\8.3.0\include\c++\array:94->E:/Vitis_HLS/2023.1/tps/mingw/8.3.0/win64.o/nt\lib\gcc\x86_64-w64-mingw32\8.3.0\include\c++\array:94->cluster.cpp:198]   --->   Operation 65 'store' 'store_ln37' <Predicate = true> <Delay = 1.29> <CoreInst = "RAM">   --->   Core 83 'RAM' <Latency = 1> <II = 1> <Delay = 1.29> <Storage> <Opcode : 'load' 'store'> <Ports = 2> <Width = 32> <Depth = 100> <RAM>

State 4 <SV = 3> <Delay = 2.15>
ST_4 : Operation 66 [1/1] (0.85ns)   --->   "%add_ln37_5 = add i7 %add_ln37, i7 6" [./cluster.hpp:37->E:/Vitis_HLS/2023.1/tps/mingw/8.3.0/win64.o/nt\lib\gcc\x86_64-w64-mingw32\8.3.0\include\c++\array:94->E:/Vitis_HLS/2023.1/tps/mingw/8.3.0/win64.o/nt\lib\gcc\x86_64-w64-mingw32\8.3.0\include\c++\array:94->cluster.cpp:198]   --->   Operation 66 'add' 'add_ln37_5' <Predicate = true> <Delay = 0.85> <CoreInst = "Adder">   --->   Core 1 'Adder' <Latency = 0> <II = 1> <Delay = 0.85> <FuncUnit> <Opcode : 'add' 'sub'> <InPorts = 2> <OutPorts = 1>
ST_4 : Operation 67 [1/1] (0.00ns)   --->   "%zext_ln37_7 = zext i7 %add_ln37_5" [./cluster.hpp:37->E:/Vitis_HLS/2023.1/tps/mingw/8.3.0/win64.o/nt\lib\gcc\x86_64-w64-mingw32\8.3.0\include\c++\array:94->E:/Vitis_HLS/2023.1/tps/mingw/8.3.0/win64.o/nt\lib\gcc\x86_64-w64-mingw32\8.3.0\include\c++\array:94->cluster.cpp:198]   --->   Operation 67 'zext' 'zext_ln37_7' <Predicate = true> <Delay = 0.00>
ST_4 : Operation 68 [1/1] (0.00ns)   --->   "%clusterArray_x_addr_6 = getelementptr i32 %clusterArray_x, i64 0, i64 %zext_ln37_7" [./cluster.hpp:37->E:/Vitis_HLS/2023.1/tps/mingw/8.3.0/win64.o/nt\lib\gcc\x86_64-w64-mingw32\8.3.0\include\c++\array:94->E:/Vitis_HLS/2023.1/tps/mingw/8.3.0/win64.o/nt\lib\gcc\x86_64-w64-mingw32\8.3.0\include\c++\array:94->cluster.cpp:198]   --->   Operation 68 'getelementptr' 'clusterArray_x_addr_6' <Predicate = true> <Delay = 0.00>
ST_4 : Operation 69 [1/1] (0.85ns)   --->   "%add_ln37_6 = add i7 %add_ln37, i7 7" [./cluster.hpp:37->E:/Vitis_HLS/2023.1/tps/mingw/8.3.0/win64.o/nt\lib\gcc\x86_64-w64-mingw32\8.3.0\include\c++\array:94->E:/Vitis_HLS/2023.1/tps/mingw/8.3.0/win64.o/nt\lib\gcc\x86_64-w64-mingw32\8.3.0\include\c++\array:94->cluster.cpp:198]   --->   Operation 69 'add' 'add_ln37_6' <Predicate = true> <Delay = 0.85> <CoreInst = "Adder">   --->   Core 1 'Adder' <Latency = 0> <II = 1> <Delay = 0.85> <FuncUnit> <Opcode : 'add' 'sub'> <InPorts = 2> <OutPorts = 1>
ST_4 : Operation 70 [1/1] (0.00ns)   --->   "%zext_ln37_8 = zext i7 %add_ln37_6" [./cluster.hpp:37->E:/Vitis_HLS/2023.1/tps/mingw/8.3.0/win64.o/nt\lib\gcc\x86_64-w64-mingw32\8.3.0\include\c++\array:94->E:/Vitis_HLS/2023.1/tps/mingw/8.3.0/win64.o/nt\lib\gcc\x86_64-w64-mingw32\8.3.0\include\c++\array:94->cluster.cpp:198]   --->   Operation 70 'zext' 'zext_ln37_8' <Predicate = true> <Delay = 0.00>
ST_4 : Operation 71 [1/1] (0.00ns)   --->   "%clusterArray_x_addr_7 = getelementptr i32 %clusterArray_x, i64 0, i64 %zext_ln37_8" [./cluster.hpp:37->E:/Vitis_HLS/2023.1/tps/mingw/8.3.0/win64.o/nt\lib\gcc\x86_64-w64-mingw32\8.3.0\include\c++\array:94->E:/Vitis_HLS/2023.1/tps/mingw/8.3.0/win64.o/nt\lib\gcc\x86_64-w64-mingw32\8.3.0\include\c++\array:94->cluster.cpp:198]   --->   Operation 71 'getelementptr' 'clusterArray_x_addr_7' <Predicate = true> <Delay = 0.00>
ST_4 : Operation 72 [1/1] (0.00ns)   --->   "%clusterArray_y_addr_6 = getelementptr i32 %clusterArray_y, i64 0, i64 %zext_ln37_7" [./cluster.hpp:37->E:/Vitis_HLS/2023.1/tps/mingw/8.3.0/win64.o/nt\lib\gcc\x86_64-w64-mingw32\8.3.0\include\c++\array:94->E:/Vitis_HLS/2023.1/tps/mingw/8.3.0/win64.o/nt\lib\gcc\x86_64-w64-mingw32\8.3.0\include\c++\array:94->cluster.cpp:198]   --->   Operation 72 'getelementptr' 'clusterArray_y_addr_6' <Predicate = true> <Delay = 0.00>
ST_4 : Operation 73 [1/1] (0.00ns)   --->   "%clusterArray_y_addr_7 = getelementptr i32 %clusterArray_y, i64 0, i64 %zext_ln37_8" [./cluster.hpp:37->E:/Vitis_HLS/2023.1/tps/mingw/8.3.0/win64.o/nt\lib\gcc\x86_64-w64-mingw32\8.3.0\include\c++\array:94->E:/Vitis_HLS/2023.1/tps/mingw/8.3.0/win64.o/nt\lib\gcc\x86_64-w64-mingw32\8.3.0\include\c++\array:94->cluster.cpp:198]   --->   Operation 73 'getelementptr' 'clusterArray_y_addr_7' <Predicate = true> <Delay = 0.00>
ST_4 : Operation 74 [1/1] (0.00ns)   --->   "%clusterArray_clusterID_addr_6 = getelementptr i32 %clusterArray_clusterID, i64 0, i64 %zext_ln37_7" [./cluster.hpp:37->E:/Vitis_HLS/2023.1/tps/mingw/8.3.0/win64.o/nt\lib\gcc\x86_64-w64-mingw32\8.3.0\include\c++\array:94->E:/Vitis_HLS/2023.1/tps/mingw/8.3.0/win64.o/nt\lib\gcc\x86_64-w64-mingw32\8.3.0\include\c++\array:94->cluster.cpp:198]   --->   Operation 74 'getelementptr' 'clusterArray_clusterID_addr_6' <Predicate = true> <Delay = 0.00>
ST_4 : Operation 75 [1/1] (0.00ns)   --->   "%clusterArray_clusterID_addr_7 = getelementptr i32 %clusterArray_clusterID, i64 0, i64 %zext_ln37_8" [./cluster.hpp:37->E:/Vitis_HLS/2023.1/tps/mingw/8.3.0/win64.o/nt\lib\gcc\x86_64-w64-mingw32\8.3.0\include\c++\array:94->E:/Vitis_HLS/2023.1/tps/mingw/8.3.0/win64.o/nt\lib\gcc\x86_64-w64-mingw32\8.3.0\include\c++\array:94->cluster.cpp:198]   --->   Operation 75 'getelementptr' 'clusterArray_clusterID_addr_7' <Predicate = true> <Delay = 0.00>
ST_4 : Operation 76 [1/1] (1.29ns)   --->   "%store_ln37 = store i32 0, i7 %clusterArray_x_addr_6" [./cluster.hpp:37->E:/Vitis_HLS/2023.1/tps/mingw/8.3.0/win64.o/nt\lib\gcc\x86_64-w64-mingw32\8.3.0\include\c++\array:94->E:/Vitis_HLS/2023.1/tps/mingw/8.3.0/win64.o/nt\lib\gcc\x86_64-w64-mingw32\8.3.0\include\c++\array:94->cluster.cpp:198]   --->   Operation 76 'store' 'store_ln37' <Predicate = true> <Delay = 1.29> <CoreInst = "RAM">   --->   Core 83 'RAM' <Latency = 1> <II = 1> <Delay = 1.29> <Storage> <Opcode : 'load' 'store'> <Ports = 2> <Width = 32> <Depth = 100> <RAM>
ST_4 : Operation 77 [1/1] (1.29ns)   --->   "%store_ln37 = store i32 0, i7 %clusterArray_y_addr_6" [./cluster.hpp:37->E:/Vitis_HLS/2023.1/tps/mingw/8.3.0/win64.o/nt\lib\gcc\x86_64-w64-mingw32\8.3.0\include\c++\array:94->E:/Vitis_HLS/2023.1/tps/mingw/8.3.0/win64.o/nt\lib\gcc\x86_64-w64-mingw32\8.3.0\include\c++\array:94->cluster.cpp:198]   --->   Operation 77 'store' 'store_ln37' <Predicate = true> <Delay = 1.29> <CoreInst = "RAM">   --->   Core 83 'RAM' <Latency = 1> <II = 1> <Delay = 1.29> <Storage> <Opcode : 'load' 'store'> <Ports = 2> <Width = 32> <Depth = 100> <RAM>
ST_4 : Operation 78 [1/1] (1.29ns)   --->   "%store_ln37 = store i32 0, i7 %clusterArray_clusterID_addr_6" [./cluster.hpp:37->E:/Vitis_HLS/2023.1/tps/mingw/8.3.0/win64.o/nt\lib\gcc\x86_64-w64-mingw32\8.3.0\include\c++\array:94->E:/Vitis_HLS/2023.1/tps/mingw/8.3.0/win64.o/nt\lib\gcc\x86_64-w64-mingw32\8.3.0\include\c++\array:94->cluster.cpp:198]   --->   Operation 78 'store' 'store_ln37' <Predicate = true> <Delay = 1.29> <CoreInst = "RAM">   --->   Core 83 'RAM' <Latency = 1> <II = 1> <Delay = 1.29> <Storage> <Opcode : 'load' 'store'> <Ports = 2> <Width = 32> <Depth = 100> <RAM>
ST_4 : Operation 79 [1/1] (1.29ns)   --->   "%store_ln37 = store i32 0, i7 %clusterArray_x_addr_7" [./cluster.hpp:37->E:/Vitis_HLS/2023.1/tps/mingw/8.3.0/win64.o/nt\lib\gcc\x86_64-w64-mingw32\8.3.0\include\c++\array:94->E:/Vitis_HLS/2023.1/tps/mingw/8.3.0/win64.o/nt\lib\gcc\x86_64-w64-mingw32\8.3.0\include\c++\array:94->cluster.cpp:198]   --->   Operation 79 'store' 'store_ln37' <Predicate = true> <Delay = 1.29> <CoreInst = "RAM">   --->   Core 83 'RAM' <Latency = 1> <II = 1> <Delay = 1.29> <Storage> <Opcode : 'load' 'store'> <Ports = 2> <Width = 32> <Depth = 100> <RAM>
ST_4 : Operation 80 [1/1] (1.29ns)   --->   "%store_ln37 = store i32 0, i7 %clusterArray_y_addr_7" [./cluster.hpp:37->E:/Vitis_HLS/2023.1/tps/mingw/8.3.0/win64.o/nt\lib\gcc\x86_64-w64-mingw32\8.3.0\include\c++\array:94->E:/Vitis_HLS/2023.1/tps/mingw/8.3.0/win64.o/nt\lib\gcc\x86_64-w64-mingw32\8.3.0\include\c++\array:94->cluster.cpp:198]   --->   Operation 80 'store' 'store_ln37' <Predicate = true> <Delay = 1.29> <CoreInst = "RAM">   --->   Core 83 'RAM' <Latency = 1> <II = 1> <Delay = 1.29> <Storage> <Opcode : 'load' 'store'> <Ports = 2> <Width = 32> <Depth = 100> <RAM>
ST_4 : Operation 81 [1/1] (1.29ns)   --->   "%store_ln37 = store i32 0, i7 %clusterArray_clusterID_addr_7" [./cluster.hpp:37->E:/Vitis_HLS/2023.1/tps/mingw/8.3.0/win64.o/nt\lib\gcc\x86_64-w64-mingw32\8.3.0\include\c++\array:94->E:/Vitis_HLS/2023.1/tps/mingw/8.3.0/win64.o/nt\lib\gcc\x86_64-w64-mingw32\8.3.0\include\c++\array:94->cluster.cpp:198]   --->   Operation 81 'store' 'store_ln37' <Predicate = true> <Delay = 1.29> <CoreInst = "RAM">   --->   Core 83 'RAM' <Latency = 1> <II = 1> <Delay = 1.29> <Storage> <Opcode : 'load' 'store'> <Ports = 2> <Width = 32> <Depth = 100> <RAM>

State 5 <SV = 4> <Delay = 2.15>
ST_5 : Operation 82 [1/1] (0.85ns)   --->   "%add_ln37_7 = add i7 %add_ln37, i7 8" [./cluster.hpp:37->E:/Vitis_HLS/2023.1/tps/mingw/8.3.0/win64.o/nt\lib\gcc\x86_64-w64-mingw32\8.3.0\include\c++\array:94->E:/Vitis_HLS/2023.1/tps/mingw/8.3.0/win64.o/nt\lib\gcc\x86_64-w64-mingw32\8.3.0\include\c++\array:94->cluster.cpp:198]   --->   Operation 82 'add' 'add_ln37_7' <Predicate = true> <Delay = 0.85> <CoreInst = "Adder">   --->   Core 1 'Adder' <Latency = 0> <II = 1> <Delay = 0.85> <FuncUnit> <Opcode : 'add' 'sub'> <InPorts = 2> <OutPorts = 1>
ST_5 : Operation 83 [1/1] (0.00ns)   --->   "%zext_ln37_9 = zext i7 %add_ln37_7" [./cluster.hpp:37->E:/Vitis_HLS/2023.1/tps/mingw/8.3.0/win64.o/nt\lib\gcc\x86_64-w64-mingw32\8.3.0\include\c++\array:94->E:/Vitis_HLS/2023.1/tps/mingw/8.3.0/win64.o/nt\lib\gcc\x86_64-w64-mingw32\8.3.0\include\c++\array:94->cluster.cpp:198]   --->   Operation 83 'zext' 'zext_ln37_9' <Predicate = true> <Delay = 0.00>
ST_5 : Operation 84 [1/1] (0.00ns)   --->   "%clusterArray_x_addr_8 = getelementptr i32 %clusterArray_x, i64 0, i64 %zext_ln37_9" [./cluster.hpp:37->E:/Vitis_HLS/2023.1/tps/mingw/8.3.0/win64.o/nt\lib\gcc\x86_64-w64-mingw32\8.3.0\include\c++\array:94->E:/Vitis_HLS/2023.1/tps/mingw/8.3.0/win64.o/nt\lib\gcc\x86_64-w64-mingw32\8.3.0\include\c++\array:94->cluster.cpp:198]   --->   Operation 84 'getelementptr' 'clusterArray_x_addr_8' <Predicate = true> <Delay = 0.00>
ST_5 : Operation 85 [1/1] (0.85ns)   --->   "%add_ln37_8 = add i7 %add_ln37, i7 9" [./cluster.hpp:37->E:/Vitis_HLS/2023.1/tps/mingw/8.3.0/win64.o/nt\lib\gcc\x86_64-w64-mingw32\8.3.0\include\c++\array:94->E:/Vitis_HLS/2023.1/tps/mingw/8.3.0/win64.o/nt\lib\gcc\x86_64-w64-mingw32\8.3.0\include\c++\array:94->cluster.cpp:198]   --->   Operation 85 'add' 'add_ln37_8' <Predicate = true> <Delay = 0.85> <CoreInst = "Adder">   --->   Core 1 'Adder' <Latency = 0> <II = 1> <Delay = 0.85> <FuncUnit> <Opcode : 'add' 'sub'> <InPorts = 2> <OutPorts = 1>
ST_5 : Operation 86 [1/1] (0.00ns)   --->   "%zext_ln37_10 = zext i7 %add_ln37_8" [./cluster.hpp:37->E:/Vitis_HLS/2023.1/tps/mingw/8.3.0/win64.o/nt\lib\gcc\x86_64-w64-mingw32\8.3.0\include\c++\array:94->E:/Vitis_HLS/2023.1/tps/mingw/8.3.0/win64.o/nt\lib\gcc\x86_64-w64-mingw32\8.3.0\include\c++\array:94->cluster.cpp:198]   --->   Operation 86 'zext' 'zext_ln37_10' <Predicate = true> <Delay = 0.00>
ST_5 : Operation 87 [1/1] (0.00ns)   --->   "%clusterArray_x_addr_9 = getelementptr i32 %clusterArray_x, i64 0, i64 %zext_ln37_10" [./cluster.hpp:37->E:/Vitis_HLS/2023.1/tps/mingw/8.3.0/win64.o/nt\lib\gcc\x86_64-w64-mingw32\8.3.0\include\c++\array:94->E:/Vitis_HLS/2023.1/tps/mingw/8.3.0/win64.o/nt\lib\gcc\x86_64-w64-mingw32\8.3.0\include\c++\array:94->cluster.cpp:198]   --->   Operation 87 'getelementptr' 'clusterArray_x_addr_9' <Predicate = true> <Delay = 0.00>
ST_5 : Operation 88 [1/1] (0.00ns)   --->   "%clusterArray_y_addr_8 = getelementptr i32 %clusterArray_y, i64 0, i64 %zext_ln37_9" [./cluster.hpp:37->E:/Vitis_HLS/2023.1/tps/mingw/8.3.0/win64.o/nt\lib\gcc\x86_64-w64-mingw32\8.3.0\include\c++\array:94->E:/Vitis_HLS/2023.1/tps/mingw/8.3.0/win64.o/nt\lib\gcc\x86_64-w64-mingw32\8.3.0\include\c++\array:94->cluster.cpp:198]   --->   Operation 88 'getelementptr' 'clusterArray_y_addr_8' <Predicate = true> <Delay = 0.00>
ST_5 : Operation 89 [1/1] (0.00ns)   --->   "%clusterArray_y_addr_9 = getelementptr i32 %clusterArray_y, i64 0, i64 %zext_ln37_10" [./cluster.hpp:37->E:/Vitis_HLS/2023.1/tps/mingw/8.3.0/win64.o/nt\lib\gcc\x86_64-w64-mingw32\8.3.0\include\c++\array:94->E:/Vitis_HLS/2023.1/tps/mingw/8.3.0/win64.o/nt\lib\gcc\x86_64-w64-mingw32\8.3.0\include\c++\array:94->cluster.cpp:198]   --->   Operation 89 'getelementptr' 'clusterArray_y_addr_9' <Predicate = true> <Delay = 0.00>
ST_5 : Operation 90 [1/1] (0.00ns)   --->   "%clusterArray_clusterID_addr_8 = getelementptr i32 %clusterArray_clusterID, i64 0, i64 %zext_ln37_9" [./cluster.hpp:37->E:/Vitis_HLS/2023.1/tps/mingw/8.3.0/win64.o/nt\lib\gcc\x86_64-w64-mingw32\8.3.0\include\c++\array:94->E:/Vitis_HLS/2023.1/tps/mingw/8.3.0/win64.o/nt\lib\gcc\x86_64-w64-mingw32\8.3.0\include\c++\array:94->cluster.cpp:198]   --->   Operation 90 'getelementptr' 'clusterArray_clusterID_addr_8' <Predicate = true> <Delay = 0.00>
ST_5 : Operation 91 [1/1] (0.00ns)   --->   "%clusterArray_clusterID_addr_9 = getelementptr i32 %clusterArray_clusterID, i64 0, i64 %zext_ln37_10" [./cluster.hpp:37->E:/Vitis_HLS/2023.1/tps/mingw/8.3.0/win64.o/nt\lib\gcc\x86_64-w64-mingw32\8.3.0\include\c++\array:94->E:/Vitis_HLS/2023.1/tps/mingw/8.3.0/win64.o/nt\lib\gcc\x86_64-w64-mingw32\8.3.0\include\c++\array:94->cluster.cpp:198]   --->   Operation 91 'getelementptr' 'clusterArray_clusterID_addr_9' <Predicate = true> <Delay = 0.00>
ST_5 : Operation 92 [1/1] (0.00ns)   --->   "%specpipeline_ln0 = specpipeline void @_ssdm_op_SpecPipeline, i32 4294967295, i32 0, i32 1, i32 0, void @p_str"   --->   Operation 92 'specpipeline' 'specpipeline_ln0' <Predicate = true> <Delay = 0.00>
ST_5 : Operation 93 [1/1] (0.00ns)   --->   "%speclooptripcount_ln94 = speclooptripcount void @_ssdm_op_SpecLoopTripCount, i64 10, i64 10, i64 10" [E:/Vitis_HLS/2023.1/tps/mingw/8.3.0/win64.o/nt\lib\gcc\x86_64-w64-mingw32\8.3.0\include\c++\array:94->E:/Vitis_HLS/2023.1/tps/mingw/8.3.0/win64.o/nt\lib\gcc\x86_64-w64-mingw32\8.3.0\include\c++\array:94->cluster.cpp:198]   --->   Operation 93 'speclooptripcount' 'speclooptripcount_ln94' <Predicate = true> <Delay = 0.00>
ST_5 : Operation 94 [1/1] (1.29ns)   --->   "%store_ln37 = store i32 0, i7 %clusterArray_x_addr_8" [./cluster.hpp:37->E:/Vitis_HLS/2023.1/tps/mingw/8.3.0/win64.o/nt\lib\gcc\x86_64-w64-mingw32\8.3.0\include\c++\array:94->E:/Vitis_HLS/2023.1/tps/mingw/8.3.0/win64.o/nt\lib\gcc\x86_64-w64-mingw32\8.3.0\include\c++\array:94->cluster.cpp:198]   --->   Operation 94 'store' 'store_ln37' <Predicate = true> <Delay = 1.29> <CoreInst = "RAM">   --->   Core 83 'RAM' <Latency = 1> <II = 1> <Delay = 1.29> <Storage> <Opcode : 'load' 'store'> <Ports = 2> <Width = 32> <Depth = 100> <RAM>
ST_5 : Operation 95 [1/1] (1.29ns)   --->   "%store_ln37 = store i32 0, i7 %clusterArray_y_addr_8" [./cluster.hpp:37->E:/Vitis_HLS/2023.1/tps/mingw/8.3.0/win64.o/nt\lib\gcc\x86_64-w64-mingw32\8.3.0\include\c++\array:94->E:/Vitis_HLS/2023.1/tps/mingw/8.3.0/win64.o/nt\lib\gcc\x86_64-w64-mingw32\8.3.0\include\c++\array:94->cluster.cpp:198]   --->   Operation 95 'store' 'store_ln37' <Predicate = true> <Delay = 1.29> <CoreInst = "RAM">   --->   Core 83 'RAM' <Latency = 1> <II = 1> <Delay = 1.29> <Storage> <Opcode : 'load' 'store'> <Ports = 2> <Width = 32> <Depth = 100> <RAM>
ST_5 : Operation 96 [1/1] (1.29ns)   --->   "%store_ln37 = store i32 0, i7 %clusterArray_clusterID_addr_8" [./cluster.hpp:37->E:/Vitis_HLS/2023.1/tps/mingw/8.3.0/win64.o/nt\lib\gcc\x86_64-w64-mingw32\8.3.0\include\c++\array:94->E:/Vitis_HLS/2023.1/tps/mingw/8.3.0/win64.o/nt\lib\gcc\x86_64-w64-mingw32\8.3.0\include\c++\array:94->cluster.cpp:198]   --->   Operation 96 'store' 'store_ln37' <Predicate = true> <Delay = 1.29> <CoreInst = "RAM">   --->   Core 83 'RAM' <Latency = 1> <II = 1> <Delay = 1.29> <Storage> <Opcode : 'load' 'store'> <Ports = 2> <Width = 32> <Depth = 100> <RAM>
ST_5 : Operation 97 [1/1] (1.29ns)   --->   "%store_ln37 = store i32 0, i7 %clusterArray_x_addr_9" [./cluster.hpp:37->E:/Vitis_HLS/2023.1/tps/mingw/8.3.0/win64.o/nt\lib\gcc\x86_64-w64-mingw32\8.3.0\include\c++\array:94->E:/Vitis_HLS/2023.1/tps/mingw/8.3.0/win64.o/nt\lib\gcc\x86_64-w64-mingw32\8.3.0\include\c++\array:94->cluster.cpp:198]   --->   Operation 97 'store' 'store_ln37' <Predicate = true> <Delay = 1.29> <CoreInst = "RAM">   --->   Core 83 'RAM' <Latency = 1> <II = 1> <Delay = 1.29> <Storage> <Opcode : 'load' 'store'> <Ports = 2> <Width = 32> <Depth = 100> <RAM>
ST_5 : Operation 98 [1/1] (1.29ns)   --->   "%store_ln37 = store i32 0, i7 %clusterArray_y_addr_9" [./cluster.hpp:37->E:/Vitis_HLS/2023.1/tps/mingw/8.3.0/win64.o/nt\lib\gcc\x86_64-w64-mingw32\8.3.0\include\c++\array:94->E:/Vitis_HLS/2023.1/tps/mingw/8.3.0/win64.o/nt\lib\gcc\x86_64-w64-mingw32\8.3.0\include\c++\array:94->cluster.cpp:198]   --->   Operation 98 'store' 'store_ln37' <Predicate = true> <Delay = 1.29> <CoreInst = "RAM">   --->   Core 83 'RAM' <Latency = 1> <II = 1> <Delay = 1.29> <Storage> <Opcode : 'load' 'store'> <Ports = 2> <Width = 32> <Depth = 100> <RAM>
ST_5 : Operation 99 [1/1] (1.29ns)   --->   "%store_ln37 = store i32 0, i7 %clusterArray_clusterID_addr_9" [./cluster.hpp:37->E:/Vitis_HLS/2023.1/tps/mingw/8.3.0/win64.o/nt\lib\gcc\x86_64-w64-mingw32\8.3.0\include\c++\array:94->E:/Vitis_HLS/2023.1/tps/mingw/8.3.0/win64.o/nt\lib\gcc\x86_64-w64-mingw32\8.3.0\include\c++\array:94->cluster.cpp:198]   --->   Operation 99 'store' 'store_ln37' <Predicate = true> <Delay = 1.29> <CoreInst = "RAM">   --->   Core 83 'RAM' <Latency = 1> <II = 1> <Delay = 1.29> <Storage> <Opcode : 'load' 'store'> <Ports = 2> <Width = 32> <Depth = 100> <RAM>
ST_5 : Operation 100 [1/1] (0.00ns)   --->   "%br_ln94 = br i1 %icmp_ln94, void %arrayctor.loop.i, void %for.inc154.preheader.exitStub" [E:/Vitis_HLS/2023.1/tps/mingw/8.3.0/win64.o/nt\lib\gcc\x86_64-w64-mingw32\8.3.0\include\c++\array:94->cluster.cpp:198]   --->   Operation 100 'br' 'br_ln94' <Predicate = true> <Delay = 0.00>
ST_5 : Operation 101 [1/1] (0.00ns)   --->   "%ret_ln0 = ret"   --->   Operation 101 'ret' 'ret_ln0' <Predicate = (icmp_ln94)> <Delay = 0.00>


============================================================
+ Verbose Summary: Timing violations
============================================================
Target clock period: 10.000ns, clock uncertainty: 2.700ns.

 <State 1>: 2.152ns
The critical path consists of the following:
	'alloca' operation ('indvars_iv104') [4]  (0.000 ns)
	'load' operation ('indvars_iv104_load', E:/Vitis_HLS/2023.1/tps/mingw/8.3.0/win64.o/nt\lib\gcc\x86_64-w64-mingw32\8.3.0\include\c++\array:94->cluster.cpp:198) on local variable 'indvars_iv104' [8]  (0.000 ns)
	'add' operation ('add_ln37', ./cluster.hpp:37->E:/Vitis_HLS/2023.1/tps/mingw/8.3.0/win64.o/nt\lib\gcc\x86_64-w64-mingw32\8.3.0\include\c++\array:94->E:/Vitis_HLS/2023.1/tps/mingw/8.3.0/win64.o/nt\lib\gcc\x86_64-w64-mingw32\8.3.0\include\c++\array:94->cluster.cpp:198) [12]  (0.856 ns)
	'getelementptr' operation ('clusterArray_x_addr', ./cluster.hpp:37->E:/Vitis_HLS/2023.1/tps/mingw/8.3.0/win64.o/nt\lib\gcc\x86_64-w64-mingw32\8.3.0\include\c++\array:94->E:/Vitis_HLS/2023.1/tps/mingw/8.3.0/win64.o/nt\lib\gcc\x86_64-w64-mingw32\8.3.0\include\c++\array:94->cluster.cpp:198) [14]  (0.000 ns)
	'store' operation ('store_ln37', ./cluster.hpp:37->E:/Vitis_HLS/2023.1/tps/mingw/8.3.0/win64.o/nt\lib\gcc\x86_64-w64-mingw32\8.3.0\include\c++\array:94->E:/Vitis_HLS/2023.1/tps/mingw/8.3.0/win64.o/nt\lib\gcc\x86_64-w64-mingw32\8.3.0\include\c++\array:94->cluster.cpp:198) of constant 0 on array 'clusterArray_x' [64]  (1.297 ns)

 <State 2>: 2.152ns
The critical path consists of the following:
	'add' operation ('add_ln37_1', ./cluster.hpp:37->E:/Vitis_HLS/2023.1/tps/mingw/8.3.0/win64.o/nt\lib\gcc\x86_64-w64-mingw32\8.3.0\include\c++\array:94->E:/Vitis_HLS/2023.1/tps/mingw/8.3.0/win64.o/nt\lib\gcc\x86_64-w64-mingw32\8.3.0\include\c++\array:94->cluster.cpp:198) [18]  (0.856 ns)
	'getelementptr' operation ('clusterArray_x_addr_2', ./cluster.hpp:37->E:/Vitis_HLS/2023.1/tps/mingw/8.3.0/win64.o/nt\lib\gcc\x86_64-w64-mingw32\8.3.0\include\c++\array:94->E:/Vitis_HLS/2023.1/tps/mingw/8.3.0/win64.o/nt\lib\gcc\x86_64-w64-mingw32\8.3.0\include\c++\array:94->cluster.cpp:198) [20]  (0.000 ns)
	'store' operation ('store_ln37', ./cluster.hpp:37->E:/Vitis_HLS/2023.1/tps/mingw/8.3.0/win64.o/nt\lib\gcc\x86_64-w64-mingw32\8.3.0\include\c++\array:94->E:/Vitis_HLS/2023.1/tps/mingw/8.3.0/win64.o/nt\lib\gcc\x86_64-w64-mingw32\8.3.0\include\c++\array:94->cluster.cpp:198) of constant 0 on array 'clusterArray_x' [70]  (1.297 ns)

 <State 3>: 2.152ns
The critical path consists of the following:
	'add' operation ('add_ln37_3', ./cluster.hpp:37->E:/Vitis_HLS/2023.1/tps/mingw/8.3.0/win64.o/nt\lib\gcc\x86_64-w64-mingw32\8.3.0\include\c++\array:94->E:/Vitis_HLS/2023.1/tps/mingw/8.3.0/win64.o/nt\lib\gcc\x86_64-w64-mingw32\8.3.0\include\c++\array:94->cluster.cpp:198) [24]  (0.856 ns)
	'getelementptr' operation ('clusterArray_x_addr_4', ./cluster.hpp:37->E:/Vitis_HLS/2023.1/tps/mingw/8.3.0/win64.o/nt\lib\gcc\x86_64-w64-mingw32\8.3.0\include\c++\array:94->E:/Vitis_HLS/2023.1/tps/mingw/8.3.0/win64.o/nt\lib\gcc\x86_64-w64-mingw32\8.3.0\include\c++\array:94->cluster.cpp:198) [26]  (0.000 ns)
	'store' operation ('store_ln37', ./cluster.hpp:37->E:/Vitis_HLS/2023.1/tps/mingw/8.3.0/win64.o/nt\lib\gcc\x86_64-w64-mingw32\8.3.0\include\c++\array:94->E:/Vitis_HLS/2023.1/tps/mingw/8.3.0/win64.o/nt\lib\gcc\x86_64-w64-mingw32\8.3.0\include\c++\array:94->cluster.cpp:198) of constant 0 on array 'clusterArray_x' [76]  (1.297 ns)

 <State 4>: 2.152ns
The critical path consists of the following:
	'add' operation ('add_ln37_5', ./cluster.hpp:37->E:/Vitis_HLS/2023.1/tps/mingw/8.3.0/win64.o/nt\lib\gcc\x86_64-w64-mingw32\8.3.0\include\c++\array:94->E:/Vitis_HLS/2023.1/tps/mingw/8.3.0/win64.o/nt\lib\gcc\x86_64-w64-mingw32\8.3.0\include\c++\array:94->cluster.cpp:198) [30]  (0.856 ns)
	'getelementptr' operation ('clusterArray_x_addr_6', ./cluster.hpp:37->E:/Vitis_HLS/2023.1/tps/mingw/8.3.0/win64.o/nt\lib\gcc\x86_64-w64-mingw32\8.3.0\include\c++\array:94->E:/Vitis_HLS/2023.1/tps/mingw/8.3.0/win64.o/nt\lib\gcc\x86_64-w64-mingw32\8.3.0\include\c++\array:94->cluster.cpp:198) [32]  (0.000 ns)
	'store' operation ('store_ln37', ./cluster.hpp:37->E:/Vitis_HLS/2023.1/tps/mingw/8.3.0/win64.o/nt\lib\gcc\x86_64-w64-mingw32\8.3.0\include\c++\array:94->E:/Vitis_HLS/2023.1/tps/mingw/8.3.0/win64.o/nt\lib\gcc\x86_64-w64-mingw32\8.3.0\include\c++\array:94->cluster.cpp:198) of constant 0 on array 'clusterArray_x' [82]  (1.297 ns)

 <State 5>: 2.152ns
The critical path consists of the following:
	'add' operation ('add_ln37_7', ./cluster.hpp:37->E:/Vitis_HLS/2023.1/tps/mingw/8.3.0/win64.o/nt\lib\gcc\x86_64-w64-mingw32\8.3.0\include\c++\array:94->E:/Vitis_HLS/2023.1/tps/mingw/8.3.0/win64.o/nt\lib\gcc\x86_64-w64-mingw32\8.3.0\include\c++\array:94->cluster.cpp:198) [36]  (0.856 ns)
	'getelementptr' operation ('clusterArray_x_addr_8', ./cluster.hpp:37->E:/Vitis_HLS/2023.1/tps/mingw/8.3.0/win64.o/nt\lib\gcc\x86_64-w64-mingw32\8.3.0\include\c++\array:94->E:/Vitis_HLS/2023.1/tps/mingw/8.3.0/win64.o/nt\lib\gcc\x86_64-w64-mingw32\8.3.0\include\c++\array:94->cluster.cpp:198) [38]  (0.000 ns)
	'store' operation ('store_ln37', ./cluster.hpp:37->E:/Vitis_HLS/2023.1/tps/mingw/8.3.0/win64.o/nt\lib\gcc\x86_64-w64-mingw32\8.3.0\include\c++\array:94->E:/Vitis_HLS/2023.1/tps/mingw/8.3.0/win64.o/nt\lib\gcc\x86_64-w64-mingw32\8.3.0\include\c++\array:94->cluster.cpp:198) of constant 0 on array 'clusterArray_x' [88]  (1.297 ns)


============================================================
+ Verbose Summary: Binding
============================================================
N/A
* FSMD analyzer results:
  - Output states:
 - Input state : 
  - Chain level:
	State 1
	State 2
	State 3
	State 4
	State 5


============================================================
+ Verbose Summary: Datapath Resource usage 
============================================================
N/A
