

================================================================
== Vitis HLS Report for 'naive_findClustersHLS1_Pipeline_VITIS_LOOP_199_5_VITIS_LOOP_200_6'
================================================================
* Date:           Thu Apr 24 10:01:45 2025

* Version:        2023.1 (Build 3854077 on May  4 2023)
* Project:        clustering
* Solution:       solution1 (Vivado IP Flow Target)
* Product family: virtexuplus
* Target device:  xcvu11p-flga2577-1-e


================================================================
== Performance Estimates
================================================================
+ Timing: 
    * Summary: 
    +--------+----------+----------+------------+
    |  Clock |  Target  | Estimated| Uncertainty|
    +--------+----------+----------+------------+
    |ap_clk  |  10.00 ns|  3.179 ns|     2.70 ns|
    +--------+----------+----------+------------+

+ Latency: 
    * Summary: 
    +---------+---------+----------+----------+-----+-----+---------+
    |  Latency (cycles) |  Latency (absolute) |  Interval | Pipeline|
    |   min   |   max   |    min   |    max   | min | max |   Type  |
    +---------+---------+----------+----------+-----+-----+---------+
    |      102|      102|  1.020 us|  1.020 us|  102|  102|       no|
    +---------+---------+----------+----------+-----+-----+---------+

    + Detail: 
        * Instance: 
        N/A

        * Loop: 
        +-------------------------------------+---------+---------+----------+-----------+-----------+------+----------+
        |                                     |  Latency (cycles) | Iteration|  Initiation Interval  | Trip |          |
        |              Loop Name              |   min   |   max   |  Latency |  achieved |   target  | Count| Pipelined|
        +-------------------------------------+---------+---------+----------+-----------+-----------+------+----------+
        |- VITIS_LOOP_199_5_VITIS_LOOP_200_6  |      100|      100|         2|          1|          1|   100|       yes|
        +-------------------------------------+---------+---------+----------+-----------+-----------+------+----------+



================================================================
== Utilization Estimates
================================================================
* Summary: 
+---------------------+---------+------+---------+---------+-----+
|         Name        | BRAM_18K|  DSP |    FF   |   LUT   | URAM|
+---------------------+---------+------+---------+---------+-----+
|DSP                  |        -|     -|        -|        -|    -|
|Expression           |        -|     -|        0|      106|    -|
|FIFO                 |        -|     -|        -|        -|    -|
|Instance             |        -|     -|        -|        -|    -|
|Memory               |        -|     -|        -|        -|    -|
|Multiplexer          |        -|     -|        -|       72|    -|
|Register             |        -|     -|       25|        -|    -|
+---------------------+---------+------+---------+---------+-----+
|Total                |        0|     0|       25|      178|    0|
+---------------------+---------+------+---------+---------+-----+
|Available SLR        |     1344|  3072|   864000|   432000|  320|
+---------------------+---------+------+---------+---------+-----+
|Utilization SLR (%)  |        0|     0|       ~0|       ~0|    0|
+---------------------+---------+------+---------+---------+-----+
|Available            |     4032|  9216|  2592000|  1296000|  960|
+---------------------+---------+------+---------+---------+-----+
|Utilization (%)      |        0|     0|       ~0|       ~0|    0|
+---------------------+---------+------+---------+---------+-----+

+ Detail: 
    * Instance: 
    N/A

    * DSP: 
    N/A

    * Memory: 
    N/A

    * FIFO: 
    N/A

    * Expression: 
    +--------------------------+----------+----+---+----+------------+------------+
    |       Variable Name      | Operation| DSP| FF| LUT| Bitwidth P0| Bitwidth P1|
    +--------------------------+----------+----+---+----+------------+------------+
    |add_ln199_1_fu_171_p2     |         +|   0|  0|  14|           7|           1|
    |add_ln199_fu_183_p2       |         +|   0|  0|  12|           4|           1|
    |add_ln200_fu_254_p2       |         +|   0|  0|  12|           4|           1|
    |add_ln201_1_fu_241_p2     |         +|   0|  0|  16|           7|           7|
    |add_ln201_fu_231_p2       |         +|   0|  0|  16|           7|           7|
    |icmp_ln199_fu_165_p2      |      icmp|   0|  0|  14|           7|           6|
    |icmp_ln200_fu_189_p2      |      icmp|   0|  0|  12|           4|           4|
    |select_ln199_1_fu_203_p3  |    select|   0|  0|   4|           1|           4|
    |select_ln199_fu_195_p3    |    select|   0|  0|   4|           1|           1|
    |ap_enable_pp0             |       xor|   0|  0|   2|           1|           2|
    +--------------------------+----------+----+---+----+------------+------------+
    |Total                     |          |   0|  0| 106|          43|          34|
    +--------------------------+----------+----+---+----+------------+------------+

    * Multiplexer: 
    +---------------------------------------+----+-----------+-----+-----------+
    |                  Name                 | LUT| Input Size| Bits| Total Bits|
    +---------------------------------------+----+-----------+-----+-----------+
    |ap_done_int                            |   9|          2|    1|          2|
    |ap_enable_reg_pp0_iter1                |   9|          2|    1|          2|
    |ap_sig_allocacmp_i_load                |   9|          2|    4|          8|
    |ap_sig_allocacmp_indvar_flatten6_load  |   9|          2|    7|         14|
    |ap_sig_allocacmp_j_load                |   9|          2|    4|          8|
    |i_fu_58                                |   9|          2|    4|          8|
    |indvar_flatten6_fu_62                  |   9|          2|    7|         14|
    |j_fu_54                                |   9|          2|    4|          8|
    +---------------------------------------+----+-----------+-----+-----------+
    |Total                                  |  72|         16|   32|         64|
    +---------------------------------------+----+-----------+-----+-----------+

    * Register: 
    +-------------------------+---+----+-----+-----------+
    |           Name          | FF| LUT| Bits| Const Bits|
    +-------------------------+---+----+-----+-----------+
    |ap_CS_fsm                |  1|   0|    1|          0|
    |ap_done_reg              |  1|   0|    1|          0|
    |ap_enable_reg_pp0_iter1  |  1|   0|    1|          0|
    |i_fu_58                  |  4|   0|    4|          0|
    |indvar_flatten6_fu_62    |  7|   0|    7|          0|
    |j_fu_54                  |  4|   0|    4|          0|
    |zext_ln201_2_reg_299     |  7|   0|   64|         57|
    +-------------------------+---+----+-----+-----------+
    |Total                    | 25|   0|   82|         57|
    +-------------------------+---+----+-----+-----------+



================================================================
== Interface
================================================================
* Summary: 
+---------------------------------+-----+-----+------------+-------------------------------------------------------------------+--------------+
|            RTL Ports            | Dir | Bits|  Protocol  |                           Source Object                           |    C Type    |
+---------------------------------+-----+-----+------------+-------------------------------------------------------------------+--------------+
|ap_clk                           |   in|    1|  ap_ctrl_hs|  naive_findClustersHLS1_Pipeline_VITIS_LOOP_199_5_VITIS_LOOP_200_6|  return value|
|ap_rst                           |   in|    1|  ap_ctrl_hs|  naive_findClustersHLS1_Pipeline_VITIS_LOOP_199_5_VITIS_LOOP_200_6|  return value|
|ap_start                         |   in|    1|  ap_ctrl_hs|  naive_findClustersHLS1_Pipeline_VITIS_LOOP_199_5_VITIS_LOOP_200_6|  return value|
|ap_done                          |  out|    1|  ap_ctrl_hs|  naive_findClustersHLS1_Pipeline_VITIS_LOOP_199_5_VITIS_LOOP_200_6|  return value|
|ap_idle                          |  out|    1|  ap_ctrl_hs|  naive_findClustersHLS1_Pipeline_VITIS_LOOP_199_5_VITIS_LOOP_200_6|  return value|
|ap_ready                         |  out|    1|  ap_ctrl_hs|  naive_findClustersHLS1_Pipeline_VITIS_LOOP_199_5_VITIS_LOOP_200_6|  return value|
|clusterArray_x_address0          |  out|    7|   ap_memory|                                                     clusterArray_x|         array|
|clusterArray_x_ce0               |  out|    1|   ap_memory|                                                     clusterArray_x|         array|
|clusterArray_x_we0               |  out|    1|   ap_memory|                                                     clusterArray_x|         array|
|clusterArray_x_d0                |  out|   32|   ap_memory|                                                     clusterArray_x|         array|
|clusterArray_y_address0          |  out|    7|   ap_memory|                                                     clusterArray_y|         array|
|clusterArray_y_ce0               |  out|    1|   ap_memory|                                                     clusterArray_y|         array|
|clusterArray_y_we0               |  out|    1|   ap_memory|                                                     clusterArray_y|         array|
|clusterArray_y_d0                |  out|   32|   ap_memory|                                                     clusterArray_y|         array|
|clusterArray_clusterID_address0  |  out|    7|   ap_memory|                                             clusterArray_clusterID|         array|
|clusterArray_clusterID_ce0       |  out|    1|   ap_memory|                                             clusterArray_clusterID|         array|
|clusterArray_clusterID_we0       |  out|    1|   ap_memory|                                             clusterArray_clusterID|         array|
|clusterArray_clusterID_d0        |  out|   32|   ap_memory|                                             clusterArray_clusterID|         array|
|clusterGrid_x_address0           |  out|    7|   ap_memory|                                                      clusterGrid_x|         array|
|clusterGrid_x_ce0                |  out|    1|   ap_memory|                                                      clusterGrid_x|         array|
|clusterGrid_x_q0                 |   in|   32|   ap_memory|                                                      clusterGrid_x|         array|
|clusterGrid_y_address0           |  out|    7|   ap_memory|                                                      clusterGrid_y|         array|
|clusterGrid_y_ce0                |  out|    1|   ap_memory|                                                      clusterGrid_y|         array|
|clusterGrid_y_q0                 |   in|   32|   ap_memory|                                                      clusterGrid_y|         array|
|clusterGrid_clusterID_address0   |  out|    7|   ap_memory|                                              clusterGrid_clusterID|         array|
|clusterGrid_clusterID_ce0        |  out|    1|   ap_memory|                                              clusterGrid_clusterID|         array|
|clusterGrid_clusterID_q0         |   in|   32|   ap_memory|                                              clusterGrid_clusterID|         array|
+---------------------------------+-----+-----+------------+-------------------------------------------------------------------+--------------+

============================================================
+ Verbose Summary: Synthesis Manager
============================================================
InlineROM: 1
ExposeGlobal: 0
============================================================
+ Verbose Summary: CDFG Model
============================================================
IsTopModel: 0
ResetActiveHigh: 1
IsCombinational: 2
IsDatapathOnly: 2
HasWiredReturn: 1
HasMFsm: 2
HasVarLatency: 1
IsPipeline: 0
IsRtlPipelined: 0
IsInstanceOverlapped: 0
IsDontTouch: 0
HasImplIP: 0
IsGatedGlobalClock: 0

+ Individual pipeline summary: 
  * Pipeline-0: initiation interval (II) = 1, depth = 2


============================================================
+ Verbose Summary: Schedule
============================================================
* Number of FSM states : 2
* Pipeline : 1
  Pipeline-0 : II = 1, D = 2, States = { 1 2 }
* Dataflow Pipeline: 0

* FSM state transitions: 
1 --> 2 
2 --> 

* FSM state operations: 

State 1 <SV = 0> <Delay = 3.17>
ST_1 : Operation 5 [1/1] (0.00ns)   --->   "%j = alloca i32 1"   --->   Operation 5 'alloca' 'j' <Predicate = true> <Delay = 0.00>
ST_1 : Operation 6 [1/1] (0.00ns)   --->   "%i = alloca i32 1"   --->   Operation 6 'alloca' 'i' <Predicate = true> <Delay = 0.00>
ST_1 : Operation 7 [1/1] (0.00ns)   --->   "%indvar_flatten6 = alloca i32 1"   --->   Operation 7 'alloca' 'indvar_flatten6' <Predicate = true> <Delay = 0.00>
ST_1 : Operation 8 [1/1] (0.46ns)   --->   "%store_ln0 = store i7 0, i7 %indvar_flatten6"   --->   Operation 8 'store' 'store_ln0' <Predicate = true> <Delay = 0.46>
ST_1 : Operation 9 [1/1] (0.46ns)   --->   "%store_ln0 = store i4 0, i4 %i"   --->   Operation 9 'store' 'store_ln0' <Predicate = true> <Delay = 0.46>
ST_1 : Operation 10 [1/1] (0.46ns)   --->   "%store_ln0 = store i4 0, i4 %j"   --->   Operation 10 'store' 'store_ln0' <Predicate = true> <Delay = 0.46>
ST_1 : Operation 11 [1/1] (0.00ns)   --->   "%br_ln0 = br void %for.inc154"   --->   Operation 11 'br' 'br_ln0' <Predicate = true> <Delay = 0.00>
ST_1 : Operation 12 [1/1] (0.00ns)   --->   "%indvar_flatten6_load = load i7 %indvar_flatten6" [cluster.cpp:199]   --->   Operation 12 'load' 'indvar_flatten6_load' <Predicate = true> <Delay = 0.00>
ST_1 : Operation 13 [1/1] (0.00ns)   --->   "%specpipeline_ln0 = specpipeline void @_ssdm_op_SpecPipeline, i32 4294967295, i32 0, i32 1, i32 0, void @p_str"   --->   Operation 13 'specpipeline' 'specpipeline_ln0' <Predicate = true> <Delay = 0.00>
ST_1 : Operation 14 [1/1] (0.85ns)   --->   "%icmp_ln199 = icmp_eq  i7 %indvar_flatten6_load, i7 100" [cluster.cpp:199]   --->   Operation 14 'icmp' 'icmp_ln199' <Predicate = true> <Delay = 0.85> <CoreInst = "Cmp">   --->   Core 9 'Cmp' <Latency = 0> <II = 1> <Delay = 0.85> <FuncUnit> <Opcode : 'icmp'> <InPorts = 2> <OutPorts = 1>
ST_1 : Operation 15 [1/1] (0.85ns)   --->   "%add_ln199_1 = add i7 %indvar_flatten6_load, i7 1" [cluster.cpp:199]   --->   Operation 15 'add' 'add_ln199_1' <Predicate = true> <Delay = 0.85> <CoreInst = "Adder">   --->   Core 1 'Adder' <Latency = 0> <II = 1> <Delay = 0.85> <FuncUnit> <Opcode : 'add' 'sub'> <InPorts = 2> <OutPorts = 1>
ST_1 : Operation 16 [1/1] (0.00ns)   --->   "%br_ln199 = br i1 %icmp_ln199, void %for.inc157, void %for.end159.exitStub" [cluster.cpp:199]   --->   Operation 16 'br' 'br_ln199' <Predicate = true> <Delay = 0.00>
ST_1 : Operation 17 [1/1] (0.00ns)   --->   "%j_load = load i4 %j" [cluster.cpp:200]   --->   Operation 17 'load' 'j_load' <Predicate = (!icmp_ln199)> <Delay = 0.00>
ST_1 : Operation 18 [1/1] (0.00ns)   --->   "%i_load = load i4 %i" [cluster.cpp:199]   --->   Operation 18 'load' 'i_load' <Predicate = (!icmp_ln199)> <Delay = 0.00>
ST_1 : Operation 19 [1/1] (0.80ns)   --->   "%add_ln199 = add i4 %i_load, i4 1" [cluster.cpp:199]   --->   Operation 19 'add' 'add_ln199' <Predicate = (!icmp_ln199)> <Delay = 0.80> <CoreInst = "Adder">   --->   Core 1 'Adder' <Latency = 0> <II = 1> <Delay = 0.80> <FuncUnit> <Opcode : 'add' 'sub'> <InPorts = 2> <OutPorts = 1>
ST_1 : Operation 20 [1/1] (0.80ns)   --->   "%icmp_ln200 = icmp_eq  i4 %j_load, i4 10" [cluster.cpp:200]   --->   Operation 20 'icmp' 'icmp_ln200' <Predicate = (!icmp_ln199)> <Delay = 0.80> <CoreInst = "Cmp">   --->   Core 9 'Cmp' <Latency = 0> <II = 1> <Delay = 0.80> <FuncUnit> <Opcode : 'icmp'> <InPorts = 2> <OutPorts = 1>
ST_1 : Operation 21 [1/1] (0.18ns)   --->   "%select_ln199 = select i1 %icmp_ln200, i4 0, i4 %j_load" [cluster.cpp:199]   --->   Operation 21 'select' 'select_ln199' <Predicate = (!icmp_ln199)> <Delay = 0.18> <CoreInst = "Sel">   --->   Core 73 'Sel' <Latency = 0> <II = 1> <Delay = 0.18> <FuncUnit> <Opcode : 'select'> <InPorts = 3> <OutPorts = 1>
ST_1 : Operation 22 [1/1] (0.18ns)   --->   "%select_ln199_1 = select i1 %icmp_ln200, i4 %add_ln199, i4 %i_load" [cluster.cpp:199]   --->   Operation 22 'select' 'select_ln199_1' <Predicate = (!icmp_ln199)> <Delay = 0.18> <CoreInst = "Sel">   --->   Core 73 'Sel' <Latency = 0> <II = 1> <Delay = 0.18> <FuncUnit> <Opcode : 'select'> <InPorts = 3> <OutPorts = 1>
ST_1 : Operation 23 [1/1] (0.00ns)   --->   "%tmp_6 = bitconcatenate i7 @_ssdm_op_BitConcatenate.i7.i4.i3, i4 %select_ln199_1, i3 0" [cluster.cpp:201]   --->   Operation 23 'bitconcatenate' 'tmp_6' <Predicate = (!icmp_ln199)> <Delay = 0.00>
ST_1 : Operation 24 [1/1] (0.00ns)   --->   "%tmp_7 = bitconcatenate i5 @_ssdm_op_BitConcatenate.i5.i4.i1, i4 %select_ln199_1, i1 0" [cluster.cpp:201]   --->   Operation 24 'bitconcatenate' 'tmp_7' <Predicate = (!icmp_ln199)> <Delay = 0.00>
ST_1 : Operation 25 [1/1] (0.00ns)   --->   "%zext_ln201 = zext i5 %tmp_7" [cluster.cpp:201]   --->   Operation 25 'zext' 'zext_ln201' <Predicate = (!icmp_ln199)> <Delay = 0.00>
ST_1 : Operation 26 [1/1] (0.00ns) (grouped into TernaryAdder)   --->   "%add_ln201 = add i7 %tmp_6, i7 %zext_ln201" [cluster.cpp:201]   --->   Operation 26 'add' 'add_ln201' <Predicate = (!icmp_ln199)> <Delay = 0.00> <CoreInst = "TAddSub">   --->   Core 10 'TAddSub' <Latency = 0> <II = 1> <Delay = 0.44> <IPBlock> <Opcode : '<invalid operator> ' 'add' 'sub'> <InPorts = 3> <OutPorts = 1> <Sync> <CReg>
ST_1 : Operation 27 [1/1] (0.00ns)   --->   "%zext_ln201_1 = zext i4 %select_ln199" [cluster.cpp:201]   --->   Operation 27 'zext' 'zext_ln201_1' <Predicate = (!icmp_ln199)> <Delay = 0.00>
ST_1 : Operation 28 [1/1] (0.88ns) (root node of TernaryAdder)   --->   "%add_ln201_1 = add i7 %add_ln201, i7 %zext_ln201_1" [cluster.cpp:201]   --->   Operation 28 'add' 'add_ln201_1' <Predicate = (!icmp_ln199)> <Delay = 0.88> <CoreInst = "TAddSub">   --->   Core 10 'TAddSub' <Latency = 0> <II = 1> <Delay = 0.44> <IPBlock> <Opcode : '<invalid operator> ' 'add' 'sub'> <InPorts = 3> <OutPorts = 1> <Sync> <CReg>
ST_1 : Operation 29 [1/1] (0.00ns)   --->   "%zext_ln201_2 = zext i7 %add_ln201_1" [cluster.cpp:201]   --->   Operation 29 'zext' 'zext_ln201_2' <Predicate = (!icmp_ln199)> <Delay = 0.00>
ST_1 : Operation 30 [1/1] (0.00ns)   --->   "%clusterGrid_x_addr = getelementptr i32 %clusterGrid_x, i64 0, i64 %zext_ln201_2" [cluster.cpp:201]   --->   Operation 30 'getelementptr' 'clusterGrid_x_addr' <Predicate = (!icmp_ln199)> <Delay = 0.00>
ST_1 : Operation 31 [1/1] (0.00ns)   --->   "%clusterGrid_y_addr = getelementptr i32 %clusterGrid_y, i64 0, i64 %zext_ln201_2" [cluster.cpp:201]   --->   Operation 31 'getelementptr' 'clusterGrid_y_addr' <Predicate = (!icmp_ln199)> <Delay = 0.00>
ST_1 : Operation 32 [1/1] (0.00ns)   --->   "%clusterGrid_clusterID_addr = getelementptr i32 %clusterGrid_clusterID, i64 0, i64 %zext_ln201_2" [cluster.cpp:201]   --->   Operation 32 'getelementptr' 'clusterGrid_clusterID_addr' <Predicate = (!icmp_ln199)> <Delay = 0.00>
ST_1 : Operation 33 [2/2] (1.29ns)   --->   "%clusterGrid_x_load = load i7 %clusterGrid_x_addr" [cluster.cpp:201]   --->   Operation 33 'load' 'clusterGrid_x_load' <Predicate = (!icmp_ln199)> <Delay = 1.29> <CoreInst = "RAM">   --->   Core 83 'RAM' <Latency = 1> <II = 1> <Delay = 1.29> <Storage> <Opcode : 'load' 'store'> <Ports = 2> <Width = 32> <Depth = 100> <RAM>
ST_1 : Operation 34 [2/2] (1.29ns)   --->   "%clusterGrid_y_load = load i7 %clusterGrid_y_addr" [cluster.cpp:201]   --->   Operation 34 'load' 'clusterGrid_y_load' <Predicate = (!icmp_ln199)> <Delay = 1.29> <CoreInst = "RAM">   --->   Core 83 'RAM' <Latency = 1> <II = 1> <Delay = 1.29> <Storage> <Opcode : 'load' 'store'> <Ports = 2> <Width = 32> <Depth = 100> <RAM>
ST_1 : Operation 35 [2/2] (1.29ns)   --->   "%clusterGrid_clusterID_load = load i7 %clusterGrid_clusterID_addr" [cluster.cpp:201]   --->   Operation 35 'load' 'clusterGrid_clusterID_load' <Predicate = (!icmp_ln199)> <Delay = 1.29> <CoreInst = "RAM">   --->   Core 83 'RAM' <Latency = 1> <II = 1> <Delay = 1.29> <Storage> <Opcode : 'load' 'store'> <Ports = 2> <Width = 32> <Depth = 100> <RAM>
ST_1 : Operation 36 [1/1] (0.80ns)   --->   "%add_ln200 = add i4 %select_ln199, i4 1" [cluster.cpp:200]   --->   Operation 36 'add' 'add_ln200' <Predicate = (!icmp_ln199)> <Delay = 0.80> <CoreInst = "Adder">   --->   Core 1 'Adder' <Latency = 0> <II = 1> <Delay = 0.80> <FuncUnit> <Opcode : 'add' 'sub'> <InPorts = 2> <OutPorts = 1>
ST_1 : Operation 37 [1/1] (0.46ns)   --->   "%store_ln200 = store i7 %add_ln199_1, i7 %indvar_flatten6" [cluster.cpp:200]   --->   Operation 37 'store' 'store_ln200' <Predicate = (!icmp_ln199)> <Delay = 0.46>
ST_1 : Operation 38 [1/1] (0.46ns)   --->   "%store_ln200 = store i4 %select_ln199_1, i4 %i" [cluster.cpp:200]   --->   Operation 38 'store' 'store_ln200' <Predicate = (!icmp_ln199)> <Delay = 0.46>
ST_1 : Operation 39 [1/1] (0.46ns)   --->   "%store_ln200 = store i4 %add_ln200, i4 %j" [cluster.cpp:200]   --->   Operation 39 'store' 'store_ln200' <Predicate = (!icmp_ln199)> <Delay = 0.46>
ST_1 : Operation 54 [1/1] (0.00ns)   --->   "%ret_ln0 = ret"   --->   Operation 54 'ret' 'ret_ln0' <Predicate = (icmp_ln199)> <Delay = 0.00>

State 2 <SV = 1> <Delay = 2.59>
ST_2 : Operation 40 [1/1] (0.00ns)   --->   "%specloopname_ln0 = specloopname void @_ssdm_op_SpecLoopName, void @VITIS_LOOP_199_5_VITIS_LOOP_200_6_str"   --->   Operation 40 'specloopname' 'specloopname_ln0' <Predicate = true> <Delay = 0.00>
ST_2 : Operation 41 [1/1] (0.00ns)   --->   "%speclooptripcount_ln0 = speclooptripcount void @_ssdm_op_SpecLoopTripCount, i64 100, i64 100, i64 100"   --->   Operation 41 'speclooptripcount' 'speclooptripcount_ln0' <Predicate = true> <Delay = 0.00>
ST_2 : Operation 42 [1/1] (0.00ns)   --->   "%specpipeline_ln0 = specpipeline void @_ssdm_op_SpecPipeline, i32 4294967295, i32 0, i32 1, i32 0, void @p_str"   --->   Operation 42 'specpipeline' 'specpipeline_ln0' <Predicate = true> <Delay = 0.00>
ST_2 : Operation 43 [1/1] (0.00ns)   --->   "%clusterArray_x_addr = getelementptr i32 %clusterArray_x, i64 0, i64 %zext_ln201_2" [cluster.cpp:201]   --->   Operation 43 'getelementptr' 'clusterArray_x_addr' <Predicate = true> <Delay = 0.00>
ST_2 : Operation 44 [1/1] (0.00ns)   --->   "%clusterArray_y_addr = getelementptr i32 %clusterArray_y, i64 0, i64 %zext_ln201_2" [cluster.cpp:201]   --->   Operation 44 'getelementptr' 'clusterArray_y_addr' <Predicate = true> <Delay = 0.00>
ST_2 : Operation 45 [1/1] (0.00ns)   --->   "%clusterArray_clusterID_addr = getelementptr i32 %clusterArray_clusterID, i64 0, i64 %zext_ln201_2" [cluster.cpp:201]   --->   Operation 45 'getelementptr' 'clusterArray_clusterID_addr' <Predicate = true> <Delay = 0.00>
ST_2 : Operation 46 [1/1] (0.00ns)   --->   "%specloopname_ln200 = specloopname void @_ssdm_op_SpecLoopName, void @empty_3" [cluster.cpp:200]   --->   Operation 46 'specloopname' 'specloopname_ln200' <Predicate = true> <Delay = 0.00>
ST_2 : Operation 47 [1/2] (1.29ns)   --->   "%clusterGrid_x_load = load i7 %clusterGrid_x_addr" [cluster.cpp:201]   --->   Operation 47 'load' 'clusterGrid_x_load' <Predicate = true> <Delay = 1.29> <CoreInst = "RAM">   --->   Core 83 'RAM' <Latency = 1> <II = 1> <Delay = 1.29> <Storage> <Opcode : 'load' 'store'> <Ports = 2> <Width = 32> <Depth = 100> <RAM>
ST_2 : Operation 48 [1/2] (1.29ns)   --->   "%clusterGrid_y_load = load i7 %clusterGrid_y_addr" [cluster.cpp:201]   --->   Operation 48 'load' 'clusterGrid_y_load' <Predicate = true> <Delay = 1.29> <CoreInst = "RAM">   --->   Core 83 'RAM' <Latency = 1> <II = 1> <Delay = 1.29> <Storage> <Opcode : 'load' 'store'> <Ports = 2> <Width = 32> <Depth = 100> <RAM>
ST_2 : Operation 49 [1/2] (1.29ns)   --->   "%clusterGrid_clusterID_load = load i7 %clusterGrid_clusterID_addr" [cluster.cpp:201]   --->   Operation 49 'load' 'clusterGrid_clusterID_load' <Predicate = true> <Delay = 1.29> <CoreInst = "RAM">   --->   Core 83 'RAM' <Latency = 1> <II = 1> <Delay = 1.29> <Storage> <Opcode : 'load' 'store'> <Ports = 2> <Width = 32> <Depth = 100> <RAM>
ST_2 : Operation 50 [1/1] (1.29ns)   --->   "%store_ln201 = store i32 %clusterGrid_x_load, i7 %clusterArray_x_addr" [cluster.cpp:201]   --->   Operation 50 'store' 'store_ln201' <Predicate = true> <Delay = 1.29> <CoreInst = "RAM">   --->   Core 83 'RAM' <Latency = 1> <II = 1> <Delay = 1.29> <Storage> <Opcode : 'load' 'store'> <Ports = 2> <Width = 32> <Depth = 100> <RAM>
ST_2 : Operation 51 [1/1] (1.29ns)   --->   "%store_ln201 = store i32 %clusterGrid_y_load, i7 %clusterArray_y_addr" [cluster.cpp:201]   --->   Operation 51 'store' 'store_ln201' <Predicate = true> <Delay = 1.29> <CoreInst = "RAM">   --->   Core 83 'RAM' <Latency = 1> <II = 1> <Delay = 1.29> <Storage> <Opcode : 'load' 'store'> <Ports = 2> <Width = 32> <Depth = 100> <RAM>
ST_2 : Operation 52 [1/1] (1.29ns)   --->   "%store_ln201 = store i32 %clusterGrid_clusterID_load, i7 %clusterArray_clusterID_addr" [cluster.cpp:201]   --->   Operation 52 'store' 'store_ln201' <Predicate = true> <Delay = 1.29> <CoreInst = "RAM">   --->   Core 83 'RAM' <Latency = 1> <II = 1> <Delay = 1.29> <Storage> <Opcode : 'load' 'store'> <Ports = 2> <Width = 32> <Depth = 100> <RAM>
ST_2 : Operation 53 [1/1] (0.00ns)   --->   "%br_ln200 = br void %for.inc154" [cluster.cpp:200]   --->   Operation 53 'br' 'br_ln200' <Predicate = true> <Delay = 0.00>


============================================================
+ Verbose Summary: Binding
============================================================
STG Binding: 
---------------- STG Properties BEGIN ----------------
- Is combinational: 0
- Is one-state seq: 0
- Is datapath-only: 0
- Is pipelined: 0
- Is top level: 0
Port [ Return ] is wired: 1; IO mode=ap_ctrl_hs:ce=0
Port [ clusterArray_x]:  wired=1; compound=1; hidden=0; nouse=0; global=0; static=0; extern=0; dir=1; type=1; pingpong=0; private_global=0; MemPort=[03]; IO mode=ap_memory:ce=0
Port [ clusterArray_y]:  wired=1; compound=1; hidden=0; nouse=0; global=0; static=0; extern=0; dir=1; type=1; pingpong=0; private_global=0; MemPort=[03]; IO mode=ap_memory:ce=0
Port [ clusterArray_clusterID]:  wired=1; compound=1; hidden=0; nouse=0; global=0; static=0; extern=0; dir=1; type=1; pingpong=0; private_global=0; MemPort=[03]; IO mode=ap_memory:ce=0
Port [ clusterGrid_x]:  wired=1; compound=1; hidden=0; nouse=0; global=0; static=0; extern=0; dir=0; type=1; pingpong=0; private_global=0; MemPort=[13]; IO mode=ap_memory:ce=0
Port [ clusterGrid_y]:  wired=1; compound=1; hidden=0; nouse=0; global=0; static=0; extern=0; dir=0; type=1; pingpong=0; private_global=0; MemPort=[13]; IO mode=ap_memory:ce=0
Port [ clusterGrid_clusterID]:  wired=1; compound=1; hidden=0; nouse=0; global=0; static=0; extern=0; dir=0; type=1; pingpong=0; private_global=0; MemPort=[13]; IO mode=ap_memory:ce=0
---------------- STG Properties END ------------------

---------------- Datapath Model BEGIN ----------------

<LifeTime>
<method=bitvector/>
j                           (alloca           ) [ 010]
i                           (alloca           ) [ 010]
indvar_flatten6             (alloca           ) [ 010]
store_ln0                   (store            ) [ 000]
store_ln0                   (store            ) [ 000]
store_ln0                   (store            ) [ 000]
br_ln0                      (br               ) [ 000]
indvar_flatten6_load        (load             ) [ 000]
specpipeline_ln0            (specpipeline     ) [ 000]
icmp_ln199                  (icmp             ) [ 010]
add_ln199_1                 (add              ) [ 000]
br_ln199                    (br               ) [ 000]
j_load                      (load             ) [ 000]
i_load                      (load             ) [ 000]
add_ln199                   (add              ) [ 000]
icmp_ln200                  (icmp             ) [ 000]
select_ln199                (select           ) [ 000]
select_ln199_1              (select           ) [ 000]
tmp_6                       (bitconcatenate   ) [ 000]
tmp_7                       (bitconcatenate   ) [ 000]
zext_ln201                  (zext             ) [ 000]
add_ln201                   (add              ) [ 000]
zext_ln201_1                (zext             ) [ 000]
add_ln201_1                 (add              ) [ 000]
zext_ln201_2                (zext             ) [ 011]
clusterGrid_x_addr          (getelementptr    ) [ 011]
clusterGrid_y_addr          (getelementptr    ) [ 011]
clusterGrid_clusterID_addr  (getelementptr    ) [ 011]
add_ln200                   (add              ) [ 000]
store_ln200                 (store            ) [ 000]
store_ln200                 (store            ) [ 000]
store_ln200                 (store            ) [ 000]
specloopname_ln0            (specloopname     ) [ 000]
speclooptripcount_ln0       (speclooptripcount) [ 000]
specpipeline_ln0            (specpipeline     ) [ 000]
clusterArray_x_addr         (getelementptr    ) [ 000]
clusterArray_y_addr         (getelementptr    ) [ 000]
clusterArray_clusterID_addr (getelementptr    ) [ 000]
specloopname_ln200          (specloopname     ) [ 000]
clusterGrid_x_load          (load             ) [ 000]
clusterGrid_y_load          (load             ) [ 000]
clusterGrid_clusterID_load  (load             ) [ 000]
store_ln201                 (store            ) [ 000]
store_ln201                 (store            ) [ 000]
store_ln201                 (store            ) [ 000]
br_ln200                    (br               ) [ 000]
ret_ln0                     (ret              ) [ 000]
</LifeTime>

<model>

<comp_list>
<comp id="0" class="1000" name="clusterArray_x">
<pin_list>
<pin id="1" dir="1" index="0" bw="1" slack="0"/>
</pin_list>
<bind>
<StgValue><ssdm name="clusterArray_x"/><MemPortTyVec>0 3 </MemPortTyVec>
</StgValue>
</bind>
</comp>

<comp id="2" class="1000" name="clusterArray_y">
<pin_list>
<pin id="3" dir="1" index="0" bw="1" slack="0"/>
</pin_list>
<bind>
<StgValue><ssdm name="clusterArray_y"/><MemPortTyVec>0 3 </MemPortTyVec>
</StgValue>
</bind>
</comp>

<comp id="4" class="1000" name="clusterArray_clusterID">
<pin_list>
<pin id="5" dir="1" index="0" bw="1" slack="0"/>
</pin_list>
<bind>
<StgValue><ssdm name="clusterArray_clusterID"/><MemPortTyVec>0 3 </MemPortTyVec>
</StgValue>
</bind>
</comp>

<comp id="6" class="1000" name="clusterGrid_x">
<pin_list>
<pin id="7" dir="1" index="0" bw="1" slack="0"/>
</pin_list>
<bind>
<StgValue><ssdm name="clusterGrid_x"/><MemPortTyVec>1 3 </MemPortTyVec>
</StgValue>
</bind>
</comp>

<comp id="8" class="1000" name="clusterGrid_y">
<pin_list>
<pin id="9" dir="1" index="0" bw="1" slack="0"/>
</pin_list>
<bind>
<StgValue><ssdm name="clusterGrid_y"/><MemPortTyVec>1 3 </MemPortTyVec>
</StgValue>
</bind>
</comp>

<comp id="10" class="1000" name="clusterGrid_clusterID">
<pin_list>
<pin id="11" dir="1" index="0" bw="1" slack="0"/>
</pin_list>
<bind>
<StgValue><ssdm name="clusterGrid_clusterID"/><MemPortTyVec>1 3 </MemPortTyVec>
</StgValue>
</bind>
</comp>

<comp id="12" class="1001" name="const_12">
<pin_list>
<pin id="13" dir="1" index="0" bw="1" slack="0"/>
</pin_list>
<bind>
<StgValue><ssdm name=""/></StgValue>
</bind>
</comp>

<comp id="14" class="1001" name="const_14">
<pin_list>
<pin id="15" dir="1" index="0" bw="1" slack="0"/>
</pin_list>
<bind>
<StgValue><ssdm name=""/></StgValue>
</bind>
</comp>

<comp id="16" class="1001" name="const_16">
<pin_list>
<pin id="17" dir="1" index="0" bw="1" slack="0"/>
</pin_list>
<bind>
<StgValue><ssdm name=""/></StgValue>
</bind>
</comp>

<comp id="18" class="1001" name="const_18">
<pin_list>
<pin id="19" dir="1" index="0" bw="1" slack="2147483647"/>
</pin_list>
<bind>
<StgValue><ssdm name="_ssdm_op_SpecPipeline"/></StgValue>
</bind>
</comp>

<comp id="20" class="1001" name="const_20">
<pin_list>
<pin id="21" dir="1" index="0" bw="1" slack="2147483647"/>
</pin_list>
<bind>
<StgValue><ssdm name=""/></StgValue>
</bind>
</comp>

<comp id="22" class="1001" name="const_22">
<pin_list>
<pin id="23" dir="1" index="0" bw="1" slack="2147483647"/>
</pin_list>
<bind>
<StgValue><ssdm name=""/></StgValue>
</bind>
</comp>

<comp id="24" class="1001" name="const_24">
<pin_list>
<pin id="25" dir="1" index="0" bw="1" slack="2147483647"/>
</pin_list>
<bind>
<StgValue><ssdm name="p_str"/></StgValue>
</bind>
</comp>

<comp id="26" class="1001" name="const_26">
<pin_list>
<pin id="27" dir="1" index="0" bw="1" slack="0"/>
</pin_list>
<bind>
<StgValue><ssdm name=""/></StgValue>
</bind>
</comp>

<comp id="28" class="1001" name="const_28">
<pin_list>
<pin id="29" dir="1" index="0" bw="1" slack="0"/>
</pin_list>
<bind>
<StgValue><ssdm name=""/></StgValue>
</bind>
</comp>

<comp id="30" class="1001" name="const_30">
<pin_list>
<pin id="31" dir="1" index="0" bw="1" slack="0"/>
</pin_list>
<bind>
<StgValue><ssdm name=""/></StgValue>
</bind>
</comp>

<comp id="32" class="1001" name="const_32">
<pin_list>
<pin id="33" dir="1" index="0" bw="1" slack="0"/>
</pin_list>
<bind>
<StgValue><ssdm name=""/></StgValue>
</bind>
</comp>

<comp id="34" class="1001" name="const_34">
<pin_list>
<pin id="35" dir="1" index="0" bw="1" slack="0"/>
</pin_list>
<bind>
<StgValue><ssdm name="_ssdm_op_BitConcatenate.i7.i4.i3"/></StgValue>
</bind>
</comp>

<comp id="36" class="1001" name="const_36">
<pin_list>
<pin id="37" dir="1" index="0" bw="1" slack="0"/>
</pin_list>
<bind>
<StgValue><ssdm name=""/></StgValue>
</bind>
</comp>

<comp id="38" class="1001" name="const_38">
<pin_list>
<pin id="39" dir="1" index="0" bw="1" slack="0"/>
</pin_list>
<bind>
<StgValue><ssdm name="_ssdm_op_BitConcatenate.i5.i4.i1"/></StgValue>
</bind>
</comp>

<comp id="40" class="1001" name="const_40">
<pin_list>
<pin id="41" dir="1" index="0" bw="1" slack="0"/>
</pin_list>
<bind>
<StgValue><ssdm name=""/></StgValue>
</bind>
</comp>

<comp id="42" class="1001" name="const_42">
<pin_list>
<pin id="43" dir="1" index="0" bw="1" slack="0"/>
</pin_list>
<bind>
<StgValue><ssdm name=""/></StgValue>
</bind>
</comp>

<comp id="44" class="1001" name="const_44">
<pin_list>
<pin id="45" dir="1" index="0" bw="1" slack="2147483647"/>
</pin_list>
<bind>
<StgValue><ssdm name="_ssdm_op_SpecLoopName"/></StgValue>
</bind>
</comp>

<comp id="46" class="1001" name="const_46">
<pin_list>
<pin id="47" dir="1" index="0" bw="1" slack="2147483647"/>
</pin_list>
<bind>
<StgValue><ssdm name="VITIS_LOOP_199_5_VITIS_LOOP_200_6_str"/></StgValue>
</bind>
</comp>

<comp id="48" class="1001" name="const_48">
<pin_list>
<pin id="49" dir="1" index="0" bw="1" slack="2147483647"/>
</pin_list>
<bind>
<StgValue><ssdm name="_ssdm_op_SpecLoopTripCount"/></StgValue>
</bind>
</comp>

<comp id="50" class="1001" name="const_50">
<pin_list>
<pin id="51" dir="1" index="0" bw="1" slack="2147483647"/>
</pin_list>
<bind>
<StgValue><ssdm name=""/></StgValue>
</bind>
</comp>

<comp id="52" class="1001" name="const_52">
<pin_list>
<pin id="53" dir="1" index="0" bw="1" slack="2147483647"/>
</pin_list>
<bind>
<StgValue><ssdm name="empty_3"/></StgValue>
</bind>
</comp>

<comp id="54" class="1004" name="j_fu_54">
<pin_list>
<pin id="55" dir="0" index="0" bw="1" slack="0"/>
<pin id="56" dir="1" index="1" bw="4" slack="0"/>
</pin_list>
<bind>
<opcode="alloca(26) " fcode="alloca"/>
<opset="j/1 "/>
</bind>
</comp>

<comp id="58" class="1004" name="i_fu_58">
<pin_list>
<pin id="59" dir="0" index="0" bw="1" slack="0"/>
<pin id="60" dir="1" index="1" bw="4" slack="0"/>
</pin_list>
<bind>
<opcode="alloca(26) " fcode="alloca"/>
<opset="i/1 "/>
</bind>
</comp>

<comp id="62" class="1004" name="indvar_flatten6_fu_62">
<pin_list>
<pin id="63" dir="0" index="0" bw="1" slack="0"/>
<pin id="64" dir="1" index="1" bw="7" slack="0"/>
</pin_list>
<bind>
<opcode="alloca(26) " fcode="alloca"/>
<opset="indvar_flatten6/1 "/>
</bind>
</comp>

<comp id="66" class="1004" name="clusterGrid_x_addr_gep_fu_66">
<pin_list>
<pin id="67" dir="0" index="0" bw="32" slack="0"/>
<pin id="68" dir="0" index="1" bw="1" slack="0"/>
<pin id="69" dir="0" index="2" bw="7" slack="0"/>
<pin id="70" dir="1" index="3" bw="7" slack="0"/>
</pin_list>
<bind>
<opcode="getelementptr(29) " fcode="getelementptr"/>
<opset="clusterGrid_x_addr/1 "/>
</bind>
</comp>

<comp id="73" class="1004" name="clusterGrid_y_addr_gep_fu_73">
<pin_list>
<pin id="74" dir="0" index="0" bw="32" slack="0"/>
<pin id="75" dir="0" index="1" bw="1" slack="0"/>
<pin id="76" dir="0" index="2" bw="7" slack="0"/>
<pin id="77" dir="1" index="3" bw="7" slack="0"/>
</pin_list>
<bind>
<opcode="getelementptr(29) " fcode="getelementptr"/>
<opset="clusterGrid_y_addr/1 "/>
</bind>
</comp>

<comp id="80" class="1004" name="clusterGrid_clusterID_addr_gep_fu_80">
<pin_list>
<pin id="81" dir="0" index="0" bw="32" slack="0"/>
<pin id="82" dir="0" index="1" bw="1" slack="0"/>
<pin id="83" dir="0" index="2" bw="7" slack="0"/>
<pin id="84" dir="1" index="3" bw="7" slack="0"/>
</pin_list>
<bind>
<opcode="getelementptr(29) " fcode="getelementptr"/>
<opset="clusterGrid_clusterID_addr/1 "/>
</bind>
</comp>

<comp id="87" class="1004" name="grp_access_fu_87">
<pin_list>
<pin id="88" dir="0" index="0" bw="7" slack="0"/>
<pin id="89" dir="0" index="1" bw="32" slack="2147483647"/>
<pin id="90" dir="0" index="2" bw="0" slack="2147483647"/>
<pin id="91" dir="1" index="3" bw="32" slack="0"/>
</pin_list>
<bind>
<opcode="load(27) " fcode="load"/>
<opset="clusterGrid_x_load/1 "/>
</bind>
</comp>

<comp id="93" class="1004" name="grp_access_fu_93">
<pin_list>
<pin id="94" dir="0" index="0" bw="7" slack="0"/>
<pin id="95" dir="0" index="1" bw="32" slack="2147483647"/>
<pin id="96" dir="0" index="2" bw="0" slack="2147483647"/>
<pin id="97" dir="1" index="3" bw="32" slack="0"/>
</pin_list>
<bind>
<opcode="load(27) " fcode="load"/>
<opset="clusterGrid_y_load/1 "/>
</bind>
</comp>

<comp id="99" class="1004" name="grp_access_fu_99">
<pin_list>
<pin id="100" dir="0" index="0" bw="7" slack="0"/>
<pin id="101" dir="0" index="1" bw="32" slack="2147483647"/>
<pin id="102" dir="0" index="2" bw="0" slack="2147483647"/>
<pin id="103" dir="1" index="3" bw="32" slack="0"/>
</pin_list>
<bind>
<opcode="load(27) " fcode="load"/>
<opset="clusterGrid_clusterID_load/1 "/>
</bind>
</comp>

<comp id="105" class="1004" name="clusterArray_x_addr_gep_fu_105">
<pin_list>
<pin id="106" dir="0" index="0" bw="32" slack="0"/>
<pin id="107" dir="0" index="1" bw="1" slack="0"/>
<pin id="108" dir="0" index="2" bw="7" slack="1"/>
<pin id="109" dir="1" index="3" bw="7" slack="0"/>
</pin_list>
<bind>
<opcode="getelementptr(29) " fcode="getelementptr"/>
<opset="clusterArray_x_addr/2 "/>
</bind>
</comp>

<comp id="112" class="1004" name="clusterArray_y_addr_gep_fu_112">
<pin_list>
<pin id="113" dir="0" index="0" bw="32" slack="0"/>
<pin id="114" dir="0" index="1" bw="1" slack="0"/>
<pin id="115" dir="0" index="2" bw="7" slack="1"/>
<pin id="116" dir="1" index="3" bw="7" slack="0"/>
</pin_list>
<bind>
<opcode="getelementptr(29) " fcode="getelementptr"/>
<opset="clusterArray_y_addr/2 "/>
</bind>
</comp>

<comp id="119" class="1004" name="clusterArray_clusterID_addr_gep_fu_119">
<pin_list>
<pin id="120" dir="0" index="0" bw="32" slack="0"/>
<pin id="121" dir="0" index="1" bw="1" slack="0"/>
<pin id="122" dir="0" index="2" bw="7" slack="1"/>
<pin id="123" dir="1" index="3" bw="7" slack="0"/>
</pin_list>
<bind>
<opcode="getelementptr(29) " fcode="getelementptr"/>
<opset="clusterArray_clusterID_addr/2 "/>
</bind>
</comp>

<comp id="126" class="1004" name="store_ln201_access_fu_126">
<pin_list>
<pin id="127" dir="0" index="0" bw="7" slack="0"/>
<pin id="128" dir="0" index="1" bw="32" slack="0"/>
<pin id="129" dir="0" index="2" bw="0" slack="2147483647"/>
<pin id="130" dir="1" index="3" bw="32" slack="2147483647"/>
</pin_list>
<bind>
<opcode="store(28) " fcode="store"/>
<opset="store_ln201/2 "/>
</bind>
</comp>

<comp id="133" class="1004" name="store_ln201_access_fu_133">
<pin_list>
<pin id="134" dir="0" index="0" bw="7" slack="0"/>
<pin id="135" dir="0" index="1" bw="32" slack="0"/>
<pin id="136" dir="0" index="2" bw="0" slack="2147483647"/>
<pin id="137" dir="1" index="3" bw="32" slack="2147483647"/>
</pin_list>
<bind>
<opcode="store(28) " fcode="store"/>
<opset="store_ln201/2 "/>
</bind>
</comp>

<comp id="140" class="1004" name="store_ln201_access_fu_140">
<pin_list>
<pin id="141" dir="0" index="0" bw="7" slack="0"/>
<pin id="142" dir="0" index="1" bw="32" slack="0"/>
<pin id="143" dir="0" index="2" bw="0" slack="2147483647"/>
<pin id="144" dir="1" index="3" bw="32" slack="2147483647"/>
</pin_list>
<bind>
<opcode="store(28) " fcode="store"/>
<opset="store_ln201/2 "/>
</bind>
</comp>

<comp id="147" class="1004" name="store_ln0_store_fu_147">
<pin_list>
<pin id="148" dir="0" index="0" bw="1" slack="0"/>
<pin id="149" dir="0" index="1" bw="7" slack="0"/>
<pin id="150" dir="1" index="2" bw="0" slack="2147483647"/>
</pin_list>
<bind>
<opcode="store(28) " fcode="store"/>
<opset="store_ln0/1 "/>
</bind>
</comp>

<comp id="152" class="1004" name="store_ln0_store_fu_152">
<pin_list>
<pin id="153" dir="0" index="0" bw="1" slack="0"/>
<pin id="154" dir="0" index="1" bw="4" slack="0"/>
<pin id="155" dir="1" index="2" bw="0" slack="2147483647"/>
</pin_list>
<bind>
<opcode="store(28) " fcode="store"/>
<opset="store_ln0/1 "/>
</bind>
</comp>

<comp id="157" class="1004" name="store_ln0_store_fu_157">
<pin_list>
<pin id="158" dir="0" index="0" bw="1" slack="0"/>
<pin id="159" dir="0" index="1" bw="4" slack="0"/>
<pin id="160" dir="1" index="2" bw="0" slack="2147483647"/>
</pin_list>
<bind>
<opcode="store(28) " fcode="store"/>
<opset="store_ln0/1 "/>
</bind>
</comp>

<comp id="162" class="1004" name="indvar_flatten6_load_load_fu_162">
<pin_list>
<pin id="163" dir="0" index="0" bw="7" slack="0"/>
<pin id="164" dir="1" index="1" bw="7" slack="0"/>
</pin_list>
<bind>
<opcode="load(27) " fcode="load"/>
<opset="indvar_flatten6_load/1 "/>
</bind>
</comp>

<comp id="165" class="1004" name="icmp_ln199_fu_165">
<pin_list>
<pin id="166" dir="0" index="0" bw="7" slack="0"/>
<pin id="167" dir="0" index="1" bw="7" slack="0"/>
<pin id="168" dir="1" index="2" bw="1" slack="2147483647"/>
</pin_list>
<bind>
<opcode="icmp(45) " fcode="icmp"/>
<opset="icmp_ln199/1 "/>
</bind>
</comp>

<comp id="171" class="1004" name="add_ln199_1_fu_171">
<pin_list>
<pin id="172" dir="0" index="0" bw="7" slack="0"/>
<pin id="173" dir="0" index="1" bw="1" slack="0"/>
<pin id="174" dir="1" index="2" bw="7" slack="0"/>
</pin_list>
<bind>
<opcode="add(8) " fcode="add"/>
<opset="add_ln199_1/1 "/>
</bind>
</comp>

<comp id="177" class="1004" name="j_load_load_fu_177">
<pin_list>
<pin id="178" dir="0" index="0" bw="4" slack="0"/>
<pin id="179" dir="1" index="1" bw="4" slack="0"/>
</pin_list>
<bind>
<opcode="load(27) " fcode="load"/>
<opset="j_load/1 "/>
</bind>
</comp>

<comp id="180" class="1004" name="i_load_load_fu_180">
<pin_list>
<pin id="181" dir="0" index="0" bw="4" slack="0"/>
<pin id="182" dir="1" index="1" bw="4" slack="0"/>
</pin_list>
<bind>
<opcode="load(27) " fcode="load"/>
<opset="i_load/1 "/>
</bind>
</comp>

<comp id="183" class="1004" name="add_ln199_fu_183">
<pin_list>
<pin id="184" dir="0" index="0" bw="4" slack="0"/>
<pin id="185" dir="0" index="1" bw="1" slack="0"/>
<pin id="186" dir="1" index="2" bw="4" slack="0"/>
</pin_list>
<bind>
<opcode="add(8) " fcode="add"/>
<opset="add_ln199/1 "/>
</bind>
</comp>

<comp id="189" class="1004" name="icmp_ln200_fu_189">
<pin_list>
<pin id="190" dir="0" index="0" bw="4" slack="0"/>
<pin id="191" dir="0" index="1" bw="4" slack="0"/>
<pin id="192" dir="1" index="2" bw="1" slack="0"/>
</pin_list>
<bind>
<opcode="icmp(45) " fcode="icmp"/>
<opset="icmp_ln200/1 "/>
</bind>
</comp>

<comp id="195" class="1004" name="select_ln199_fu_195">
<pin_list>
<pin id="196" dir="0" index="0" bw="1" slack="0"/>
<pin id="197" dir="0" index="1" bw="4" slack="0"/>
<pin id="198" dir="0" index="2" bw="4" slack="0"/>
<pin id="199" dir="1" index="3" bw="4" slack="0"/>
</pin_list>
<bind>
<opcode="select(49) " fcode="select"/>
<opset="select_ln199/1 "/>
</bind>
</comp>

<comp id="203" class="1004" name="select_ln199_1_fu_203">
<pin_list>
<pin id="204" dir="0" index="0" bw="1" slack="0"/>
<pin id="205" dir="0" index="1" bw="4" slack="0"/>
<pin id="206" dir="0" index="2" bw="4" slack="0"/>
<pin id="207" dir="1" index="3" bw="4" slack="0"/>
</pin_list>
<bind>
<opcode="select(49) " fcode="select"/>
<opset="select_ln199_1/1 "/>
</bind>
</comp>

<comp id="211" class="1004" name="tmp_6_fu_211">
<pin_list>
<pin id="212" dir="0" index="0" bw="7" slack="0"/>
<pin id="213" dir="0" index="1" bw="4" slack="0"/>
<pin id="214" dir="0" index="2" bw="1" slack="0"/>
<pin id="215" dir="1" index="3" bw="7" slack="0"/>
</pin_list>
<bind>
<opcode="bitconcatenate(1004) " fcode="bitconcatenate"/>
<opset="tmp_6/1 "/>
</bind>
</comp>

<comp id="219" class="1004" name="tmp_7_fu_219">
<pin_list>
<pin id="220" dir="0" index="0" bw="5" slack="0"/>
<pin id="221" dir="0" index="1" bw="4" slack="0"/>
<pin id="222" dir="0" index="2" bw="1" slack="0"/>
<pin id="223" dir="1" index="3" bw="5" slack="0"/>
</pin_list>
<bind>
<opcode="bitconcatenate(1004) " fcode="bitconcatenate"/>
<opset="tmp_7/1 "/>
</bind>
</comp>

<comp id="227" class="1004" name="zext_ln201_fu_227">
<pin_list>
<pin id="228" dir="0" index="0" bw="5" slack="0"/>
<pin id="229" dir="1" index="1" bw="7" slack="0"/>
</pin_list>
<bind>
<opcode="zext(34) " fcode="zext"/>
<opset="zext_ln201/1 "/>
</bind>
</comp>

<comp id="231" class="1004" name="add_ln201_fu_231">
<pin_list>
<pin id="232" dir="0" index="0" bw="7" slack="0"/>
<pin id="233" dir="0" index="1" bw="5" slack="0"/>
<pin id="234" dir="1" index="2" bw="7" slack="0"/>
</pin_list>
<bind>
<opcode="add(8) " fcode="add"/>
<opset="add_ln201/1 "/>
</bind>
</comp>

<comp id="237" class="1004" name="zext_ln201_1_fu_237">
<pin_list>
<pin id="238" dir="0" index="0" bw="4" slack="0"/>
<pin id="239" dir="1" index="1" bw="7" slack="0"/>
</pin_list>
<bind>
<opcode="zext(34) " fcode="zext"/>
<opset="zext_ln201_1/1 "/>
</bind>
</comp>

<comp id="241" class="1004" name="add_ln201_1_fu_241">
<pin_list>
<pin id="242" dir="0" index="0" bw="7" slack="0"/>
<pin id="243" dir="0" index="1" bw="4" slack="0"/>
<pin id="244" dir="1" index="2" bw="7" slack="0"/>
</pin_list>
<bind>
<opcode="add(8) " fcode="add"/>
<opset="add_ln201_1/1 "/>
</bind>
</comp>

<comp id="247" class="1004" name="zext_ln201_2_fu_247">
<pin_list>
<pin id="248" dir="0" index="0" bw="7" slack="0"/>
<pin id="249" dir="1" index="1" bw="64" slack="0"/>
</pin_list>
<bind>
<opcode="zext(34) " fcode="zext"/>
<opset="zext_ln201_2/1 "/>
</bind>
</comp>

<comp id="254" class="1004" name="add_ln200_fu_254">
<pin_list>
<pin id="255" dir="0" index="0" bw="4" slack="0"/>
<pin id="256" dir="0" index="1" bw="1" slack="0"/>
<pin id="257" dir="1" index="2" bw="4" slack="0"/>
</pin_list>
<bind>
<opcode="add(8) " fcode="add"/>
<opset="add_ln200/1 "/>
</bind>
</comp>

<comp id="260" class="1004" name="store_ln200_store_fu_260">
<pin_list>
<pin id="261" dir="0" index="0" bw="7" slack="0"/>
<pin id="262" dir="0" index="1" bw="7" slack="0"/>
<pin id="263" dir="1" index="2" bw="0" slack="2147483647"/>
</pin_list>
<bind>
<opcode="store(28) " fcode="store"/>
<opset="store_ln200/1 "/>
</bind>
</comp>

<comp id="265" class="1004" name="store_ln200_store_fu_265">
<pin_list>
<pin id="266" dir="0" index="0" bw="4" slack="0"/>
<pin id="267" dir="0" index="1" bw="4" slack="0"/>
<pin id="268" dir="1" index="2" bw="0" slack="2147483647"/>
</pin_list>
<bind>
<opcode="store(28) " fcode="store"/>
<opset="store_ln200/1 "/>
</bind>
</comp>

<comp id="270" class="1004" name="store_ln200_store_fu_270">
<pin_list>
<pin id="271" dir="0" index="0" bw="4" slack="0"/>
<pin id="272" dir="0" index="1" bw="4" slack="0"/>
<pin id="273" dir="1" index="2" bw="0" slack="2147483647"/>
</pin_list>
<bind>
<opcode="store(28) " fcode="store"/>
<opset="store_ln200/1 "/>
</bind>
</comp>

<comp id="275" class="1005" name="j_reg_275">
<pin_list>
<pin id="276" dir="0" index="0" bw="4" slack="0"/>
<pin id="277" dir="1" index="1" bw="4" slack="0"/>
</pin_list>
<bind>
<opset="j "/>
</bind>
</comp>

<comp id="282" class="1005" name="i_reg_282">
<pin_list>
<pin id="283" dir="0" index="0" bw="4" slack="0"/>
<pin id="284" dir="1" index="1" bw="4" slack="0"/>
</pin_list>
<bind>
<opset="i "/>
</bind>
</comp>

<comp id="289" class="1005" name="indvar_flatten6_reg_289">
<pin_list>
<pin id="290" dir="0" index="0" bw="7" slack="0"/>
<pin id="291" dir="1" index="1" bw="7" slack="0"/>
</pin_list>
<bind>
<opset="indvar_flatten6 "/>
</bind>
</comp>

<comp id="299" class="1005" name="zext_ln201_2_reg_299">
<pin_list>
<pin id="300" dir="0" index="0" bw="64" slack="1"/>
<pin id="301" dir="1" index="1" bw="64" slack="1"/>
</pin_list>
<bind>
<opset="zext_ln201_2 "/>
</bind>
</comp>

<comp id="306" class="1005" name="clusterGrid_x_addr_reg_306">
<pin_list>
<pin id="307" dir="0" index="0" bw="7" slack="1"/>
<pin id="308" dir="1" index="1" bw="7" slack="1"/>
</pin_list>
<bind>
<opset="clusterGrid_x_addr "/>
</bind>
</comp>

<comp id="311" class="1005" name="clusterGrid_y_addr_reg_311">
<pin_list>
<pin id="312" dir="0" index="0" bw="7" slack="1"/>
<pin id="313" dir="1" index="1" bw="7" slack="1"/>
</pin_list>
<bind>
<opset="clusterGrid_y_addr "/>
</bind>
</comp>

<comp id="316" class="1005" name="clusterGrid_clusterID_addr_reg_316">
<pin_list>
<pin id="317" dir="0" index="0" bw="7" slack="1"/>
<pin id="318" dir="1" index="1" bw="7" slack="1"/>
</pin_list>
<bind>
<opset="clusterGrid_clusterID_addr "/>
</bind>
</comp>

</comp_list>

<net_list>
<net id="57"><net_src comp="12" pin="0"/><net_sink comp="54" pin=0"/></net>

<net id="61"><net_src comp="12" pin="0"/><net_sink comp="58" pin=0"/></net>

<net id="65"><net_src comp="12" pin="0"/><net_sink comp="62" pin=0"/></net>

<net id="71"><net_src comp="6" pin="0"/><net_sink comp="66" pin=0"/></net>

<net id="72"><net_src comp="42" pin="0"/><net_sink comp="66" pin=1"/></net>

<net id="78"><net_src comp="8" pin="0"/><net_sink comp="73" pin=0"/></net>

<net id="79"><net_src comp="42" pin="0"/><net_sink comp="73" pin=1"/></net>

<net id="85"><net_src comp="10" pin="0"/><net_sink comp="80" pin=0"/></net>

<net id="86"><net_src comp="42" pin="0"/><net_sink comp="80" pin=1"/></net>

<net id="92"><net_src comp="66" pin="3"/><net_sink comp="87" pin=0"/></net>

<net id="98"><net_src comp="73" pin="3"/><net_sink comp="93" pin=0"/></net>

<net id="104"><net_src comp="80" pin="3"/><net_sink comp="99" pin=0"/></net>

<net id="110"><net_src comp="0" pin="0"/><net_sink comp="105" pin=0"/></net>

<net id="111"><net_src comp="42" pin="0"/><net_sink comp="105" pin=1"/></net>

<net id="117"><net_src comp="2" pin="0"/><net_sink comp="112" pin=0"/></net>

<net id="118"><net_src comp="42" pin="0"/><net_sink comp="112" pin=1"/></net>

<net id="124"><net_src comp="4" pin="0"/><net_sink comp="119" pin=0"/></net>

<net id="125"><net_src comp="42" pin="0"/><net_sink comp="119" pin=1"/></net>

<net id="131"><net_src comp="87" pin="3"/><net_sink comp="126" pin=1"/></net>

<net id="132"><net_src comp="105" pin="3"/><net_sink comp="126" pin=0"/></net>

<net id="138"><net_src comp="93" pin="3"/><net_sink comp="133" pin=1"/></net>

<net id="139"><net_src comp="112" pin="3"/><net_sink comp="133" pin=0"/></net>

<net id="145"><net_src comp="99" pin="3"/><net_sink comp="140" pin=1"/></net>

<net id="146"><net_src comp="119" pin="3"/><net_sink comp="140" pin=0"/></net>

<net id="151"><net_src comp="14" pin="0"/><net_sink comp="147" pin=0"/></net>

<net id="156"><net_src comp="16" pin="0"/><net_sink comp="152" pin=0"/></net>

<net id="161"><net_src comp="16" pin="0"/><net_sink comp="157" pin=0"/></net>

<net id="169"><net_src comp="162" pin="1"/><net_sink comp="165" pin=0"/></net>

<net id="170"><net_src comp="26" pin="0"/><net_sink comp="165" pin=1"/></net>

<net id="175"><net_src comp="162" pin="1"/><net_sink comp="171" pin=0"/></net>

<net id="176"><net_src comp="28" pin="0"/><net_sink comp="171" pin=1"/></net>

<net id="187"><net_src comp="180" pin="1"/><net_sink comp="183" pin=0"/></net>

<net id="188"><net_src comp="30" pin="0"/><net_sink comp="183" pin=1"/></net>

<net id="193"><net_src comp="177" pin="1"/><net_sink comp="189" pin=0"/></net>

<net id="194"><net_src comp="32" pin="0"/><net_sink comp="189" pin=1"/></net>

<net id="200"><net_src comp="189" pin="2"/><net_sink comp="195" pin=0"/></net>

<net id="201"><net_src comp="16" pin="0"/><net_sink comp="195" pin=1"/></net>

<net id="202"><net_src comp="177" pin="1"/><net_sink comp="195" pin=2"/></net>

<net id="208"><net_src comp="189" pin="2"/><net_sink comp="203" pin=0"/></net>

<net id="209"><net_src comp="183" pin="2"/><net_sink comp="203" pin=1"/></net>

<net id="210"><net_src comp="180" pin="1"/><net_sink comp="203" pin=2"/></net>

<net id="216"><net_src comp="34" pin="0"/><net_sink comp="211" pin=0"/></net>

<net id="217"><net_src comp="203" pin="3"/><net_sink comp="211" pin=1"/></net>

<net id="218"><net_src comp="36" pin="0"/><net_sink comp="211" pin=2"/></net>

<net id="224"><net_src comp="38" pin="0"/><net_sink comp="219" pin=0"/></net>

<net id="225"><net_src comp="203" pin="3"/><net_sink comp="219" pin=1"/></net>

<net id="226"><net_src comp="40" pin="0"/><net_sink comp="219" pin=2"/></net>

<net id="230"><net_src comp="219" pin="3"/><net_sink comp="227" pin=0"/></net>

<net id="235"><net_src comp="211" pin="3"/><net_sink comp="231" pin=0"/></net>

<net id="236"><net_src comp="227" pin="1"/><net_sink comp="231" pin=1"/></net>

<net id="240"><net_src comp="195" pin="3"/><net_sink comp="237" pin=0"/></net>

<net id="245"><net_src comp="231" pin="2"/><net_sink comp="241" pin=0"/></net>

<net id="246"><net_src comp="237" pin="1"/><net_sink comp="241" pin=1"/></net>

<net id="250"><net_src comp="241" pin="2"/><net_sink comp="247" pin=0"/></net>

<net id="251"><net_src comp="247" pin="1"/><net_sink comp="66" pin=2"/></net>

<net id="252"><net_src comp="247" pin="1"/><net_sink comp="73" pin=2"/></net>

<net id="253"><net_src comp="247" pin="1"/><net_sink comp="80" pin=2"/></net>

<net id="258"><net_src comp="195" pin="3"/><net_sink comp="254" pin=0"/></net>

<net id="259"><net_src comp="30" pin="0"/><net_sink comp="254" pin=1"/></net>

<net id="264"><net_src comp="171" pin="2"/><net_sink comp="260" pin=0"/></net>

<net id="269"><net_src comp="203" pin="3"/><net_sink comp="265" pin=0"/></net>

<net id="274"><net_src comp="254" pin="2"/><net_sink comp="270" pin=0"/></net>

<net id="278"><net_src comp="54" pin="1"/><net_sink comp="275" pin=0"/></net>

<net id="279"><net_src comp="275" pin="1"/><net_sink comp="157" pin=1"/></net>

<net id="280"><net_src comp="275" pin="1"/><net_sink comp="177" pin=0"/></net>

<net id="281"><net_src comp="275" pin="1"/><net_sink comp="270" pin=1"/></net>

<net id="285"><net_src comp="58" pin="1"/><net_sink comp="282" pin=0"/></net>

<net id="286"><net_src comp="282" pin="1"/><net_sink comp="152" pin=1"/></net>

<net id="287"><net_src comp="282" pin="1"/><net_sink comp="180" pin=0"/></net>

<net id="288"><net_src comp="282" pin="1"/><net_sink comp="265" pin=1"/></net>

<net id="292"><net_src comp="62" pin="1"/><net_sink comp="289" pin=0"/></net>

<net id="293"><net_src comp="289" pin="1"/><net_sink comp="147" pin=1"/></net>

<net id="294"><net_src comp="289" pin="1"/><net_sink comp="162" pin=0"/></net>

<net id="295"><net_src comp="289" pin="1"/><net_sink comp="260" pin=1"/></net>

<net id="302"><net_src comp="247" pin="1"/><net_sink comp="299" pin=0"/></net>

<net id="303"><net_src comp="299" pin="1"/><net_sink comp="105" pin=2"/></net>

<net id="304"><net_src comp="299" pin="1"/><net_sink comp="112" pin=2"/></net>

<net id="305"><net_src comp="299" pin="1"/><net_sink comp="119" pin=2"/></net>

<net id="309"><net_src comp="66" pin="3"/><net_sink comp="306" pin=0"/></net>

<net id="310"><net_src comp="306" pin="1"/><net_sink comp="87" pin=0"/></net>

<net id="314"><net_src comp="73" pin="3"/><net_sink comp="311" pin=0"/></net>

<net id="315"><net_src comp="311" pin="1"/><net_sink comp="93" pin=0"/></net>

<net id="319"><net_src comp="80" pin="3"/><net_sink comp="316" pin=0"/></net>

<net id="320"><net_src comp="316" pin="1"/><net_sink comp="99" pin=0"/></net>

</net_list>

</model> 
---------------- Datapath Model END ------------------

* FSMD analyzer results:
  - Output states:
	Port: clusterArray_x | {2 }
	Port: clusterArray_y | {2 }
	Port: clusterArray_clusterID | {2 }
 - Input state : 
	Port: naive_findClustersHLS1_Pipeline_VITIS_LOOP_199_5_VITIS_LOOP_200_6 : clusterGrid_x | {1 2 }
	Port: naive_findClustersHLS1_Pipeline_VITIS_LOOP_199_5_VITIS_LOOP_200_6 : clusterGrid_y | {1 2 }
	Port: naive_findClustersHLS1_Pipeline_VITIS_LOOP_199_5_VITIS_LOOP_200_6 : clusterGrid_clusterID | {1 2 }
  - Chain level:
	State 1
		store_ln0 : 1
		store_ln0 : 1
		store_ln0 : 1
		indvar_flatten6_load : 1
		icmp_ln199 : 2
		add_ln199_1 : 2
		br_ln199 : 3
		j_load : 1
		i_load : 1
		add_ln199 : 2
		icmp_ln200 : 2
		select_ln199 : 3
		select_ln199_1 : 3
		tmp_6 : 4
		tmp_7 : 4
		zext_ln201 : 5
		add_ln201 : 6
		zext_ln201_1 : 4
		add_ln201_1 : 7
		zext_ln201_2 : 8
		clusterGrid_x_addr : 9
		clusterGrid_y_addr : 9
		clusterGrid_clusterID_addr : 9
		clusterGrid_x_load : 10
		clusterGrid_y_load : 10
		clusterGrid_clusterID_load : 10
		add_ln200 : 4
		store_ln200 : 3
		store_ln200 : 4
		store_ln200 : 5
	State 2
		store_ln201 : 1
		store_ln201 : 1
		store_ln201 : 1


============================================================
+ Verbose Summary: Datapath Resource usage 
============================================================

* Functional unit list:
|----------|-----------------------|---------|---------|
| Operation|    Functional Unit    |    FF   |   LUT   |
|----------|-----------------------|---------|---------|
|          |   add_ln199_1_fu_171  |    0    |    14   |
|          |    add_ln199_fu_183   |    0    |    12   |
|    add   |    add_ln201_fu_231   |    0    |    16   |
|          |   add_ln201_1_fu_241  |    0    |    16   |
|          |    add_ln200_fu_254   |    0    |    12   |
|----------|-----------------------|---------|---------|
|   icmp   |   icmp_ln199_fu_165   |    0    |    14   |
|          |   icmp_ln200_fu_189   |    0    |    12   |
|----------|-----------------------|---------|---------|
|  select  |  select_ln199_fu_195  |    0    |    4    |
|          | select_ln199_1_fu_203 |    0    |    4    |
|----------|-----------------------|---------|---------|
|bitconcatenate|      tmp_6_fu_211     |    0    |    0    |
|          |      tmp_7_fu_219     |    0    |    0    |
|----------|-----------------------|---------|---------|
|          |   zext_ln201_fu_227   |    0    |    0    |
|   zext   |  zext_ln201_1_fu_237  |    0    |    0    |
|          |  zext_ln201_2_fu_247  |    0    |    0    |
|----------|-----------------------|---------|---------|
|   Total  |                       |    0    |   104   |
|----------|-----------------------|---------|---------|

Memories:
N/A

* Register list:
+----------------------------------+--------+
|                                  |   FF   |
+----------------------------------+--------+
|clusterGrid_clusterID_addr_reg_316|    7   |
|    clusterGrid_x_addr_reg_306    |    7   |
|    clusterGrid_y_addr_reg_311    |    7   |
|             i_reg_282            |    4   |
|      indvar_flatten6_reg_289     |    7   |
|             j_reg_275            |    4   |
|       zext_ln201_2_reg_299       |   64   |
+----------------------------------+--------+
|               Total              |   100  |
+----------------------------------+--------+

* Multiplexer (MUX) list: 
|------------------|------|------|------|--------||---------||---------|
|       Comp       |  Pin | Size |  BW  | S x BW ||  Delay  ||   LUT   |
|------------------|------|------|------|--------||---------||---------|
| grp_access_fu_87 |  p0  |   2  |   7  |   14   ||    9    |
| grp_access_fu_93 |  p0  |   2  |   7  |   14   ||    9    |
| grp_access_fu_99 |  p0  |   2  |   7  |   14   ||    9    |
|------------------|------|------|------|--------||---------||---------|
|       Total      |      |      |      |   42   ||   1.38  ||    27   |
|------------------|------|------|------|--------||---------||---------|



* Summary:
+-----------+--------+--------+--------+
|           |  Delay |   FF   |   LUT  |
+-----------+--------+--------+--------+
|  Function |    -   |    0   |   104  |
|   Memory  |    -   |    -   |    -   |
|Multiplexer|    1   |    -   |   27   |
|  Register |    -   |   100  |    -   |
+-----------+--------+--------+--------+
|   Total   |    1   |   100  |   131  |
+-----------+--------+--------+--------+
