

================================================================
== Vitis HLS Report for 'naive_findClustersHLS1_Pipeline_1'
================================================================
* Date:           Thu Apr 24 10:01:40 2025

* Version:        2023.1 (Build 3854077 on May  4 2023)
* Project:        clustering
* Solution:       solution1 (Vivado IP Flow Target)
* Product family: virtexuplus
* Target device:  xcvu11p-flga2577-1-e


================================================================
== Performance Estimates
================================================================
+ Timing: 
    * Summary: 
    +--------+----------+----------+------------+
    |  Clock |  Target  | Estimated| Uncertainty|
    +--------+----------+----------+------------+
    |ap_clk  |  10.00 ns|  2.152 ns|     2.70 ns|
    +--------+----------+----------+------------+

+ Latency: 
    * Summary: 
    +---------+---------+----------+----------+-----+-----+---------+
    |  Latency (cycles) |  Latency (absolute) |  Interval | Pipeline|
    |   min   |   max   |    min   |    max   | min | max |   Type  |
    +---------+---------+----------+----------+-----+-----+---------+
    |       51|       51|  0.510 us|  0.510 us|   51|   51|       no|
    +---------+---------+----------+----------+-----+-----+---------+

    + Detail: 
        * Instance: 
        N/A

        * Loop: 
        +----------+---------+---------+----------+-----------+-----------+------+----------+
        |          |  Latency (cycles) | Iteration|  Initiation Interval  | Trip |          |
        | Loop Name|   min   |   max   |  Latency |  achieved |   target  | Count| Pipelined|
        +----------+---------+---------+----------+-----------+-----------+------+----------+
        |- Loop 1  |       49|       49|         5|          5|          1|    10|       yes|
        +----------+---------+---------+----------+-----------+-----------+------+----------+

============================================================
+ Verbose Summary: Synthesis Manager
============================================================
InlineROM: 1
ExposeGlobal: 0
============================================================
+ Verbose Summary: CDFG Model
============================================================
IsTopModel: 0
ResetActiveHigh: 1
IsCombinational: 0
IsDatapathOnly: 0
HasWiredReturn: 1
HasMFsm: 2
HasVarLatency: 1
IsPipeline: 0
IsRtlPipelined: 0
IsInstanceOverlapped: 0
IsDontTouch: 0
HasImplIP: 0
IsGatedGlobalClock: 0

+ Individual pipeline summary: 
  * Pipeline-0: initiation interval (II) = 5, depth = 5


============================================================
+ Verbose Summary: Schedule
============================================================
* Number of FSM states : 5
* Pipeline : 1
  Pipeline-0 : II = 5, D = 5, States = { 1 2 3 4 5 }
* Dataflow Pipeline: 0

* FSM state transitions: 
1 --> 2 
2 --> 3 
3 --> 4 
4 --> 5 
5 --> 

* FSM state operations: 

State 1 <SV = 0> <Delay = 2.15>
ST_1 : Operation 8 [1/1] (0.00ns)   --->   "%indvars_iv117 = alloca i32 1"   --->   Operation 8 'alloca' 'indvars_iv117' <Predicate = true> <Delay = 0.00>
ST_1 : Operation 9 [1/1] (0.46ns)   --->   "%store_ln0 = store i4 0, i4 %indvars_iv117"   --->   Operation 9 'store' 'store_ln0' <Predicate = true> <Delay = 0.46>
ST_1 : Operation 10 [1/1] (0.00ns)   --->   "%br_ln0 = br void %arrayctor.loop"   --->   Operation 10 'br' 'br_ln0' <Predicate = true> <Delay = 0.00>
ST_1 : Operation 11 [1/1] (0.00ns)   --->   "%indvars_iv117_load = load i4 %indvars_iv117" [cluster.cpp:142]   --->   Operation 11 'load' 'indvars_iv117_load' <Predicate = true> <Delay = 0.00>
ST_1 : Operation 12 [1/1] (0.00ns)   --->   "%tmp = bitconcatenate i7 @_ssdm_op_BitConcatenate.i7.i4.i3, i4 %indvars_iv117_load, i3 0" [cluster.cpp:142]   --->   Operation 12 'bitconcatenate' 'tmp' <Predicate = true> <Delay = 0.00>
ST_1 : Operation 13 [1/1] (0.00ns)   --->   "%tmp_1 = bitconcatenate i5 @_ssdm_op_BitConcatenate.i5.i4.i1, i4 %indvars_iv117_load, i1 0" [cluster.cpp:142]   --->   Operation 13 'bitconcatenate' 'tmp_1' <Predicate = true> <Delay = 0.00>
ST_1 : Operation 14 [1/1] (0.00ns)   --->   "%zext_ln142 = zext i5 %tmp_1" [cluster.cpp:142]   --->   Operation 14 'zext' 'zext_ln142' <Predicate = true> <Delay = 0.00>
ST_1 : Operation 15 [1/1] (0.85ns)   --->   "%add_ln142_1 = add i7 %tmp, i7 %zext_ln142" [cluster.cpp:142]   --->   Operation 15 'add' 'add_ln142_1' <Predicate = true> <Delay = 0.85> <CoreInst = "Adder">   --->   Core 1 'Adder' <Latency = 0> <II = 1> <Delay = 0.85> <FuncUnit> <Opcode : 'add' 'sub'> <InPorts = 2> <OutPorts = 1>
ST_1 : Operation 16 [1/1] (0.00ns)   --->   "%zext_ln142_1 = zext i7 %add_ln142_1" [cluster.cpp:142]   --->   Operation 16 'zext' 'zext_ln142_1' <Predicate = true> <Delay = 0.00>
ST_1 : Operation 17 [1/1] (0.00ns)   --->   "%clusterGrid_x_addr_2 = getelementptr i32 %clusterGrid_x, i64 0, i64 %zext_ln142_1" [cluster.cpp:142]   --->   Operation 17 'getelementptr' 'clusterGrid_x_addr_2' <Predicate = true> <Delay = 0.00>
ST_1 : Operation 18 [1/1] (0.00ns)   --->   "%or_ln142 = or i7 %add_ln142_1, i7 1" [cluster.cpp:142]   --->   Operation 18 'or' 'or_ln142' <Predicate = true> <Delay = 0.00>
ST_1 : Operation 19 [1/1] (0.00ns)   --->   "%zext_ln142_2 = zext i7 %or_ln142" [cluster.cpp:142]   --->   Operation 19 'zext' 'zext_ln142_2' <Predicate = true> <Delay = 0.00>
ST_1 : Operation 20 [1/1] (0.00ns)   --->   "%clusterGrid_x_addr_3 = getelementptr i32 %clusterGrid_x, i64 0, i64 %zext_ln142_2" [cluster.cpp:142]   --->   Operation 20 'getelementptr' 'clusterGrid_x_addr_3' <Predicate = true> <Delay = 0.00>
ST_1 : Operation 21 [1/1] (0.00ns)   --->   "%clusterGrid_y_addr_2 = getelementptr i32 %clusterGrid_y, i64 0, i64 %zext_ln142_1" [cluster.cpp:142]   --->   Operation 21 'getelementptr' 'clusterGrid_y_addr_2' <Predicate = true> <Delay = 0.00>
ST_1 : Operation 22 [1/1] (0.00ns)   --->   "%clusterGrid_y_addr_3 = getelementptr i32 %clusterGrid_y, i64 0, i64 %zext_ln142_2" [cluster.cpp:142]   --->   Operation 22 'getelementptr' 'clusterGrid_y_addr_3' <Predicate = true> <Delay = 0.00>
ST_1 : Operation 23 [1/1] (0.00ns)   --->   "%clusterGrid_clusterID_addr_2 = getelementptr i32 %clusterGrid_clusterID, i64 0, i64 %zext_ln142_1" [cluster.cpp:142]   --->   Operation 23 'getelementptr' 'clusterGrid_clusterID_addr_2' <Predicate = true> <Delay = 0.00>
ST_1 : Operation 24 [1/1] (0.00ns)   --->   "%clusterGrid_clusterID_addr_3 = getelementptr i32 %clusterGrid_clusterID, i64 0, i64 %zext_ln142_2" [cluster.cpp:142]   --->   Operation 24 'getelementptr' 'clusterGrid_clusterID_addr_3' <Predicate = true> <Delay = 0.00>
ST_1 : Operation 25 [1/1] (1.29ns)   --->   "%store_ln37 = store i32 0, i7 %clusterGrid_x_addr_2" [./cluster.hpp:37->cluster.cpp:142]   --->   Operation 25 'store' 'store_ln37' <Predicate = true> <Delay = 1.29> <CoreInst = "RAM">   --->   Core 83 'RAM' <Latency = 1> <II = 1> <Delay = 1.29> <Storage> <Opcode : 'load' 'store'> <Ports = 2> <Width = 32> <Depth = 100> <RAM>
ST_1 : Operation 26 [1/1] (1.29ns)   --->   "%store_ln37 = store i32 0, i7 %clusterGrid_y_addr_2" [./cluster.hpp:37->cluster.cpp:142]   --->   Operation 26 'store' 'store_ln37' <Predicate = true> <Delay = 1.29> <CoreInst = "RAM">   --->   Core 83 'RAM' <Latency = 1> <II = 1> <Delay = 1.29> <Storage> <Opcode : 'load' 'store'> <Ports = 2> <Width = 32> <Depth = 100> <RAM>
ST_1 : Operation 27 [1/1] (1.29ns)   --->   "%store_ln37 = store i32 0, i7 %clusterGrid_clusterID_addr_2" [./cluster.hpp:37->cluster.cpp:142]   --->   Operation 27 'store' 'store_ln37' <Predicate = true> <Delay = 1.29> <CoreInst = "RAM">   --->   Core 83 'RAM' <Latency = 1> <II = 1> <Delay = 1.29> <Storage> <Opcode : 'load' 'store'> <Ports = 2> <Width = 32> <Depth = 100> <RAM>
ST_1 : Operation 28 [1/1] (1.29ns)   --->   "%store_ln37 = store i32 0, i7 %clusterGrid_x_addr_3" [./cluster.hpp:37->cluster.cpp:142]   --->   Operation 28 'store' 'store_ln37' <Predicate = true> <Delay = 1.29> <CoreInst = "RAM">   --->   Core 83 'RAM' <Latency = 1> <II = 1> <Delay = 1.29> <Storage> <Opcode : 'load' 'store'> <Ports = 2> <Width = 32> <Depth = 100> <RAM>
ST_1 : Operation 29 [1/1] (1.29ns)   --->   "%store_ln37 = store i32 0, i7 %clusterGrid_y_addr_3" [./cluster.hpp:37->cluster.cpp:142]   --->   Operation 29 'store' 'store_ln37' <Predicate = true> <Delay = 1.29> <CoreInst = "RAM">   --->   Core 83 'RAM' <Latency = 1> <II = 1> <Delay = 1.29> <Storage> <Opcode : 'load' 'store'> <Ports = 2> <Width = 32> <Depth = 100> <RAM>
ST_1 : Operation 30 [1/1] (1.29ns)   --->   "%store_ln37 = store i32 0, i7 %clusterGrid_clusterID_addr_3" [./cluster.hpp:37->cluster.cpp:142]   --->   Operation 30 'store' 'store_ln37' <Predicate = true> <Delay = 1.29> <CoreInst = "RAM">   --->   Core 83 'RAM' <Latency = 1> <II = 1> <Delay = 1.29> <Storage> <Opcode : 'load' 'store'> <Ports = 2> <Width = 32> <Depth = 100> <RAM>
ST_1 : Operation 31 [1/1] (0.80ns)   --->   "%add_ln142 = add i4 %indvars_iv117_load, i4 1" [cluster.cpp:142]   --->   Operation 31 'add' 'add_ln142' <Predicate = true> <Delay = 0.80> <CoreInst = "Adder">   --->   Core 1 'Adder' <Latency = 0> <II = 1> <Delay = 0.80> <FuncUnit> <Opcode : 'add' 'sub'> <InPorts = 2> <OutPorts = 1>
ST_1 : Operation 32 [1/1] (0.80ns)   --->   "%icmp_ln142 = icmp_eq  i4 %indvars_iv117_load, i4 9" [cluster.cpp:142]   --->   Operation 32 'icmp' 'icmp_ln142' <Predicate = true> <Delay = 0.80> <CoreInst = "Cmp">   --->   Core 9 'Cmp' <Latency = 0> <II = 1> <Delay = 0.80> <FuncUnit> <Opcode : 'icmp'> <InPorts = 2> <OutPorts = 1>
ST_1 : Operation 33 [1/1] (0.46ns)   --->   "%store_ln142 = store i4 %add_ln142, i4 %indvars_iv117" [cluster.cpp:142]   --->   Operation 33 'store' 'store_ln142' <Predicate = true> <Delay = 0.46>

State 2 <SV = 1> <Delay = 2.15>
ST_2 : Operation 34 [1/1] (0.85ns)   --->   "%add_ln142_2 = add i7 %add_ln142_1, i7 2" [cluster.cpp:142]   --->   Operation 34 'add' 'add_ln142_2' <Predicate = true> <Delay = 0.85> <CoreInst = "Adder">   --->   Core 1 'Adder' <Latency = 0> <II = 1> <Delay = 0.85> <FuncUnit> <Opcode : 'add' 'sub'> <InPorts = 2> <OutPorts = 1>
ST_2 : Operation 35 [1/1] (0.00ns)   --->   "%zext_ln142_3 = zext i7 %add_ln142_2" [cluster.cpp:142]   --->   Operation 35 'zext' 'zext_ln142_3' <Predicate = true> <Delay = 0.00>
ST_2 : Operation 36 [1/1] (0.00ns)   --->   "%clusterGrid_x_addr_4 = getelementptr i32 %clusterGrid_x, i64 0, i64 %zext_ln142_3" [cluster.cpp:142]   --->   Operation 36 'getelementptr' 'clusterGrid_x_addr_4' <Predicate = true> <Delay = 0.00>
ST_2 : Operation 37 [1/1] (0.85ns)   --->   "%add_ln142_3 = add i7 %add_ln142_1, i7 3" [cluster.cpp:142]   --->   Operation 37 'add' 'add_ln142_3' <Predicate = true> <Delay = 0.85> <CoreInst = "Adder">   --->   Core 1 'Adder' <Latency = 0> <II = 1> <Delay = 0.85> <FuncUnit> <Opcode : 'add' 'sub'> <InPorts = 2> <OutPorts = 1>
ST_2 : Operation 38 [1/1] (0.00ns)   --->   "%zext_ln142_4 = zext i7 %add_ln142_3" [cluster.cpp:142]   --->   Operation 38 'zext' 'zext_ln142_4' <Predicate = true> <Delay = 0.00>
ST_2 : Operation 39 [1/1] (0.00ns)   --->   "%clusterGrid_x_addr_5 = getelementptr i32 %clusterGrid_x, i64 0, i64 %zext_ln142_4" [cluster.cpp:142]   --->   Operation 39 'getelementptr' 'clusterGrid_x_addr_5' <Predicate = true> <Delay = 0.00>
ST_2 : Operation 40 [1/1] (0.00ns)   --->   "%clusterGrid_y_addr_4 = getelementptr i32 %clusterGrid_y, i64 0, i64 %zext_ln142_3" [cluster.cpp:142]   --->   Operation 40 'getelementptr' 'clusterGrid_y_addr_4' <Predicate = true> <Delay = 0.00>
ST_2 : Operation 41 [1/1] (0.00ns)   --->   "%clusterGrid_y_addr_5 = getelementptr i32 %clusterGrid_y, i64 0, i64 %zext_ln142_4" [cluster.cpp:142]   --->   Operation 41 'getelementptr' 'clusterGrid_y_addr_5' <Predicate = true> <Delay = 0.00>
ST_2 : Operation 42 [1/1] (0.00ns)   --->   "%clusterGrid_clusterID_addr_4 = getelementptr i32 %clusterGrid_clusterID, i64 0, i64 %zext_ln142_3" [cluster.cpp:142]   --->   Operation 42 'getelementptr' 'clusterGrid_clusterID_addr_4' <Predicate = true> <Delay = 0.00>
ST_2 : Operation 43 [1/1] (0.00ns)   --->   "%clusterGrid_clusterID_addr_5 = getelementptr i32 %clusterGrid_clusterID, i64 0, i64 %zext_ln142_4" [cluster.cpp:142]   --->   Operation 43 'getelementptr' 'clusterGrid_clusterID_addr_5' <Predicate = true> <Delay = 0.00>
ST_2 : Operation 44 [1/1] (1.29ns)   --->   "%store_ln37 = store i32 0, i7 %clusterGrid_x_addr_4" [./cluster.hpp:37->cluster.cpp:142]   --->   Operation 44 'store' 'store_ln37' <Predicate = true> <Delay = 1.29> <CoreInst = "RAM">   --->   Core 83 'RAM' <Latency = 1> <II = 1> <Delay = 1.29> <Storage> <Opcode : 'load' 'store'> <Ports = 2> <Width = 32> <Depth = 100> <RAM>
ST_2 : Operation 45 [1/1] (1.29ns)   --->   "%store_ln37 = store i32 0, i7 %clusterGrid_y_addr_4" [./cluster.hpp:37->cluster.cpp:142]   --->   Operation 45 'store' 'store_ln37' <Predicate = true> <Delay = 1.29> <CoreInst = "RAM">   --->   Core 83 'RAM' <Latency = 1> <II = 1> <Delay = 1.29> <Storage> <Opcode : 'load' 'store'> <Ports = 2> <Width = 32> <Depth = 100> <RAM>
ST_2 : Operation 46 [1/1] (1.29ns)   --->   "%store_ln37 = store i32 0, i7 %clusterGrid_clusterID_addr_4" [./cluster.hpp:37->cluster.cpp:142]   --->   Operation 46 'store' 'store_ln37' <Predicate = true> <Delay = 1.29> <CoreInst = "RAM">   --->   Core 83 'RAM' <Latency = 1> <II = 1> <Delay = 1.29> <Storage> <Opcode : 'load' 'store'> <Ports = 2> <Width = 32> <Depth = 100> <RAM>
ST_2 : Operation 47 [1/1] (1.29ns)   --->   "%store_ln37 = store i32 0, i7 %clusterGrid_x_addr_5" [./cluster.hpp:37->cluster.cpp:142]   --->   Operation 47 'store' 'store_ln37' <Predicate = true> <Delay = 1.29> <CoreInst = "RAM">   --->   Core 83 'RAM' <Latency = 1> <II = 1> <Delay = 1.29> <Storage> <Opcode : 'load' 'store'> <Ports = 2> <Width = 32> <Depth = 100> <RAM>
ST_2 : Operation 48 [1/1] (1.29ns)   --->   "%store_ln37 = store i32 0, i7 %clusterGrid_y_addr_5" [./cluster.hpp:37->cluster.cpp:142]   --->   Operation 48 'store' 'store_ln37' <Predicate = true> <Delay = 1.29> <CoreInst = "RAM">   --->   Core 83 'RAM' <Latency = 1> <II = 1> <Delay = 1.29> <Storage> <Opcode : 'load' 'store'> <Ports = 2> <Width = 32> <Depth = 100> <RAM>
ST_2 : Operation 49 [1/1] (1.29ns)   --->   "%store_ln37 = store i32 0, i7 %clusterGrid_clusterID_addr_5" [./cluster.hpp:37->cluster.cpp:142]   --->   Operation 49 'store' 'store_ln37' <Predicate = true> <Delay = 1.29> <CoreInst = "RAM">   --->   Core 83 'RAM' <Latency = 1> <II = 1> <Delay = 1.29> <Storage> <Opcode : 'load' 'store'> <Ports = 2> <Width = 32> <Depth = 100> <RAM>

State 3 <SV = 2> <Delay = 2.15>
ST_3 : Operation 50 [1/1] (0.85ns)   --->   "%add_ln142_4 = add i7 %add_ln142_1, i7 4" [cluster.cpp:142]   --->   Operation 50 'add' 'add_ln142_4' <Predicate = true> <Delay = 0.85> <CoreInst = "Adder">   --->   Core 1 'Adder' <Latency = 0> <II = 1> <Delay = 0.85> <FuncUnit> <Opcode : 'add' 'sub'> <InPorts = 2> <OutPorts = 1>
ST_3 : Operation 51 [1/1] (0.00ns)   --->   "%zext_ln142_5 = zext i7 %add_ln142_4" [cluster.cpp:142]   --->   Operation 51 'zext' 'zext_ln142_5' <Predicate = true> <Delay = 0.00>
ST_3 : Operation 52 [1/1] (0.00ns)   --->   "%clusterGrid_x_addr_6 = getelementptr i32 %clusterGrid_x, i64 0, i64 %zext_ln142_5" [cluster.cpp:142]   --->   Operation 52 'getelementptr' 'clusterGrid_x_addr_6' <Predicate = true> <Delay = 0.00>
ST_3 : Operation 53 [1/1] (0.85ns)   --->   "%add_ln142_5 = add i7 %add_ln142_1, i7 5" [cluster.cpp:142]   --->   Operation 53 'add' 'add_ln142_5' <Predicate = true> <Delay = 0.85> <CoreInst = "Adder">   --->   Core 1 'Adder' <Latency = 0> <II = 1> <Delay = 0.85> <FuncUnit> <Opcode : 'add' 'sub'> <InPorts = 2> <OutPorts = 1>
ST_3 : Operation 54 [1/1] (0.00ns)   --->   "%zext_ln142_6 = zext i7 %add_ln142_5" [cluster.cpp:142]   --->   Operation 54 'zext' 'zext_ln142_6' <Predicate = true> <Delay = 0.00>
ST_3 : Operation 55 [1/1] (0.00ns)   --->   "%clusterGrid_x_addr_7 = getelementptr i32 %clusterGrid_x, i64 0, i64 %zext_ln142_6" [cluster.cpp:142]   --->   Operation 55 'getelementptr' 'clusterGrid_x_addr_7' <Predicate = true> <Delay = 0.00>
ST_3 : Operation 56 [1/1] (0.00ns)   --->   "%clusterGrid_y_addr_6 = getelementptr i32 %clusterGrid_y, i64 0, i64 %zext_ln142_5" [cluster.cpp:142]   --->   Operation 56 'getelementptr' 'clusterGrid_y_addr_6' <Predicate = true> <Delay = 0.00>
ST_3 : Operation 57 [1/1] (0.00ns)   --->   "%clusterGrid_y_addr_7 = getelementptr i32 %clusterGrid_y, i64 0, i64 %zext_ln142_6" [cluster.cpp:142]   --->   Operation 57 'getelementptr' 'clusterGrid_y_addr_7' <Predicate = true> <Delay = 0.00>
ST_3 : Operation 58 [1/1] (0.00ns)   --->   "%clusterGrid_clusterID_addr_6 = getelementptr i32 %clusterGrid_clusterID, i64 0, i64 %zext_ln142_5" [cluster.cpp:142]   --->   Operation 58 'getelementptr' 'clusterGrid_clusterID_addr_6' <Predicate = true> <Delay = 0.00>
ST_3 : Operation 59 [1/1] (0.00ns)   --->   "%clusterGrid_clusterID_addr_7 = getelementptr i32 %clusterGrid_clusterID, i64 0, i64 %zext_ln142_6" [cluster.cpp:142]   --->   Operation 59 'getelementptr' 'clusterGrid_clusterID_addr_7' <Predicate = true> <Delay = 0.00>
ST_3 : Operation 60 [1/1] (1.29ns)   --->   "%store_ln37 = store i32 0, i7 %clusterGrid_x_addr_6" [./cluster.hpp:37->cluster.cpp:142]   --->   Operation 60 'store' 'store_ln37' <Predicate = true> <Delay = 1.29> <CoreInst = "RAM">   --->   Core 83 'RAM' <Latency = 1> <II = 1> <Delay = 1.29> <Storage> <Opcode : 'load' 'store'> <Ports = 2> <Width = 32> <Depth = 100> <RAM>
ST_3 : Operation 61 [1/1] (1.29ns)   --->   "%store_ln37 = store i32 0, i7 %clusterGrid_y_addr_6" [./cluster.hpp:37->cluster.cpp:142]   --->   Operation 61 'store' 'store_ln37' <Predicate = true> <Delay = 1.29> <CoreInst = "RAM">   --->   Core 83 'RAM' <Latency = 1> <II = 1> <Delay = 1.29> <Storage> <Opcode : 'load' 'store'> <Ports = 2> <Width = 32> <Depth = 100> <RAM>
ST_3 : Operation 62 [1/1] (1.29ns)   --->   "%store_ln37 = store i32 0, i7 %clusterGrid_clusterID_addr_6" [./cluster.hpp:37->cluster.cpp:142]   --->   Operation 62 'store' 'store_ln37' <Predicate = true> <Delay = 1.29> <CoreInst = "RAM">   --->   Core 83 'RAM' <Latency = 1> <II = 1> <Delay = 1.29> <Storage> <Opcode : 'load' 'store'> <Ports = 2> <Width = 32> <Depth = 100> <RAM>
ST_3 : Operation 63 [1/1] (1.29ns)   --->   "%store_ln37 = store i32 0, i7 %clusterGrid_x_addr_7" [./cluster.hpp:37->cluster.cpp:142]   --->   Operation 63 'store' 'store_ln37' <Predicate = true> <Delay = 1.29> <CoreInst = "RAM">   --->   Core 83 'RAM' <Latency = 1> <II = 1> <Delay = 1.29> <Storage> <Opcode : 'load' 'store'> <Ports = 2> <Width = 32> <Depth = 100> <RAM>
ST_3 : Operation 64 [1/1] (1.29ns)   --->   "%store_ln37 = store i32 0, i7 %clusterGrid_y_addr_7" [./cluster.hpp:37->cluster.cpp:142]   --->   Operation 64 'store' 'store_ln37' <Predicate = true> <Delay = 1.29> <CoreInst = "RAM">   --->   Core 83 'RAM' <Latency = 1> <II = 1> <Delay = 1.29> <Storage> <Opcode : 'load' 'store'> <Ports = 2> <Width = 32> <Depth = 100> <RAM>
ST_3 : Operation 65 [1/1] (1.29ns)   --->   "%store_ln37 = store i32 0, i7 %clusterGrid_clusterID_addr_7" [./cluster.hpp:37->cluster.cpp:142]   --->   Operation 65 'store' 'store_ln37' <Predicate = true> <Delay = 1.29> <CoreInst = "RAM">   --->   Core 83 'RAM' <Latency = 1> <II = 1> <Delay = 1.29> <Storage> <Opcode : 'load' 'store'> <Ports = 2> <Width = 32> <Depth = 100> <RAM>

State 4 <SV = 3> <Delay = 2.15>
ST_4 : Operation 66 [1/1] (0.85ns)   --->   "%add_ln142_6 = add i7 %add_ln142_1, i7 6" [cluster.cpp:142]   --->   Operation 66 'add' 'add_ln142_6' <Predicate = true> <Delay = 0.85> <CoreInst = "Adder">   --->   Core 1 'Adder' <Latency = 0> <II = 1> <Delay = 0.85> <FuncUnit> <Opcode : 'add' 'sub'> <InPorts = 2> <OutPorts = 1>
ST_4 : Operation 67 [1/1] (0.00ns)   --->   "%zext_ln142_7 = zext i7 %add_ln142_6" [cluster.cpp:142]   --->   Operation 67 'zext' 'zext_ln142_7' <Predicate = true> <Delay = 0.00>
ST_4 : Operation 68 [1/1] (0.00ns)   --->   "%clusterGrid_x_addr = getelementptr i32 %clusterGrid_x, i64 0, i64 %zext_ln142_7" [cluster.cpp:142]   --->   Operation 68 'getelementptr' 'clusterGrid_x_addr' <Predicate = true> <Delay = 0.00>
ST_4 : Operation 69 [1/1] (0.85ns)   --->   "%add_ln142_7 = add i7 %add_ln142_1, i7 7" [cluster.cpp:142]   --->   Operation 69 'add' 'add_ln142_7' <Predicate = true> <Delay = 0.85> <CoreInst = "Adder">   --->   Core 1 'Adder' <Latency = 0> <II = 1> <Delay = 0.85> <FuncUnit> <Opcode : 'add' 'sub'> <InPorts = 2> <OutPorts = 1>
ST_4 : Operation 70 [1/1] (0.00ns)   --->   "%zext_ln142_8 = zext i7 %add_ln142_7" [cluster.cpp:142]   --->   Operation 70 'zext' 'zext_ln142_8' <Predicate = true> <Delay = 0.00>
ST_4 : Operation 71 [1/1] (0.00ns)   --->   "%clusterGrid_x_addr_8 = getelementptr i32 %clusterGrid_x, i64 0, i64 %zext_ln142_8" [cluster.cpp:142]   --->   Operation 71 'getelementptr' 'clusterGrid_x_addr_8' <Predicate = true> <Delay = 0.00>
ST_4 : Operation 72 [1/1] (0.00ns)   --->   "%clusterGrid_y_addr = getelementptr i32 %clusterGrid_y, i64 0, i64 %zext_ln142_7" [cluster.cpp:142]   --->   Operation 72 'getelementptr' 'clusterGrid_y_addr' <Predicate = true> <Delay = 0.00>
ST_4 : Operation 73 [1/1] (0.00ns)   --->   "%clusterGrid_y_addr_8 = getelementptr i32 %clusterGrid_y, i64 0, i64 %zext_ln142_8" [cluster.cpp:142]   --->   Operation 73 'getelementptr' 'clusterGrid_y_addr_8' <Predicate = true> <Delay = 0.00>
ST_4 : Operation 74 [1/1] (0.00ns)   --->   "%clusterGrid_clusterID_addr = getelementptr i32 %clusterGrid_clusterID, i64 0, i64 %zext_ln142_7" [cluster.cpp:142]   --->   Operation 74 'getelementptr' 'clusterGrid_clusterID_addr' <Predicate = true> <Delay = 0.00>
ST_4 : Operation 75 [1/1] (0.00ns)   --->   "%clusterGrid_clusterID_addr_8 = getelementptr i32 %clusterGrid_clusterID, i64 0, i64 %zext_ln142_8" [cluster.cpp:142]   --->   Operation 75 'getelementptr' 'clusterGrid_clusterID_addr_8' <Predicate = true> <Delay = 0.00>
ST_4 : Operation 76 [1/1] (1.29ns)   --->   "%store_ln37 = store i32 0, i7 %clusterGrid_x_addr" [./cluster.hpp:37->cluster.cpp:142]   --->   Operation 76 'store' 'store_ln37' <Predicate = true> <Delay = 1.29> <CoreInst = "RAM">   --->   Core 83 'RAM' <Latency = 1> <II = 1> <Delay = 1.29> <Storage> <Opcode : 'load' 'store'> <Ports = 2> <Width = 32> <Depth = 100> <RAM>
ST_4 : Operation 77 [1/1] (1.29ns)   --->   "%store_ln37 = store i32 0, i7 %clusterGrid_y_addr" [./cluster.hpp:37->cluster.cpp:142]   --->   Operation 77 'store' 'store_ln37' <Predicate = true> <Delay = 1.29> <CoreInst = "RAM">   --->   Core 83 'RAM' <Latency = 1> <II = 1> <Delay = 1.29> <Storage> <Opcode : 'load' 'store'> <Ports = 2> <Width = 32> <Depth = 100> <RAM>
ST_4 : Operation 78 [1/1] (1.29ns)   --->   "%store_ln37 = store i32 0, i7 %clusterGrid_clusterID_addr" [./cluster.hpp:37->cluster.cpp:142]   --->   Operation 78 'store' 'store_ln37' <Predicate = true> <Delay = 1.29> <CoreInst = "RAM">   --->   Core 83 'RAM' <Latency = 1> <II = 1> <Delay = 1.29> <Storage> <Opcode : 'load' 'store'> <Ports = 2> <Width = 32> <Depth = 100> <RAM>
ST_4 : Operation 79 [1/1] (1.29ns)   --->   "%store_ln37 = store i32 0, i7 %clusterGrid_x_addr_8" [./cluster.hpp:37->cluster.cpp:142]   --->   Operation 79 'store' 'store_ln37' <Predicate = true> <Delay = 1.29> <CoreInst = "RAM">   --->   Core 83 'RAM' <Latency = 1> <II = 1> <Delay = 1.29> <Storage> <Opcode : 'load' 'store'> <Ports = 2> <Width = 32> <Depth = 100> <RAM>
ST_4 : Operation 80 [1/1] (1.29ns)   --->   "%store_ln37 = store i32 0, i7 %clusterGrid_y_addr_8" [./cluster.hpp:37->cluster.cpp:142]   --->   Operation 80 'store' 'store_ln37' <Predicate = true> <Delay = 1.29> <CoreInst = "RAM">   --->   Core 83 'RAM' <Latency = 1> <II = 1> <Delay = 1.29> <Storage> <Opcode : 'load' 'store'> <Ports = 2> <Width = 32> <Depth = 100> <RAM>
ST_4 : Operation 81 [1/1] (1.29ns)   --->   "%store_ln37 = store i32 0, i7 %clusterGrid_clusterID_addr_8" [./cluster.hpp:37->cluster.cpp:142]   --->   Operation 81 'store' 'store_ln37' <Predicate = true> <Delay = 1.29> <CoreInst = "RAM">   --->   Core 83 'RAM' <Latency = 1> <II = 1> <Delay = 1.29> <Storage> <Opcode : 'load' 'store'> <Ports = 2> <Width = 32> <Depth = 100> <RAM>

State 5 <SV = 4> <Delay = 2.15>
ST_5 : Operation 82 [1/1] (0.85ns)   --->   "%add_ln142_8 = add i7 %add_ln142_1, i7 8" [cluster.cpp:142]   --->   Operation 82 'add' 'add_ln142_8' <Predicate = true> <Delay = 0.85> <CoreInst = "Adder">   --->   Core 1 'Adder' <Latency = 0> <II = 1> <Delay = 0.85> <FuncUnit> <Opcode : 'add' 'sub'> <InPorts = 2> <OutPorts = 1>
ST_5 : Operation 83 [1/1] (0.00ns)   --->   "%zext_ln142_9 = zext i7 %add_ln142_8" [cluster.cpp:142]   --->   Operation 83 'zext' 'zext_ln142_9' <Predicate = true> <Delay = 0.00>
ST_5 : Operation 84 [1/1] (0.00ns)   --->   "%clusterGrid_x_addr_9 = getelementptr i32 %clusterGrid_x, i64 0, i64 %zext_ln142_9" [cluster.cpp:142]   --->   Operation 84 'getelementptr' 'clusterGrid_x_addr_9' <Predicate = true> <Delay = 0.00>
ST_5 : Operation 85 [1/1] (0.85ns)   --->   "%add_ln142_9 = add i7 %add_ln142_1, i7 9" [cluster.cpp:142]   --->   Operation 85 'add' 'add_ln142_9' <Predicate = true> <Delay = 0.85> <CoreInst = "Adder">   --->   Core 1 'Adder' <Latency = 0> <II = 1> <Delay = 0.85> <FuncUnit> <Opcode : 'add' 'sub'> <InPorts = 2> <OutPorts = 1>
ST_5 : Operation 86 [1/1] (0.00ns)   --->   "%zext_ln142_10 = zext i7 %add_ln142_9" [cluster.cpp:142]   --->   Operation 86 'zext' 'zext_ln142_10' <Predicate = true> <Delay = 0.00>
ST_5 : Operation 87 [1/1] (0.00ns)   --->   "%clusterGrid_x_addr_10 = getelementptr i32 %clusterGrid_x, i64 0, i64 %zext_ln142_10" [cluster.cpp:142]   --->   Operation 87 'getelementptr' 'clusterGrid_x_addr_10' <Predicate = true> <Delay = 0.00>
ST_5 : Operation 88 [1/1] (0.00ns)   --->   "%clusterGrid_y_addr_9 = getelementptr i32 %clusterGrid_y, i64 0, i64 %zext_ln142_9" [cluster.cpp:142]   --->   Operation 88 'getelementptr' 'clusterGrid_y_addr_9' <Predicate = true> <Delay = 0.00>
ST_5 : Operation 89 [1/1] (0.00ns)   --->   "%clusterGrid_y_addr_10 = getelementptr i32 %clusterGrid_y, i64 0, i64 %zext_ln142_10" [cluster.cpp:142]   --->   Operation 89 'getelementptr' 'clusterGrid_y_addr_10' <Predicate = true> <Delay = 0.00>
ST_5 : Operation 90 [1/1] (0.00ns)   --->   "%clusterGrid_clusterID_addr_9 = getelementptr i32 %clusterGrid_clusterID, i64 0, i64 %zext_ln142_9" [cluster.cpp:142]   --->   Operation 90 'getelementptr' 'clusterGrid_clusterID_addr_9' <Predicate = true> <Delay = 0.00>
ST_5 : Operation 91 [1/1] (0.00ns)   --->   "%clusterGrid_clusterID_addr_10 = getelementptr i32 %clusterGrid_clusterID, i64 0, i64 %zext_ln142_10" [cluster.cpp:142]   --->   Operation 91 'getelementptr' 'clusterGrid_clusterID_addr_10' <Predicate = true> <Delay = 0.00>
ST_5 : Operation 92 [1/1] (0.00ns)   --->   "%specpipeline_ln0 = specpipeline void @_ssdm_op_SpecPipeline, i32 4294967295, i32 0, i32 1, i32 0, void @p_str"   --->   Operation 92 'specpipeline' 'specpipeline_ln0' <Predicate = true> <Delay = 0.00>
ST_5 : Operation 93 [1/1] (0.00ns)   --->   "%speclooptripcount_ln142 = speclooptripcount void @_ssdm_op_SpecLoopTripCount, i64 10, i64 10, i64 10" [cluster.cpp:142]   --->   Operation 93 'speclooptripcount' 'speclooptripcount_ln142' <Predicate = true> <Delay = 0.00>
ST_5 : Operation 94 [1/1] (1.29ns)   --->   "%store_ln37 = store i32 0, i7 %clusterGrid_x_addr_9" [./cluster.hpp:37->cluster.cpp:142]   --->   Operation 94 'store' 'store_ln37' <Predicate = true> <Delay = 1.29> <CoreInst = "RAM">   --->   Core 83 'RAM' <Latency = 1> <II = 1> <Delay = 1.29> <Storage> <Opcode : 'load' 'store'> <Ports = 2> <Width = 32> <Depth = 100> <RAM>
ST_5 : Operation 95 [1/1] (1.29ns)   --->   "%store_ln37 = store i32 0, i7 %clusterGrid_y_addr_9" [./cluster.hpp:37->cluster.cpp:142]   --->   Operation 95 'store' 'store_ln37' <Predicate = true> <Delay = 1.29> <CoreInst = "RAM">   --->   Core 83 'RAM' <Latency = 1> <II = 1> <Delay = 1.29> <Storage> <Opcode : 'load' 'store'> <Ports = 2> <Width = 32> <Depth = 100> <RAM>
ST_5 : Operation 96 [1/1] (1.29ns)   --->   "%store_ln37 = store i32 0, i7 %clusterGrid_clusterID_addr_9" [./cluster.hpp:37->cluster.cpp:142]   --->   Operation 96 'store' 'store_ln37' <Predicate = true> <Delay = 1.29> <CoreInst = "RAM">   --->   Core 83 'RAM' <Latency = 1> <II = 1> <Delay = 1.29> <Storage> <Opcode : 'load' 'store'> <Ports = 2> <Width = 32> <Depth = 100> <RAM>
ST_5 : Operation 97 [1/1] (1.29ns)   --->   "%store_ln37 = store i32 0, i7 %clusterGrid_x_addr_10" [./cluster.hpp:37->cluster.cpp:142]   --->   Operation 97 'store' 'store_ln37' <Predicate = true> <Delay = 1.29> <CoreInst = "RAM">   --->   Core 83 'RAM' <Latency = 1> <II = 1> <Delay = 1.29> <Storage> <Opcode : 'load' 'store'> <Ports = 2> <Width = 32> <Depth = 100> <RAM>
ST_5 : Operation 98 [1/1] (1.29ns)   --->   "%store_ln37 = store i32 0, i7 %clusterGrid_y_addr_10" [./cluster.hpp:37->cluster.cpp:142]   --->   Operation 98 'store' 'store_ln37' <Predicate = true> <Delay = 1.29> <CoreInst = "RAM">   --->   Core 83 'RAM' <Latency = 1> <II = 1> <Delay = 1.29> <Storage> <Opcode : 'load' 'store'> <Ports = 2> <Width = 32> <Depth = 100> <RAM>
ST_5 : Operation 99 [1/1] (1.29ns)   --->   "%store_ln37 = store i32 0, i7 %clusterGrid_clusterID_addr_10" [./cluster.hpp:37->cluster.cpp:142]   --->   Operation 99 'store' 'store_ln37' <Predicate = true> <Delay = 1.29> <CoreInst = "RAM">   --->   Core 83 'RAM' <Latency = 1> <II = 1> <Delay = 1.29> <Storage> <Opcode : 'load' 'store'> <Ports = 2> <Width = 32> <Depth = 100> <RAM>
ST_5 : Operation 100 [1/1] (0.00ns)   --->   "%br_ln142 = br i1 %icmp_ln142, void %arrayctor.loop, void %arrayinit.body.preheader.exitStub" [cluster.cpp:142]   --->   Operation 100 'br' 'br_ln142' <Predicate = true> <Delay = 0.00>
ST_5 : Operation 101 [1/1] (0.00ns)   --->   "%ret_ln0 = ret"   --->   Operation 101 'ret' 'ret_ln0' <Predicate = (icmp_ln142)> <Delay = 0.00>


============================================================
+ Verbose Summary: Binding
============================================================
STG Binding: 
---------------- STG Properties BEGIN ----------------
- Is combinational: 0
- Is one-state seq: 0
- Is datapath-only: 0
- Is pipelined: 0
- Is top level: 0
Port [ Return ] is wired: 1; IO mode=ap_ctrl_hs:ce=0
Port [ clusterGrid_x]:  wired=1; compound=1; hidden=0; nouse=0; global=0; static=0; extern=0; dir=1; type=1; pingpong=0; private_global=0; MemPort=[00]; IO mode=ap_memory:ce=0
Port [ clusterGrid_y]:  wired=1; compound=1; hidden=0; nouse=0; global=0; static=0; extern=0; dir=1; type=1; pingpong=0; private_global=0; MemPort=[00]; IO mode=ap_memory:ce=0
Port [ clusterGrid_clusterID]:  wired=1; compound=1; hidden=0; nouse=0; global=0; static=0; extern=0; dir=1; type=1; pingpong=0; private_global=0; MemPort=[00]; IO mode=ap_memory:ce=0
---------------- STG Properties END ------------------

---------------- Datapath Model BEGIN ----------------

<LifeTime>
<method=bitvector/>
indvars_iv117                 (alloca           ) [ 010000]
store_ln0                     (store            ) [ 000000]
br_ln0                        (br               ) [ 000000]
indvars_iv117_load            (load             ) [ 000000]
tmp                           (bitconcatenate   ) [ 000000]
tmp_1                         (bitconcatenate   ) [ 000000]
zext_ln142                    (zext             ) [ 000000]
add_ln142_1                   (add              ) [ 001111]
zext_ln142_1                  (zext             ) [ 000000]
clusterGrid_x_addr_2          (getelementptr    ) [ 000000]
or_ln142                      (or               ) [ 000000]
zext_ln142_2                  (zext             ) [ 000000]
clusterGrid_x_addr_3          (getelementptr    ) [ 000000]
clusterGrid_y_addr_2          (getelementptr    ) [ 000000]
clusterGrid_y_addr_3          (getelementptr    ) [ 000000]
clusterGrid_clusterID_addr_2  (getelementptr    ) [ 000000]
clusterGrid_clusterID_addr_3  (getelementptr    ) [ 000000]
store_ln37                    (store            ) [ 000000]
store_ln37                    (store            ) [ 000000]
store_ln37                    (store            ) [ 000000]
store_ln37                    (store            ) [ 000000]
store_ln37                    (store            ) [ 000000]
store_ln37                    (store            ) [ 000000]
add_ln142                     (add              ) [ 000000]
icmp_ln142                    (icmp             ) [ 001111]
store_ln142                   (store            ) [ 000000]
add_ln142_2                   (add              ) [ 000000]
zext_ln142_3                  (zext             ) [ 000000]
clusterGrid_x_addr_4          (getelementptr    ) [ 000000]
add_ln142_3                   (add              ) [ 000000]
zext_ln142_4                  (zext             ) [ 000000]
clusterGrid_x_addr_5          (getelementptr    ) [ 000000]
clusterGrid_y_addr_4          (getelementptr    ) [ 000000]
clusterGrid_y_addr_5          (getelementptr    ) [ 000000]
clusterGrid_clusterID_addr_4  (getelementptr    ) [ 000000]
clusterGrid_clusterID_addr_5  (getelementptr    ) [ 000000]
store_ln37                    (store            ) [ 000000]
store_ln37                    (store            ) [ 000000]
store_ln37                    (store            ) [ 000000]
store_ln37                    (store            ) [ 000000]
store_ln37                    (store            ) [ 000000]
store_ln37                    (store            ) [ 000000]
add_ln142_4                   (add              ) [ 000000]
zext_ln142_5                  (zext             ) [ 000000]
clusterGrid_x_addr_6          (getelementptr    ) [ 000000]
add_ln142_5                   (add              ) [ 000000]
zext_ln142_6                  (zext             ) [ 000000]
clusterGrid_x_addr_7          (getelementptr    ) [ 000000]
clusterGrid_y_addr_6          (getelementptr    ) [ 000000]
clusterGrid_y_addr_7          (getelementptr    ) [ 000000]
clusterGrid_clusterID_addr_6  (getelementptr    ) [ 000000]
clusterGrid_clusterID_addr_7  (getelementptr    ) [ 000000]
store_ln37                    (store            ) [ 000000]
store_ln37                    (store            ) [ 000000]
store_ln37                    (store            ) [ 000000]
store_ln37                    (store            ) [ 000000]
store_ln37                    (store            ) [ 000000]
store_ln37                    (store            ) [ 000000]
add_ln142_6                   (add              ) [ 000000]
zext_ln142_7                  (zext             ) [ 000000]
clusterGrid_x_addr            (getelementptr    ) [ 000000]
add_ln142_7                   (add              ) [ 000000]
zext_ln142_8                  (zext             ) [ 000000]
clusterGrid_x_addr_8          (getelementptr    ) [ 000000]
clusterGrid_y_addr            (getelementptr    ) [ 000000]
clusterGrid_y_addr_8          (getelementptr    ) [ 000000]
clusterGrid_clusterID_addr    (getelementptr    ) [ 000000]
clusterGrid_clusterID_addr_8  (getelementptr    ) [ 000000]
store_ln37                    (store            ) [ 000000]
store_ln37                    (store            ) [ 000000]
store_ln37                    (store            ) [ 000000]
store_ln37                    (store            ) [ 000000]
store_ln37                    (store            ) [ 000000]
store_ln37                    (store            ) [ 000000]
add_ln142_8                   (add              ) [ 000000]
zext_ln142_9                  (zext             ) [ 000000]
clusterGrid_x_addr_9          (getelementptr    ) [ 000000]
add_ln142_9                   (add              ) [ 000000]
zext_ln142_10                 (zext             ) [ 000000]
clusterGrid_x_addr_10         (getelementptr    ) [ 000000]
clusterGrid_y_addr_9          (getelementptr    ) [ 000000]
clusterGrid_y_addr_10         (getelementptr    ) [ 000000]
clusterGrid_clusterID_addr_9  (getelementptr    ) [ 000000]
clusterGrid_clusterID_addr_10 (getelementptr    ) [ 000000]
specpipeline_ln0              (specpipeline     ) [ 000000]
speclooptripcount_ln142       (speclooptripcount) [ 000000]
store_ln37                    (store            ) [ 000000]
store_ln37                    (store            ) [ 000000]
store_ln37                    (store            ) [ 000000]
store_ln37                    (store            ) [ 000000]
store_ln37                    (store            ) [ 000000]
store_ln37                    (store            ) [ 000000]
br_ln142                      (br               ) [ 000000]
ret_ln0                       (ret              ) [ 000000]
</LifeTime>

<model>

<comp_list>
<comp id="0" class="1000" name="clusterGrid_x">
<pin_list>
<pin id="1" dir="1" index="0" bw="1" slack="0"/>
</pin_list>
<bind>
<StgValue><ssdm name="clusterGrid_x"/><MemPortTyVec>0 0 </MemPortTyVec>
</StgValue>
</bind>
</comp>

<comp id="2" class="1000" name="clusterGrid_y">
<pin_list>
<pin id="3" dir="1" index="0" bw="1" slack="0"/>
</pin_list>
<bind>
<StgValue><ssdm name="clusterGrid_y"/><MemPortTyVec>0 0 </MemPortTyVec>
</StgValue>
</bind>
</comp>

<comp id="4" class="1000" name="clusterGrid_clusterID">
<pin_list>
<pin id="5" dir="1" index="0" bw="1" slack="0"/>
</pin_list>
<bind>
<StgValue><ssdm name="clusterGrid_clusterID"/><MemPortTyVec>0 0 </MemPortTyVec>
</StgValue>
</bind>
</comp>

<comp id="6" class="1001" name="const_6">
<pin_list>
<pin id="7" dir="1" index="0" bw="1" slack="0"/>
</pin_list>
<bind>
<StgValue><ssdm name=""/></StgValue>
</bind>
</comp>

<comp id="8" class="1001" name="const_8">
<pin_list>
<pin id="9" dir="1" index="0" bw="1" slack="0"/>
</pin_list>
<bind>
<StgValue><ssdm name=""/></StgValue>
</bind>
</comp>

<comp id="10" class="1001" name="const_10">
<pin_list>
<pin id="11" dir="1" index="0" bw="1" slack="0"/>
</pin_list>
<bind>
<StgValue><ssdm name="_ssdm_op_BitConcatenate.i7.i4.i3"/></StgValue>
</bind>
</comp>

<comp id="12" class="1001" name="const_12">
<pin_list>
<pin id="13" dir="1" index="0" bw="1" slack="0"/>
</pin_list>
<bind>
<StgValue><ssdm name=""/></StgValue>
</bind>
</comp>

<comp id="14" class="1001" name="const_14">
<pin_list>
<pin id="15" dir="1" index="0" bw="1" slack="0"/>
</pin_list>
<bind>
<StgValue><ssdm name="_ssdm_op_BitConcatenate.i5.i4.i1"/></StgValue>
</bind>
</comp>

<comp id="16" class="1001" name="const_16">
<pin_list>
<pin id="17" dir="1" index="0" bw="1" slack="0"/>
</pin_list>
<bind>
<StgValue><ssdm name=""/></StgValue>
</bind>
</comp>

<comp id="18" class="1001" name="const_18">
<pin_list>
<pin id="19" dir="1" index="0" bw="1" slack="0"/>
</pin_list>
<bind>
<StgValue><ssdm name=""/></StgValue>
</bind>
</comp>

<comp id="20" class="1001" name="const_20">
<pin_list>
<pin id="21" dir="1" index="0" bw="1" slack="0"/>
</pin_list>
<bind>
<StgValue><ssdm name=""/></StgValue>
</bind>
</comp>

<comp id="22" class="1001" name="const_22">
<pin_list>
<pin id="23" dir="1" index="0" bw="1" slack="0"/>
</pin_list>
<bind>
<StgValue><ssdm name=""/></StgValue>
</bind>
</comp>

<comp id="24" class="1001" name="const_24">
<pin_list>
<pin id="25" dir="1" index="0" bw="1" slack="0"/>
</pin_list>
<bind>
<StgValue><ssdm name=""/></StgValue>
</bind>
</comp>

<comp id="26" class="1001" name="const_26">
<pin_list>
<pin id="27" dir="1" index="0" bw="1" slack="0"/>
</pin_list>
<bind>
<StgValue><ssdm name=""/></StgValue>
</bind>
</comp>

<comp id="28" class="1001" name="const_28">
<pin_list>
<pin id="29" dir="1" index="0" bw="1" slack="0"/>
</pin_list>
<bind>
<StgValue><ssdm name=""/></StgValue>
</bind>
</comp>

<comp id="30" class="1001" name="const_30">
<pin_list>
<pin id="31" dir="1" index="0" bw="1" slack="0"/>
</pin_list>
<bind>
<StgValue><ssdm name=""/></StgValue>
</bind>
</comp>

<comp id="32" class="1001" name="const_32">
<pin_list>
<pin id="33" dir="1" index="0" bw="1" slack="0"/>
</pin_list>
<bind>
<StgValue><ssdm name=""/></StgValue>
</bind>
</comp>

<comp id="34" class="1001" name="const_34">
<pin_list>
<pin id="35" dir="1" index="0" bw="1" slack="0"/>
</pin_list>
<bind>
<StgValue><ssdm name=""/></StgValue>
</bind>
</comp>

<comp id="36" class="1001" name="const_36">
<pin_list>
<pin id="37" dir="1" index="0" bw="1" slack="0"/>
</pin_list>
<bind>
<StgValue><ssdm name=""/></StgValue>
</bind>
</comp>

<comp id="38" class="1001" name="const_38">
<pin_list>
<pin id="39" dir="1" index="0" bw="1" slack="0"/>
</pin_list>
<bind>
<StgValue><ssdm name=""/></StgValue>
</bind>
</comp>

<comp id="40" class="1001" name="const_40">
<pin_list>
<pin id="41" dir="1" index="0" bw="1" slack="0"/>
</pin_list>
<bind>
<StgValue><ssdm name=""/></StgValue>
</bind>
</comp>

<comp id="42" class="1001" name="const_42">
<pin_list>
<pin id="43" dir="1" index="0" bw="1" slack="0"/>
</pin_list>
<bind>
<StgValue><ssdm name=""/></StgValue>
</bind>
</comp>

<comp id="44" class="1001" name="const_44">
<pin_list>
<pin id="45" dir="1" index="0" bw="1" slack="2147483647"/>
</pin_list>
<bind>
<StgValue><ssdm name="_ssdm_op_SpecPipeline"/></StgValue>
</bind>
</comp>

<comp id="46" class="1001" name="const_46">
<pin_list>
<pin id="47" dir="1" index="0" bw="1" slack="2147483647"/>
</pin_list>
<bind>
<StgValue><ssdm name=""/></StgValue>
</bind>
</comp>

<comp id="48" class="1001" name="const_48">
<pin_list>
<pin id="49" dir="1" index="0" bw="1" slack="2147483647"/>
</pin_list>
<bind>
<StgValue><ssdm name="p_str"/></StgValue>
</bind>
</comp>

<comp id="50" class="1001" name="const_50">
<pin_list>
<pin id="51" dir="1" index="0" bw="1" slack="2147483647"/>
</pin_list>
<bind>
<StgValue><ssdm name="_ssdm_op_SpecLoopTripCount"/></StgValue>
</bind>
</comp>

<comp id="52" class="1001" name="const_52">
<pin_list>
<pin id="53" dir="1" index="0" bw="1" slack="2147483647"/>
</pin_list>
<bind>
<StgValue><ssdm name=""/></StgValue>
</bind>
</comp>

<comp id="54" class="1004" name="indvars_iv117_fu_54">
<pin_list>
<pin id="55" dir="0" index="0" bw="1" slack="0"/>
<pin id="56" dir="1" index="1" bw="4" slack="0"/>
</pin_list>
<bind>
<opcode="alloca(26) " fcode="alloca"/>
<opset="indvars_iv117/1 "/>
</bind>
</comp>

<comp id="58" class="1004" name="clusterGrid_x_addr_2_gep_fu_58">
<pin_list>
<pin id="59" dir="0" index="0" bw="32" slack="0"/>
<pin id="60" dir="0" index="1" bw="1" slack="0"/>
<pin id="61" dir="0" index="2" bw="7" slack="0"/>
<pin id="62" dir="1" index="3" bw="7" slack="0"/>
</pin_list>
<bind>
<opcode="getelementptr(29) " fcode="getelementptr"/>
<opset="clusterGrid_x_addr_2/1 "/>
</bind>
</comp>

<comp id="65" class="1004" name="clusterGrid_x_addr_3_gep_fu_65">
<pin_list>
<pin id="66" dir="0" index="0" bw="32" slack="0"/>
<pin id="67" dir="0" index="1" bw="1" slack="0"/>
<pin id="68" dir="0" index="2" bw="7" slack="0"/>
<pin id="69" dir="1" index="3" bw="7" slack="0"/>
</pin_list>
<bind>
<opcode="getelementptr(29) " fcode="getelementptr"/>
<opset="clusterGrid_x_addr_3/1 "/>
</bind>
</comp>

<comp id="72" class="1004" name="clusterGrid_y_addr_2_gep_fu_72">
<pin_list>
<pin id="73" dir="0" index="0" bw="32" slack="0"/>
<pin id="74" dir="0" index="1" bw="1" slack="0"/>
<pin id="75" dir="0" index="2" bw="7" slack="0"/>
<pin id="76" dir="1" index="3" bw="7" slack="0"/>
</pin_list>
<bind>
<opcode="getelementptr(29) " fcode="getelementptr"/>
<opset="clusterGrid_y_addr_2/1 "/>
</bind>
</comp>

<comp id="79" class="1004" name="clusterGrid_y_addr_3_gep_fu_79">
<pin_list>
<pin id="80" dir="0" index="0" bw="32" slack="0"/>
<pin id="81" dir="0" index="1" bw="1" slack="0"/>
<pin id="82" dir="0" index="2" bw="7" slack="0"/>
<pin id="83" dir="1" index="3" bw="7" slack="0"/>
</pin_list>
<bind>
<opcode="getelementptr(29) " fcode="getelementptr"/>
<opset="clusterGrid_y_addr_3/1 "/>
</bind>
</comp>

<comp id="86" class="1004" name="clusterGrid_clusterID_addr_2_gep_fu_86">
<pin_list>
<pin id="87" dir="0" index="0" bw="32" slack="0"/>
<pin id="88" dir="0" index="1" bw="1" slack="0"/>
<pin id="89" dir="0" index="2" bw="7" slack="0"/>
<pin id="90" dir="1" index="3" bw="7" slack="0"/>
</pin_list>
<bind>
<opcode="getelementptr(29) " fcode="getelementptr"/>
<opset="clusterGrid_clusterID_addr_2/1 "/>
</bind>
</comp>

<comp id="93" class="1004" name="clusterGrid_clusterID_addr_3_gep_fu_93">
<pin_list>
<pin id="94" dir="0" index="0" bw="32" slack="0"/>
<pin id="95" dir="0" index="1" bw="1" slack="0"/>
<pin id="96" dir="0" index="2" bw="7" slack="0"/>
<pin id="97" dir="1" index="3" bw="7" slack="0"/>
</pin_list>
<bind>
<opcode="getelementptr(29) " fcode="getelementptr"/>
<opset="clusterGrid_clusterID_addr_3/1 "/>
</bind>
</comp>

<comp id="100" class="1004" name="grp_access_fu_100">
<pin_list>
<pin id="101" dir="0" index="0" bw="7" slack="0"/>
<pin id="102" dir="0" index="1" bw="32" slack="0"/>
<pin id="103" dir="0" index="2" bw="0" slack="0"/>
<pin id="105" dir="0" index="4" bw="7" slack="0"/>
<pin id="106" dir="0" index="5" bw="32" slack="2147483647"/>
<pin id="107" dir="0" index="6" bw="0" slack="2147483647"/>
<pin id="104" dir="1" index="3" bw="32" slack="2147483647"/>
<pin id="108" dir="1" index="7" bw="32" slack="2147483647"/>
</pin_list>
<bind>
<opcode="store(28) " fcode="store"/>
<opset="store_ln37/1 store_ln37/1 store_ln37/2 store_ln37/2 store_ln37/3 store_ln37/3 store_ln37/4 store_ln37/4 store_ln37/5 store_ln37/5 "/>
</bind>
</comp>

<comp id="111" class="1004" name="grp_access_fu_111">
<pin_list>
<pin id="112" dir="0" index="0" bw="7" slack="0"/>
<pin id="113" dir="0" index="1" bw="32" slack="0"/>
<pin id="114" dir="0" index="2" bw="0" slack="0"/>
<pin id="116" dir="0" index="4" bw="7" slack="0"/>
<pin id="117" dir="0" index="5" bw="32" slack="2147483647"/>
<pin id="118" dir="0" index="6" bw="0" slack="2147483647"/>
<pin id="115" dir="1" index="3" bw="32" slack="2147483647"/>
<pin id="119" dir="1" index="7" bw="32" slack="2147483647"/>
</pin_list>
<bind>
<opcode="store(28) " fcode="store"/>
<opset="store_ln37/1 store_ln37/1 store_ln37/2 store_ln37/2 store_ln37/3 store_ln37/3 store_ln37/4 store_ln37/4 store_ln37/5 store_ln37/5 "/>
</bind>
</comp>

<comp id="122" class="1004" name="grp_access_fu_122">
<pin_list>
<pin id="123" dir="0" index="0" bw="7" slack="0"/>
<pin id="124" dir="0" index="1" bw="32" slack="0"/>
<pin id="125" dir="0" index="2" bw="0" slack="0"/>
<pin id="127" dir="0" index="4" bw="7" slack="0"/>
<pin id="128" dir="0" index="5" bw="32" slack="2147483647"/>
<pin id="129" dir="0" index="6" bw="0" slack="2147483647"/>
<pin id="126" dir="1" index="3" bw="32" slack="2147483647"/>
<pin id="130" dir="1" index="7" bw="32" slack="2147483647"/>
</pin_list>
<bind>
<opcode="store(28) " fcode="store"/>
<opset="store_ln37/1 store_ln37/1 store_ln37/2 store_ln37/2 store_ln37/3 store_ln37/3 store_ln37/4 store_ln37/4 store_ln37/5 store_ln37/5 "/>
</bind>
</comp>

<comp id="139" class="1004" name="clusterGrid_x_addr_4_gep_fu_139">
<pin_list>
<pin id="140" dir="0" index="0" bw="32" slack="0"/>
<pin id="141" dir="0" index="1" bw="1" slack="0"/>
<pin id="142" dir="0" index="2" bw="7" slack="0"/>
<pin id="143" dir="1" index="3" bw="7" slack="0"/>
</pin_list>
<bind>
<opcode="getelementptr(29) " fcode="getelementptr"/>
<opset="clusterGrid_x_addr_4/2 "/>
</bind>
</comp>

<comp id="146" class="1004" name="clusterGrid_x_addr_5_gep_fu_146">
<pin_list>
<pin id="147" dir="0" index="0" bw="32" slack="0"/>
<pin id="148" dir="0" index="1" bw="1" slack="0"/>
<pin id="149" dir="0" index="2" bw="7" slack="0"/>
<pin id="150" dir="1" index="3" bw="7" slack="0"/>
</pin_list>
<bind>
<opcode="getelementptr(29) " fcode="getelementptr"/>
<opset="clusterGrid_x_addr_5/2 "/>
</bind>
</comp>

<comp id="153" class="1004" name="clusterGrid_y_addr_4_gep_fu_153">
<pin_list>
<pin id="154" dir="0" index="0" bw="32" slack="0"/>
<pin id="155" dir="0" index="1" bw="1" slack="0"/>
<pin id="156" dir="0" index="2" bw="7" slack="0"/>
<pin id="157" dir="1" index="3" bw="7" slack="0"/>
</pin_list>
<bind>
<opcode="getelementptr(29) " fcode="getelementptr"/>
<opset="clusterGrid_y_addr_4/2 "/>
</bind>
</comp>

<comp id="160" class="1004" name="clusterGrid_y_addr_5_gep_fu_160">
<pin_list>
<pin id="161" dir="0" index="0" bw="32" slack="0"/>
<pin id="162" dir="0" index="1" bw="1" slack="0"/>
<pin id="163" dir="0" index="2" bw="7" slack="0"/>
<pin id="164" dir="1" index="3" bw="7" slack="0"/>
</pin_list>
<bind>
<opcode="getelementptr(29) " fcode="getelementptr"/>
<opset="clusterGrid_y_addr_5/2 "/>
</bind>
</comp>

<comp id="167" class="1004" name="clusterGrid_clusterID_addr_4_gep_fu_167">
<pin_list>
<pin id="168" dir="0" index="0" bw="32" slack="0"/>
<pin id="169" dir="0" index="1" bw="1" slack="0"/>
<pin id="170" dir="0" index="2" bw="7" slack="0"/>
<pin id="171" dir="1" index="3" bw="7" slack="0"/>
</pin_list>
<bind>
<opcode="getelementptr(29) " fcode="getelementptr"/>
<opset="clusterGrid_clusterID_addr_4/2 "/>
</bind>
</comp>

<comp id="174" class="1004" name="clusterGrid_clusterID_addr_5_gep_fu_174">
<pin_list>
<pin id="175" dir="0" index="0" bw="32" slack="0"/>
<pin id="176" dir="0" index="1" bw="1" slack="0"/>
<pin id="177" dir="0" index="2" bw="7" slack="0"/>
<pin id="178" dir="1" index="3" bw="7" slack="0"/>
</pin_list>
<bind>
<opcode="getelementptr(29) " fcode="getelementptr"/>
<opset="clusterGrid_clusterID_addr_5/2 "/>
</bind>
</comp>

<comp id="187" class="1004" name="clusterGrid_x_addr_6_gep_fu_187">
<pin_list>
<pin id="188" dir="0" index="0" bw="32" slack="0"/>
<pin id="189" dir="0" index="1" bw="1" slack="0"/>
<pin id="190" dir="0" index="2" bw="7" slack="0"/>
<pin id="191" dir="1" index="3" bw="7" slack="0"/>
</pin_list>
<bind>
<opcode="getelementptr(29) " fcode="getelementptr"/>
<opset="clusterGrid_x_addr_6/3 "/>
</bind>
</comp>

<comp id="194" class="1004" name="clusterGrid_x_addr_7_gep_fu_194">
<pin_list>
<pin id="195" dir="0" index="0" bw="32" slack="0"/>
<pin id="196" dir="0" index="1" bw="1" slack="0"/>
<pin id="197" dir="0" index="2" bw="7" slack="0"/>
<pin id="198" dir="1" index="3" bw="7" slack="0"/>
</pin_list>
<bind>
<opcode="getelementptr(29) " fcode="getelementptr"/>
<opset="clusterGrid_x_addr_7/3 "/>
</bind>
</comp>

<comp id="201" class="1004" name="clusterGrid_y_addr_6_gep_fu_201">
<pin_list>
<pin id="202" dir="0" index="0" bw="32" slack="0"/>
<pin id="203" dir="0" index="1" bw="1" slack="0"/>
<pin id="204" dir="0" index="2" bw="7" slack="0"/>
<pin id="205" dir="1" index="3" bw="7" slack="0"/>
</pin_list>
<bind>
<opcode="getelementptr(29) " fcode="getelementptr"/>
<opset="clusterGrid_y_addr_6/3 "/>
</bind>
</comp>

<comp id="208" class="1004" name="clusterGrid_y_addr_7_gep_fu_208">
<pin_list>
<pin id="209" dir="0" index="0" bw="32" slack="0"/>
<pin id="210" dir="0" index="1" bw="1" slack="0"/>
<pin id="211" dir="0" index="2" bw="7" slack="0"/>
<pin id="212" dir="1" index="3" bw="7" slack="0"/>
</pin_list>
<bind>
<opcode="getelementptr(29) " fcode="getelementptr"/>
<opset="clusterGrid_y_addr_7/3 "/>
</bind>
</comp>

<comp id="215" class="1004" name="clusterGrid_clusterID_addr_6_gep_fu_215">
<pin_list>
<pin id="216" dir="0" index="0" bw="32" slack="0"/>
<pin id="217" dir="0" index="1" bw="1" slack="0"/>
<pin id="218" dir="0" index="2" bw="7" slack="0"/>
<pin id="219" dir="1" index="3" bw="7" slack="0"/>
</pin_list>
<bind>
<opcode="getelementptr(29) " fcode="getelementptr"/>
<opset="clusterGrid_clusterID_addr_6/3 "/>
</bind>
</comp>

<comp id="222" class="1004" name="clusterGrid_clusterID_addr_7_gep_fu_222">
<pin_list>
<pin id="223" dir="0" index="0" bw="32" slack="0"/>
<pin id="224" dir="0" index="1" bw="1" slack="0"/>
<pin id="225" dir="0" index="2" bw="7" slack="0"/>
<pin id="226" dir="1" index="3" bw="7" slack="0"/>
</pin_list>
<bind>
<opcode="getelementptr(29) " fcode="getelementptr"/>
<opset="clusterGrid_clusterID_addr_7/3 "/>
</bind>
</comp>

<comp id="235" class="1004" name="clusterGrid_x_addr_gep_fu_235">
<pin_list>
<pin id="236" dir="0" index="0" bw="32" slack="0"/>
<pin id="237" dir="0" index="1" bw="1" slack="0"/>
<pin id="238" dir="0" index="2" bw="7" slack="0"/>
<pin id="239" dir="1" index="3" bw="7" slack="0"/>
</pin_list>
<bind>
<opcode="getelementptr(29) " fcode="getelementptr"/>
<opset="clusterGrid_x_addr/4 "/>
</bind>
</comp>

<comp id="242" class="1004" name="clusterGrid_x_addr_8_gep_fu_242">
<pin_list>
<pin id="243" dir="0" index="0" bw="32" slack="0"/>
<pin id="244" dir="0" index="1" bw="1" slack="0"/>
<pin id="245" dir="0" index="2" bw="7" slack="0"/>
<pin id="246" dir="1" index="3" bw="7" slack="0"/>
</pin_list>
<bind>
<opcode="getelementptr(29) " fcode="getelementptr"/>
<opset="clusterGrid_x_addr_8/4 "/>
</bind>
</comp>

<comp id="249" class="1004" name="clusterGrid_y_addr_gep_fu_249">
<pin_list>
<pin id="250" dir="0" index="0" bw="32" slack="0"/>
<pin id="251" dir="0" index="1" bw="1" slack="0"/>
<pin id="252" dir="0" index="2" bw="7" slack="0"/>
<pin id="253" dir="1" index="3" bw="7" slack="0"/>
</pin_list>
<bind>
<opcode="getelementptr(29) " fcode="getelementptr"/>
<opset="clusterGrid_y_addr/4 "/>
</bind>
</comp>

<comp id="256" class="1004" name="clusterGrid_y_addr_8_gep_fu_256">
<pin_list>
<pin id="257" dir="0" index="0" bw="32" slack="0"/>
<pin id="258" dir="0" index="1" bw="1" slack="0"/>
<pin id="259" dir="0" index="2" bw="7" slack="0"/>
<pin id="260" dir="1" index="3" bw="7" slack="0"/>
</pin_list>
<bind>
<opcode="getelementptr(29) " fcode="getelementptr"/>
<opset="clusterGrid_y_addr_8/4 "/>
</bind>
</comp>

<comp id="263" class="1004" name="clusterGrid_clusterID_addr_gep_fu_263">
<pin_list>
<pin id="264" dir="0" index="0" bw="32" slack="0"/>
<pin id="265" dir="0" index="1" bw="1" slack="0"/>
<pin id="266" dir="0" index="2" bw="7" slack="0"/>
<pin id="267" dir="1" index="3" bw="7" slack="0"/>
</pin_list>
<bind>
<opcode="getelementptr(29) " fcode="getelementptr"/>
<opset="clusterGrid_clusterID_addr/4 "/>
</bind>
</comp>

<comp id="270" class="1004" name="clusterGrid_clusterID_addr_8_gep_fu_270">
<pin_list>
<pin id="271" dir="0" index="0" bw="32" slack="0"/>
<pin id="272" dir="0" index="1" bw="1" slack="0"/>
<pin id="273" dir="0" index="2" bw="7" slack="0"/>
<pin id="274" dir="1" index="3" bw="7" slack="0"/>
</pin_list>
<bind>
<opcode="getelementptr(29) " fcode="getelementptr"/>
<opset="clusterGrid_clusterID_addr_8/4 "/>
</bind>
</comp>

<comp id="283" class="1004" name="clusterGrid_x_addr_9_gep_fu_283">
<pin_list>
<pin id="284" dir="0" index="0" bw="32" slack="0"/>
<pin id="285" dir="0" index="1" bw="1" slack="0"/>
<pin id="286" dir="0" index="2" bw="7" slack="0"/>
<pin id="287" dir="1" index="3" bw="7" slack="0"/>
</pin_list>
<bind>
<opcode="getelementptr(29) " fcode="getelementptr"/>
<opset="clusterGrid_x_addr_9/5 "/>
</bind>
</comp>

<comp id="290" class="1004" name="clusterGrid_x_addr_10_gep_fu_290">
<pin_list>
<pin id="291" dir="0" index="0" bw="32" slack="0"/>
<pin id="292" dir="0" index="1" bw="1" slack="0"/>
<pin id="293" dir="0" index="2" bw="7" slack="0"/>
<pin id="294" dir="1" index="3" bw="7" slack="0"/>
</pin_list>
<bind>
<opcode="getelementptr(29) " fcode="getelementptr"/>
<opset="clusterGrid_x_addr_10/5 "/>
</bind>
</comp>

<comp id="297" class="1004" name="clusterGrid_y_addr_9_gep_fu_297">
<pin_list>
<pin id="298" dir="0" index="0" bw="32" slack="0"/>
<pin id="299" dir="0" index="1" bw="1" slack="0"/>
<pin id="300" dir="0" index="2" bw="7" slack="0"/>
<pin id="301" dir="1" index="3" bw="7" slack="0"/>
</pin_list>
<bind>
<opcode="getelementptr(29) " fcode="getelementptr"/>
<opset="clusterGrid_y_addr_9/5 "/>
</bind>
</comp>

<comp id="304" class="1004" name="clusterGrid_y_addr_10_gep_fu_304">
<pin_list>
<pin id="305" dir="0" index="0" bw="32" slack="0"/>
<pin id="306" dir="0" index="1" bw="1" slack="0"/>
<pin id="307" dir="0" index="2" bw="7" slack="0"/>
<pin id="308" dir="1" index="3" bw="7" slack="0"/>
</pin_list>
<bind>
<opcode="getelementptr(29) " fcode="getelementptr"/>
<opset="clusterGrid_y_addr_10/5 "/>
</bind>
</comp>

<comp id="311" class="1004" name="clusterGrid_clusterID_addr_9_gep_fu_311">
<pin_list>
<pin id="312" dir="0" index="0" bw="32" slack="0"/>
<pin id="313" dir="0" index="1" bw="1" slack="0"/>
<pin id="314" dir="0" index="2" bw="7" slack="0"/>
<pin id="315" dir="1" index="3" bw="7" slack="0"/>
</pin_list>
<bind>
<opcode="getelementptr(29) " fcode="getelementptr"/>
<opset="clusterGrid_clusterID_addr_9/5 "/>
</bind>
</comp>

<comp id="318" class="1004" name="clusterGrid_clusterID_addr_10_gep_fu_318">
<pin_list>
<pin id="319" dir="0" index="0" bw="32" slack="0"/>
<pin id="320" dir="0" index="1" bw="1" slack="0"/>
<pin id="321" dir="0" index="2" bw="7" slack="0"/>
<pin id="322" dir="1" index="3" bw="7" slack="0"/>
</pin_list>
<bind>
<opcode="getelementptr(29) " fcode="getelementptr"/>
<opset="clusterGrid_clusterID_addr_10/5 "/>
</bind>
</comp>

<comp id="331" class="1004" name="store_ln0_store_fu_331">
<pin_list>
<pin id="332" dir="0" index="0" bw="1" slack="0"/>
<pin id="333" dir="0" index="1" bw="4" slack="0"/>
<pin id="334" dir="1" index="2" bw="0" slack="2147483647"/>
</pin_list>
<bind>
<opcode="store(28) " fcode="store"/>
<opset="store_ln0/1 "/>
</bind>
</comp>

<comp id="336" class="1004" name="indvars_iv117_load_load_fu_336">
<pin_list>
<pin id="337" dir="0" index="0" bw="4" slack="0"/>
<pin id="338" dir="1" index="1" bw="4" slack="0"/>
</pin_list>
<bind>
<opcode="load(27) " fcode="load"/>
<opset="indvars_iv117_load/1 "/>
</bind>
</comp>

<comp id="339" class="1004" name="tmp_fu_339">
<pin_list>
<pin id="340" dir="0" index="0" bw="7" slack="0"/>
<pin id="341" dir="0" index="1" bw="4" slack="0"/>
<pin id="342" dir="0" index="2" bw="1" slack="0"/>
<pin id="343" dir="1" index="3" bw="7" slack="0"/>
</pin_list>
<bind>
<opcode="bitconcatenate(1004) " fcode="bitconcatenate"/>
<opset="tmp/1 "/>
</bind>
</comp>

<comp id="347" class="1004" name="tmp_1_fu_347">
<pin_list>
<pin id="348" dir="0" index="0" bw="5" slack="0"/>
<pin id="349" dir="0" index="1" bw="4" slack="0"/>
<pin id="350" dir="0" index="2" bw="1" slack="0"/>
<pin id="351" dir="1" index="3" bw="5" slack="0"/>
</pin_list>
<bind>
<opcode="bitconcatenate(1004) " fcode="bitconcatenate"/>
<opset="tmp_1/1 "/>
</bind>
</comp>

<comp id="355" class="1004" name="zext_ln142_fu_355">
<pin_list>
<pin id="356" dir="0" index="0" bw="5" slack="0"/>
<pin id="357" dir="1" index="1" bw="7" slack="0"/>
</pin_list>
<bind>
<opcode="zext(34) " fcode="zext"/>
<opset="zext_ln142/1 "/>
</bind>
</comp>

<comp id="359" class="1004" name="add_ln142_1_fu_359">
<pin_list>
<pin id="360" dir="0" index="0" bw="7" slack="0"/>
<pin id="361" dir="0" index="1" bw="5" slack="0"/>
<pin id="362" dir="1" index="2" bw="7" slack="0"/>
</pin_list>
<bind>
<opcode="add(8) " fcode="add"/>
<opset="add_ln142_1/1 "/>
</bind>
</comp>

<comp id="365" class="1004" name="zext_ln142_1_fu_365">
<pin_list>
<pin id="366" dir="0" index="0" bw="7" slack="0"/>
<pin id="367" dir="1" index="1" bw="64" slack="0"/>
</pin_list>
<bind>
<opcode="zext(34) " fcode="zext"/>
<opset="zext_ln142_1/1 "/>
</bind>
</comp>

<comp id="372" class="1004" name="or_ln142_fu_372">
<pin_list>
<pin id="373" dir="0" index="0" bw="7" slack="0"/>
<pin id="374" dir="0" index="1" bw="1" slack="0"/>
<pin id="375" dir="1" index="2" bw="7" slack="0"/>
</pin_list>
<bind>
<opcode="or(24) " fcode="or"/>
<opset="or_ln142/1 "/>
</bind>
</comp>

<comp id="378" class="1004" name="zext_ln142_2_fu_378">
<pin_list>
<pin id="379" dir="0" index="0" bw="7" slack="0"/>
<pin id="380" dir="1" index="1" bw="64" slack="0"/>
</pin_list>
<bind>
<opcode="zext(34) " fcode="zext"/>
<opset="zext_ln142_2/1 "/>
</bind>
</comp>

<comp id="385" class="1004" name="add_ln142_fu_385">
<pin_list>
<pin id="386" dir="0" index="0" bw="4" slack="0"/>
<pin id="387" dir="0" index="1" bw="1" slack="0"/>
<pin id="388" dir="1" index="2" bw="4" slack="0"/>
</pin_list>
<bind>
<opcode="add(8) " fcode="add"/>
<opset="add_ln142/1 "/>
</bind>
</comp>

<comp id="391" class="1004" name="icmp_ln142_fu_391">
<pin_list>
<pin id="392" dir="0" index="0" bw="4" slack="0"/>
<pin id="393" dir="0" index="1" bw="4" slack="0"/>
<pin id="394" dir="1" index="2" bw="1" slack="4"/>
</pin_list>
<bind>
<opcode="icmp(45) " fcode="icmp"/>
<opset="icmp_ln142/1 "/>
</bind>
</comp>

<comp id="397" class="1004" name="store_ln142_store_fu_397">
<pin_list>
<pin id="398" dir="0" index="0" bw="4" slack="0"/>
<pin id="399" dir="0" index="1" bw="4" slack="0"/>
<pin id="400" dir="1" index="2" bw="0" slack="2147483647"/>
</pin_list>
<bind>
<opcode="store(28) " fcode="store"/>
<opset="store_ln142/1 "/>
</bind>
</comp>

<comp id="402" class="1004" name="add_ln142_2_fu_402">
<pin_list>
<pin id="403" dir="0" index="0" bw="7" slack="1"/>
<pin id="404" dir="0" index="1" bw="3" slack="0"/>
<pin id="405" dir="1" index="2" bw="7" slack="0"/>
</pin_list>
<bind>
<opcode="add(8) " fcode="add"/>
<opset="add_ln142_2/2 "/>
</bind>
</comp>

<comp id="407" class="1004" name="zext_ln142_3_fu_407">
<pin_list>
<pin id="408" dir="0" index="0" bw="7" slack="0"/>
<pin id="409" dir="1" index="1" bw="64" slack="0"/>
</pin_list>
<bind>
<opcode="zext(34) " fcode="zext"/>
<opset="zext_ln142_3/2 "/>
</bind>
</comp>

<comp id="414" class="1004" name="add_ln142_3_fu_414">
<pin_list>
<pin id="415" dir="0" index="0" bw="7" slack="1"/>
<pin id="416" dir="0" index="1" bw="3" slack="0"/>
<pin id="417" dir="1" index="2" bw="7" slack="0"/>
</pin_list>
<bind>
<opcode="add(8) " fcode="add"/>
<opset="add_ln142_3/2 "/>
</bind>
</comp>

<comp id="419" class="1004" name="zext_ln142_4_fu_419">
<pin_list>
<pin id="420" dir="0" index="0" bw="7" slack="0"/>
<pin id="421" dir="1" index="1" bw="64" slack="0"/>
</pin_list>
<bind>
<opcode="zext(34) " fcode="zext"/>
<opset="zext_ln142_4/2 "/>
</bind>
</comp>

<comp id="426" class="1004" name="add_ln142_4_fu_426">
<pin_list>
<pin id="427" dir="0" index="0" bw="7" slack="2"/>
<pin id="428" dir="0" index="1" bw="4" slack="0"/>
<pin id="429" dir="1" index="2" bw="7" slack="0"/>
</pin_list>
<bind>
<opcode="add(8) " fcode="add"/>
<opset="add_ln142_4/3 "/>
</bind>
</comp>

<comp id="431" class="1004" name="zext_ln142_5_fu_431">
<pin_list>
<pin id="432" dir="0" index="0" bw="7" slack="0"/>
<pin id="433" dir="1" index="1" bw="64" slack="0"/>
</pin_list>
<bind>
<opcode="zext(34) " fcode="zext"/>
<opset="zext_ln142_5/3 "/>
</bind>
</comp>

<comp id="438" class="1004" name="add_ln142_5_fu_438">
<pin_list>
<pin id="439" dir="0" index="0" bw="7" slack="2"/>
<pin id="440" dir="0" index="1" bw="4" slack="0"/>
<pin id="441" dir="1" index="2" bw="7" slack="0"/>
</pin_list>
<bind>
<opcode="add(8) " fcode="add"/>
<opset="add_ln142_5/3 "/>
</bind>
</comp>

<comp id="443" class="1004" name="zext_ln142_6_fu_443">
<pin_list>
<pin id="444" dir="0" index="0" bw="7" slack="0"/>
<pin id="445" dir="1" index="1" bw="64" slack="0"/>
</pin_list>
<bind>
<opcode="zext(34) " fcode="zext"/>
<opset="zext_ln142_6/3 "/>
</bind>
</comp>

<comp id="450" class="1004" name="add_ln142_6_fu_450">
<pin_list>
<pin id="451" dir="0" index="0" bw="7" slack="3"/>
<pin id="452" dir="0" index="1" bw="4" slack="0"/>
<pin id="453" dir="1" index="2" bw="7" slack="0"/>
</pin_list>
<bind>
<opcode="add(8) " fcode="add"/>
<opset="add_ln142_6/4 "/>
</bind>
</comp>

<comp id="455" class="1004" name="zext_ln142_7_fu_455">
<pin_list>
<pin id="456" dir="0" index="0" bw="7" slack="0"/>
<pin id="457" dir="1" index="1" bw="64" slack="0"/>
</pin_list>
<bind>
<opcode="zext(34) " fcode="zext"/>
<opset="zext_ln142_7/4 "/>
</bind>
</comp>

<comp id="462" class="1004" name="add_ln142_7_fu_462">
<pin_list>
<pin id="463" dir="0" index="0" bw="7" slack="3"/>
<pin id="464" dir="0" index="1" bw="4" slack="0"/>
<pin id="465" dir="1" index="2" bw="7" slack="0"/>
</pin_list>
<bind>
<opcode="add(8) " fcode="add"/>
<opset="add_ln142_7/4 "/>
</bind>
</comp>

<comp id="467" class="1004" name="zext_ln142_8_fu_467">
<pin_list>
<pin id="468" dir="0" index="0" bw="7" slack="0"/>
<pin id="469" dir="1" index="1" bw="64" slack="0"/>
</pin_list>
<bind>
<opcode="zext(34) " fcode="zext"/>
<opset="zext_ln142_8/4 "/>
</bind>
</comp>

<comp id="474" class="1004" name="add_ln142_8_fu_474">
<pin_list>
<pin id="475" dir="0" index="0" bw="7" slack="4"/>
<pin id="476" dir="0" index="1" bw="5" slack="0"/>
<pin id="477" dir="1" index="2" bw="7" slack="0"/>
</pin_list>
<bind>
<opcode="add(8) " fcode="add"/>
<opset="add_ln142_8/5 "/>
</bind>
</comp>

<comp id="479" class="1004" name="zext_ln142_9_fu_479">
<pin_list>
<pin id="480" dir="0" index="0" bw="7" slack="0"/>
<pin id="481" dir="1" index="1" bw="64" slack="0"/>
</pin_list>
<bind>
<opcode="zext(34) " fcode="zext"/>
<opset="zext_ln142_9/5 "/>
</bind>
</comp>

<comp id="486" class="1004" name="add_ln142_9_fu_486">
<pin_list>
<pin id="487" dir="0" index="0" bw="7" slack="4"/>
<pin id="488" dir="0" index="1" bw="5" slack="0"/>
<pin id="489" dir="1" index="2" bw="7" slack="0"/>
</pin_list>
<bind>
<opcode="add(8) " fcode="add"/>
<opset="add_ln142_9/5 "/>
</bind>
</comp>

<comp id="491" class="1004" name="zext_ln142_10_fu_491">
<pin_list>
<pin id="492" dir="0" index="0" bw="7" slack="0"/>
<pin id="493" dir="1" index="1" bw="64" slack="0"/>
</pin_list>
<bind>
<opcode="zext(34) " fcode="zext"/>
<opset="zext_ln142_10/5 "/>
</bind>
</comp>

<comp id="498" class="1005" name="indvars_iv117_reg_498">
<pin_list>
<pin id="499" dir="0" index="0" bw="4" slack="0"/>
<pin id="500" dir="1" index="1" bw="4" slack="0"/>
</pin_list>
<bind>
<opset="indvars_iv117 "/>
</bind>
</comp>

<comp id="505" class="1005" name="add_ln142_1_reg_505">
<pin_list>
<pin id="506" dir="0" index="0" bw="7" slack="1"/>
<pin id="507" dir="1" index="1" bw="7" slack="1"/>
</pin_list>
<bind>
<opset="add_ln142_1 "/>
</bind>
</comp>

<comp id="517" class="1005" name="icmp_ln142_reg_517">
<pin_list>
<pin id="518" dir="0" index="0" bw="1" slack="4"/>
<pin id="519" dir="1" index="1" bw="1" slack="2147483647"/>
</pin_list>
<bind>
<opset="icmp_ln142 "/>
</bind>
</comp>

</comp_list>

<net_list>
<net id="57"><net_src comp="6" pin="0"/><net_sink comp="54" pin=0"/></net>

<net id="63"><net_src comp="0" pin="0"/><net_sink comp="58" pin=0"/></net>

<net id="64"><net_src comp="18" pin="0"/><net_sink comp="58" pin=1"/></net>

<net id="70"><net_src comp="0" pin="0"/><net_sink comp="65" pin=0"/></net>

<net id="71"><net_src comp="18" pin="0"/><net_sink comp="65" pin=1"/></net>

<net id="77"><net_src comp="2" pin="0"/><net_sink comp="72" pin=0"/></net>

<net id="78"><net_src comp="18" pin="0"/><net_sink comp="72" pin=1"/></net>

<net id="84"><net_src comp="2" pin="0"/><net_sink comp="79" pin=0"/></net>

<net id="85"><net_src comp="18" pin="0"/><net_sink comp="79" pin=1"/></net>

<net id="91"><net_src comp="4" pin="0"/><net_sink comp="86" pin=0"/></net>

<net id="92"><net_src comp="18" pin="0"/><net_sink comp="86" pin=1"/></net>

<net id="98"><net_src comp="4" pin="0"/><net_sink comp="93" pin=0"/></net>

<net id="99"><net_src comp="18" pin="0"/><net_sink comp="93" pin=1"/></net>

<net id="109"><net_src comp="22" pin="0"/><net_sink comp="100" pin=4"/></net>

<net id="110"><net_src comp="58" pin="3"/><net_sink comp="100" pin=2"/></net>

<net id="120"><net_src comp="22" pin="0"/><net_sink comp="111" pin=4"/></net>

<net id="121"><net_src comp="72" pin="3"/><net_sink comp="111" pin=2"/></net>

<net id="131"><net_src comp="22" pin="0"/><net_sink comp="122" pin=4"/></net>

<net id="132"><net_src comp="86" pin="3"/><net_sink comp="122" pin=2"/></net>

<net id="133"><net_src comp="22" pin="0"/><net_sink comp="100" pin=1"/></net>

<net id="134"><net_src comp="65" pin="3"/><net_sink comp="100" pin=0"/></net>

<net id="135"><net_src comp="22" pin="0"/><net_sink comp="111" pin=1"/></net>

<net id="136"><net_src comp="79" pin="3"/><net_sink comp="111" pin=0"/></net>

<net id="137"><net_src comp="22" pin="0"/><net_sink comp="122" pin=1"/></net>

<net id="138"><net_src comp="93" pin="3"/><net_sink comp="122" pin=0"/></net>

<net id="144"><net_src comp="0" pin="0"/><net_sink comp="139" pin=0"/></net>

<net id="145"><net_src comp="18" pin="0"/><net_sink comp="139" pin=1"/></net>

<net id="151"><net_src comp="0" pin="0"/><net_sink comp="146" pin=0"/></net>

<net id="152"><net_src comp="18" pin="0"/><net_sink comp="146" pin=1"/></net>

<net id="158"><net_src comp="2" pin="0"/><net_sink comp="153" pin=0"/></net>

<net id="159"><net_src comp="18" pin="0"/><net_sink comp="153" pin=1"/></net>

<net id="165"><net_src comp="2" pin="0"/><net_sink comp="160" pin=0"/></net>

<net id="166"><net_src comp="18" pin="0"/><net_sink comp="160" pin=1"/></net>

<net id="172"><net_src comp="4" pin="0"/><net_sink comp="167" pin=0"/></net>

<net id="173"><net_src comp="18" pin="0"/><net_sink comp="167" pin=1"/></net>

<net id="179"><net_src comp="4" pin="0"/><net_sink comp="174" pin=0"/></net>

<net id="180"><net_src comp="18" pin="0"/><net_sink comp="174" pin=1"/></net>

<net id="181"><net_src comp="139" pin="3"/><net_sink comp="100" pin=2"/></net>

<net id="182"><net_src comp="153" pin="3"/><net_sink comp="111" pin=2"/></net>

<net id="183"><net_src comp="167" pin="3"/><net_sink comp="122" pin=2"/></net>

<net id="184"><net_src comp="146" pin="3"/><net_sink comp="100" pin=0"/></net>

<net id="185"><net_src comp="160" pin="3"/><net_sink comp="111" pin=0"/></net>

<net id="186"><net_src comp="174" pin="3"/><net_sink comp="122" pin=0"/></net>

<net id="192"><net_src comp="0" pin="0"/><net_sink comp="187" pin=0"/></net>

<net id="193"><net_src comp="18" pin="0"/><net_sink comp="187" pin=1"/></net>

<net id="199"><net_src comp="0" pin="0"/><net_sink comp="194" pin=0"/></net>

<net id="200"><net_src comp="18" pin="0"/><net_sink comp="194" pin=1"/></net>

<net id="206"><net_src comp="2" pin="0"/><net_sink comp="201" pin=0"/></net>

<net id="207"><net_src comp="18" pin="0"/><net_sink comp="201" pin=1"/></net>

<net id="213"><net_src comp="2" pin="0"/><net_sink comp="208" pin=0"/></net>

<net id="214"><net_src comp="18" pin="0"/><net_sink comp="208" pin=1"/></net>

<net id="220"><net_src comp="4" pin="0"/><net_sink comp="215" pin=0"/></net>

<net id="221"><net_src comp="18" pin="0"/><net_sink comp="215" pin=1"/></net>

<net id="227"><net_src comp="4" pin="0"/><net_sink comp="222" pin=0"/></net>

<net id="228"><net_src comp="18" pin="0"/><net_sink comp="222" pin=1"/></net>

<net id="229"><net_src comp="187" pin="3"/><net_sink comp="100" pin=2"/></net>

<net id="230"><net_src comp="201" pin="3"/><net_sink comp="111" pin=2"/></net>

<net id="231"><net_src comp="215" pin="3"/><net_sink comp="122" pin=2"/></net>

<net id="232"><net_src comp="194" pin="3"/><net_sink comp="100" pin=0"/></net>

<net id="233"><net_src comp="208" pin="3"/><net_sink comp="111" pin=0"/></net>

<net id="234"><net_src comp="222" pin="3"/><net_sink comp="122" pin=0"/></net>

<net id="240"><net_src comp="0" pin="0"/><net_sink comp="235" pin=0"/></net>

<net id="241"><net_src comp="18" pin="0"/><net_sink comp="235" pin=1"/></net>

<net id="247"><net_src comp="0" pin="0"/><net_sink comp="242" pin=0"/></net>

<net id="248"><net_src comp="18" pin="0"/><net_sink comp="242" pin=1"/></net>

<net id="254"><net_src comp="2" pin="0"/><net_sink comp="249" pin=0"/></net>

<net id="255"><net_src comp="18" pin="0"/><net_sink comp="249" pin=1"/></net>

<net id="261"><net_src comp="2" pin="0"/><net_sink comp="256" pin=0"/></net>

<net id="262"><net_src comp="18" pin="0"/><net_sink comp="256" pin=1"/></net>

<net id="268"><net_src comp="4" pin="0"/><net_sink comp="263" pin=0"/></net>

<net id="269"><net_src comp="18" pin="0"/><net_sink comp="263" pin=1"/></net>

<net id="275"><net_src comp="4" pin="0"/><net_sink comp="270" pin=0"/></net>

<net id="276"><net_src comp="18" pin="0"/><net_sink comp="270" pin=1"/></net>

<net id="277"><net_src comp="235" pin="3"/><net_sink comp="100" pin=2"/></net>

<net id="278"><net_src comp="249" pin="3"/><net_sink comp="111" pin=2"/></net>

<net id="279"><net_src comp="263" pin="3"/><net_sink comp="122" pin=2"/></net>

<net id="280"><net_src comp="242" pin="3"/><net_sink comp="100" pin=0"/></net>

<net id="281"><net_src comp="256" pin="3"/><net_sink comp="111" pin=0"/></net>

<net id="282"><net_src comp="270" pin="3"/><net_sink comp="122" pin=0"/></net>

<net id="288"><net_src comp="0" pin="0"/><net_sink comp="283" pin=0"/></net>

<net id="289"><net_src comp="18" pin="0"/><net_sink comp="283" pin=1"/></net>

<net id="295"><net_src comp="0" pin="0"/><net_sink comp="290" pin=0"/></net>

<net id="296"><net_src comp="18" pin="0"/><net_sink comp="290" pin=1"/></net>

<net id="302"><net_src comp="2" pin="0"/><net_sink comp="297" pin=0"/></net>

<net id="303"><net_src comp="18" pin="0"/><net_sink comp="297" pin=1"/></net>

<net id="309"><net_src comp="2" pin="0"/><net_sink comp="304" pin=0"/></net>

<net id="310"><net_src comp="18" pin="0"/><net_sink comp="304" pin=1"/></net>

<net id="316"><net_src comp="4" pin="0"/><net_sink comp="311" pin=0"/></net>

<net id="317"><net_src comp="18" pin="0"/><net_sink comp="311" pin=1"/></net>

<net id="323"><net_src comp="4" pin="0"/><net_sink comp="318" pin=0"/></net>

<net id="324"><net_src comp="18" pin="0"/><net_sink comp="318" pin=1"/></net>

<net id="325"><net_src comp="283" pin="3"/><net_sink comp="100" pin=2"/></net>

<net id="326"><net_src comp="297" pin="3"/><net_sink comp="111" pin=2"/></net>

<net id="327"><net_src comp="311" pin="3"/><net_sink comp="122" pin=2"/></net>

<net id="328"><net_src comp="290" pin="3"/><net_sink comp="100" pin=0"/></net>

<net id="329"><net_src comp="304" pin="3"/><net_sink comp="111" pin=0"/></net>

<net id="330"><net_src comp="318" pin="3"/><net_sink comp="122" pin=0"/></net>

<net id="335"><net_src comp="8" pin="0"/><net_sink comp="331" pin=0"/></net>

<net id="344"><net_src comp="10" pin="0"/><net_sink comp="339" pin=0"/></net>

<net id="345"><net_src comp="336" pin="1"/><net_sink comp="339" pin=1"/></net>

<net id="346"><net_src comp="12" pin="0"/><net_sink comp="339" pin=2"/></net>

<net id="352"><net_src comp="14" pin="0"/><net_sink comp="347" pin=0"/></net>

<net id="353"><net_src comp="336" pin="1"/><net_sink comp="347" pin=1"/></net>

<net id="354"><net_src comp="16" pin="0"/><net_sink comp="347" pin=2"/></net>

<net id="358"><net_src comp="347" pin="3"/><net_sink comp="355" pin=0"/></net>

<net id="363"><net_src comp="339" pin="3"/><net_sink comp="359" pin=0"/></net>

<net id="364"><net_src comp="355" pin="1"/><net_sink comp="359" pin=1"/></net>

<net id="368"><net_src comp="359" pin="2"/><net_sink comp="365" pin=0"/></net>

<net id="369"><net_src comp="365" pin="1"/><net_sink comp="58" pin=2"/></net>

<net id="370"><net_src comp="365" pin="1"/><net_sink comp="72" pin=2"/></net>

<net id="371"><net_src comp="365" pin="1"/><net_sink comp="86" pin=2"/></net>

<net id="376"><net_src comp="359" pin="2"/><net_sink comp="372" pin=0"/></net>

<net id="377"><net_src comp="20" pin="0"/><net_sink comp="372" pin=1"/></net>

<net id="381"><net_src comp="372" pin="2"/><net_sink comp="378" pin=0"/></net>

<net id="382"><net_src comp="378" pin="1"/><net_sink comp="65" pin=2"/></net>

<net id="383"><net_src comp="378" pin="1"/><net_sink comp="79" pin=2"/></net>

<net id="384"><net_src comp="378" pin="1"/><net_sink comp="93" pin=2"/></net>

<net id="389"><net_src comp="336" pin="1"/><net_sink comp="385" pin=0"/></net>

<net id="390"><net_src comp="24" pin="0"/><net_sink comp="385" pin=1"/></net>

<net id="395"><net_src comp="336" pin="1"/><net_sink comp="391" pin=0"/></net>

<net id="396"><net_src comp="26" pin="0"/><net_sink comp="391" pin=1"/></net>

<net id="401"><net_src comp="385" pin="2"/><net_sink comp="397" pin=0"/></net>

<net id="406"><net_src comp="28" pin="0"/><net_sink comp="402" pin=1"/></net>

<net id="410"><net_src comp="402" pin="2"/><net_sink comp="407" pin=0"/></net>

<net id="411"><net_src comp="407" pin="1"/><net_sink comp="139" pin=2"/></net>

<net id="412"><net_src comp="407" pin="1"/><net_sink comp="153" pin=2"/></net>

<net id="413"><net_src comp="407" pin="1"/><net_sink comp="167" pin=2"/></net>

<net id="418"><net_src comp="30" pin="0"/><net_sink comp="414" pin=1"/></net>

<net id="422"><net_src comp="414" pin="2"/><net_sink comp="419" pin=0"/></net>

<net id="423"><net_src comp="419" pin="1"/><net_sink comp="146" pin=2"/></net>

<net id="424"><net_src comp="419" pin="1"/><net_sink comp="160" pin=2"/></net>

<net id="425"><net_src comp="419" pin="1"/><net_sink comp="174" pin=2"/></net>

<net id="430"><net_src comp="32" pin="0"/><net_sink comp="426" pin=1"/></net>

<net id="434"><net_src comp="426" pin="2"/><net_sink comp="431" pin=0"/></net>

<net id="435"><net_src comp="431" pin="1"/><net_sink comp="187" pin=2"/></net>

<net id="436"><net_src comp="431" pin="1"/><net_sink comp="201" pin=2"/></net>

<net id="437"><net_src comp="431" pin="1"/><net_sink comp="215" pin=2"/></net>

<net id="442"><net_src comp="34" pin="0"/><net_sink comp="438" pin=1"/></net>

<net id="446"><net_src comp="438" pin="2"/><net_sink comp="443" pin=0"/></net>

<net id="447"><net_src comp="443" pin="1"/><net_sink comp="194" pin=2"/></net>

<net id="448"><net_src comp="443" pin="1"/><net_sink comp="208" pin=2"/></net>

<net id="449"><net_src comp="443" pin="1"/><net_sink comp="222" pin=2"/></net>

<net id="454"><net_src comp="36" pin="0"/><net_sink comp="450" pin=1"/></net>

<net id="458"><net_src comp="450" pin="2"/><net_sink comp="455" pin=0"/></net>

<net id="459"><net_src comp="455" pin="1"/><net_sink comp="235" pin=2"/></net>

<net id="460"><net_src comp="455" pin="1"/><net_sink comp="249" pin=2"/></net>

<net id="461"><net_src comp="455" pin="1"/><net_sink comp="263" pin=2"/></net>

<net id="466"><net_src comp="38" pin="0"/><net_sink comp="462" pin=1"/></net>

<net id="470"><net_src comp="462" pin="2"/><net_sink comp="467" pin=0"/></net>

<net id="471"><net_src comp="467" pin="1"/><net_sink comp="242" pin=2"/></net>

<net id="472"><net_src comp="467" pin="1"/><net_sink comp="256" pin=2"/></net>

<net id="473"><net_src comp="467" pin="1"/><net_sink comp="270" pin=2"/></net>

<net id="478"><net_src comp="40" pin="0"/><net_sink comp="474" pin=1"/></net>

<net id="482"><net_src comp="474" pin="2"/><net_sink comp="479" pin=0"/></net>

<net id="483"><net_src comp="479" pin="1"/><net_sink comp="283" pin=2"/></net>

<net id="484"><net_src comp="479" pin="1"/><net_sink comp="297" pin=2"/></net>

<net id="485"><net_src comp="479" pin="1"/><net_sink comp="311" pin=2"/></net>

<net id="490"><net_src comp="42" pin="0"/><net_sink comp="486" pin=1"/></net>

<net id="494"><net_src comp="486" pin="2"/><net_sink comp="491" pin=0"/></net>

<net id="495"><net_src comp="491" pin="1"/><net_sink comp="290" pin=2"/></net>

<net id="496"><net_src comp="491" pin="1"/><net_sink comp="304" pin=2"/></net>

<net id="497"><net_src comp="491" pin="1"/><net_sink comp="318" pin=2"/></net>

<net id="501"><net_src comp="54" pin="1"/><net_sink comp="498" pin=0"/></net>

<net id="502"><net_src comp="498" pin="1"/><net_sink comp="331" pin=1"/></net>

<net id="503"><net_src comp="498" pin="1"/><net_sink comp="336" pin=0"/></net>

<net id="504"><net_src comp="498" pin="1"/><net_sink comp="397" pin=1"/></net>

<net id="508"><net_src comp="359" pin="2"/><net_sink comp="505" pin=0"/></net>

<net id="509"><net_src comp="505" pin="1"/><net_sink comp="402" pin=0"/></net>

<net id="510"><net_src comp="505" pin="1"/><net_sink comp="414" pin=0"/></net>

<net id="511"><net_src comp="505" pin="1"/><net_sink comp="426" pin=0"/></net>

<net id="512"><net_src comp="505" pin="1"/><net_sink comp="438" pin=0"/></net>

<net id="513"><net_src comp="505" pin="1"/><net_sink comp="450" pin=0"/></net>

<net id="514"><net_src comp="505" pin="1"/><net_sink comp="462" pin=0"/></net>

<net id="515"><net_src comp="505" pin="1"/><net_sink comp="474" pin=0"/></net>

<net id="516"><net_src comp="505" pin="1"/><net_sink comp="486" pin=0"/></net>

<net id="520"><net_src comp="391" pin="2"/><net_sink comp="517" pin=0"/></net>

</net_list>

</model> 
---------------- Datapath Model END ------------------

* FSMD analyzer results:
  - Output states:
	Port: clusterGrid_x | {1 2 3 4 5 }
	Port: clusterGrid_y | {1 2 3 4 5 }
	Port: clusterGrid_clusterID | {1 2 3 4 5 }
 - Input state : 
  - Chain level:
	State 1
		store_ln0 : 1
		indvars_iv117_load : 1
		tmp : 2
		tmp_1 : 2
		zext_ln142 : 3
		add_ln142_1 : 4
		zext_ln142_1 : 5
		clusterGrid_x_addr_2 : 6
		or_ln142 : 5
		zext_ln142_2 : 5
		clusterGrid_x_addr_3 : 6
		clusterGrid_y_addr_2 : 6
		clusterGrid_y_addr_3 : 6
		clusterGrid_clusterID_addr_2 : 6
		clusterGrid_clusterID_addr_3 : 6
		store_ln37 : 7
		store_ln37 : 7
		store_ln37 : 7
		store_ln37 : 7
		store_ln37 : 7
		store_ln37 : 7
		add_ln142 : 2
		icmp_ln142 : 2
		store_ln142 : 3
	State 2
		zext_ln142_3 : 1
		clusterGrid_x_addr_4 : 2
		zext_ln142_4 : 1
		clusterGrid_x_addr_5 : 2
		clusterGrid_y_addr_4 : 2
		clusterGrid_y_addr_5 : 2
		clusterGrid_clusterID_addr_4 : 2
		clusterGrid_clusterID_addr_5 : 2
		store_ln37 : 3
		store_ln37 : 3
		store_ln37 : 3
		store_ln37 : 3
		store_ln37 : 3
		store_ln37 : 3
	State 3
		zext_ln142_5 : 1
		clusterGrid_x_addr_6 : 2
		zext_ln142_6 : 1
		clusterGrid_x_addr_7 : 2
		clusterGrid_y_addr_6 : 2
		clusterGrid_y_addr_7 : 2
		clusterGrid_clusterID_addr_6 : 2
		clusterGrid_clusterID_addr_7 : 2
		store_ln37 : 3
		store_ln37 : 3
		store_ln37 : 3
		store_ln37 : 3
		store_ln37 : 3
		store_ln37 : 3
	State 4
		zext_ln142_7 : 1
		clusterGrid_x_addr : 2
		zext_ln142_8 : 1
		clusterGrid_x_addr_8 : 2
		clusterGrid_y_addr : 2
		clusterGrid_y_addr_8 : 2
		clusterGrid_clusterID_addr : 2
		clusterGrid_clusterID_addr_8 : 2
		store_ln37 : 3
		store_ln37 : 3
		store_ln37 : 3
		store_ln37 : 3
		store_ln37 : 3
		store_ln37 : 3
	State 5
		zext_ln142_9 : 1
		clusterGrid_x_addr_9 : 2
		zext_ln142_10 : 1
		clusterGrid_x_addr_10 : 2
		clusterGrid_y_addr_9 : 2
		clusterGrid_y_addr_10 : 2
		clusterGrid_clusterID_addr_9 : 2
		clusterGrid_clusterID_addr_10 : 2
		store_ln37 : 3
		store_ln37 : 3
		store_ln37 : 3
		store_ln37 : 3
		store_ln37 : 3
		store_ln37 : 3


============================================================
+ Verbose Summary: Datapath Resource usage 
============================================================

* Functional unit list:
|----------|----------------------|---------|---------|
| Operation|    Functional Unit   |    FF   |   LUT   |
|----------|----------------------|---------|---------|
|          |  add_ln142_1_fu_359  |    0    |    14   |
|          |   add_ln142_fu_385   |    0    |    12   |
|          |  add_ln142_2_fu_402  |    0    |    14   |
|          |  add_ln142_3_fu_414  |    0    |    14   |
|    add   |  add_ln142_4_fu_426  |    0    |    14   |
|          |  add_ln142_5_fu_438  |    0    |    14   |
|          |  add_ln142_6_fu_450  |    0    |    14   |
|          |  add_ln142_7_fu_462  |    0    |    14   |
|          |  add_ln142_8_fu_474  |    0    |    14   |
|          |  add_ln142_9_fu_486  |    0    |    14   |
|----------|----------------------|---------|---------|
|   icmp   |   icmp_ln142_fu_391  |    0    |    12   |
|----------|----------------------|---------|---------|
|bitconcatenate|      tmp_fu_339      |    0    |    0    |
|          |     tmp_1_fu_347     |    0    |    0    |
|----------|----------------------|---------|---------|
|          |   zext_ln142_fu_355  |    0    |    0    |
|          |  zext_ln142_1_fu_365 |    0    |    0    |
|          |  zext_ln142_2_fu_378 |    0    |    0    |
|          |  zext_ln142_3_fu_407 |    0    |    0    |
|          |  zext_ln142_4_fu_419 |    0    |    0    |
|   zext   |  zext_ln142_5_fu_431 |    0    |    0    |
|          |  zext_ln142_6_fu_443 |    0    |    0    |
|          |  zext_ln142_7_fu_455 |    0    |    0    |
|          |  zext_ln142_8_fu_467 |    0    |    0    |
|          |  zext_ln142_9_fu_479 |    0    |    0    |
|          | zext_ln142_10_fu_491 |    0    |    0    |
|----------|----------------------|---------|---------|
|    or    |    or_ln142_fu_372   |    0    |    0    |
|----------|----------------------|---------|---------|
|   Total  |                      |    0    |   150   |
|----------|----------------------|---------|---------|

Memories:
N/A

* Register list:
+---------------------+--------+
|                     |   FF   |
+---------------------+--------+
| add_ln142_1_reg_505 |    7   |
|  icmp_ln142_reg_517 |    1   |
|indvars_iv117_reg_498|    4   |
+---------------------+--------+
|        Total        |   12   |
+---------------------+--------+

* Multiplexer (MUX) list: 
|-------------------|------|------|------|--------||---------||---------|
|        Comp       |  Pin | Size |  BW  | S x BW ||  Delay  ||   LUT   |
|-------------------|------|------|------|--------||---------||---------|
| grp_access_fu_100 |  p0  |   5  |   7  |   35   ||    26   |
| grp_access_fu_100 |  p2  |   5  |   0  |    0   ||    26   |
| grp_access_fu_111 |  p0  |   5  |   7  |   35   ||    26   |
| grp_access_fu_111 |  p2  |   5  |   0  |    0   ||    26   |
| grp_access_fu_122 |  p0  |   5  |   7  |   35   ||    26   |
| grp_access_fu_122 |  p2  |   5  |   0  |    0   ||    26   |
|-------------------|------|------|------|--------||---------||---------|
|       Total       |      |      |      |   105  || 3.51857 ||   156   |
|-------------------|------|------|------|--------||---------||---------|



* Summary:
+-----------+--------+--------+--------+
|           |  Delay |   FF   |   LUT  |
+-----------+--------+--------+--------+
|  Function |    -   |    0   |   150  |
|   Memory  |    -   |    -   |    -   |
|Multiplexer|    3   |    -   |   156  |
|  Register |    -   |   12   |    -   |
+-----------+--------+--------+--------+
|   Total   |    3   |   12   |   306  |
+-----------+--------+--------+--------+
