INFO-FLOW: Workspace C:/Users/abelo/vitis_workspace/clustering/clustering/solution1 opened at Thu Apr 24 10:03:08 -0500 2025
Execute     ap_set_clock -name default -period 10 -default=false 
INFO: [SYN 201-201] Setting up clock 'default' with a period of 10ns.
Execute     set_part xcvu11p-flga2577-1-e 
Execute       create_platform xcvu11p-flga2577-1-e -board  
DBG:HLSDevice: Trying to load device library: E:/Vitis_HLS/2023.1\lib\win64.o\xv_hlsvwrap.dll
DBG:HLSDevice: first parts/arch.xml in RDI_DATADIR: E:/Vivado/2023.1/data/parts/arch.xml
DBG:HLSDevice: init success
INFO: [HLS 200-1611] Setting target device to 'xcvu11p-flga2577-1-e'
Command       create_platform done; 4.854 sec.
Execute       source E:/Vitis_HLS/2023.1/common/technology/xilinx/common/xilinx.gen 
Execute         source E:/Vitis_HLS/2023.1/common/technology/xilinx/interface/plb46.gen 
Execute         source E:/Vitis_HLS/2023.1/common/technology/xilinx/interface/axi4.gen 
Execute         source E:/Vitis_HLS/2023.1/common/technology/xilinx/interface/nativeAXI4.gen 
Execute           source E:/Vitis_HLS/2023.1/common/technology/xilinx/interface/saxilite.gen 
Execute         source E:/Vitis_HLS/2023.1/common/technology/xilinx/scripts/xilinxcoregen.gen 
Execute         source E:/Vitis_HLS/2023.1/common/technology/xilinx/interface/XilEDKCoreGen.gen 
Execute         source E:/Vitis_HLS/2023.1/common/technology/xilinx/ip/dds_compiler.gen 
Execute         source E:/Vitis_HLS/2023.1/common/technology/xilinx/ip/util.gen 
Execute         source E:/Vitis_HLS/2023.1/common/technology/xilinx/ip/xfft.gen 
Execute         source E:/Vitis_HLS/2023.1/common/technology/xilinx/ip/xfir.gen 
Execute         source E:/Vitis_HLS/2023.1/common/technology/xilinx/DSP48/dsp48.gen 
Execute       ap_part_info -name xcvu11p-flga2577-1-e -data info 
Execute       config_compile -quiet -complex-mul-dsp=0 
Command     set_part done; 5.008 sec.
Execute     send_msg_by_id INFO @200-1505@%s%s  vivado 
INFO: [HLS 200-1505] Using flow_target 'vivado'
Execute     send_msg_by_id INFO @200-1464@%s config_export -vivado_clock=5 
INFO: [HLS 200-1464] Running solution command: config_export -vivado_clock=5
Execute     config_export -vivado_clock=5 
Execute     send_msg_by_id INFO @200-1464@%s config_cosim -tool=xsim 
INFO: [HLS 200-1464] Running solution command: config_cosim -tool=xsim
Execute     config_cosim -tool=xsim 
Command   open_solution done; 5.129 sec.
Execute   set_part xcvu11p-flga2577-1-e 
INFO: [HLS 200-1510] Running: set_part xcvu11p-flga2577-1-e 
Execute     create_platform xcvu11p-flga2577-1-e -board  
Execute     source E:/Vitis_HLS/2023.1/common/technology/xilinx/common/xilinx.gen 
Execute       source E:/Vitis_HLS/2023.1/common/technology/xilinx/interface/plb46.gen 
Execute       source E:/Vitis_HLS/2023.1/common/technology/xilinx/interface/axi4.gen 
Execute       source E:/Vitis_HLS/2023.1/common/technology/xilinx/interface/nativeAXI4.gen 
Execute         source E:/Vitis_HLS/2023.1/common/technology/xilinx/interface/saxilite.gen 
Execute       source E:/Vitis_HLS/2023.1/common/technology/xilinx/scripts/xilinxcoregen.gen 
Execute       source E:/Vitis_HLS/2023.1/common/technology/xilinx/interface/XilEDKCoreGen.gen 
Execute       source E:/Vitis_HLS/2023.1/common/technology/xilinx/ip/dds_compiler.gen 
Execute       source E:/Vitis_HLS/2023.1/common/technology/xilinx/ip/util.gen 
Execute       source E:/Vitis_HLS/2023.1/common/technology/xilinx/ip/xfft.gen 
Execute       source E:/Vitis_HLS/2023.1/common/technology/xilinx/ip/xfir.gen 
Execute       source E:/Vitis_HLS/2023.1/common/technology/xilinx/DSP48/dsp48.gen 
Execute     ap_part_info -name xcvu11p-flga2577-1-e -data info 
Execute     config_compile -quiet -complex-mul-dsp=0 
Command   set_part done; 0.178 sec.
Execute   create_clock -period 10 -name default 
INFO: [HLS 200-1510] Running: create_clock -period 10 -name default 
Execute   config_export -vivado_clock 5 
INFO: [HLS 200-1510] Running: config_export -vivado_clock 5 
Execute   config_cosim -tool xsim 
INFO: [HLS 200-1510] Running: config_cosim -tool xsim 
Execute   csynth_design 
INFO: [HLS 200-1510] Running: csynth_design 
INFO-FLOW: Running SLX 'csynth' proc: ::SLX::run_csynth
Execute     elaborate -effort=medium -skip_syncheck=0 -keep_printf=0 -skip_cdt=0 -skip_transform=0 -ng=0 -g=0 -opt_fp=0 -from_csynth_design=1 
INFO: [HLS 200-111] Finished File checks and directory preparation: CPU user time: 0 seconds. CPU system time: 0 seconds. Elapsed time: 0.126 seconds; current allocated memory: 1.040 GB.
Execute       set_directive_top naive_findClustersHLS2 -name=naive_findClustersHLS2 
Execute       source E:/Vitis_HLS/2023.1/tps/tcl/tcllib1.11.1/yaml/huddle.tcl 
Execute       source E:/Vitis_HLS/2023.1/tps/tcl/tcllib1.11.1/yaml/json2huddle.tcl 
Execute         source E:/Vitis_HLS/2023.1/tps/tcl/tcllib1.11.1/try/try.tcl 
INFO: [HLS 200-10] Analyzing design file 'cluster.cpp' ... 
INFO-FLOW: Compiling one TU...
INFO-FLOW: Handling cluster.cpp as C++
Execute       ap_part_info -name xcvu11p-flga2577-1-e -data info 
INFO-FLOW: Running: GCC PP 39
INFO-FLOW: Source preprocessing
INFO-FLOW: run_clang exec: E:/Vitis_HLS/2023.1/win64/tools/clang-3.9-csynth/bin/clang cluster.cpp -foptimization-record-file=C:/Users/abelo/vitis_workspace/clustering/clustering/solution1/.autopilot/db/cluster.cpp.clang.diag.yml -mllvm -pass-remarks-missed=reflow|pasta|unroll -mllvm -pass-remarks=reflow|pasta|unroll|inline -fno-limit-debug-info --sysroot E:/Vitis_HLS/2023.1/tps/mingw/8.3.0/win64.o/nt -fhls -fno-exceptions -insert-hls-directive=C:/Users/abelo/vitis_workspace/clustering/clustering/solution1/.autopilot/db/all.directive.json -E -fno-math-errno -c -emit-llvm -mllvm -disable-llvm-optzns -Werror=implicit-function-declaration -Werror=implicit-hls-streams -Werror=return-type -Wpragmas -Wunused-parameter -Wdump-hls-pragmas -Wno-error=dump-hls-pragmas -fno-threadsafe-statics -fno-use-cxa-atexit -std=gnu++14 -target fpga64-xilinx-mingw32 -fno-threadsafe-statics -fno-use-cxa-atexit -D__VITIS_HLS__ -DAESL_SYN -D__SYNTHESIS__ -D__HLS_SYN__ -I E:/Vitis_HLS/2023.1/common/technology/autopilot -I E:/Vitis_HLS/2023.1/common/technology/autopilot/ap_sysc -include etc/autopilot_ssdm_op.h -D__DSP48E2__ -I /usr/include/x86_64-linux-gnu -o C:/Users/abelo/vitis_workspace/clustering/clustering/solution1/.autopilot/db/cluster.pp.0.cpp {-hls-platform-db-name=E:/Vitis_HLS/2023.1/common/technology\xilinx/common/platform.db} -hls-platform-name=virtexuplus_slow -device-resource-info=BRAM_4032.000000_DSP_9216.000000_FF_2592000.000000_LUT_1296000.000000_SLICE_162000.000000_SLR_3.000000_URAM_960.000000 -device-name-info=xcvu11p-flga2577-1-e > C:/Users/abelo/vitis_workspace/clustering/clustering/solution1/.autopilot/db/cluster.cpp.clang.out.log 2> C:/Users/abelo/vitis_workspace/clustering/clustering/solution1/.autopilot/db/cluster.cpp.clang.err.log
INFO-FLOW: Done: GCC PP 39 time: 0.4 seconds per iteration
INFO-FLOW: Source syntax check for synthesis
INFO-FLOW: run_clang exec: E:/Vitis_HLS/2023.1/win64/tools/clang-3.9-csynth/bin/clang -foptimization-record-file=C:/Users/abelo/vitis_workspace/clustering/clustering/solution1/.autopilot/db/clang.diag.yml -mllvm -pass-remarks-missed=reflow|pasta|unroll -mllvm -pass-remarks=reflow|pasta|unroll|inline -fsyntax-only -fhls -target fpga64-xilinx-linux-gnu C:/Users/abelo/vitis_workspace/clustering/clustering/solution1/.autopilot/db/cluster.pp.0.cpp {-hls-platform-db-name=E:/Vitis_HLS/2023.1/common/technology\xilinx/common/platform.db} -hls-platform-name=virtexuplus_slow -device-resource-info=BRAM_4032.000000_DSP_9216.000000_FF_2592000.000000_LUT_1296000.000000_SLICE_162000.000000_SLR_3.000000_URAM_960.000000 -device-name-info=xcvu11p-flga2577-1-e > C:/Users/abelo/vitis_workspace/clustering/clustering/solution1/.autopilot/db/clang.out.log 2> C:/Users/abelo/vitis_workspace/clustering/clustering/solution1/.autopilot/db/clang.err.log
WARNING: [HLS 207-5531] 'Resource pragma' is deprecated, use 'bind_op/bind_storage pragma' instead (cluster.cpp:217:9)
WARNING: [HLS 207-5531] 'Resource pragma' is deprecated, use 'bind_op/bind_storage pragma' instead (cluster.cpp:218:9)
Execute       clang_tidy xilinx-systemc-detector -desc systemc-detector C:/Users/abelo/vitis_workspace/clustering/clustering/solution1/.autopilot/db/cluster.pp.0.cpp std=gnu++14 -target fpga  -directive=C:/Users/abelo/vitis_workspace/clustering/clustering/solution1/.autopilot/db/.systemc_flag 
INFO-FLOW: exec E:/Vitis_HLS/2023.1/win64/tools/clang-3.9-csynth/bin/clang-tidy -header-filter=.* --checks=-*,xilinx-systemc-detector -import-directive=C:/Users/abelo/vitis_workspace/clustering/clustering/solution1/.autopilot/db/.systemc_flag -fix-errors C:/Users/abelo/vitis_workspace/clustering/clustering/solution1/.autopilot/db/cluster.pp.0.cpp -- -std=gnu++14 -target fpga -fhls -ferror-limit=0
Command       clang_tidy done; 0.791 sec.
INFO-FLOW: Running: clang-tidy CDT preprocess 39
Execute       clang_tidy xilinx-directive2pragma -desc directive2pragma C:/Users/abelo/vitis_workspace/clustering/clustering/solution1/.autopilot/db/cluster.pp.0.cpp std=gnu++14 -target fpga  -directive=C:/Users/abelo/vitis_workspace/clustering/clustering/solution1/.autopilot/db/all.directive.json 
INFO-FLOW: exec E:/Vitis_HLS/2023.1/win64/tools/clang-3.9-csynth/bin/clang-tidy -header-filter=.* --checks=-*,xilinx-directive2pragma -import-directive=C:/Users/abelo/vitis_workspace/clustering/clustering/solution1/.autopilot/db/all.directive.json -fix-errors C:/Users/abelo/vitis_workspace/clustering/clustering/solution1/.autopilot/db/cluster.pp.0.cpp -- -std=gnu++14 -target fpga -fhls -ferror-limit=0
Command       clang_tidy done; 1.203 sec.
INFO-FLOW: Done: clang-tidy CDT preprocess 39 time: 1.2 seconds per iteration
INFO-FLOW: Calling xilinx-label-all-loops ... 
INFO-FLOW: Calling xilinx-aggregate-on-hls-vector ... 
Execute       clang_tidy -errorcheck -desc loop-label xilinx-label-all-loops,xilinx-aggregate-on-hls-vector,,xilinx-warn-mayneed-no-ctor-attribute C:/Users/abelo/vitis_workspace/clustering/clustering/solution1/.autopilot/db/cluster.pp.0.cpp std=gnu++14 -target fpga  
INFO-FLOW: run_clang exec: E:/Vitis_HLS/2023.1/win64/tools/clang-3.9-csynth/bin/clang-tidy -export-fixes=C:/Users/abelo/vitis_workspace/clustering/clustering/solution1/.autopilot/db/cluster.pp.0.cpp.clang-tidy.loop-label.diag.yml -header-filter=.* --checks=-*,xilinx-label-all-loops,xilinx-aggregate-on-hls-vector,,xilinx-warn-mayneed-no-ctor-attribute -fix-errors C:/Users/abelo/vitis_workspace/clustering/clustering/solution1/.autopilot/db/cluster.pp.0.cpp -- -std=gnu++14 -target fpga -fhls -ferror-limit=0 > C:/Users/abelo/vitis_workspace/clustering/clustering/solution1/.autopilot/db/cluster.pp.0.cpp.clang-tidy.loop-label.out.log 2> C:/Users/abelo/vitis_workspace/clustering/clustering/solution1/.autopilot/db/cluster.pp.0.cpp.clang-tidy.loop-label.err.log
Execute         source E:/Vitis_HLS/2023.1/tps/tcl/tcllib1.11.1/yaml/yaml.tcl 
Command       clang_tidy done; 1.621 sec.
INFO-FLOW: run_clang exec: E:/Vitis_HLS/2023.1/win64/tools/clang-3.9-csynth/bin/xilinx-dataflow-lawyer -export-fixes=C:/Users/abelo/vitis_workspace/clustering/clustering/solution1/.autopilot/db/cluster.pp.0.cpp.xilinx-dataflow-lawyer.diag.yml C:/Users/abelo/vitis_workspace/clustering/clustering/solution1/.autopilot/db/cluster.pp.0.cpp -- -std=gnu++14 -target fpga -fhls -ferror-limit=0 -fstrict-dataflow > C:/Users/abelo/vitis_workspace/clustering/clustering/solution1/.autopilot/db/cluster.pp.0.cpp.xilinx-dataflow-lawyer.out.log 2> C:/Users/abelo/vitis_workspace/clustering/clustering/solution1/.autopilot/db/cluster.pp.0.cpp.xilinx-dataflow-lawyer.err.log
Execute       ap_part_info -name xcvu11p-flga2577-1-e -data info 
INFO-FLOW: compiling source code to llvm bc
INFO-FLOW: run_clang exec: E:/Vitis_HLS/2023.1/win64/tools/clang-3.9-csynth/bin/clang -foptimization-record-file=C:/Users/abelo/vitis_workspace/clustering/clustering/solution1/.autopilot/db/cluster.pp.0.cpp.clang.diag.yml -mllvm -pass-remarks-missed=reflow|pasta|unroll -mllvm -pass-remarks=reflow|pasta|unroll|inline -fno-limit-debug-info -fhls -flto -fno-exceptions -Wno-error=c++11-narrowing C:/Users/abelo/vitis_workspace/clustering/clustering/solution1/.autopilot/db/cluster.pp.0.cpp -fno-math-errno -c -emit-llvm -mllvm -disable-llvm-optzns -Werror=implicit-function-declaration -Werror=implicit-hls-streams -Werror=return-type -Wpragmas -Wunused-parameter -Wdump-hls-pragmas -Wno-error=dump-hls-pragmas -fno-threadsafe-statics -fno-use-cxa-atexit -std=gnu++14 -target fpga64-xilinx-linux-gnu -D__VITIS_HLS__ -DAESL_SYN -D__SYNTHESIS__ -D__HLS_SYN__ -I E:/Vitis_HLS/2023.1/common/technology/autopilot -I E:/Vitis_HLS/2023.1/common/technology/autopilot/ap_sysc -include etc/autopilot_ssdm_op.h -D__DSP48E2__ -g -o C:/Users/abelo/vitis_workspace/clustering/clustering/solution1/.autopilot/db/cluster.bc {-hls-platform-db-name=E:/Vitis_HLS/2023.1/common/technology\xilinx/common/platform.db} -hls-platform-name=virtexuplus_slow -device-resource-info=BRAM_4032.000000_DSP_9216.000000_FF_2592000.000000_LUT_1296000.000000_SLICE_162000.000000_SLR_3.000000_URAM_960.000000 -device-name-info=xcvu11p-flga2577-1-e > C:/Users/abelo/vitis_workspace/clustering/clustering/solution1/.autopilot/db/cluster.pp.0.cpp.clang.out.log 2> C:/Users/abelo/vitis_workspace/clustering/clustering/solution1/.autopilot/db/cluster.pp.0.cpp.clang.err.log
INFO: [HLS 200-10] Analyzing design file 'generate.cpp' ... 
INFO-FLOW: Compiling one TU...
INFO-FLOW: Handling generate.cpp as C++
Execute       ap_part_info -name xcvu11p-flga2577-1-e -data info 
INFO-FLOW: Running: GCC PP 39
INFO-FLOW: Source preprocessing
INFO-FLOW: run_clang exec: E:/Vitis_HLS/2023.1/win64/tools/clang-3.9-csynth/bin/clang generate.cpp -foptimization-record-file=C:/Users/abelo/vitis_workspace/clustering/clustering/solution1/.autopilot/db/generate.cpp.clang.diag.yml -mllvm -pass-remarks-missed=reflow|pasta|unroll -mllvm -pass-remarks=reflow|pasta|unroll|inline -fno-limit-debug-info --sysroot E:/Vitis_HLS/2023.1/tps/mingw/8.3.0/win64.o/nt -fhls -fno-exceptions -insert-hls-directive=C:/Users/abelo/vitis_workspace/clustering/clustering/solution1/.autopilot/db/all.directive.json -E -fno-math-errno -c -emit-llvm -mllvm -disable-llvm-optzns -Werror=implicit-function-declaration -Werror=implicit-hls-streams -Werror=return-type -Wpragmas -Wunused-parameter -Wdump-hls-pragmas -Wno-error=dump-hls-pragmas -fno-threadsafe-statics -fno-use-cxa-atexit -std=gnu++14 -target fpga64-xilinx-mingw32 -fno-threadsafe-statics -fno-use-cxa-atexit -D__VITIS_HLS__ -DAESL_SYN -D__SYNTHESIS__ -D__HLS_SYN__ -I E:/Vitis_HLS/2023.1/common/technology/autopilot -I E:/Vitis_HLS/2023.1/common/technology/autopilot/ap_sysc -include etc/autopilot_ssdm_op.h -D__DSP48E2__ -I /usr/include/x86_64-linux-gnu -o C:/Users/abelo/vitis_workspace/clustering/clustering/solution1/.autopilot/db/generate.pp.0.cpp {-hls-platform-db-name=E:/Vitis_HLS/2023.1/common/technology\xilinx/common/platform.db} -hls-platform-name=virtexuplus_slow -device-resource-info=BRAM_4032.000000_DSP_9216.000000_FF_2592000.000000_LUT_1296000.000000_SLICE_162000.000000_SLR_3.000000_URAM_960.000000 -device-name-info=xcvu11p-flga2577-1-e > C:/Users/abelo/vitis_workspace/clustering/clustering/solution1/.autopilot/db/generate.cpp.clang.out.log 2> C:/Users/abelo/vitis_workspace/clustering/clustering/solution1/.autopilot/db/generate.cpp.clang.err.log
INFO-FLOW: Done: GCC PP 39 time: 0.3 seconds per iteration
INFO-FLOW: Source syntax check for synthesis
INFO-FLOW: run_clang exec: E:/Vitis_HLS/2023.1/win64/tools/clang-3.9-csynth/bin/clang -foptimization-record-file=C:/Users/abelo/vitis_workspace/clustering/clustering/solution1/.autopilot/db/clang.diag.yml -mllvm -pass-remarks-missed=reflow|pasta|unroll -mllvm -pass-remarks=reflow|pasta|unroll|inline -fsyntax-only -fhls -target fpga64-xilinx-linux-gnu C:/Users/abelo/vitis_workspace/clustering/clustering/solution1/.autopilot/db/generate.pp.0.cpp {-hls-platform-db-name=E:/Vitis_HLS/2023.1/common/technology\xilinx/common/platform.db} -hls-platform-name=virtexuplus_slow -device-resource-info=BRAM_4032.000000_DSP_9216.000000_FF_2592000.000000_LUT_1296000.000000_SLICE_162000.000000_SLR_3.000000_URAM_960.000000 -device-name-info=xcvu11p-flga2577-1-e > C:/Users/abelo/vitis_workspace/clustering/clustering/solution1/.autopilot/db/clang.out.log 2> C:/Users/abelo/vitis_workspace/clustering/clustering/solution1/.autopilot/db/clang.err.log
Execute       clang_tidy xilinx-systemc-detector -desc systemc-detector C:/Users/abelo/vitis_workspace/clustering/clustering/solution1/.autopilot/db/generate.pp.0.cpp std=gnu++14 -target fpga  -directive=C:/Users/abelo/vitis_workspace/clustering/clustering/solution1/.autopilot/db/.systemc_flag 
INFO-FLOW: exec E:/Vitis_HLS/2023.1/win64/tools/clang-3.9-csynth/bin/clang-tidy -header-filter=.* --checks=-*,xilinx-systemc-detector -import-directive=C:/Users/abelo/vitis_workspace/clustering/clustering/solution1/.autopilot/db/.systemc_flag -fix-errors C:/Users/abelo/vitis_workspace/clustering/clustering/solution1/.autopilot/db/generate.pp.0.cpp -- -std=gnu++14 -target fpga -fhls -ferror-limit=0
Command       clang_tidy done; 0.305 sec.
INFO-FLOW: Running: clang-tidy CDT preprocess 39
Execute       clang_tidy xilinx-directive2pragma -desc directive2pragma C:/Users/abelo/vitis_workspace/clustering/clustering/solution1/.autopilot/db/generate.pp.0.cpp std=gnu++14 -target fpga  -directive=C:/Users/abelo/vitis_workspace/clustering/clustering/solution1/.autopilot/db/all.directive.json 
INFO-FLOW: exec E:/Vitis_HLS/2023.1/win64/tools/clang-3.9-csynth/bin/clang-tidy -header-filter=.* --checks=-*,xilinx-directive2pragma -import-directive=C:/Users/abelo/vitis_workspace/clustering/clustering/solution1/.autopilot/db/all.directive.json -fix-errors C:/Users/abelo/vitis_workspace/clustering/clustering/solution1/.autopilot/db/generate.pp.0.cpp -- -std=gnu++14 -target fpga -fhls -ferror-limit=0
Command       clang_tidy done; 0.29 sec.
INFO-FLOW: Done: clang-tidy CDT preprocess 39 time: 0.3 seconds per iteration
INFO-FLOW: Calling xilinx-label-all-loops ... 
INFO-FLOW: Calling xilinx-aggregate-on-hls-vector ... 
Execute       clang_tidy -errorcheck -desc loop-label xilinx-label-all-loops,xilinx-aggregate-on-hls-vector,,xilinx-warn-mayneed-no-ctor-attribute C:/Users/abelo/vitis_workspace/clustering/clustering/solution1/.autopilot/db/generate.pp.0.cpp std=gnu++14 -target fpga  
INFO-FLOW: run_clang exec: E:/Vitis_HLS/2023.1/win64/tools/clang-3.9-csynth/bin/clang-tidy -export-fixes=C:/Users/abelo/vitis_workspace/clustering/clustering/solution1/.autopilot/db/generate.pp.0.cpp.clang-tidy.loop-label.diag.yml -header-filter=.* --checks=-*,xilinx-label-all-loops,xilinx-aggregate-on-hls-vector,,xilinx-warn-mayneed-no-ctor-attribute -fix-errors C:/Users/abelo/vitis_workspace/clustering/clustering/solution1/.autopilot/db/generate.pp.0.cpp -- -std=gnu++14 -target fpga -fhls -ferror-limit=0 > C:/Users/abelo/vitis_workspace/clustering/clustering/solution1/.autopilot/db/generate.pp.0.cpp.clang-tidy.loop-label.out.log 2> C:/Users/abelo/vitis_workspace/clustering/clustering/solution1/.autopilot/db/generate.pp.0.cpp.clang-tidy.loop-label.err.log
Command       clang_tidy done; 0.52 sec.
INFO-FLOW: run_clang exec: E:/Vitis_HLS/2023.1/win64/tools/clang-3.9-csynth/bin/xilinx-dataflow-lawyer -export-fixes=C:/Users/abelo/vitis_workspace/clustering/clustering/solution1/.autopilot/db/generate.pp.0.cpp.xilinx-dataflow-lawyer.diag.yml C:/Users/abelo/vitis_workspace/clustering/clustering/solution1/.autopilot/db/generate.pp.0.cpp -- -std=gnu++14 -target fpga -fhls -ferror-limit=0 -fstrict-dataflow > C:/Users/abelo/vitis_workspace/clustering/clustering/solution1/.autopilot/db/generate.pp.0.cpp.xilinx-dataflow-lawyer.out.log 2> C:/Users/abelo/vitis_workspace/clustering/clustering/solution1/.autopilot/db/generate.pp.0.cpp.xilinx-dataflow-lawyer.err.log
Execute       ap_part_info -name xcvu11p-flga2577-1-e -data info 
INFO-FLOW: compiling source code to llvm bc
INFO-FLOW: run_clang exec: E:/Vitis_HLS/2023.1/win64/tools/clang-3.9-csynth/bin/clang -foptimization-record-file=C:/Users/abelo/vitis_workspace/clustering/clustering/solution1/.autopilot/db/generate.pp.0.cpp.clang.diag.yml -mllvm -pass-remarks-missed=reflow|pasta|unroll -mllvm -pass-remarks=reflow|pasta|unroll|inline -fno-limit-debug-info -fhls -flto -fno-exceptions -Wno-error=c++11-narrowing C:/Users/abelo/vitis_workspace/clustering/clustering/solution1/.autopilot/db/generate.pp.0.cpp -fno-math-errno -c -emit-llvm -mllvm -disable-llvm-optzns -Werror=implicit-function-declaration -Werror=implicit-hls-streams -Werror=return-type -Wpragmas -Wunused-parameter -Wdump-hls-pragmas -Wno-error=dump-hls-pragmas -fno-threadsafe-statics -fno-use-cxa-atexit -std=gnu++14 -target fpga64-xilinx-linux-gnu -D__VITIS_HLS__ -DAESL_SYN -D__SYNTHESIS__ -D__HLS_SYN__ -I E:/Vitis_HLS/2023.1/common/technology/autopilot -I E:/Vitis_HLS/2023.1/common/technology/autopilot/ap_sysc -include etc/autopilot_ssdm_op.h -D__DSP48E2__ -g -o C:/Users/abelo/vitis_workspace/clustering/clustering/solution1/.autopilot/db/generate.bc {-hls-platform-db-name=E:/Vitis_HLS/2023.1/common/technology\xilinx/common/platform.db} -hls-platform-name=virtexuplus_slow -device-resource-info=BRAM_4032.000000_DSP_9216.000000_FF_2592000.000000_LUT_1296000.000000_SLICE_162000.000000_SLR_3.000000_URAM_960.000000 -device-name-info=xcvu11p-flga2577-1-e > C:/Users/abelo/vitis_workspace/clustering/clustering/solution1/.autopilot/db/generate.pp.0.cpp.clang.out.log 2> C:/Users/abelo/vitis_workspace/clustering/clustering/solution1/.autopilot/db/generate.pp.0.cpp.clang.err.log
INFO: [HLS 200-111] Finished Source Code Analysis and Preprocessing: CPU user time: 0 seconds. CPU system time: 0 seconds. Elapsed time: 9.433 seconds; current allocated memory: 1.042 GB.
INFO-FLOW: Linking Debug ...
INFO-FLOW: Linking dut bc code.
Execute       run_link_or_opt -out C:/Users/abelo/vitis_workspace/clustering/clustering/solution1/.autopilot/db/a.g.ld.0.bc -args  "C:/Users/abelo/vitis_workspace/clustering/clustering/solution1/.autopilot/db/cluster.g.bc" "C:/Users/abelo/vitis_workspace/clustering/clustering/solution1/.autopilot/db/generate.g.bc"  
INFO-FLOW: run_clang exec: E:/Vitis_HLS/2023.1/win64/tools/clang-3.9-csynth/bin/llvm-link C:/Users/abelo/vitis_workspace/clustering/clustering/solution1/.autopilot/db/cluster.g.bc C:/Users/abelo/vitis_workspace/clustering/clustering/solution1/.autopilot/db/generate.g.bc -o C:/Users/abelo/vitis_workspace/clustering/clustering/solution1/.autopilot/db/a.g.ld.0.bc > C:/Users/abelo/vitis_workspace/clustering/clustering/solution1/.autopilot/db/a.g.ld.0.bc.llvm-link.out.log 2> C:/Users/abelo/vitis_workspace/clustering/clustering/solution1/.autopilot/db/a.g.ld.0.bc.llvm-link.err.log
INFO-FLOW: 
Execute       run_link_or_opt -opt -out C:/Users/abelo/vitis_workspace/clustering/clustering/solution1/.autopilot/db/a.g.ld.1.lower.bc -args C:/Users/abelo/vitis_workspace/clustering/clustering/solution1/.autopilot/db/a.g.ld.0.bc -reflow-lower-math-intrinsics 
INFO-FLOW: run_clang exec: E:/Vitis_HLS/2023.1/win64/tools/clang-3.9-csynth/bin/opt -pass-remarks-missed=reflow|pasta|unroll -pass-remarks=reflow|pasta|unroll|inline -pass-remarks-output=C:/Users/abelo/vitis_workspace/clustering/clustering/solution1/.autopilot/db/a.g.ld.1.lower.bc.opt.diag.yml C:/Users/abelo/vitis_workspace/clustering/clustering/solution1/.autopilot/db/a.g.ld.0.bc -reflow-lower-math-intrinsics -o C:/Users/abelo/vitis_workspace/clustering/clustering/solution1/.autopilot/db/a.g.ld.1.lower.bc > C:/Users/abelo/vitis_workspace/clustering/clustering/solution1/.autopilot/db/a.g.ld.1.lower.bc.opt.out.log 2> C:/Users/abelo/vitis_workspace/clustering/clustering/solution1/.autopilot/db/a.g.ld.1.lower.bc.opt.err.log
INFO-FLOW: 
INFO-FLOW: Running: gen_design_size_report post-opt
INFO-FLOW: Done: gen_design_size_report post-opt time: 0 seconds per iteration
INFO-FLOW: Linking math bc lib
Execute       run_link_or_opt -out C:/Users/abelo/vitis_workspace/clustering/clustering/solution1/.autopilot/db/a.g.ld.2.m1.bc -args C:/Users/abelo/vitis_workspace/clustering/clustering/solution1/.autopilot/db/a.g.ld.1.lower.bc -only-needed E:/Vitis_HLS/2023.1/win64/lib/libhlsm_39.bc E:/Vitis_HLS/2023.1/win64/lib/libhlsmc++_39.bc 
INFO-FLOW: run_clang exec: E:/Vitis_HLS/2023.1/win64/tools/clang-3.9-csynth/bin/llvm-link C:/Users/abelo/vitis_workspace/clustering/clustering/solution1/.autopilot/db/a.g.ld.1.lower.bc -only-needed E:/Vitis_HLS/2023.1/win64/lib/libhlsm_39.bc E:/Vitis_HLS/2023.1/win64/lib/libhlsmc++_39.bc -o C:/Users/abelo/vitis_workspace/clustering/clustering/solution1/.autopilot/db/a.g.ld.2.m1.bc > C:/Users/abelo/vitis_workspace/clustering/clustering/solution1/.autopilot/db/a.g.ld.2.m1.bc.llvm-link.out.log 2> C:/Users/abelo/vitis_workspace/clustering/clustering/solution1/.autopilot/db/a.g.ld.2.m1.bc.llvm-link.err.log
INFO-FLOW: 
Command       run_link_or_opt done; 1.582 sec.
Execute       run_link_or_opt -opt -out C:/Users/abelo/vitis_workspace/clustering/clustering/solution1/.autopilot/db/a.g.ld.3.fpc.bc -args C:/Users/abelo/vitis_workspace/clustering/clustering/solution1/.autopilot/db/a.g.ld.2.m1.bc -reflow-globaldce -hls-top-function-name=naive_findClustersHLS2 -reflow-float-conversion 
INFO-FLOW: run_clang exec: E:/Vitis_HLS/2023.1/win64/tools/clang-3.9-csynth/bin/opt -pass-remarks-missed=reflow|pasta|unroll -pass-remarks=reflow|pasta|unroll|inline -pass-remarks-output=C:/Users/abelo/vitis_workspace/clustering/clustering/solution1/.autopilot/db/a.g.ld.3.fpc.bc.opt.diag.yml C:/Users/abelo/vitis_workspace/clustering/clustering/solution1/.autopilot/db/a.g.ld.2.m1.bc -reflow-globaldce -hls-top-function-name=naive_findClustersHLS2 -reflow-float-conversion -o C:/Users/abelo/vitis_workspace/clustering/clustering/solution1/.autopilot/db/a.g.ld.3.fpc.bc > C:/Users/abelo/vitis_workspace/clustering/clustering/solution1/.autopilot/db/a.g.ld.3.fpc.bc.opt.out.log 2> C:/Users/abelo/vitis_workspace/clustering/clustering/solution1/.autopilot/db/a.g.ld.3.fpc.bc.opt.err.log
INFO-FLOW: 
INFO-FLOW: Running: gen_design_size_report post-opt
INFO-FLOW: Done: gen_design_size_report post-opt time: 0 seconds per iteration
Command       run_link_or_opt done; 0.776 sec.
Execute       run_link_or_opt -out C:/Users/abelo/vitis_workspace/clustering/clustering/solution1/.autopilot/db/a.g.ld.4.m2.bc -args C:/Users/abelo/vitis_workspace/clustering/clustering/solution1/.autopilot/db/a.g.ld.3.fpc.bc -only-needed E:/Vitis_HLS/2023.1/win64/lib/libfloatconversion_39.bc 
INFO-FLOW: run_clang exec: E:/Vitis_HLS/2023.1/win64/tools/clang-3.9-csynth/bin/llvm-link C:/Users/abelo/vitis_workspace/clustering/clustering/solution1/.autopilot/db/a.g.ld.3.fpc.bc -only-needed E:/Vitis_HLS/2023.1/win64/lib/libfloatconversion_39.bc -o C:/Users/abelo/vitis_workspace/clustering/clustering/solution1/.autopilot/db/a.g.ld.4.m2.bc > C:/Users/abelo/vitis_workspace/clustering/clustering/solution1/.autopilot/db/a.g.ld.4.m2.bc.llvm-link.out.log 2> C:/Users/abelo/vitis_workspace/clustering/clustering/solution1/.autopilot/db/a.g.ld.4.m2.bc.llvm-link.err.log
INFO-FLOW: 
Execute       run_link_or_opt -opt -out C:/Users/abelo/vitis_workspace/clustering/clustering/solution1/.autopilot/db/a.g.ld.5.gdce.bc -args C:/Users/abelo/vitis_workspace/clustering/clustering/solution1/.autopilot/db/a.g.ld.4.m2.bc -reflow-globaldce -hls-top-function-name=naive_findClustersHLS2 
INFO-FLOW: run_clang exec: E:/Vitis_HLS/2023.1/win64/tools/clang-3.9-csynth/bin/opt -pass-remarks-missed=reflow|pasta|unroll -pass-remarks=reflow|pasta|unroll|inline -pass-remarks-output=C:/Users/abelo/vitis_workspace/clustering/clustering/solution1/.autopilot/db/a.g.ld.5.gdce.bc.opt.diag.yml C:/Users/abelo/vitis_workspace/clustering/clustering/solution1/.autopilot/db/a.g.ld.4.m2.bc -reflow-globaldce -hls-top-function-name=naive_findClustersHLS2 -o C:/Users/abelo/vitis_workspace/clustering/clustering/solution1/.autopilot/db/a.g.ld.5.gdce.bc > C:/Users/abelo/vitis_workspace/clustering/clustering/solution1/.autopilot/db/a.g.ld.5.gdce.bc.opt.out.log 2> C:/Users/abelo/vitis_workspace/clustering/clustering/solution1/.autopilot/db/a.g.ld.5.gdce.bc.opt.err.log
INFO-FLOW: 
INFO-FLOW: Running: gen_design_size_report post-opt
INFO-FLOW: Done: gen_design_size_report post-opt time: 0 seconds per iteration
Execute       send_msg_by_id INFO @200-777@%s Vivado 
INFO: [HLS 200-777] Using interface defaults for 'Vivado' flow target.
Execute       is_m_axi_addr64 
INFO-FLOW: Doing LTO.
INFO-FLOW: run_clang exec: E:/Vitis_HLS/2023.1/win64/tools/clang-3.9-csynth/bin/clang -foptimization-record-file=C:/Users/abelo/vitis_workspace/clustering/clustering/solution1/.autopilot/db/a.g.ld.0.bc.clang.reflow.diag.yml -mllvm -pass-remarks-missed=reflow|pasta|unroll -mllvm -pass-remarks=reflow|pasta|unroll|inline -fhls -mllvm -hls-top-function-name=naive_findClustersHLS2 -mllvm -hls-db-dir -mllvm C:/Users/abelo/vitis_workspace/clustering/clustering/solution1/.autopilot/db -emit-llvm -c -target fpga64-xilinx-none -mllvm -xcl-xmlinfo=C:/Users/abelo/vitis_workspace/clustering/clustering/solution1/.autopilot/db/kernel.internal.xml -mllvm -top-io-mapping-info=C:/Users/abelo/vitis_workspace/clustering/clustering/solution1/.autopilot/db/top-io-fe.xml -mllvm -hls-bitcode-version=3.1 -mllvm -reflow-enable-slave-interface-default-setting=true -mllvm -gen-kernel-xml=false -mllvm -default-maxi-offset=slave -mllvm -maxi-latency=0 -mllvm -hls-maxi-data-size-in-bits=8 -mllvm -hls-maxi-max-data-size-in-bits=1024 -mllvm -hls-max-widen-size-in-bits=0 -mllvm -xcl-kernel-max-mem-ports=0 -mllvm -maxi-read-trans=16 -mllvm -maxi-write-trans=16 -mllvm -maxi-read-burst-len=16 -mllvm -maxi-write-burst-len=16 -mllvm -reflow-enable-saxi-64bits=0 -mllvm -reflow-basic-block-instr-threshold=200000 -mllvm -reflow-auto-pipeline-threshold=64 -mllvm -reflow-enable-maxi-auto-id-channel=0 -mllvm -enable-fp-thr=0 -mllvm -reflow-bdd-simplify-threshold=1024 -mllvm -reflow-fanout-threshold=16 -mllvm -assume-maxi-align=1 -mllvm -reflow-pipeline-style-llvm-setting=2 -mllvm -reflow-enable-dataflow-strict-mode-checking=1 -ftime-report -mllvm -time-passes -mllvm -reflow-auto-array-partition-mode=default -mllvm -reflow-enable-auto-array-partition=true -mllvm -reflow-enable-auto-parallel-performance-driven=true -mllvm -reflow-enable-partition-for-automation=true -mllvm -reflow-aggregate-bitwidth-threshold=4096 -mllvm -reflow-reserved-saxilite-registers=1024 -mllvm -reflow-assume-no-address-wrap=true -mllvm -reflow-enable-occurrence-inference=true -mllvm -hls -mllvm -disable-inlined-alloca-merging=true -mllvm -default-clock-period=10 -x ir C:/Users/abelo/vitis_workspace/clustering/clustering/solution1/.autopilot/db/a.g.ld.5.gdce.bc -o C:/Users/abelo/vitis_workspace/clustering/clustering/solution1/.autopilot/db/a.g.lto.bc {-hls-platform-db-name=E:/Vitis_HLS/2023.1/common/technology\xilinx/common/platform.db} -hls-platform-name=virtexuplus_slow -device-resource-info=BRAM_4032.000000_DSP_9216.000000_FF_2592000.000000_LUT_1296000.000000_SLICE_162000.000000_SLR_3.000000_URAM_960.000000 -device-name-info=xcvu11p-flga2577-1-e > C:/Users/abelo/vitis_workspace/clustering/clustering/solution1/.autopilot/db/a.g.ld.0.bc.clang.reflow.out.log 2> C:/Users/abelo/vitis_workspace/clustering/clustering/solution1/.autopilot/db/a.g.ld.0.bc.clang.reflow.err.log
INFO: [HLS 214-178] Inlining function 'Point::Point(int, int, int)' into 'naive_findClustersHLS2(ap_int<1> (*) [12], Point (*) [12])' (cluster.cpp:212:0)
INFO: [HLS 214-241] Aggregating bram variable 'pointsGrid' with compact=bit mode in 96-bits (cluster.cpp:212:0)
INFO: [HLS 214-241] Aggregating bram variable 'grid' with compact=bit mode in 1-bits (cluster.cpp:212:0)
INFO-FLOW: DBG:PUTS: copy_raw_kernel_xml ap_link_39: kernel.xml not generated: C:/Users/abelo/vitis_workspace/clustering/clustering/solution1/.autopilot/db/kernel.internal.xml
INFO: [HLS 200-111] Finished Compiling Optimization and Transform: CPU user time: 0 seconds. CPU system time: 0 seconds. Elapsed time: 3.259 seconds; current allocated memory: 1.043 GB.
INFO: [HLS 200-111] Finished Checking Pragmas: CPU user time: 0 seconds. CPU system time: 0 seconds. Elapsed time: 0.005 seconds; current allocated memory: 1.043 GB.
Execute       opt_and_import_c a -opt_level=2 -skip_syncheck=0 -ng=0 -keep_printf=0 
Execute         cleanup_all_models 
INFO: [HLS 200-10] Starting code transformations ...
INFO-FLOW: Running Standard Transforms...
Execute         transform -hls -share-std-xform -demangle-name -inline-byval-memcpy -always-inline -promote-dbg-pointer -interface-preproc -mem2reg -scalarrepl -mem2reg -keep-read-access -instcombine -dce -promote-dbg-pointer -bitop-raise -loop-simplify -indvarspre -indvars -loop-simplify -xunroll -constprop -instcombine -simplifycfg -indvars -simplifycfg -dce -globaldce -basicaa -simplifycfg -mem2reg -globalopt -global-constprop -deadargelim -instcombine -simplifycfg -scalarrepl -instcombine -reassociate -licm -simplifycfg -loop-simplify -indvars -instcombine -simplifycfg -mem2reg -loop-simplify -indvars -instcombine -gvn -gvn -instcombine -adce -break-crit-edges -simplifycfg -loop-delete -global-array-opt -dce -dse -adce -find-syn-modules -top naive_findClustersHLS2 -deadargelim -mem2reg -instcombine -dce -presyn-prepare -auto-rom-infer -interface-preproc -syn-check -check-rec-only -find-region -simplifycfg -func-extr -function-inline -globaldce -mem2reg -instcombine -dce -gvn -globaldce -adce -adse -constprop -instcombine -bit-constprop -instcombine -dce -simplifycfg -bitop-raise -simplifycfg -dce -loop-delete -reassociate -globalopt -global-privatize -mem2reg -dce -global-constprop -pointer-simplify -constprop -dce -auto-shift-reg-idiom -promote-dbg-pointer -norm-name C:/Users/abelo/vitis_workspace/clustering/clustering/solution1/.autopilot/db/a.g.0.bc -o C:/Users/abelo/vitis_workspace/clustering/clustering/solution1/.autopilot/db/a.g.1.bc -f -phase std-opt 
INFO: [HLS 200-111] Finished Standard Transforms: CPU user time: 0 seconds. CPU system time: 0 seconds. Elapsed time: 0.074 seconds; current allocated memory: 1.051 GB.
INFO: [HLS 200-10] Checking synthesizability ...
INFO-FLOW: Checking Synthesizability 1/2..
Execute         transform -hls -syn-check -check-rec-only -scalarrepl -norm-name -dce -mem2reg -instcombine -directive-preproc -mem2reg -dse -dce -auto-rom-infer -dce -pag -array-normalize -instcombine -dce -array-seg-normalize -instcombine -dce -data-pack -instcombine -dce -inst-simplify -array-flatten -instcombine -dce -array-burst -dce -deadargelim -promote-global-argument -simplifycfg -mem2reg -globaldce -dce -deadargelim -dce -instcombine -function-inline -globaldce -dce -doublePtrSimplify -doublePtrElim -dce -doublePtrSimplify -promote-dbg-pointer -dce -scalarrepl -dse -adse -instcombine -ptrLegalization -simplifycfg -dce -instcombine -pointer-simplify -ptrArgReplace -dce -instcombine -resolve-double-ptr -scalarrepl -norm-name -dce -mem2reg -instcombine -ptrLegalization -simplifycfg -deadargelim -instcombine -dce -inst-simplify -directive-preproc -mem2reg -dse -dce -globaldce C:/Users/abelo/vitis_workspace/clustering/clustering/solution1/.autopilot/db/a.g.1.bc -o C:/Users/abelo/vitis_workspace/clustering/clustering/solution1/.autopilot/db/a.g.2.prechk.bc -f 
INFO-FLOW: Checking Synthesizability 2/2..
Execute         transform -syn-check C:/Users/abelo/vitis_workspace/clustering/clustering/solution1/.autopilot/db/a.g.2.prechk.bc -o C:/Users/abelo/vitis_workspace/clustering/clustering/solution1/.autopilot/db/a.g.2.bc -f -phase syn-check 
INFO: [HLS 200-111] Finished Checking Synthesizability: CPU user time: 0 seconds. CPU system time: 1 seconds. Elapsed time: 0.057 seconds; current allocated memory: 1.056 GB.
INFO-FLOW: Compiler optimizing ...
INFO-FLOW: Share syncheck's 1.bc for syn flow: copy C:/Users/abelo/vitis_workspace/clustering/clustering/solution1/.autopilot/db/a.g.1.bc to C:/Users/abelo/vitis_workspace/clustering/clustering/solution1/.autopilot/db/a.o.1.bc
INFO-FLOW: Presyn 1...
Execute         transform -hls -tmp C:/Users/abelo/vitis_workspace/clustering/clustering/solution1/.autopilot/db -interface-port-rename -directive-preproc -mem2reg -dse -dce -scalarrepl -norm-name -deadargelim -mem2reg -instcombine -dce -simplifycfg -auto-rom-infer -dce -resource-proc -clib-intrinsic-prepare -dce -func-buffer -dce -pag -array-normalize -func-legal -instcombine -gvn -constprop -dce -simplifycfg -mem2reg -globaldce -resolve-double-ptr -dce -deadargelim -dce -instcombine -ptrArgReplace -mem2reg -dce -array-seg-normalize -deadargelim -instcombine -dce -directive-preproc -mem2reg -dse -dce -pointer-simplify -dce -port-alignment -dce -interface-preproc -data-pack -instcombine -dce -basicaa -aggr-aa -aggrmodref-aa -aggr-aa -gvn -gvn -basicaa -aggr-aa -aggrmodref-aa -aggr-aa -dse -adse -adce -loop-simplify -indvars -instcombine -gvn -loop-simplify -mem2reg -dce -find-region -instcombine -auto-loop-pipeline -inst-simplify -interface-preproc -cfgopt -instcombine -indvars -auto-loop-unroll -loop-simplify -loop-bound -xunroll -constprop -instcombine -simplifycfg -indvars -simplifycfg -dce -globaldce -clean-region -attach-range -gvn -inst-simplify -constprop -simplifycfg -dce -pointer-simplify -dce -globalopt -constprop -dce -array-promote -scalar-auto-dep-elim -constprop -dce -ptrArgReplace -mem2reg -simplifycfg -dce -instcombine -dce -array-transform-check -array-reshape -instcombine -simplifycfg -dce -ptrArgReplace -deadargelim -mem2reg -instcombine -simplifycfg -dce -indvars -loop-simplify -loop-bound -xunroll -constprop -instcombine -simplifycfg -indvars -simplifycfg -dce -globaldce -basicaa -aggr-aa -aggrmodref-aa -aggr-aa -dse -duplicate-dataflow-processes -globaldce -instcombine -array-partition -prepare-dynamic-array-partition -instcombine -simplifycfg -dce -ptrArgReplace -global-constprop -deadargelim -mem2reg -func-legal -dce -global-constprop -deadargelim -mem2reg -simplifycfg -dce -merge-param -deadargelim -globalopt -constprop -dce -array-promote -scalar-auto-dep-elim -constprop -dce -ptrArgReplace -mem2reg -simplifycfg -dce -mem-intrinsic-preproc -dce -global-internalize -global-privatize -mem2reg -globaldce -promote-global-argument -ptrArgReplace -mem2reg -dce -globalopt -mergereturn -simplify-global-access -mem2reg -dce -pointer-simplify -dce -functionattrs -basicaa -aggr-aa -aggrmodref-aa -aggr-aa -gvn -gvn -basicaa -aggr-aa -aggrmodref-aa -aggr-aa -dse -adse -adce -dce -norm-name -basicaa -aggr-aa -aggrmodref-aa -aggr-aa -accesses-merge -function-inline -complex-op-raise -inst-simplify -globaldce -func-legal -dce -loop-bound -arraycheck -bitwidthmin2 -bitwidthmin2 -on-by-dataflow -loop-delete -instcombine -simplifycfg -globaldce -dce -gvn -deadargelim -dce -loop-simplify -clean-region -simplifycfg -propagate-stable-arguments -loop-stream -instcombine -simplifycfg -dce -globaldce -duplicate-dataflow-processes -stream-intrinsic-preproc -dce -check-ap-stream -loop-simplify -eliminate-keepreads -extract-dataflow-in-loop -loop-simplify -dce -gvn -deadargelim -dse -duplicate-dataflow-processes -check-dataflow-syntax -legalize-stream-variable -globaldce -legalize-global -extract-subproc -dce -dead-channel-elimination -canonicalize-gep -globaldce -dce -gvn -hls-dead-arg-elim -deadargelim -directive-preproc -canonicalize-dataflow -dce -globaldce -scalar-preprocessing -scalar-propagation2 -deadargelim -globaldce -mem2reg -check-dataflow-channels -function-stream -dce -globaldce -prop-fifo-spec -internal-stream-gen -canonicalize-gep -globaldce -dce -gvn -deadargelim -mergereturn -indvars -loop-simplify -instcombine -array-stream -array-seg-normalize -array-partition -func-legal -instcombine -simplifycfg -dce -bundle-memfifo-ops -deadargelim -directive-preproc -mem2reg -dse -dce -group-axi-access -licm -simplifycfg -dce -loop-delete -hls-display -norm-name C:/Users/abelo/vitis_workspace/clustering/clustering/solution1/.autopilot/db/a.o.1.bc -o C:/Users/abelo/vitis_workspace/clustering/clustering/solution1/.autopilot/db/a.o.1.tmp.bc -f 
INFO-FLOW: Presyn 2...
Execute         transform -hls -keep-callgraph -scalarrepl -mem2reg -port-alignment -attach-range -dce -pipe-mux-gen -indvars -loop-bound -inst-simplify -instcombine -dce -merge-array-access -mem2reg -dce -clean-region -mergereturn -if-conv -instcombine -dce -constprop -basicaa -aggr-aa -aggrmodref-aa -aggr-aa -gvn -gvn -basicaa -aggr-aa -aggrmodref-aa -aggr-aa -dse -adse -adce -scalarrepl -mem2reg -global-constprop -deadargelim -deadargelim -instcombine -dce -simplifycfg -ptrArgReplace -mem2reg -function-inline -globaldce -mem2reg -instcombine -dce -expr-balance -instcombine -dce -bitwidthmin2 -bitwidthmin2 -interface-preproc -directive-preproc -inst-rectify -instcombine -dce -functionattrs -constprop -instcombine -bit-constprop -simplify-global-access -globalopt -globaldce -inst-simplify -instcombine -elimdeaddata -dce -loop-delete -simplifycfg -loop-simplify -barrier -norm-name C:/Users/abelo/vitis_workspace/clustering/clustering/solution1/.autopilot/db/a.o.1.tmp.bc -o C:/Users/abelo/vitis_workspace/clustering/clustering/solution1/.autopilot/db/a.o.2.bc -f -phase presyn 
INFO: [XFORM 203-401] Performing if-conversion on hyperblock from (cluster.cpp:283:9) to (cluster.cpp:282:9) in function 'naive_findClustersHLS2'... converting 5 basic blocks.
INFO: [HLS 200-111] Finished Loop, function and other optimizations: CPU user time: 0 seconds. CPU system time: 0 seconds. Elapsed time: 0.105 seconds; current allocated memory: 1.080 GB.
INFO-FLOW: Building ssdm...
Execute         transform -hls -auto-function-inline -globaldce -ptrArgReplace -mem2reg -dce -reset-lda -loop-simplify -indvars -aggr-aa -licm -loop-dep -loop-bound -licm -loop-simplify -loop-sink-hoist -flattenloopnest -array-flatten -gvn -instcombine -dce -array-map -dce -func-legal -gvn -adce -instcombine -cfgopt -simplifycfg-lite -loop-simplify -array-burst -promote-global-argument -dce -array-seg-normalize -basicaa -aggrmodref-aa -globalsmodref-aa -aggr-aa -gvn -gvn -basicaa -aggrmodref-aa -globalsmodref-aa -aggr-aa -dse -adse -adce -licm -inst-simplify -dce -globaldce -instcombine -array-stream -eliminate-keepreads -instcombine -dce -deadargelim -doublePtrSimplify -doublePtrElim -dce -doublePtrSimplify -promote-dbg-pointer -dce -scalarrepl -mem2reg -norm-name -mem2reg -instcombine -dse -adse -adce -ptrLegalization -dce -auto-rom-infer -array-flatten -dce -instcombine -check-doubleptr -loop-rot -constprop -cfgopt -simplifycfg-lite -loop-simplify -indvars -pointer-simplify -dce -loop-bound -loop-simplify -loop-preproc -constprop -global-constprop -gvn -mem2reg -instcombine -dce -loop-bound -loop-merge -dce -deadargelim -dce -canonicalize-dataflow -dce -deadargelim -globaldce -mem2reg -bram-byte-enable -load-elim -read-loop-dep -loop-simplify -loop-extract-inner -directive-preproc -bitwidthmin2 -bitwidthmin2 -read-loop-dep -interface-preproc -directive-preproc -interface-gen -bram-byte-enable-spec-prop -deadargelim -inst-simplify -dce -gvn -mem2reg -instcombine -dce -adse -loop-bound -instcombine -cfgopt -simplifycfg-lite -loop-simplify -clean-region -io-protocol -find-region -mem2reg -bitop-raise -complex-op-raise -inst-simplify -inst-rectify -instcombine -adce -deadargelim -float-op-raise -loop-simplify -phi-opt -bitop-raise -cfgopt -simplifycfg-lite -strip-dead-prototypes -interface-lower -bitop-lower -intrinsic-lower -auto-function-inline -basicaa -aggrmodref-aa -globalsmodref-aa -aggr-aa -inst-simplify -simplifycfg-lite -loop-simplify -mergereturn -inst-simplify -inst-rectify -globaldce -dce -load-elim -bitop-lower -float-op-raise -fma-raise -loop-rewind -pointer-simplify -dce -cfgopt -dce -loop-bound -loop-dep -read-loop-dep -dce -dyn-mem-reuse -dce -recurrence-min -dce -share-scalar-alloca -deadargelim -dce -check-stream -norm-name -legalize -validate-dataflow -inst-clarity -bitwidth -dce -dump-loop-dep-to-ir -check-all-ssdm -dump-complexity-metric -cdfg-build C:/Users/abelo/vitis_workspace/clustering/clustering/solution1/.autopilot/db/a.o.2.bc -o C:/Users/abelo/vitis_workspace/clustering/clustering/solution1/.autopilot/db/a.o.3.bc -f -phase build-ssdm 
INFO: [XFORM 203-541] Flattening a loop nest 'FirstPass' (cluster.cpp:227:5) in function 'naive_findClustersHLS2'.
INFO: [XFORM 203-541] Flattening a loop nest 'SecondPass' (cluster.cpp:252:5) in function 'naive_findClustersHLS2'.
INFO: [XFORM 203-541] Flattening a loop nest 'CreateResult' (cluster.cpp:280:5) in function 'naive_findClustersHLS2'.
Execute           auto_get_db
INFO: [HLS 200-111] Finished Architecture Synthesis: CPU user time: 0 seconds. CPU system time: 0 seconds. Elapsed time: 0.096 seconds; current allocated memory: 1.101 GB.
INFO-FLOW: Finish building internal data model.
Command       opt_and_import_c done; 0.336 sec.
Command     elaborate done; 13.053 sec.
Execute     ap_eval exec zip -j C:/Users/abelo/vitis_workspace/clustering/clustering/solution1/.autopilot/db/dut.hcp $dbDir/a.o.3.bc $dbDir/${topname}.rtl_wrap.cfg.tcl $dbDir/apatb_${topname}.cpp $dbDir/apatb_${topname}_util.cpp $dbDir/apatb_${topname}_ir.ll $dbDir/mapper_${topname}.cpp $dbDir/top-io-fe.xml $dbDir/kernel.internal.xml $workdir/../hls.app 
Command     ap_eval done; 0.101 sec.
Execute     autosyn -from_csynth_design=1 
INFO: [HLS 200-10] Starting hardware synthesis ...
INFO-FLOW: Synthesizing C/C++ design ...
INFO: [HLS 200-10] Synthesizing 'naive_findClustersHLS2' ...
Execute       ap_set_top_model naive_findClustersHLS2 
Execute       get_model_list naive_findClustersHLS2 -filter all-wo-channel -topdown 
Execute       preproc_iomode -model naive_findClustersHLS2 
Execute       preproc_iomode -model naive_findClustersHLS2_Pipeline_CreateResult_CreateResultInner 
Execute       preproc_iomode -model naive_findClustersHLS2_Pipeline_SecondPass_SecondPassInner 
Execute       preproc_iomode -model naive_findClustersHLS2_Pipeline_FirstPass_FirstPassInner 
Execute       get_model_list naive_findClustersHLS2 -filter all-wo-channel 
INFO-FLOW: Model list for configure: naive_findClustersHLS2_Pipeline_FirstPass_FirstPassInner naive_findClustersHLS2_Pipeline_SecondPass_SecondPassInner naive_findClustersHLS2_Pipeline_CreateResult_CreateResultInner naive_findClustersHLS2
INFO-FLOW: Configuring Module : naive_findClustersHLS2_Pipeline_FirstPass_FirstPassInner ...
Execute       set_default_model naive_findClustersHLS2_Pipeline_FirstPass_FirstPassInner 
Execute       apply_spec_resource_limit naive_findClustersHLS2_Pipeline_FirstPass_FirstPassInner 
INFO-FLOW: Configuring Module : naive_findClustersHLS2_Pipeline_SecondPass_SecondPassInner ...
Execute       set_default_model naive_findClustersHLS2_Pipeline_SecondPass_SecondPassInner 
Execute       apply_spec_resource_limit naive_findClustersHLS2_Pipeline_SecondPass_SecondPassInner 
INFO-FLOW: Configuring Module : naive_findClustersHLS2_Pipeline_CreateResult_CreateResultInner ...
Execute       set_default_model naive_findClustersHLS2_Pipeline_CreateResult_CreateResultInner 
Execute       apply_spec_resource_limit naive_findClustersHLS2_Pipeline_CreateResult_CreateResultInner 
INFO-FLOW: Configuring Module : naive_findClustersHLS2 ...
Execute       set_default_model naive_findClustersHLS2 
Execute       apply_spec_resource_limit naive_findClustersHLS2 
INFO-FLOW: Model list for preprocess: naive_findClustersHLS2_Pipeline_FirstPass_FirstPassInner naive_findClustersHLS2_Pipeline_SecondPass_SecondPassInner naive_findClustersHLS2_Pipeline_CreateResult_CreateResultInner naive_findClustersHLS2
INFO-FLOW: Preprocessing Module: naive_findClustersHLS2_Pipeline_FirstPass_FirstPassInner ...
Execute       set_default_model naive_findClustersHLS2_Pipeline_FirstPass_FirstPassInner 
Execute       cdfg_preprocess -model naive_findClustersHLS2_Pipeline_FirstPass_FirstPassInner 
Execute       rtl_gen_preprocess naive_findClustersHLS2_Pipeline_FirstPass_FirstPassInner 
INFO-FLOW: Preprocessing Module: naive_findClustersHLS2_Pipeline_SecondPass_SecondPassInner ...
Execute       set_default_model naive_findClustersHLS2_Pipeline_SecondPass_SecondPassInner 
Execute       cdfg_preprocess -model naive_findClustersHLS2_Pipeline_SecondPass_SecondPassInner 
Execute       rtl_gen_preprocess naive_findClustersHLS2_Pipeline_SecondPass_SecondPassInner 
INFO-FLOW: Preprocessing Module: naive_findClustersHLS2_Pipeline_CreateResult_CreateResultInner ...
Execute       set_default_model naive_findClustersHLS2_Pipeline_CreateResult_CreateResultInner 
Execute       cdfg_preprocess -model naive_findClustersHLS2_Pipeline_CreateResult_CreateResultInner 
Execute       rtl_gen_preprocess naive_findClustersHLS2_Pipeline_CreateResult_CreateResultInner 
INFO-FLOW: Preprocessing Module: naive_findClustersHLS2 ...
Execute       set_default_model naive_findClustersHLS2 
Execute       cdfg_preprocess -model naive_findClustersHLS2 
Execute       rtl_gen_preprocess naive_findClustersHLS2 
INFO-FLOW: Model list for synthesis: naive_findClustersHLS2_Pipeline_FirstPass_FirstPassInner naive_findClustersHLS2_Pipeline_SecondPass_SecondPassInner naive_findClustersHLS2_Pipeline_CreateResult_CreateResultInner naive_findClustersHLS2
INFO: [HLS 200-10] ----------------------------------------------------------------
INFO: [HLS 200-42] -- Implementing module 'naive_findClustersHLS2_Pipeline_FirstPass_FirstPassInner' 
INFO: [HLS 200-10] ----------------------------------------------------------------
Execute       set_default_model naive_findClustersHLS2_Pipeline_FirstPass_FirstPassInner 
Execute       schedule -model naive_findClustersHLS2_Pipeline_FirstPass_FirstPassInner 
INFO: [SCHED 204-11] Starting scheduling ...
INFO: [SCHED 204-61] Pipelining loop 'FirstPass_FirstPassInner'.
INFO: [HLS 200-1470] Pipelining result : Target II = 11, Final II = 4, Depth = 4, loop 'FirstPass_FirstPassInner'
INFO: [SCHED 204-11] Finished scheduling.
Command       schedule done; 0.21 sec.
INFO: [HLS 200-111] Finished Scheduling: CPU user time: 0 seconds. CPU system time: 0 seconds. Elapsed time: 0.362 seconds; current allocated memory: 1.106 GB.
Execute       syn_report -verbosereport -o C:/Users/abelo/vitis_workspace/clustering/clustering/solution1/.autopilot/db/naive_findClustersHLS2_Pipeline_FirstPass_FirstPassInner.verbose.sched.rpt 
Execute         list_part -family xcvu11p-flga2577-1-e 
Execute           ap_family_info -name xcvu11p-flga2577-1-e -data names 
Execute           ap_part_info -quiet -name xcvu11p-flga2577-1-e -data family 
Execute       db_write -o C:/Users/abelo/vitis_workspace/clustering/clustering/solution1/.autopilot/db/naive_findClustersHLS2_Pipeline_FirstPass_FirstPassInner.sched.adb -f 
INFO-FLOW: Finish scheduling naive_findClustersHLS2_Pipeline_FirstPass_FirstPassInner.
Execute       set_default_model naive_findClustersHLS2_Pipeline_FirstPass_FirstPassInner 
Execute       bind -model naive_findClustersHLS2_Pipeline_FirstPass_FirstPassInner 
INFO: [BIND 205-100] Starting micro-architecture generation ...
INFO: [BIND 205-101] Performing variable lifetime analysis.
INFO: [BIND 205-101] Exploring resource sharing.
INFO: [BIND 205-101] Binding ...
INFO: [BIND 205-100] Finished micro-architecture generation.
INFO: [HLS 200-111] Finished Binding: CPU user time: 0 seconds. CPU system time: 0 seconds. Elapsed time: 0.098 seconds; current allocated memory: 1.107 GB.
Execute       syn_report -verbosereport -o C:/Users/abelo/vitis_workspace/clustering/clustering/solution1/.autopilot/db/naive_findClustersHLS2_Pipeline_FirstPass_FirstPassInner.verbose.bind.rpt 
Execute         list_part -family xcvu11p-flga2577-1-e 
Execute           ap_family_info -name xcvu11p-flga2577-1-e -data names 
Execute           ap_part_info -quiet -name xcvu11p-flga2577-1-e -data family 
Execute       db_write -o C:/Users/abelo/vitis_workspace/clustering/clustering/solution1/.autopilot/db/naive_findClustersHLS2_Pipeline_FirstPass_FirstPassInner.bind.adb -f 
INFO-FLOW: Finish binding naive_findClustersHLS2_Pipeline_FirstPass_FirstPassInner.
INFO: [HLS 200-10] ----------------------------------------------------------------
INFO: [HLS 200-42] -- Implementing module 'naive_findClustersHLS2_Pipeline_SecondPass_SecondPassInner' 
INFO: [HLS 200-10] ----------------------------------------------------------------
Execute       set_default_model naive_findClustersHLS2_Pipeline_SecondPass_SecondPassInner 
Execute       schedule -model naive_findClustersHLS2_Pipeline_SecondPass_SecondPassInner 
INFO: [SCHED 204-11] Starting scheduling ...
INFO: [SCHED 204-61] Pipelining loop 'SecondPass_SecondPassInner'.
INFO: [HLS 200-1470] Pipelining result : Target II = 11, Final II = 11, Depth = 11, loop 'SecondPass_SecondPassInner'
INFO: [SCHED 204-11] Finished scheduling.
Command       schedule done; 0.208 sec.
INFO: [HLS 200-111] Finished Scheduling: CPU user time: 0 seconds. CPU system time: 0 seconds. Elapsed time: 0.283 seconds; current allocated memory: 1.108 GB.
Execute       syn_report -verbosereport -o C:/Users/abelo/vitis_workspace/clustering/clustering/solution1/.autopilot/db/naive_findClustersHLS2_Pipeline_SecondPass_SecondPassInner.verbose.sched.rpt 
Execute         list_part -family xcvu11p-flga2577-1-e 
Execute           ap_family_info -name xcvu11p-flga2577-1-e -data names 
Execute           ap_part_info -quiet -name xcvu11p-flga2577-1-e -data family 
Execute       db_write -o C:/Users/abelo/vitis_workspace/clustering/clustering/solution1/.autopilot/db/naive_findClustersHLS2_Pipeline_SecondPass_SecondPassInner.sched.adb -f 
INFO-FLOW: Finish scheduling naive_findClustersHLS2_Pipeline_SecondPass_SecondPassInner.
Execute       set_default_model naive_findClustersHLS2_Pipeline_SecondPass_SecondPassInner 
Execute       bind -model naive_findClustersHLS2_Pipeline_SecondPass_SecondPassInner 
INFO: [BIND 205-100] Starting micro-architecture generation ...
INFO: [BIND 205-101] Performing variable lifetime analysis.
INFO: [BIND 205-101] Exploring resource sharing.
INFO: [BIND 205-101] Binding ...
INFO: [BIND 205-100] Finished micro-architecture generation.
INFO: [HLS 200-111] Finished Binding: CPU user time: 0 seconds. CPU system time: 0 seconds. Elapsed time: 0.191 seconds; current allocated memory: 1.108 GB.
Execute       syn_report -verbosereport -o C:/Users/abelo/vitis_workspace/clustering/clustering/solution1/.autopilot/db/naive_findClustersHLS2_Pipeline_SecondPass_SecondPassInner.verbose.bind.rpt 
Execute         list_part -family xcvu11p-flga2577-1-e 
Execute           ap_family_info -name xcvu11p-flga2577-1-e -data names 
Execute           ap_part_info -quiet -name xcvu11p-flga2577-1-e -data family 
Execute       db_write -o C:/Users/abelo/vitis_workspace/clustering/clustering/solution1/.autopilot/db/naive_findClustersHLS2_Pipeline_SecondPass_SecondPassInner.bind.adb -f 
INFO-FLOW: Finish binding naive_findClustersHLS2_Pipeline_SecondPass_SecondPassInner.
INFO: [HLS 200-10] ----------------------------------------------------------------
INFO: [HLS 200-42] -- Implementing module 'naive_findClustersHLS2_Pipeline_CreateResult_CreateResultInner' 
INFO: [HLS 200-10] ----------------------------------------------------------------
Execute       set_default_model naive_findClustersHLS2_Pipeline_CreateResult_CreateResultInner 
Execute       schedule -model naive_findClustersHLS2_Pipeline_CreateResult_CreateResultInner 
INFO: [SCHED 204-11] Starting scheduling ...
INFO: [SCHED 204-61] Pipelining loop 'CreateResult_CreateResultInner'.
INFO: [HLS 200-1470] Pipelining result : Target II = 1, Final II = 1, Depth = 2, loop 'CreateResult_CreateResultInner'
INFO: [SCHED 204-11] Finished scheduling.
INFO: [HLS 200-111] Finished Scheduling: CPU user time: 0 seconds. CPU system time: 0 seconds. Elapsed time: 0.155 seconds; current allocated memory: 1.109 GB.
Execute       syn_report -verbosereport -o C:/Users/abelo/vitis_workspace/clustering/clustering/solution1/.autopilot/db/naive_findClustersHLS2_Pipeline_CreateResult_CreateResultInner.verbose.sched.rpt 
Execute         list_part -family xcvu11p-flga2577-1-e 
Execute           ap_family_info -name xcvu11p-flga2577-1-e -data names 
Execute           ap_part_info -quiet -name xcvu11p-flga2577-1-e -data family 
Execute       db_write -o C:/Users/abelo/vitis_workspace/clustering/clustering/solution1/.autopilot/db/naive_findClustersHLS2_Pipeline_CreateResult_CreateResultInner.sched.adb -f 
INFO-FLOW: Finish scheduling naive_findClustersHLS2_Pipeline_CreateResult_CreateResultInner.
Execute       set_default_model naive_findClustersHLS2_Pipeline_CreateResult_CreateResultInner 
Execute       bind -model naive_findClustersHLS2_Pipeline_CreateResult_CreateResultInner 
INFO: [BIND 205-100] Starting micro-architecture generation ...
INFO: [BIND 205-101] Performing variable lifetime analysis.
INFO: [BIND 205-101] Exploring resource sharing.
INFO: [BIND 205-101] Binding ...
INFO: [BIND 205-100] Finished micro-architecture generation.
INFO: [HLS 200-111] Finished Binding: CPU user time: 1 seconds. CPU system time: 0 seconds. Elapsed time: 0.083 seconds; current allocated memory: 1.109 GB.
Execute       syn_report -verbosereport -o C:/Users/abelo/vitis_workspace/clustering/clustering/solution1/.autopilot/db/naive_findClustersHLS2_Pipeline_CreateResult_CreateResultInner.verbose.bind.rpt 
Execute         list_part -family xcvu11p-flga2577-1-e 
Execute           ap_family_info -name xcvu11p-flga2577-1-e -data names 
Execute           ap_part_info -quiet -name xcvu11p-flga2577-1-e -data family 
Execute       db_write -o C:/Users/abelo/vitis_workspace/clustering/clustering/solution1/.autopilot/db/naive_findClustersHLS2_Pipeline_CreateResult_CreateResultInner.bind.adb -f 
INFO-FLOW: Finish binding naive_findClustersHLS2_Pipeline_CreateResult_CreateResultInner.
INFO: [HLS 200-10] ----------------------------------------------------------------
INFO: [HLS 200-42] -- Implementing module 'naive_findClustersHLS2' 
INFO: [HLS 200-10] ----------------------------------------------------------------
Execute       set_default_model naive_findClustersHLS2 
Execute       schedule -model naive_findClustersHLS2 
INFO: [SCHED 204-11] Starting scheduling ...
INFO: [SCHED 204-11] Finished scheduling.
INFO: [HLS 200-111] Finished Scheduling: CPU user time: 0 seconds. CPU system time: 0 seconds. Elapsed time: 0.098 seconds; current allocated memory: 1.109 GB.
Execute       syn_report -verbosereport -o C:/Users/abelo/vitis_workspace/clustering/clustering/solution1/.autopilot/db/naive_findClustersHLS2.verbose.sched.rpt 
Execute         list_part -family xcvu11p-flga2577-1-e 
Execute           ap_family_info -name xcvu11p-flga2577-1-e -data names 
Execute           ap_part_info -quiet -name xcvu11p-flga2577-1-e -data family 
Execute       db_write -o C:/Users/abelo/vitis_workspace/clustering/clustering/solution1/.autopilot/db/naive_findClustersHLS2.sched.adb -f 
INFO-FLOW: Finish scheduling naive_findClustersHLS2.
Execute       set_default_model naive_findClustersHLS2 
Execute       bind -model naive_findClustersHLS2 
INFO: [BIND 205-100] Starting micro-architecture generation ...
INFO: [BIND 205-101] Performing variable lifetime analysis.
INFO: [BIND 205-101] Exploring resource sharing.
WARNING: [BIND 205-102] The specified resource core for memory 'clusterGrid1' will be ignored if a simpler one can be used.
WARNING: [BIND 205-102] The specified resource core for memory 'clusterGrid2' will be ignored if a simpler one can be used.
INFO: [BIND 205-101] Binding ...
INFO: [BIND 205-100] Finished micro-architecture generation.
INFO: [HLS 200-111] Finished Binding: CPU user time: 0 seconds. CPU system time: 0 seconds. Elapsed time: 0.146 seconds; current allocated memory: 1.109 GB.
Execute       syn_report -verbosereport -o C:/Users/abelo/vitis_workspace/clustering/clustering/solution1/.autopilot/db/naive_findClustersHLS2.verbose.bind.rpt 
Execute         list_part -family xcvu11p-flga2577-1-e 
Execute           ap_family_info -name xcvu11p-flga2577-1-e -data names 
Execute           ap_part_info -quiet -name xcvu11p-flga2577-1-e -data family 
Execute       db_write -o C:/Users/abelo/vitis_workspace/clustering/clustering/solution1/.autopilot/db/naive_findClustersHLS2.bind.adb -f 
INFO-FLOW: Finish binding naive_findClustersHLS2.
Execute       get_model_list naive_findClustersHLS2 -filter all-wo-channel 
INFO-FLOW: Preprocessing for RTLGen ...
Execute       rtl_gen_preprocess naive_findClustersHLS2_Pipeline_FirstPass_FirstPassInner 
Execute       rtl_gen_preprocess naive_findClustersHLS2_Pipeline_SecondPass_SecondPassInner 
Execute       rtl_gen_preprocess naive_findClustersHLS2_Pipeline_CreateResult_CreateResultInner 
Execute       rtl_gen_preprocess naive_findClustersHLS2 
INFO-FLOW: Model list for RTL generation: naive_findClustersHLS2_Pipeline_FirstPass_FirstPassInner naive_findClustersHLS2_Pipeline_SecondPass_SecondPassInner naive_findClustersHLS2_Pipeline_CreateResult_CreateResultInner naive_findClustersHLS2
INFO: [HLS 200-10] ----------------------------------------------------------------
INFO: [HLS 200-10] -- Generating RTL for module 'naive_findClustersHLS2_Pipeline_FirstPass_FirstPassInner' 
INFO: [HLS 200-10] ----------------------------------------------------------------
Execute       create_rtl_model naive_findClustersHLS2_Pipeline_FirstPass_FirstPassInner -top_prefix naive_findClustersHLS2_ -sub_prefix naive_findClustersHLS2_ -mg_file C:/Users/abelo/vitis_workspace/clustering/clustering/solution1/.autopilot/db/naive_findClustersHLS2_Pipeline_FirstPass_FirstPassInner.compgen.tcl 
WARNING: [HLS 200-2049] Adding the rewind optimization to the pipelined process 'FirstPass_FirstPassInner' with inout ports inside a dataflow region can result in the creation of loop-carried dependencies and errors. Use caution when adding the rewind optimization to such loops.
INFO: [RTGEN 206-100] Finished creating RTL model for 'naive_findClustersHLS2_Pipeline_FirstPass_FirstPassInner'.
INFO: [HLS 200-111] Finished Creating RTL model: CPU user time: 0 seconds. CPU system time: 0 seconds. Elapsed time: 0.088 seconds; current allocated memory: 1.111 GB.
Execute       source C:/Users/abelo/vitis_workspace/clustering/clustering/solution1/.autopilot/db/naive_findClustersHLS2.rtl_wrap.cfg.tcl 
Execute       gen_rtl naive_findClustersHLS2_Pipeline_FirstPass_FirstPassInner -style xilinx -f -lang vhdl -o C:/Users/abelo/vitis_workspace/clustering/clustering/solution1/syn/vhdl/naive_findClustersHLS2_naive_findClustersHLS2_Pipeline_FirstPass_FirstPassInner 
Execute       gen_rtl naive_findClustersHLS2_Pipeline_FirstPass_FirstPassInner -style xilinx -f -lang vlog -o C:/Users/abelo/vitis_workspace/clustering/clustering/solution1/syn/verilog/naive_findClustersHLS2_naive_findClustersHLS2_Pipeline_FirstPass_FirstPassInner 
Execute       syn_report -csynth -model naive_findClustersHLS2_Pipeline_FirstPass_FirstPassInner -o C:/Users/abelo/vitis_workspace/clustering/clustering/solution1/syn/report/naive_findClustersHLS2_Pipeline_FirstPass_FirstPassInner_csynth.rpt 
Execute         list_part -family xcvu11p-flga2577-1-e 
Execute           ap_family_info -name xcvu11p-flga2577-1-e -data names 
Execute           ap_part_info -quiet -name xcvu11p-flga2577-1-e -data family 
Execute       syn_report -rtlxml -model naive_findClustersHLS2_Pipeline_FirstPass_FirstPassInner -o C:/Users/abelo/vitis_workspace/clustering/clustering/solution1/syn/report/naive_findClustersHLS2_Pipeline_FirstPass_FirstPassInner_csynth.xml 
Execute         list_part -family xcvu11p-flga2577-1-e 
Execute           ap_family_info -name xcvu11p-flga2577-1-e -data names 
Execute           ap_part_info -quiet -name xcvu11p-flga2577-1-e -data family 
Execute       syn_report -verbosereport -model naive_findClustersHLS2_Pipeline_FirstPass_FirstPassInner -o C:/Users/abelo/vitis_workspace/clustering/clustering/solution1/.autopilot/db/naive_findClustersHLS2_Pipeline_FirstPass_FirstPassInner.verbose.rpt 
Execute         list_part -family xcvu11p-flga2577-1-e 
Execute           ap_family_info -name xcvu11p-flga2577-1-e -data names 
Execute           ap_part_info -quiet -name xcvu11p-flga2577-1-e -data family 
Execute       db_write -model naive_findClustersHLS2_Pipeline_FirstPass_FirstPassInner -f -o C:/Users/abelo/vitis_workspace/clustering/clustering/solution1/.autopilot/db/naive_findClustersHLS2_Pipeline_FirstPass_FirstPassInner.adb 
Execute       db_write -model naive_findClustersHLS2_Pipeline_FirstPass_FirstPassInner -bindview -o C:/Users/abelo/vitis_workspace/clustering/clustering/solution1/.autopilot/db/design.bindinfo.xml 
Execute       gen_tb_info naive_findClustersHLS2_Pipeline_FirstPass_FirstPassInner -p C:/Users/abelo/vitis_workspace/clustering/clustering/solution1/.autopilot/db -o C:/Users/abelo/vitis_workspace/clustering/clustering/solution1/.autopilot/db/naive_findClustersHLS2_Pipeline_FirstPass_FirstPassInner 
INFO: [HLS 200-10] ----------------------------------------------------------------
INFO: [HLS 200-10] -- Generating RTL for module 'naive_findClustersHLS2_Pipeline_SecondPass_SecondPassInner' 
INFO: [HLS 200-10] ----------------------------------------------------------------
Execute       create_rtl_model naive_findClustersHLS2_Pipeline_SecondPass_SecondPassInner -top_prefix naive_findClustersHLS2_ -sub_prefix naive_findClustersHLS2_ -mg_file C:/Users/abelo/vitis_workspace/clustering/clustering/solution1/.autopilot/db/naive_findClustersHLS2_Pipeline_SecondPass_SecondPassInner.compgen.tcl 
INFO: [RTGEN 206-100] Finished creating RTL model for 'naive_findClustersHLS2_Pipeline_SecondPass_SecondPassInner'.
INFO: [HLS 200-111] Finished Creating RTL model: CPU user time: 0 seconds. CPU system time: 0 seconds. Elapsed time: 0.308 seconds; current allocated memory: 1.114 GB.
Execute       source C:/Users/abelo/vitis_workspace/clustering/clustering/solution1/.autopilot/db/naive_findClustersHLS2.rtl_wrap.cfg.tcl 
Execute       gen_rtl naive_findClustersHLS2_Pipeline_SecondPass_SecondPassInner -style xilinx -f -lang vhdl -o C:/Users/abelo/vitis_workspace/clustering/clustering/solution1/syn/vhdl/naive_findClustersHLS2_naive_findClustersHLS2_Pipeline_SecondPass_SecondPassInner 
Execute       gen_rtl naive_findClustersHLS2_Pipeline_SecondPass_SecondPassInner -style xilinx -f -lang vlog -o C:/Users/abelo/vitis_workspace/clustering/clustering/solution1/syn/verilog/naive_findClustersHLS2_naive_findClustersHLS2_Pipeline_SecondPass_SecondPassInner 
Execute       syn_report -csynth -model naive_findClustersHLS2_Pipeline_SecondPass_SecondPassInner -o C:/Users/abelo/vitis_workspace/clustering/clustering/solution1/syn/report/naive_findClustersHLS2_Pipeline_SecondPass_SecondPassInner_csynth.rpt 
Execute         list_part -family xcvu11p-flga2577-1-e 
Execute           ap_family_info -name xcvu11p-flga2577-1-e -data names 
Execute           ap_part_info -quiet -name xcvu11p-flga2577-1-e -data family 
Execute       syn_report -rtlxml -model naive_findClustersHLS2_Pipeline_SecondPass_SecondPassInner -o C:/Users/abelo/vitis_workspace/clustering/clustering/solution1/syn/report/naive_findClustersHLS2_Pipeline_SecondPass_SecondPassInner_csynth.xml 
Execute         list_part -family xcvu11p-flga2577-1-e 
Execute           ap_family_info -name xcvu11p-flga2577-1-e -data names 
Execute           ap_part_info -quiet -name xcvu11p-flga2577-1-e -data family 
Execute       syn_report -verbosereport -model naive_findClustersHLS2_Pipeline_SecondPass_SecondPassInner -o C:/Users/abelo/vitis_workspace/clustering/clustering/solution1/.autopilot/db/naive_findClustersHLS2_Pipeline_SecondPass_SecondPassInner.verbose.rpt 
Execute         list_part -family xcvu11p-flga2577-1-e 
Execute           ap_family_info -name xcvu11p-flga2577-1-e -data names 
Execute           ap_part_info -quiet -name xcvu11p-flga2577-1-e -data family 
Execute       db_write -model naive_findClustersHLS2_Pipeline_SecondPass_SecondPassInner -f -o C:/Users/abelo/vitis_workspace/clustering/clustering/solution1/.autopilot/db/naive_findClustersHLS2_Pipeline_SecondPass_SecondPassInner.adb 
Execute       db_write -model naive_findClustersHLS2_Pipeline_SecondPass_SecondPassInner -bindview -o C:/Users/abelo/vitis_workspace/clustering/clustering/solution1/.autopilot/db/design.bindinfo.xml 
Execute       gen_tb_info naive_findClustersHLS2_Pipeline_SecondPass_SecondPassInner -p C:/Users/abelo/vitis_workspace/clustering/clustering/solution1/.autopilot/db -o C:/Users/abelo/vitis_workspace/clustering/clustering/solution1/.autopilot/db/naive_findClustersHLS2_Pipeline_SecondPass_SecondPassInner 
INFO: [HLS 200-10] ----------------------------------------------------------------
INFO: [HLS 200-10] -- Generating RTL for module 'naive_findClustersHLS2_Pipeline_CreateResult_CreateResultInner' 
INFO: [HLS 200-10] ----------------------------------------------------------------
Execute       create_rtl_model naive_findClustersHLS2_Pipeline_CreateResult_CreateResultInner -top_prefix naive_findClustersHLS2_ -sub_prefix naive_findClustersHLS2_ -mg_file C:/Users/abelo/vitis_workspace/clustering/clustering/solution1/.autopilot/db/naive_findClustersHLS2_Pipeline_CreateResult_CreateResultInner.compgen.tcl 
INFO: [HLS 200-1030] Apply Unified Pipeline Control on module 'naive_findClustersHLS2_Pipeline_CreateResult_CreateResultInner' pipeline 'CreateResult_CreateResultInner' pipeline type 'loop pipeline'
INFO: [RTGEN 206-100] Finished creating RTL model for 'naive_findClustersHLS2_Pipeline_CreateResult_CreateResultInner'.
INFO: [HLS 200-111] Finished Creating RTL model: CPU user time: 0 seconds. CPU system time: 0 seconds. Elapsed time: 0.343 seconds; current allocated memory: 1.117 GB.
Execute       source C:/Users/abelo/vitis_workspace/clustering/clustering/solution1/.autopilot/db/naive_findClustersHLS2.rtl_wrap.cfg.tcl 
Execute       gen_rtl naive_findClustersHLS2_Pipeline_CreateResult_CreateResultInner -style xilinx -f -lang vhdl -o C:/Users/abelo/vitis_workspace/clustering/clustering/solution1/syn/vhdl/naive_findClustersHLS2_naive_findClustersHLS2_Pipeline_CreateResult_CreateResultInner 
Execute       gen_rtl naive_findClustersHLS2_Pipeline_CreateResult_CreateResultInner -style xilinx -f -lang vlog -o C:/Users/abelo/vitis_workspace/clustering/clustering/solution1/syn/verilog/naive_findClustersHLS2_naive_findClustersHLS2_Pipeline_CreateResult_CreateResultInner 
Execute       syn_report -csynth -model naive_findClustersHLS2_Pipeline_CreateResult_CreateResultInner -o C:/Users/abelo/vitis_workspace/clustering/clustering/solution1/syn/report/naive_findClustersHLS2_Pipeline_CreateResult_CreateResultInner_csynth.rpt 
Execute         list_part -family xcvu11p-flga2577-1-e 
Execute           ap_family_info -name xcvu11p-flga2577-1-e -data names 
Execute           ap_part_info -quiet -name xcvu11p-flga2577-1-e -data family 
Execute       syn_report -rtlxml -model naive_findClustersHLS2_Pipeline_CreateResult_CreateResultInner -o C:/Users/abelo/vitis_workspace/clustering/clustering/solution1/syn/report/naive_findClustersHLS2_Pipeline_CreateResult_CreateResultInner_csynth.xml 
Execute         list_part -family xcvu11p-flga2577-1-e 
Execute           ap_family_info -name xcvu11p-flga2577-1-e -data names 
Execute           ap_part_info -quiet -name xcvu11p-flga2577-1-e -data family 
Execute       syn_report -verbosereport -model naive_findClustersHLS2_Pipeline_CreateResult_CreateResultInner -o C:/Users/abelo/vitis_workspace/clustering/clustering/solution1/.autopilot/db/naive_findClustersHLS2_Pipeline_CreateResult_CreateResultInner.verbose.rpt 
Execute         list_part -family xcvu11p-flga2577-1-e 
Execute           ap_family_info -name xcvu11p-flga2577-1-e -data names 
Execute           ap_part_info -quiet -name xcvu11p-flga2577-1-e -data family 
Execute       db_write -model naive_findClustersHLS2_Pipeline_CreateResult_CreateResultInner -f -o C:/Users/abelo/vitis_workspace/clustering/clustering/solution1/.autopilot/db/naive_findClustersHLS2_Pipeline_CreateResult_CreateResultInner.adb 
Execute       db_write -model naive_findClustersHLS2_Pipeline_CreateResult_CreateResultInner -bindview -o C:/Users/abelo/vitis_workspace/clustering/clustering/solution1/.autopilot/db/design.bindinfo.xml 
Execute       gen_tb_info naive_findClustersHLS2_Pipeline_CreateResult_CreateResultInner -p C:/Users/abelo/vitis_workspace/clustering/clustering/solution1/.autopilot/db -o C:/Users/abelo/vitis_workspace/clustering/clustering/solution1/.autopilot/db/naive_findClustersHLS2_Pipeline_CreateResult_CreateResultInner 
INFO: [HLS 200-10] ----------------------------------------------------------------
INFO: [HLS 200-10] -- Generating RTL for module 'naive_findClustersHLS2' 
INFO: [HLS 200-10] ----------------------------------------------------------------
Execute       create_rtl_model naive_findClustersHLS2 -top_prefix  -sub_prefix naive_findClustersHLS2_ -mg_file C:/Users/abelo/vitis_workspace/clustering/clustering/solution1/.autopilot/db/naive_findClustersHLS2.compgen.tcl 
INFO: [RTGEN 206-500] Setting interface mode on port 'naive_findClustersHLS2/grid' to 'ap_memory'.
INFO: [RTGEN 206-500] Setting interface mode on port 'naive_findClustersHLS2/pointsGrid' to 'ap_memory'.
INFO: [RTGEN 206-500] Setting interface mode on function 'naive_findClustersHLS2' to 'ap_ctrl_hs'.
INFO: [RTGEN 206-100] Finished creating RTL model for 'naive_findClustersHLS2'.
INFO: [RTMG 210-278] Implementing memory 'naive_findClustersHLS2_clusterGrid1_RAM_2P_BRAM_1R1W' using block RAMs.
INFO: [RTMG 210-278] Implementing memory 'naive_findClustersHLS2_clusterGrid2_RAM_2P_BRAM_1R1W' using block RAMs.
INFO: [HLS 200-111] Finished Creating RTL model: CPU user time: 0 seconds. CPU system time: 0 seconds. Elapsed time: 0.264 seconds; current allocated memory: 1.118 GB.
Execute       source C:/Users/abelo/vitis_workspace/clustering/clustering/solution1/.autopilot/db/naive_findClustersHLS2.rtl_wrap.cfg.tcl 
Execute       gen_rtl naive_findClustersHLS2 -istop -style xilinx -f -lang vhdl -o C:/Users/abelo/vitis_workspace/clustering/clustering/solution1/syn/vhdl/naive_findClustersHLS2 
Execute       gen_rtl naive_findClustersHLS2 -istop -style xilinx -f -lang vlog -o C:/Users/abelo/vitis_workspace/clustering/clustering/solution1/syn/verilog/naive_findClustersHLS2 
Execute       syn_report -csynth -model naive_findClustersHLS2 -o C:/Users/abelo/vitis_workspace/clustering/clustering/solution1/syn/report/naive_findClustersHLS2_csynth.rpt 
Execute         list_part -family xcvu11p-flga2577-1-e 
Execute           ap_family_info -name xcvu11p-flga2577-1-e -data names 
Execute           ap_part_info -quiet -name xcvu11p-flga2577-1-e -data family 
Execute       syn_report -rtlxml -model naive_findClustersHLS2 -o C:/Users/abelo/vitis_workspace/clustering/clustering/solution1/syn/report/naive_findClustersHLS2_csynth.xml 
Execute         list_part -family xcvu11p-flga2577-1-e 
Execute           ap_family_info -name xcvu11p-flga2577-1-e -data names 
Execute           ap_part_info -quiet -name xcvu11p-flga2577-1-e -data family 
Execute       syn_report -verbosereport -model naive_findClustersHLS2 -o C:/Users/abelo/vitis_workspace/clustering/clustering/solution1/.autopilot/db/naive_findClustersHLS2.verbose.rpt 
Execute         list_part -family xcvu11p-flga2577-1-e 
Execute           ap_family_info -name xcvu11p-flga2577-1-e -data names 
Execute           ap_part_info -quiet -name xcvu11p-flga2577-1-e -data family 
Execute       db_write -model naive_findClustersHLS2 -f -o C:/Users/abelo/vitis_workspace/clustering/clustering/solution1/.autopilot/db/naive_findClustersHLS2.adb 
Execute       db_write -model naive_findClustersHLS2 -bindview -o C:/Users/abelo/vitis_workspace/clustering/clustering/solution1/.autopilot/db/design.bindinfo.xml 
Execute       gen_tb_info naive_findClustersHLS2 -p C:/Users/abelo/vitis_workspace/clustering/clustering/solution1/.autopilot/db -o C:/Users/abelo/vitis_workspace/clustering/clustering/solution1/.autopilot/db/naive_findClustersHLS2 
Execute       export_constraint_db -f -tool general -o C:/Users/abelo/vitis_workspace/clustering/clustering/solution1/.autopilot/db/naive_findClustersHLS2.constraint.tcl 
Execute       syn_report -designview -model naive_findClustersHLS2 -o C:/Users/abelo/vitis_workspace/clustering/clustering/solution1/.autopilot/db/naive_findClustersHLS2.design.xml 
Execute       syn_report -csynthDesign -model naive_findClustersHLS2 -o C:/Users/abelo/vitis_workspace/clustering/clustering/solution1/syn/report/csynth.rpt -MHOut C:/Users/abelo/vitis_workspace/clustering/clustering/solution1/.autopilot/db/kernel_module_hierarchy.tcl 
Execute         list_part -family xcvu11p-flga2577-1-e 
Execute           ap_family_info -name xcvu11p-flga2577-1-e -data names 
Execute           ap_part_info -quiet -name xcvu11p-flga2577-1-e -data family 
Execute       syn_report -wcfg -model naive_findClustersHLS2 -o C:/Users/abelo/vitis_workspace/clustering/clustering/solution1/.autopilot/db/naive_findClustersHLS2_dataflow_ana.wcfg 
Execute       syn_report -protoinst -model naive_findClustersHLS2 -o C:/Users/abelo/vitis_workspace/clustering/clustering/solution1/.autopilot/db/naive_findClustersHLS2.protoinst 
Execute       sc_get_clocks naive_findClustersHLS2 
Execute       send_msg_by_id INFO @200-503@%s%s 5 5 
INFO: [HLS 200-503] Applying 'config_export -vivado_clock 5', using 5 ns in generated Vivado XDC
Execute       sc_get_portdomain naive_findClustersHLS2 
INFO-FLOW: Model list for RTL component generation: naive_findClustersHLS2_Pipeline_FirstPass_FirstPassInner naive_findClustersHLS2_Pipeline_SecondPass_SecondPassInner naive_findClustersHLS2_Pipeline_CreateResult_CreateResultInner naive_findClustersHLS2
INFO-FLOW: Handling components in module [naive_findClustersHLS2_Pipeline_FirstPass_FirstPassInner] ... 
Execute       source C:/Users/abelo/vitis_workspace/clustering/clustering/solution1/.autopilot/db/naive_findClustersHLS2_Pipeline_FirstPass_FirstPassInner.compgen.tcl 
INFO-FLOW: Found component naive_findClustersHLS2_flow_control_loop_pipe_sequential_init.
INFO-FLOW: Append model naive_findClustersHLS2_flow_control_loop_pipe_sequential_init
INFO-FLOW: Handling components in module [naive_findClustersHLS2_Pipeline_SecondPass_SecondPassInner] ... 
Execute       source C:/Users/abelo/vitis_workspace/clustering/clustering/solution1/.autopilot/db/naive_findClustersHLS2_Pipeline_SecondPass_SecondPassInner.compgen.tcl 
INFO-FLOW: Found component naive_findClustersHLS2_flow_control_loop_pipe_sequential_init.
INFO-FLOW: Append model naive_findClustersHLS2_flow_control_loop_pipe_sequential_init
INFO-FLOW: Handling components in module [naive_findClustersHLS2_Pipeline_CreateResult_CreateResultInner] ... 
Execute       source C:/Users/abelo/vitis_workspace/clustering/clustering/solution1/.autopilot/db/naive_findClustersHLS2_Pipeline_CreateResult_CreateResultInner.compgen.tcl 
INFO-FLOW: Found component naive_findClustersHLS2_flow_control_loop_pipe_sequential_init.
INFO-FLOW: Append model naive_findClustersHLS2_flow_control_loop_pipe_sequential_init
INFO-FLOW: Handling components in module [naive_findClustersHLS2] ... 
Execute       source C:/Users/abelo/vitis_workspace/clustering/clustering/solution1/.autopilot/db/naive_findClustersHLS2.compgen.tcl 
INFO-FLOW: Found component naive_findClustersHLS2_clusterGrid1_RAM_2P_BRAM_1R1W.
INFO-FLOW: Append model naive_findClustersHLS2_clusterGrid1_RAM_2P_BRAM_1R1W
INFO-FLOW: Found component naive_findClustersHLS2_clusterGrid2_RAM_2P_BRAM_1R1W.
INFO-FLOW: Append model naive_findClustersHLS2_clusterGrid2_RAM_2P_BRAM_1R1W
INFO-FLOW: Append model naive_findClustersHLS2_Pipeline_FirstPass_FirstPassInner
INFO-FLOW: Append model naive_findClustersHLS2_Pipeline_SecondPass_SecondPassInner
INFO-FLOW: Append model naive_findClustersHLS2_Pipeline_CreateResult_CreateResultInner
INFO-FLOW: Append model naive_findClustersHLS2
INFO-FLOW: Generating RTL model list ...
INFO-FLOW: All models in this session: naive_findClustersHLS2_flow_control_loop_pipe_sequential_init naive_findClustersHLS2_flow_control_loop_pipe_sequential_init naive_findClustersHLS2_flow_control_loop_pipe_sequential_init naive_findClustersHLS2_clusterGrid1_RAM_2P_BRAM_1R1W naive_findClustersHLS2_clusterGrid2_RAM_2P_BRAM_1R1W naive_findClustersHLS2_Pipeline_FirstPass_FirstPassInner naive_findClustersHLS2_Pipeline_SecondPass_SecondPassInner naive_findClustersHLS2_Pipeline_CreateResult_CreateResultInner naive_findClustersHLS2
INFO-FLOW: Generating C:/Users/abelo/vitis_workspace/clustering/clustering/solution1/.autopilot/db/autopilot.rtl.models.txt file...
INFO-FLOW: To file: write model naive_findClustersHLS2_flow_control_loop_pipe_sequential_init
INFO-FLOW: To file: write model naive_findClustersHLS2_flow_control_loop_pipe_sequential_init
INFO-FLOW: To file: write model naive_findClustersHLS2_flow_control_loop_pipe_sequential_init
INFO-FLOW: To file: write model naive_findClustersHLS2_clusterGrid1_RAM_2P_BRAM_1R1W
INFO-FLOW: To file: write model naive_findClustersHLS2_clusterGrid2_RAM_2P_BRAM_1R1W
INFO-FLOW: To file: write model naive_findClustersHLS2_Pipeline_FirstPass_FirstPassInner
INFO-FLOW: To file: write model naive_findClustersHLS2_Pipeline_SecondPass_SecondPassInner
INFO-FLOW: To file: write model naive_findClustersHLS2_Pipeline_CreateResult_CreateResultInner
INFO-FLOW: To file: write model naive_findClustersHLS2
INFO-FLOW: Generating C:/Users/abelo/vitis_workspace/clustering/clustering/solution1/.autopilot/db/autopilot.rtl.models.tcl file...
INFO-FLOW: Finished generating RTL model list.


INFO-FLOW: RTL Generation done.
INFO-FLOW: CAS Generation done.
INFO-FLOW: CBC Generation done.
INFO-FLOW: DBG:PROC: ::AESL_AUTOMG::auto_generate_csynth_design
INFO-FLOW: DBG:PUTS: read_platform_lib C:/Users/abelo/vitis_workspace/clustering/clustering/solution1/.autopilot/db/global.setting.tcl
Execute       source E:/Vitis_HLS/2023.1/common/technology/generic/autopilot/common.gen 
Execute         source E:/Vitis_HLS/2023.1/common/technology/generic/autopilot/APCoreGen.gen 
Execute       source E:/Vitis_HLS/2023.1/common/technology/generic/autopilot/op.gen 
Execute       source E:/Vitis_HLS/2023.1/common/technology/generic/autopilot/op_simcore.gen 
Execute       source E:/Vitis_HLS/2023.1/common/technology/generic/autopilot/interface.gen 
Execute       source C:/Users/abelo/vitis_workspace/clustering/clustering/solution1/.autopilot/db/global.setting.tcl 
Execute       source E:/Vitis_HLS/2023.1/common/technology/xilinx/common/xilinx.gen 
Execute         source E:/Vitis_HLS/2023.1/common/technology/xilinx/interface/plb46.gen 
Execute         source E:/Vitis_HLS/2023.1/common/technology/xilinx/interface/axi4.gen 
Execute         source E:/Vitis_HLS/2023.1/common/technology/xilinx/interface/nativeAXI4.gen 
Execute           source E:/Vitis_HLS/2023.1/common/technology/xilinx/interface/saxilite.gen 
Execute         source E:/Vitis_HLS/2023.1/common/technology/xilinx/scripts/xilinxcoregen.gen 
Execute         source E:/Vitis_HLS/2023.1/common/technology/xilinx/interface/XilEDKCoreGen.gen 
Execute         source E:/Vitis_HLS/2023.1/common/technology/xilinx/ip/dds_compiler.gen 
Execute         source E:/Vitis_HLS/2023.1/common/technology/xilinx/ip/util.gen 
Execute         source E:/Vitis_HLS/2023.1/common/technology/xilinx/ip/xfft.gen 
Execute         source E:/Vitis_HLS/2023.1/common/technology/xilinx/ip/xfir.gen 
Execute         source E:/Vitis_HLS/2023.1/common/technology/xilinx/DSP48/dsp48.gen 
INFO-FLOW: DBG:PUTS:   using AESL_AUTOCG::g_clock_period=5 (was NA)
INFO-FLOW: DBG:PROC: ::AESL_AUTOMG::generate_ip_cores gen_sim_model='1' gen_fp_models='0' gen_for_export='0' dstSCDir='' dstVhdlDir='C:/Users/abelo/vitis_workspace/clustering/clustering/solution1/.autopilot/db/vhdl' dstVlogDir='C:/Users/abelo/vitis_workspace/clustering/clustering/solution1/.autopilot/db/vlog' tclDir='C:/Users/abelo/vitis_workspace/clustering/clustering/solution1/.autopilot/db' modelList='naive_findClustersHLS2_flow_control_loop_pipe_sequential_init
naive_findClustersHLS2_flow_control_loop_pipe_sequential_init
naive_findClustersHLS2_flow_control_loop_pipe_sequential_init
naive_findClustersHLS2_clusterGrid1_RAM_2P_BRAM_1R1W
naive_findClustersHLS2_clusterGrid2_RAM_2P_BRAM_1R1W
naive_findClustersHLS2_Pipeline_FirstPass_FirstPassInner
naive_findClustersHLS2_Pipeline_SecondPass_SecondPassInner
naive_findClustersHLS2_Pipeline_CreateResult_CreateResultInner
naive_findClustersHLS2
' expOnly='0'
Execute       source C:/Users/abelo/vitis_workspace/clustering/clustering/solution1/.autopilot/db/global.setting.tcl 
Execute       ap_part_info -name xcvu11p-flga2577-1-e -data names -quiet 
Execute       ap_part_info -name xcvu11p-flga2577-1-e -data info -quiet 
Execute       source C:/Users/abelo/vitis_workspace/clustering/clustering/solution1/.autopilot/db/global.setting.tcl 
Execute       source C:/Users/abelo/vitis_workspace/clustering/clustering/solution1/.autopilot/db/global.setting.tcl 
Execute       source C:/Users/abelo/vitis_workspace/clustering/clustering/solution1/.autopilot/db/naive_findClustersHLS2_Pipeline_FirstPass_FirstPassInner.compgen.tcl 
Execute       source C:/Users/abelo/vitis_workspace/clustering/clustering/solution1/.autopilot/db/naive_findClustersHLS2_Pipeline_SecondPass_SecondPassInner.compgen.tcl 
Execute       source C:/Users/abelo/vitis_workspace/clustering/clustering/solution1/.autopilot/db/naive_findClustersHLS2_Pipeline_CreateResult_CreateResultInner.compgen.tcl 
Execute       source C:/Users/abelo/vitis_workspace/clustering/clustering/solution1/.autopilot/db/naive_findClustersHLS2.compgen.tcl 
INFO: [HLS 200-111] Finished Generating all RTL models: CPU user time: 1 seconds. CPU system time: 0 seconds. Elapsed time: 0.491 seconds; current allocated memory: 1.122 GB.
INFO-FLOW: DBG:PROC: ::HLSREPORTS::create_csynth_xml bind_info_var='bind_info' RtlSubPrefix='naive_findClustersHLS2_' outfile=''
INFO-FLOW: Running: create_csynth_xml read xml data
INFO-FLOW: Done: create_csynth_xml read xml data time: 0 seconds per iteration
INFO-FLOW: Running: create_csynth_xml bind info
INFO-FLOW: Done: create_csynth_xml bind info time: 0 seconds per iteration
INFO-FLOW: Running: create_csynth_xml config info
INFO-FLOW: Done: create_csynth_xml config info time: 0.4 seconds per iteration
INFO-FLOW: Running: create_csynth_xml write xml
INFO-FLOW: Done: create_csynth_xml write xml time: 0 seconds per iteration
INFO-FLOW: DBG:PUTS:      create_csynth_xml wrote csynth_xml=C:/Users/abelo/vitis_workspace/clustering/clustering/solution1/syn/report/csynth.xml
INFO-FLOW: DBG:PROC: ::AP::DESIGN_DATA::generate_json generate_bd_files='0' generate_xo_files='0' modelList='naive_findClustersHLS2_flow_control_loop_pipe_sequential_init
naive_findClustersHLS2_flow_control_loop_pipe_sequential_init
naive_findClustersHLS2_flow_control_loop_pipe_sequential_init
naive_findClustersHLS2_clusterGrid1_RAM_2P_BRAM_1R1W
naive_findClustersHLS2_clusterGrid2_RAM_2P_BRAM_1R1W
naive_findClustersHLS2_Pipeline_FirstPass_FirstPassInner
naive_findClustersHLS2_Pipeline_SecondPass_SecondPassInner
naive_findClustersHLS2_Pipeline_CreateResult_CreateResultInner
naive_findClustersHLS2
' rtl_lang='both' bootstrap_tcl='false' outdir='' outfilename=''
Execute       source C:/Users/abelo/vitis_workspace/clustering/clustering/solution1/.autopilot/db/global.setting.tcl 
Execute       source C:/Users/abelo/vitis_workspace/clustering/clustering/solution1/.autopilot/db/global.setting.tcl 
Execute       source C:/Users/abelo/vitis_workspace/clustering/clustering/solution1/.autopilot/db/top-io-be.tcl 
Execute       source C:/Users/abelo/vitis_workspace/clustering/clustering/solution1/.autopilot/db/naive_findClustersHLS2.tbgen.tcl 
Execute       source C:/Users/abelo/vitis_workspace/clustering/clustering/solution1/.autopilot/db/naive_findClustersHLS2.rtl_wrap.cfg.tcl 
Execute       source C:/Users/abelo/vitis_workspace/clustering/clustering/solution1/.autopilot/db/naive_findClustersHLS2.compgen.dataonly.tcl 
Execute       source C:/Users/abelo/vitis_workspace/clustering/clustering/solution1/.autopilot/db/naive_findClustersHLS2_Pipeline_FirstPass_FirstPassInner.tbgen.tcl 
Execute       source C:/Users/abelo/vitis_workspace/clustering/clustering/solution1/.autopilot/db/naive_findClustersHLS2_Pipeline_SecondPass_SecondPassInner.tbgen.tcl 
Execute       source C:/Users/abelo/vitis_workspace/clustering/clustering/solution1/.autopilot/db/naive_findClustersHLS2_Pipeline_CreateResult_CreateResultInner.tbgen.tcl 
Execute       source C:/Users/abelo/vitis_workspace/clustering/clustering/solution1/.autopilot/db/naive_findClustersHLS2.tbgen.tcl 
Execute       source C:/Users/abelo/vitis_workspace/clustering/clustering/solution1/.autopilot/db/global.setting.tcl 
Execute       ap_part_info -name xcvu11p-flga2577-1-e -data names -quiet 
Execute       ap_part_info -name xcvu11p-flga2577-1-e -data info -quiet 
Execute       source C:/Users/abelo/vitis_workspace/clustering/clustering/solution1/.autopilot/db/naive_findClustersHLS2.constraint.tcl 
Execute       sc_get_clocks naive_findClustersHLS2 
Execute       source C:/Users/abelo/vitis_workspace/clustering/clustering/solution1/.autopilot/db/global.setting.tcl 
INFO-FLOW: DBG:PROC: ::HLSREPORTS::add_csynth_report_sections bind_info_dict='adapter_nodes {} report_dict {TOPINST naive_findClustersHLS2 MODULE2INSTS {naive_findClustersHLS2 naive_findClustersHLS2 naive_findClustersHLS2_Pipeline_FirstPass_FirstPassInner grp_naive_findClustersHLS2_Pipeline_FirstPass_FirstPassInner_fu_85 naive_findClustersHLS2_Pipeline_SecondPass_SecondPassInner grp_naive_findClustersHLS2_Pipeline_SecondPass_SecondPassInner_fu_92 naive_findClustersHLS2_Pipeline_CreateResult_CreateResultInner grp_naive_findClustersHLS2_Pipeline_CreateResult_CreateResultInner_fu_100} INST2MODULE {naive_findClustersHLS2 naive_findClustersHLS2 grp_naive_findClustersHLS2_Pipeline_FirstPass_FirstPassInner_fu_85 naive_findClustersHLS2_Pipeline_FirstPass_FirstPassInner grp_naive_findClustersHLS2_Pipeline_SecondPass_SecondPassInner_fu_92 naive_findClustersHLS2_Pipeline_SecondPass_SecondPassInner grp_naive_findClustersHLS2_Pipeline_CreateResult_CreateResultInner_fu_100 naive_findClustersHLS2_Pipeline_CreateResult_CreateResultInner} INSTDATA {naive_findClustersHLS2 {DEPTH 1 CHILDREN {grp_naive_findClustersHLS2_Pipeline_FirstPass_FirstPassInner_fu_85 grp_naive_findClustersHLS2_Pipeline_SecondPass_SecondPassInner_fu_92 grp_naive_findClustersHLS2_Pipeline_CreateResult_CreateResultInner_fu_100}} grp_naive_findClustersHLS2_Pipeline_FirstPass_FirstPassInner_fu_85 {DEPTH 2 CHILDREN {}} grp_naive_findClustersHLS2_Pipeline_SecondPass_SecondPassInner_fu_92 {DEPTH 2 CHILDREN {}} grp_naive_findClustersHLS2_Pipeline_CreateResult_CreateResultInner_fu_100 {DEPTH 2 CHILDREN {}}} MODULEDATA {naive_findClustersHLS2_Pipeline_FirstPass_FirstPassInner {BINDINFO {{BINDTYPE op ID {} IMPL fabric LATENCY 0 OPTYPE add PRAGMA {} RTLNAME add_ln227_1_fu_180_p2 SOURCE cluster.cpp:227 VARIABLE add_ln227_1 LOOP FirstPass_FirstPassInner BUNDLEDNAME {} DSP 0 BRAM 0 URAM 0 DISPNAME {bind_op add}} {BINDTYPE op ID {} IMPL fabric LATENCY 0 OPTYPE add PRAGMA {} RTLNAME add_ln227_fu_192_p2 SOURCE cluster.cpp:227 VARIABLE add_ln227 LOOP FirstPass_FirstPassInner BUNDLEDNAME {} DSP 0 BRAM 0 URAM 0 DISPNAME {bind_op add}} {BINDTYPE op ID {} IMPL fabric LATENCY 0 OPTYPE sub PRAGMA {} RTLNAME sub_ln231_fu_240_p2 SOURCE cluster.cpp:231 VARIABLE sub_ln231 LOOP FirstPass_FirstPassInner BUNDLEDNAME {} DSP 0 BRAM 0 URAM 0 DISPNAME {bind_op sub}} {BINDTYPE op ID {} IMPL fabric LATENCY 0 OPTYPE add PRAGMA {} RTLNAME empty_fu_246_p2 SOURCE cluster.cpp:227 VARIABLE empty LOOP FirstPass_FirstPassInner BUNDLEDNAME {} DSP 0 BRAM 0 URAM 0 DISPNAME {bind_op add}} {BINDTYPE op ID {} IMPL fabric LATENCY 0 OPTYPE sub PRAGMA {} RTLNAME sub_ln234_fu_294_p2 SOURCE cluster.cpp:234 VARIABLE sub_ln234 LOOP FirstPass_FirstPassInner BUNDLEDNAME {} DSP 0 BRAM 0 URAM 0 DISPNAME {bind_op sub}} {BINDTYPE op ID {} IMPL fabric LATENCY 0 OPTYPE add PRAGMA {} RTLNAME add_ln231_fu_264_p2 SOURCE cluster.cpp:231 VARIABLE add_ln231 LOOP FirstPass_FirstPassInner BUNDLEDNAME {} DSP 0 BRAM 0 URAM 0 DISPNAME {bind_op add}} {BINDTYPE op ID {} IMPL fabric LATENCY 0 OPTYPE add PRAGMA {} RTLNAME add_ln235_fu_300_p2 SOURCE cluster.cpp:235 VARIABLE add_ln235 LOOP FirstPass_FirstPassInner BUNDLEDNAME {} DSP 0 BRAM 0 URAM 0 DISPNAME {bind_op add}} {BINDTYPE op ID {} IMPL fabric LATENCY 0 OPTYPE add PRAGMA {} RTLNAME add_ln229_fu_310_p2 SOURCE cluster.cpp:229 VARIABLE add_ln229 LOOP FirstPass_FirstPassInner BUNDLEDNAME {} DSP 0 BRAM 0 URAM 0 DISPNAME {bind_op add}} {BINDTYPE op ID {} IMPL fabric LATENCY 0 OPTYPE add PRAGMA {} RTLNAME add_ln236_fu_319_p2 SOURCE cluster.cpp:236 VARIABLE add_ln236 LOOP FirstPass_FirstPassInner BUNDLEDNAME {} DSP 0 BRAM 0 URAM 0 DISPNAME {bind_op add}} {BINDTYPE op ID {} IMPL fabric LATENCY 0 OPTYPE add PRAGMA {} RTLNAME add_ln233_fu_330_p2 SOURCE cluster.cpp:233 VARIABLE add_ln233 LOOP FirstPass_FirstPassInner BUNDLEDNAME {} DSP 0 BRAM 0 URAM 0 DISPNAME {bind_op add}} {BINDTYPE op ID {} IMPL fabric LATENCY 0 OPTYPE add PRAGMA {} RTLNAME add_ln233_1_fu_339_p2 SOURCE cluster.cpp:233 VARIABLE add_ln233_1 LOOP FirstPass_FirstPassInner BUNDLEDNAME {} DSP 0 BRAM 0 URAM 0 DISPNAME {bind_op add}} {BINDTYPE op ID {} IMPL fabric LATENCY 0 OPTYPE add PRAGMA {} RTLNAME add_ln234_fu_349_p2 SOURCE cluster.cpp:234 VARIABLE add_ln234 LOOP FirstPass_FirstPassInner BUNDLEDNAME {} DSP 0 BRAM 0 URAM 0 DISPNAME {bind_op add}} {BINDTYPE op ID {} IMPL fabric LATENCY 0 OPTYPE add PRAGMA {} RTLNAME maxClusterID_fu_447_p2 SOURCE cluster.cpp:243 VARIABLE maxClusterID LOOP FirstPass_FirstPassInner BUNDLEDNAME {} DSP 0 BRAM 0 URAM 0 DISPNAME {bind_op add}}} AREA {DSP 0 BRAM 0 URAM 0}} naive_findClustersHLS2_Pipeline_SecondPass_SecondPassInner {BINDINFO {{BINDTYPE op ID {} IMPL fabric LATENCY 0 OPTYPE add PRAGMA {} RTLNAME add_ln252_fu_251_p2 SOURCE cluster.cpp:252 VARIABLE add_ln252 LOOP SecondPass_SecondPassInner BUNDLEDNAME {} DSP 0 BRAM 0 URAM 0 DISPNAME {bind_op add}} {BINDTYPE op ID {} IMPL fabric LATENCY 0 OPTYPE add PRAGMA {} RTLNAME indvars_iv_next24916_fu_277_p2 SOURCE {} VARIABLE indvars_iv_next24916 LOOP SecondPass_SecondPassInner BUNDLEDNAME {} DSP 0 BRAM 0 URAM 0 DISPNAME {bind_op add}} {BINDTYPE op ID {} IMPL fabric LATENCY 0 OPTYPE sub PRAGMA {} RTLNAME sub_ln256_fu_311_p2 SOURCE cluster.cpp:256 VARIABLE sub_ln256 LOOP SecondPass_SecondPassInner BUNDLEDNAME {} DSP 0 BRAM 0 URAM 0 DISPNAME {bind_op sub}} {BINDTYPE op ID {} IMPL fabric LATENCY 0 OPTYPE add PRAGMA {} RTLNAME indvars_iv_next249_mid1_fu_317_p2 SOURCE {} VARIABLE indvars_iv_next249_mid1 LOOP SecondPass_SecondPassInner BUNDLEDNAME {} DSP 0 BRAM 0 URAM 0 DISPNAME {bind_op add}} {BINDTYPE op ID {} IMPL fabric LATENCY 0 OPTYPE sub PRAGMA {} RTLNAME sub_ln260_fu_366_p2 SOURCE cluster.cpp:260 VARIABLE sub_ln260 LOOP SecondPass_SecondPassInner BUNDLEDNAME {} DSP 0 BRAM 0 URAM 0 DISPNAME {bind_op sub}} {BINDTYPE op ID {} IMPL fabric LATENCY 0 OPTYPE add PRAGMA {} RTLNAME add_ln256_fu_335_p2 SOURCE cluster.cpp:256 VARIABLE add_ln256 LOOP SecondPass_SecondPassInner BUNDLEDNAME {} DSP 0 BRAM 0 URAM 0 DISPNAME {bind_op add}} {BINDTYPE op ID {} IMPL fabric LATENCY 0 OPTYPE add PRAGMA {} RTLNAME add_ln261_fu_372_p2 SOURCE cluster.cpp:261 VARIABLE add_ln261 LOOP SecondPass_SecondPassInner BUNDLEDNAME {} DSP 0 BRAM 0 URAM 0 DISPNAME {bind_op add}} {BINDTYPE op ID {} IMPL fabric LATENCY 0 OPTYPE add PRAGMA {} RTLNAME add_ln254_fu_383_p2 SOURCE cluster.cpp:254 VARIABLE add_ln254 LOOP SecondPass_SecondPassInner BUNDLEDNAME {} DSP 0 BRAM 0 URAM 0 DISPNAME {bind_op add}} {BINDTYPE op ID {} IMPL fabric LATENCY 0 OPTYPE add PRAGMA {} RTLNAME add_ln259_fu_392_p2 SOURCE cluster.cpp:259 VARIABLE add_ln259 LOOP SecondPass_SecondPassInner BUNDLEDNAME {} DSP 0 BRAM 0 URAM 0 DISPNAME {bind_op add}} {BINDTYPE op ID {} IMPL fabric LATENCY 0 OPTYPE add PRAGMA {} RTLNAME add_ln260_fu_403_p2 SOURCE cluster.cpp:260 VARIABLE add_ln260 LOOP SecondPass_SecondPassInner BUNDLEDNAME {} DSP 0 BRAM 0 URAM 0 DISPNAME {bind_op add}} {BINDTYPE op ID {} IMPL fabric LATENCY 0 OPTYPE add PRAGMA {} RTLNAME add_ln262_fu_415_p2 SOURCE cluster.cpp:262 VARIABLE add_ln262 LOOP SecondPass_SecondPassInner BUNDLEDNAME {} DSP 0 BRAM 0 URAM 0 DISPNAME {bind_op add}} {BINDTYPE op ID {} IMPL fabric LATENCY 0 OPTYPE add PRAGMA {} RTLNAME add_ln262_1_fu_424_p2 SOURCE cluster.cpp:262 VARIABLE add_ln262_1 LOOP SecondPass_SecondPassInner BUNDLEDNAME {} DSP 0 BRAM 0 URAM 0 DISPNAME {bind_op add}} {BINDTYPE op ID {} IMPL fabric LATENCY 0 OPTYPE add PRAGMA {} RTLNAME add_ln259_1_fu_457_p2 SOURCE cluster.cpp:259 VARIABLE add_ln259_1 LOOP SecondPass_SecondPassInner BUNDLEDNAME {} DSP 0 BRAM 0 URAM 0 DISPNAME {bind_op add}}} AREA {DSP 0 BRAM 0 URAM 0}} naive_findClustersHLS2_Pipeline_CreateResult_CreateResultInner {BINDINFO {{BINDTYPE op ID {} IMPL fabric LATENCY 0 OPTYPE add PRAGMA {} RTLNAME add_ln280_1_fu_154_p2 SOURCE cluster.cpp:280 VARIABLE add_ln280_1 LOOP CreateResult_CreateResultInner BUNDLEDNAME {} DSP 0 BRAM 0 URAM 0 DISPNAME {bind_op add}} {BINDTYPE op ID {} IMPL fabric LATENCY 0 OPTYPE add PRAGMA {} RTLNAME add_ln280_fu_166_p2 SOURCE cluster.cpp:280 VARIABLE add_ln280 LOOP CreateResult_CreateResultInner BUNDLEDNAME {} DSP 0 BRAM 0 URAM 0 DISPNAME {bind_op add}} {BINDTYPE op ID {} IMPL fabric LATENCY 0 OPTYPE add PRAGMA {} RTLNAME add_ln282_fu_237_p2 SOURCE cluster.cpp:282 VARIABLE add_ln282 LOOP CreateResult_CreateResultInner BUNDLEDNAME {} DSP 0 BRAM 0 URAM 0 DISPNAME {bind_op add}}} AREA {DSP 0 BRAM 0 URAM 0}} naive_findClustersHLS2 {BINDINFO {{BINDTYPE storage ID {} IMPL bram LATENCY 1 OPTYPE ram_2p PRAGMA yes RTLNAME clusterGrid1_U SOURCE cluster.cpp:214 VARIABLE clusterGrid1 LOOP {} BUNDLEDNAME {} DSP 0 BRAM 1 URAM 0 DISPNAME {bind_storage ram_2p}} {BINDTYPE storage ID {} IMPL bram LATENCY 1 OPTYPE ram_2p PRAGMA yes RTLNAME clusterGrid2_U SOURCE cluster.cpp:215 VARIABLE clusterGrid2 LOOP {} BUNDLEDNAME {} DSP 0 BRAM 1 URAM 0 DISPNAME {bind_storage ram_2p}}} AREA {DSP 0 BRAM 2 URAM 0}}}}'
INFO-FLOW: DBG:PUTS:      update_csynth_reports json2rpt_hw_sw_interfaces
INFO-FLOW: Running: gen_csynth_sec_pragma
INFO-FLOW: Done: gen_csynth_sec_pragma time: 0 seconds per iteration
INFO-FLOW: DBG:PUTS:      update_csynth_reports wrote xml
INFO-FLOW: DBG:PUTS:      update_csynth_reports appended to csynth rpt file
INFO: [HLS 200-111] Finished Updating report files: CPU user time: 0 seconds. CPU system time: 0 seconds. Elapsed time: 0.803 seconds; current allocated memory: 1.127 GB.
INFO: [VHDL 208-304] Generating VHDL RTL for naive_findClustersHLS2.
INFO: [VLOG 209-307] Generating Verilog RTL for naive_findClustersHLS2.
Execute       syn_report -model naive_findClustersHLS2 -printsummary 
INFO: [HLS 200-790] **** Loop Constraint Status: All loop constraints were NOT satisfied.
INFO: [HLS 200-789] **** Estimated Fmax: 166.61 MHz
Command     autosyn done; 3.745 sec.
Command   csynth_design done; 17.008 sec.
INFO: [HLS 200-111] Finished Command csynth_design CPU user time: 3 seconds. CPU system time: 1 seconds. Elapsed time: 17.008 seconds; current allocated memory: 89.531 MB.
Command ap_source done; 22.398 sec.
Execute cleanup_all 
