C:/Users/abelo/vitis_workspace/clustering/clustering/solution1/csynth.tcl:20:9: warning: HLS pragma dump _XLX_SEP_ PragmaIsValid=1_XLX_SEP_ PragmaType=top_XLX_SEP_ PragmaContext=directive_XLX_SEP_ PragmaFunction=naive_findClustersHLS2_XLX_SEP_ PragmaOptions=name=naive_findClustersHLS2_XLX_SEP_ [-Wdump-hls-pragmas]
#pragma HLSDIRECTIVE TOP name=naive_findClustersHLS2
        ^
cluster.cpp:217:9: warning: 'Resource pragma' is deprecated, use 'bind_op/bind_storage pragma' instead [-Wignored-hls-pragmas]
#pragma HLS RESOURCE variable=clusterGrid1 core=RAM_2P_BRAM
        ^
cluster.cpp:217:9: warning: HLS pragma dump _XLX_SEP_ PragmaIsValid=1_XLX_SEP_ PragmaType=resource_XLX_SEP_ PragmaContext=_XLX_SEP_ PragmaFunction=naive_findClustersHLS2_XLX_SEP_ PragmaOptions=variable=clusterGrid1 core=RAM_2P_BRAM_XLX_SEP_ [-Wdump-hls-pragmas]
cluster.cpp:218:9: warning: 'Resource pragma' is deprecated, use 'bind_op/bind_storage pragma' instead [-Wignored-hls-pragmas]
#pragma HLS RESOURCE variable=clusterGrid2 core=RAM_2P_BRAM
        ^
cluster.cpp:218:9: warning: HLS pragma dump _XLX_SEP_ PragmaIsValid=1_XLX_SEP_ PragmaType=resource_XLX_SEP_ PragmaContext=_XLX_SEP_ PragmaFunction=naive_findClustersHLS2_XLX_SEP_ PragmaOptions=variable=clusterGrid2 core=RAM_2P_BRAM_XLX_SEP_ [-Wdump-hls-pragmas]
cluster.cpp:219:9: warning: HLS pragma dump _XLX_SEP_ PragmaIsValid=1_XLX_SEP_ PragmaType=array_partition_XLX_SEP_ PragmaContext=_XLX_SEP_ PragmaFunction=naive_findClustersHLS2_XLX_SEP_ PragmaOptions=variable=upperLeftNeighborXCoords complete dim=1_XLX_SEP_ [-Wdump-hls-pragmas]
#pragma HLS ARRAY_PARTITION variable=upperLeftNeighborXCoords complete dim=1
        ^
cluster.cpp:220:9: warning: HLS pragma dump _XLX_SEP_ PragmaIsValid=1_XLX_SEP_ PragmaType=array_partition_XLX_SEP_ PragmaContext=_XLX_SEP_ PragmaFunction=naive_findClustersHLS2_XLX_SEP_ PragmaOptions=variable=upperLeftNeighborYCoords complete dim=1_XLX_SEP_ [-Wdump-hls-pragmas]
#pragma HLS ARRAY_PARTITION variable=upperLeftNeighborYCoords complete dim=1
        ^
cluster.cpp:221:9: warning: HLS pragma dump _XLX_SEP_ PragmaIsValid=1_XLX_SEP_ PragmaType=array_partition_XLX_SEP_ PragmaContext=_XLX_SEP_ PragmaFunction=naive_findClustersHLS2_XLX_SEP_ PragmaOptions=variable=lowerRightNeighborXCoords complete dim=1_XLX_SEP_ [-Wdump-hls-pragmas]
#pragma HLS ARRAY_PARTITION variable=lowerRightNeighborXCoords complete dim=1
        ^
cluster.cpp:222:9: warning: HLS pragma dump _XLX_SEP_ PragmaIsValid=1_XLX_SEP_ PragmaType=array_partition_XLX_SEP_ PragmaContext=_XLX_SEP_ PragmaFunction=naive_findClustersHLS2_XLX_SEP_ PragmaOptions=variable=lowerRightNeighborYCoords complete dim=1_XLX_SEP_ [-Wdump-hls-pragmas]
#pragma HLS ARRAY_PARTITION variable=lowerRightNeighborYCoords complete dim=1
        ^
cluster.cpp:230:9: warning: HLS pragma dump _XLX_SEP_ PragmaIsValid=1_XLX_SEP_ PragmaType=pipeline_XLX_SEP_ PragmaContext=_XLX_SEP_ PragmaFunction=naive_findClustersHLS2_XLX_SEP_ PragmaOptions=II=11_XLX_SEP_ [-Wdump-hls-pragmas]
#pragma HLS PIPELINE II=11
        ^
cluster.cpp:255:9: warning: HLS pragma dump _XLX_SEP_ PragmaIsValid=1_XLX_SEP_ PragmaType=pipeline_XLX_SEP_ PragmaContext=_XLX_SEP_ PragmaFunction=naive_findClustersHLS2_XLX_SEP_ PragmaOptions=II=11_XLX_SEP_ [-Wdump-hls-pragmas]
#pragma HLS PIPELINE II=11
        ^
cluster.cpp:283:9: warning: HLS pragma dump _XLX_SEP_ PragmaIsValid=1_XLX_SEP_ PragmaType=pipeline_XLX_SEP_ PragmaContext=_XLX_SEP_ PragmaFunction=naive_findClustersHLS2_XLX_SEP_ PragmaOptions=II=1_XLX_SEP_ [-Wdump-hls-pragmas]
#pragma HLS PIPELINE II=1
        ^
12 warnings generated.
