

================================================================
== Vitis HLS Report for 'naive_findClustersHLS2'
================================================================
* Date:           Thu Apr 24 10:03:27 2025

* Version:        2023.1 (Build 3854077 on May  4 2023)
* Project:        clustering
* Solution:       solution1 (Vivado IP Flow Target)
* Product family: virtexuplus
* Target device:  xcvu11p-flga2577-1-e


================================================================
== Performance Estimates
================================================================
+ Timing: 
    * Summary: 
    +--------+----------+----------+------------+
    |  Clock |  Target  | Estimated| Uncertainty|
    +--------+----------+----------+------------+
    |ap_clk  |  10.00 ns|  6.002 ns|     2.70 ns|
    +--------+----------+----------+------------+

+ Latency: 
    * Summary: 
    +---------+---------+-----------+-----------+------+------+---------+
    |  Latency (cycles) |   Latency (absolute)  |   Interval  | Pipeline|
    |   min   |   max   |    min    |    max    |  min |  max |   Type  |
    +---------+---------+-----------+-----------+------+------+---------+
    |     1656|     1656|  16.560 us|  16.560 us|  1657|  1657|       no|
    +---------+---------+-----------+-----------+------+------+---------+

    + Detail: 
        * Instance: 
        +---------------------------------------------------------------------------+----------------------------------------------------------------+---------+---------+-----------+-----------+------+------+---------+
        |                                                                           |                                                                |  Latency (cycles) |   Latency (absolute)  |   Interval  | Pipeline|
        |                                  Instance                                 |                             Module                             |   min   |   max   |    min    |    max    |  min |  max |   Type  |
        +---------------------------------------------------------------------------+----------------------------------------------------------------+---------+---------+-----------+-----------+------+------+---------+
        |grp_naive_findClustersHLS2_Pipeline_FirstPass_FirstPassInner_fu_85         |naive_findClustersHLS2_Pipeline_FirstPass_FirstPassInner        |      402|      402|   4.020 us|   4.020 us|   402|   402|       no|
        |grp_naive_findClustersHLS2_Pipeline_SecondPass_SecondPassInner_fu_92       |naive_findClustersHLS2_Pipeline_SecondPass_SecondPassInner      |     1102|     1102|  11.020 us|  11.020 us|  1102|  1102|       no|
        |grp_naive_findClustersHLS2_Pipeline_CreateResult_CreateResultInner_fu_100  |naive_findClustersHLS2_Pipeline_CreateResult_CreateResultInner  |      146|      146|   1.460 us|   1.460 us|   146|   146|       no|
        +---------------------------------------------------------------------------+----------------------------------------------------------------+---------+---------+-----------+-----------+------+------+---------+

        * Loop: 
        N/A

============================================================
+ Verbose Summary: Synthesis Manager
============================================================
InlineROM: 1
ExposeGlobal: 0
============================================================
+ Verbose Summary: CDFG Model
============================================================
IsTopModel: 1
ResetActiveHigh: 1
IsCombinational: 0
IsDatapathOnly: 0
HasWiredReturn: 1
HasMFsm: 0
HasVarLatency: 1
IsPipeline: 0
IsRtlPipelined: 0
IsInstanceOverlapped: 0
IsDontTouch: 0
HasImplIP: 0
IsGatedGlobalClock: 0


============================================================
+ Verbose Summary: Schedule
============================================================
* Number of FSM states : 7
* Pipeline : 0
* Dataflow Pipeline: 0

* FSM state transitions: 
1 --> 2 
2 --> 3 
3 --> 4 
4 --> 5 
5 --> 6 
6 --> 7 
7 --> 

* FSM state operations: 

State 1 <SV = 0> <Delay = 2.59>
ST_1 : Operation 8 [1/1] (1.29ns)   --->   "%clusterGrid1 = alloca i64 1" [cluster.cpp:214]   --->   Operation 8 'alloca' 'clusterGrid1' <Predicate = true> <Delay = 1.29> <CoreInst = "RAM_2P_BRAM">   --->   Core 94 'RAM_2P_BRAM' <Latency = 1> <II = 1> <Delay = 1.29> <Storage> <Opcode : 'load' 'store'> <Ports = 2> <Width = 16> <Depth = 144> <RAM>
ST_1 : Operation 9 [1/1] (0.00ns)   --->   "%clusterGrid1_addr = getelementptr i16 %clusterGrid1, i64 0, i64 0" [cluster.cpp:214]   --->   Operation 9 'getelementptr' 'clusterGrid1_addr' <Predicate = true> <Delay = 0.00>
ST_1 : Operation 10 [1/1] (1.29ns)   --->   "%clusterGrid2 = alloca i64 1" [cluster.cpp:215]   --->   Operation 10 'alloca' 'clusterGrid2' <Predicate = true> <Delay = 1.29> <CoreInst = "RAM_2P_BRAM">   --->   Core 94 'RAM_2P_BRAM' <Latency = 1> <II = 1> <Delay = 1.29> <Storage> <Opcode : 'load' 'store'> <Ports = 2> <Width = 16> <Depth = 144> <RAM>
ST_1 : Operation 11 [1/1] (1.29ns)   --->   "%store_ln214 = store i16 0, i8 %clusterGrid1_addr" [cluster.cpp:214]   --->   Operation 11 'store' 'store_ln214' <Predicate = true> <Delay = 1.29> <CoreInst = "RAM_2P_BRAM">   --->   Core 94 'RAM_2P_BRAM' <Latency = 1> <II = 1> <Delay = 1.29> <Storage> <Opcode : 'load' 'store'> <Ports = 2> <Width = 16> <Depth = 144> <RAM>

State 2 <SV = 1> <Delay = 0.00>
ST_2 : Operation 12 [2/2] (0.00ns)   --->   "%call_ln0 = call void @naive_findClustersHLS2_Pipeline_FirstPass_FirstPassInner, i1 %grid, i16 %clusterGrid1"   --->   Operation 12 'call' 'call_ln0' <Predicate = true> <Delay = 0.00> <CoreType = "Generic">   --->   Core 0 '' <Latency = 0> <II = 1> <Delay = 1.00> <Generic> <Opcode : >

State 3 <SV = 2> <Delay = 1.29>
ST_3 : Operation 13 [1/1] (0.00ns)   --->   "%clusterGrid2_addr = getelementptr i16 %clusterGrid2, i64 0, i64 0" [cluster.cpp:215]   --->   Operation 13 'getelementptr' 'clusterGrid2_addr' <Predicate = true> <Delay = 0.00>
ST_3 : Operation 14 [1/1] (1.29ns)   --->   "%store_ln215 = store i16 0, i8 %clusterGrid2_addr" [cluster.cpp:215]   --->   Operation 14 'store' 'store_ln215' <Predicate = true> <Delay = 1.29> <CoreInst = "RAM_2P_BRAM">   --->   Core 94 'RAM_2P_BRAM' <Latency = 1> <II = 1> <Delay = 1.29> <Storage> <Opcode : 'load' 'store'> <Ports = 2> <Width = 16> <Depth = 144> <RAM>
ST_3 : Operation 15 [1/2] (0.00ns)   --->   "%call_ln0 = call void @naive_findClustersHLS2_Pipeline_FirstPass_FirstPassInner, i1 %grid, i16 %clusterGrid1"   --->   Operation 15 'call' 'call_ln0' <Predicate = true> <Delay = 0.00> <CoreType = "Generic">   --->   Core 0 '' <Latency = 0> <II = 1> <Delay = 1.00> <Generic> <Opcode : >

State 4 <SV = 3> <Delay = 0.00>
ST_4 : Operation 16 [2/2] (0.00ns)   --->   "%call_ln0 = call void @naive_findClustersHLS2_Pipeline_SecondPass_SecondPassInner, i1 %grid, i16 %clusterGrid1, i16 %clusterGrid2"   --->   Operation 16 'call' 'call_ln0' <Predicate = true> <Delay = 0.00> <CoreType = "Generic">   --->   Core 0 '' <Latency = 0> <II = 1> <Delay = 1.00> <Generic> <Opcode : >

State 5 <SV = 4> <Delay = 0.00>
ST_5 : Operation 17 [1/2] (0.00ns)   --->   "%call_ln0 = call void @naive_findClustersHLS2_Pipeline_SecondPass_SecondPassInner, i1 %grid, i16 %clusterGrid1, i16 %clusterGrid2"   --->   Operation 17 'call' 'call_ln0' <Predicate = true> <Delay = 0.00> <CoreType = "Generic">   --->   Core 0 '' <Latency = 0> <II = 1> <Delay = 1.00> <Generic> <Opcode : >

State 6 <SV = 5> <Delay = 0.00>
ST_6 : Operation 18 [2/2] (0.00ns)   --->   "%call_ln0 = call void @naive_findClustersHLS2_Pipeline_CreateResult_CreateResultInner, i1 %grid, i96 %pointsGrid, i16 %clusterGrid1, i16 %clusterGrid2"   --->   Operation 18 'call' 'call_ln0' <Predicate = true> <Delay = 0.00> <CoreType = "Generic">   --->   Core 0 '' <Latency = 0> <II = 1> <Delay = 1.00> <Generic> <Opcode : >

State 7 <SV = 6> <Delay = 0.00>
ST_7 : Operation 19 [1/1] (0.00ns)   --->   "%spectopmodule_ln212 = spectopmodule void @_ssdm_op_SpecTopModule, void @empty_1" [cluster.cpp:212]   --->   Operation 19 'spectopmodule' 'spectopmodule_ln212' <Predicate = true> <Delay = 0.00>
ST_7 : Operation 20 [1/1] (0.00ns)   --->   "%specinterface_ln0 = specinterface void @_ssdm_op_SpecInterface, i1 %grid, void @empty, i32 0, i32 0, void @empty_0, i32 4294967295, i32 0, void @empty_0, void @empty_0, void @empty_0, i32 0, i32 0, i32 0, i32 0, void @empty_0, void @empty_0, i32 4294967295, i32 0"   --->   Operation 20 'specinterface' 'specinterface_ln0' <Predicate = true> <Delay = 0.00>
ST_7 : Operation 21 [1/1] (0.00ns)   --->   "%specbitsmap_ln0 = specbitsmap void @_ssdm_op_SpecBitsMap, i1 %grid"   --->   Operation 21 'specbitsmap' 'specbitsmap_ln0' <Predicate = true> <Delay = 0.00>
ST_7 : Operation 22 [1/1] (0.00ns)   --->   "%specinterface_ln0 = specinterface void @_ssdm_op_SpecInterface, i96 %pointsGrid, void @empty, i32 0, i32 0, void @empty_0, i32 4294967295, i32 0, void @empty_0, void @empty_0, void @empty_0, i32 0, i32 0, i32 0, i32 0, void @empty_0, void @empty_0, i32 4294967295, i32 0"   --->   Operation 22 'specinterface' 'specinterface_ln0' <Predicate = true> <Delay = 0.00>
ST_7 : Operation 23 [1/1] (0.00ns)   --->   "%specbitsmap_ln0 = specbitsmap void @_ssdm_op_SpecBitsMap, i96 %pointsGrid"   --->   Operation 23 'specbitsmap' 'specbitsmap_ln0' <Predicate = true> <Delay = 0.00>
ST_7 : Operation 24 [1/1] (0.00ns)   --->   "%specmemcore_ln217 = specmemcore void @_ssdm_op_SpecMemCore, i16 %clusterGrid1, i64 666, i64 22, i64 18446744073709551615" [cluster.cpp:217]   --->   Operation 24 'specmemcore' 'specmemcore_ln217' <Predicate = true> <Delay = 0.00>
ST_7 : Operation 25 [1/1] (0.00ns)   --->   "%specmemcore_ln218 = specmemcore void @_ssdm_op_SpecMemCore, i16 %clusterGrid2, i64 666, i64 22, i64 18446744073709551615" [cluster.cpp:218]   --->   Operation 25 'specmemcore' 'specmemcore_ln218' <Predicate = true> <Delay = 0.00>
ST_7 : Operation 26 [1/2] (0.00ns)   --->   "%call_ln0 = call void @naive_findClustersHLS2_Pipeline_CreateResult_CreateResultInner, i1 %grid, i96 %pointsGrid, i16 %clusterGrid1, i16 %clusterGrid2"   --->   Operation 26 'call' 'call_ln0' <Predicate = true> <Delay = 0.00> <CoreType = "Generic">   --->   Core 0 '' <Latency = 0> <II = 1> <Delay = 1.00> <Generic> <Opcode : >
ST_7 : Operation 27 [1/1] (0.00ns)   --->   "%ret_ln292 = ret" [cluster.cpp:292]   --->   Operation 27 'ret' 'ret_ln292' <Predicate = true> <Delay = 0.00>


============================================================
+ Verbose Summary: Binding
============================================================
STG Binding: 
---------------- STG Properties BEGIN ----------------
- Is combinational: 0
- Is one-state seq: 0
- Is datapath-only: 0
- Is pipelined: 0
- Is top level: 1
Port [ Return ] is wired: 1; IO mode=ap_ctrl_hs:ce=0
Port [ grid]:  wired=1; compound=1; hidden=0; nouse=0; global=0; static=0; extern=0; dir=0; type=1; pingpong=0; private_global=0; MemPort=[13]; IO mode=ap_memory:ce=0
Port [ pointsGrid]:  wired=1; compound=1; hidden=0; nouse=0; global=0; static=0; extern=0; dir=1; type=1; pingpong=0; private_global=0; MemPort=[03]; IO mode=ap_memory:ce=0
---------------- STG Properties END ------------------

---------------- Datapath Model BEGIN ----------------

<LifeTime>
<method=bitvector/>
clusterGrid1        (alloca       ) [ 00111111]
clusterGrid1_addr   (getelementptr) [ 00000000]
clusterGrid2        (alloca       ) [ 00111111]
store_ln214         (store        ) [ 00000000]
clusterGrid2_addr   (getelementptr) [ 00000000]
store_ln215         (store        ) [ 00000000]
call_ln0            (call         ) [ 00000000]
call_ln0            (call         ) [ 00000000]
spectopmodule_ln212 (spectopmodule) [ 00000000]
specinterface_ln0   (specinterface) [ 00000000]
specbitsmap_ln0     (specbitsmap  ) [ 00000000]
specinterface_ln0   (specinterface) [ 00000000]
specbitsmap_ln0     (specbitsmap  ) [ 00000000]
specmemcore_ln217   (specmemcore  ) [ 00000000]
specmemcore_ln218   (specmemcore  ) [ 00000000]
call_ln0            (call         ) [ 00000000]
ret_ln292           (ret          ) [ 00000000]
</LifeTime>

<model>

<comp_list>
<comp id="0" class="1000" name="grid">
<pin_list>
<pin id="1" dir="1" index="0" bw="1" slack="0"/>
</pin_list>
<bind>
<StgValue><ssdm name="grid"/><MemPortTyVec>1 3 </MemPortTyVec>
</StgValue>
</bind>
</comp>

<comp id="2" class="1000" name="pointsGrid">
<pin_list>
<pin id="3" dir="1" index="0" bw="1" slack="0"/>
</pin_list>
<bind>
<StgValue><ssdm name="pointsGrid"/><MemPortTyVec>0 3 </MemPortTyVec>
</StgValue>
</bind>
</comp>

<comp id="4" class="1001" name="const_4">
<pin_list>
<pin id="5" dir="1" index="0" bw="1" slack="0"/>
</pin_list>
<bind>
<StgValue><ssdm name=""/></StgValue>
</bind>
</comp>

<comp id="6" class="1001" name="const_6">
<pin_list>
<pin id="7" dir="1" index="0" bw="1" slack="0"/>
</pin_list>
<bind>
<StgValue><ssdm name=""/></StgValue>
</bind>
</comp>

<comp id="8" class="1001" name="const_8">
<pin_list>
<pin id="9" dir="1" index="0" bw="1" slack="0"/>
</pin_list>
<bind>
<StgValue><ssdm name=""/></StgValue>
</bind>
</comp>

<comp id="10" class="1001" name="const_10">
<pin_list>
<pin id="11" dir="1" index="0" bw="1" slack="0"/>
</pin_list>
<bind>
<StgValue><ssdm name="naive_findClustersHLS2_Pipeline_FirstPass_FirstPassInner"/></StgValue>
</bind>
</comp>

<comp id="12" class="1001" name="const_12">
<pin_list>
<pin id="13" dir="1" index="0" bw="1" slack="0"/>
</pin_list>
<bind>
<StgValue><ssdm name="naive_findClustersHLS2_Pipeline_SecondPass_SecondPassInner"/></StgValue>
</bind>
</comp>

<comp id="14" class="1001" name="const_14">
<pin_list>
<pin id="15" dir="1" index="0" bw="1" slack="0"/>
</pin_list>
<bind>
<StgValue><ssdm name="naive_findClustersHLS2_Pipeline_CreateResult_CreateResultInner"/></StgValue>
</bind>
</comp>

<comp id="16" class="1001" name="const_16">
<pin_list>
<pin id="17" dir="1" index="0" bw="1" slack="2147483647"/>
</pin_list>
<bind>
<StgValue><ssdm name="_ssdm_op_SpecTopModule"/></StgValue>
</bind>
</comp>

<comp id="18" class="1001" name="const_18">
<pin_list>
<pin id="19" dir="1" index="0" bw="1" slack="2147483647"/>
</pin_list>
<bind>
<StgValue><ssdm name="empty_1"/></StgValue>
</bind>
</comp>

<comp id="20" class="1001" name="const_20">
<pin_list>
<pin id="21" dir="1" index="0" bw="1" slack="2147483647"/>
</pin_list>
<bind>
<StgValue><ssdm name="_ssdm_op_SpecInterface"/></StgValue>
</bind>
</comp>

<comp id="22" class="1001" name="const_22">
<pin_list>
<pin id="23" dir="1" index="0" bw="1" slack="2147483647"/>
</pin_list>
<bind>
<StgValue><ssdm name="empty"/></StgValue>
</bind>
</comp>

<comp id="24" class="1001" name="const_24">
<pin_list>
<pin id="25" dir="1" index="0" bw="1" slack="2147483647"/>
</pin_list>
<bind>
<StgValue><ssdm name=""/></StgValue>
</bind>
</comp>

<comp id="26" class="1001" name="const_26">
<pin_list>
<pin id="27" dir="1" index="0" bw="1" slack="2147483647"/>
</pin_list>
<bind>
<StgValue><ssdm name="empty_0"/></StgValue>
</bind>
</comp>

<comp id="28" class="1001" name="const_28">
<pin_list>
<pin id="29" dir="1" index="0" bw="1" slack="2147483647"/>
</pin_list>
<bind>
<StgValue><ssdm name=""/></StgValue>
</bind>
</comp>

<comp id="30" class="1001" name="const_30">
<pin_list>
<pin id="31" dir="1" index="0" bw="1" slack="2147483647"/>
</pin_list>
<bind>
<StgValue><ssdm name="_ssdm_op_SpecBitsMap"/></StgValue>
</bind>
</comp>

<comp id="32" class="1001" name="const_32">
<pin_list>
<pin id="33" dir="1" index="0" bw="1" slack="2147483647"/>
</pin_list>
<bind>
<StgValue><ssdm name="_ssdm_op_SpecMemCore"/></StgValue>
</bind>
</comp>

<comp id="34" class="1001" name="const_34">
<pin_list>
<pin id="35" dir="1" index="0" bw="1" slack="2147483647"/>
</pin_list>
<bind>
<StgValue><ssdm name=""/></StgValue>
</bind>
</comp>

<comp id="36" class="1001" name="const_36">
<pin_list>
<pin id="37" dir="1" index="0" bw="1" slack="2147483647"/>
</pin_list>
<bind>
<StgValue><ssdm name=""/></StgValue>
</bind>
</comp>

<comp id="38" class="1001" name="const_38">
<pin_list>
<pin id="39" dir="1" index="0" bw="1" slack="2147483647"/>
</pin_list>
<bind>
<StgValue><ssdm name=""/></StgValue>
</bind>
</comp>

<comp id="40" class="1004" name="clusterGrid1_alloca_fu_40">
<pin_list>
<pin id="41" dir="0" index="0" bw="1" slack="0"/>
<pin id="42" dir="1" index="1" bw="16" slack="0"/>
</pin_list>
<bind>
<opcode="alloca(26) " fcode="alloca"/>
<opset="clusterGrid1/1 "/>
</bind>
</comp>

<comp id="44" class="1004" name="clusterGrid2_alloca_fu_44">
<pin_list>
<pin id="45" dir="0" index="0" bw="1" slack="0"/>
<pin id="46" dir="1" index="1" bw="16" slack="2147483647"/>
</pin_list>
<bind>
<opcode="alloca(26) " fcode="alloca"/>
<opset="clusterGrid2/1 "/>
</bind>
</comp>

<comp id="48" class="1004" name="clusterGrid1_addr_gep_fu_48">
<pin_list>
<pin id="49" dir="0" index="0" bw="16" slack="0"/>
<pin id="50" dir="0" index="1" bw="1" slack="0"/>
<pin id="51" dir="0" index="2" bw="1" slack="0"/>
<pin id="52" dir="1" index="3" bw="8" slack="0"/>
</pin_list>
<bind>
<opcode="getelementptr(29) " fcode="getelementptr"/>
<opset="clusterGrid1_addr/1 "/>
</bind>
</comp>

<comp id="56" class="1004" name="store_ln214_access_fu_56">
<pin_list>
<pin id="57" dir="0" index="0" bw="8" slack="2147483647"/>
<pin id="58" dir="0" index="1" bw="16" slack="2147483647"/>
<pin id="59" dir="0" index="2" bw="0" slack="0"/>
<pin id="61" dir="0" index="4" bw="8" slack="0"/>
<pin id="62" dir="0" index="5" bw="16" slack="2147483647"/>
<pin id="63" dir="0" index="6" bw="0" slack="2147483647"/>
<pin id="60" dir="1" index="3" bw="16" slack="2147483647"/>
<pin id="64" dir="1" index="7" bw="16" slack="2147483647"/>
</pin_list>
<bind>
<opcode="store(28) " fcode="store"/>
<opset="store_ln214/1 "/>
</bind>
</comp>

<comp id="67" class="1004" name="clusterGrid2_addr_gep_fu_67">
<pin_list>
<pin id="68" dir="0" index="0" bw="16" slack="2147483647"/>
<pin id="69" dir="0" index="1" bw="1" slack="0"/>
<pin id="70" dir="0" index="2" bw="1" slack="0"/>
<pin id="71" dir="1" index="3" bw="8" slack="0"/>
</pin_list>
<bind>
<opcode="getelementptr(29) " fcode="getelementptr"/>
<opset="clusterGrid2_addr/3 "/>
</bind>
</comp>

<comp id="74" class="1004" name="store_ln215_access_fu_74">
<pin_list>
<pin id="75" dir="0" index="0" bw="8" slack="2147483647"/>
<pin id="76" dir="0" index="1" bw="16" slack="2147483647"/>
<pin id="77" dir="0" index="2" bw="0" slack="0"/>
<pin id="79" dir="0" index="4" bw="8" slack="0"/>
<pin id="80" dir="0" index="5" bw="16" slack="2147483647"/>
<pin id="81" dir="0" index="6" bw="0" slack="2147483647"/>
<pin id="78" dir="1" index="3" bw="16" slack="2147483647"/>
<pin id="82" dir="1" index="7" bw="16" slack="2147483647"/>
</pin_list>
<bind>
<opcode="store(28) " fcode="store"/>
<opset="store_ln215/3 "/>
</bind>
</comp>

<comp id="85" class="1004" name="grp_naive_findClustersHLS2_Pipeline_FirstPass_FirstPassInner_fu_85">
<pin_list>
<pin id="86" dir="0" index="0" bw="0" slack="0"/>
<pin id="87" dir="0" index="1" bw="1" slack="0"/>
<pin id="88" dir="0" index="2" bw="16" slack="2147483647"/>
<pin id="89" dir="1" index="3" bw="0" slack="2147483647"/>
</pin_list>
<bind>
<opcode="call(48) " fcode="call"/>
<opset="call_ln0/2 "/>
</bind>
</comp>

<comp id="92" class="1004" name="grp_naive_findClustersHLS2_Pipeline_SecondPass_SecondPassInner_fu_92">
<pin_list>
<pin id="93" dir="0" index="0" bw="0" slack="0"/>
<pin id="94" dir="0" index="1" bw="1" slack="0"/>
<pin id="95" dir="0" index="2" bw="16" slack="2147483647"/>
<pin id="96" dir="0" index="3" bw="16" slack="2147483647"/>
<pin id="97" dir="1" index="4" bw="0" slack="2147483647"/>
</pin_list>
<bind>
<opcode="call(48) " fcode="call"/>
<opset="call_ln0/4 "/>
</bind>
</comp>

<comp id="100" class="1004" name="grp_naive_findClustersHLS2_Pipeline_CreateResult_CreateResultInner_fu_100">
<pin_list>
<pin id="101" dir="0" index="0" bw="0" slack="0"/>
<pin id="102" dir="0" index="1" bw="1" slack="0"/>
<pin id="103" dir="0" index="2" bw="96" slack="0"/>
<pin id="104" dir="0" index="3" bw="16" slack="2147483647"/>
<pin id="105" dir="0" index="4" bw="16" slack="2147483647"/>
<pin id="106" dir="1" index="5" bw="0" slack="2147483647"/>
</pin_list>
<bind>
<opcode="call(48) " fcode="call"/>
<opset="call_ln0/6 "/>
</bind>
</comp>

</comp_list>

<net_list>
<net id="43"><net_src comp="4" pin="0"/><net_sink comp="40" pin=0"/></net>

<net id="47"><net_src comp="4" pin="0"/><net_sink comp="44" pin=0"/></net>

<net id="53"><net_src comp="40" pin="1"/><net_sink comp="48" pin=0"/></net>

<net id="54"><net_src comp="6" pin="0"/><net_sink comp="48" pin=1"/></net>

<net id="55"><net_src comp="6" pin="0"/><net_sink comp="48" pin=2"/></net>

<net id="65"><net_src comp="8" pin="0"/><net_sink comp="56" pin=4"/></net>

<net id="66"><net_src comp="48" pin="3"/><net_sink comp="56" pin=2"/></net>

<net id="72"><net_src comp="6" pin="0"/><net_sink comp="67" pin=1"/></net>

<net id="73"><net_src comp="6" pin="0"/><net_sink comp="67" pin=2"/></net>

<net id="83"><net_src comp="8" pin="0"/><net_sink comp="74" pin=4"/></net>

<net id="84"><net_src comp="67" pin="3"/><net_sink comp="74" pin=2"/></net>

<net id="90"><net_src comp="10" pin="0"/><net_sink comp="85" pin=0"/></net>

<net id="91"><net_src comp="0" pin="0"/><net_sink comp="85" pin=1"/></net>

<net id="98"><net_src comp="12" pin="0"/><net_sink comp="92" pin=0"/></net>

<net id="99"><net_src comp="0" pin="0"/><net_sink comp="92" pin=1"/></net>

<net id="107"><net_src comp="14" pin="0"/><net_sink comp="100" pin=0"/></net>

<net id="108"><net_src comp="0" pin="0"/><net_sink comp="100" pin=1"/></net>

<net id="109"><net_src comp="2" pin="0"/><net_sink comp="100" pin=2"/></net>

</net_list>

</model> 
---------------- Datapath Model END ------------------

* FSMD analyzer results:
  - Output states:
	Port: pointsGrid | {6 7 }
 - Input state : 
	Port: naive_findClustersHLS2 : grid | {2 3 4 5 6 7 }
  - Chain level:
	State 1
		clusterGrid1_addr : 1
		store_ln214 : 2
	State 2
	State 3
		store_ln215 : 1
	State 4
	State 5
	State 6
	State 7


============================================================
+ Verbose Summary: Datapath Resource usage 
============================================================

* Functional unit list:
|----------|---------------------------------------------------------------------------|---------|---------|---------|
| Operation|                              Functional Unit                              |  Delay  |    FF   |   LUT   |
|----------|---------------------------------------------------------------------------|---------|---------|---------|
|          |     grp_naive_findClustersHLS2_Pipeline_FirstPass_FirstPassInner_fu_85    | 1.50643 |   152   |   520   |
|   call   |    grp_naive_findClustersHLS2_Pipeline_SecondPass_SecondPassInner_fu_92   | 2.84786 |   304   |   472   |
|          | grp_naive_findClustersHLS2_Pipeline_CreateResult_CreateResultInner_fu_100 |   1.38  |   112   |   256   |
|----------|---------------------------------------------------------------------------|---------|---------|---------|
|   Total  |                                                                           | 5.73429 |   568   |   1248  |
|----------|---------------------------------------------------------------------------|---------|---------|---------|

Memories:
+------------+--------+--------+--------+
|            |  BRAM  |   FF   |   LUT  |
+------------+--------+--------+--------+
|clusterGrid1|    1   |    0   |    0   |
|clusterGrid2|    1   |    0   |    0   |
+------------+--------+--------+--------+
|    Total   |    2   |    0   |    0   |
+------------+--------+--------+--------+

* Register list:
N/A

* Multiplexer (MUX) list: 
|--------|------|------|------|--------|
|  Comp  |  Pin | Size |  BW  | S x BW |
|--------|------|------|------|--------|
|  Total |      |      |      |    0   |
|--------|------|------|------|--------|



* Summary:
+-----------+--------+--------+--------+--------+
|           |  BRAM  |  Delay |   FF   |   LUT  |
+-----------+--------+--------+--------+--------+
|  Function |    -   |    5   |   568  |  1248  |
|   Memory  |    2   |    -   |    0   |    0   |
|Multiplexer|    -   |    -   |    -   |    -   |
|  Register |    -   |    -   |    -   |    -   |
+-----------+--------+--------+--------+--------+
|   Total   |    2   |    5   |   568  |  1248  |
+-----------+--------+--------+--------+--------+
