

================================================================
== Vitis HLS Report for 'naive_findClustersHLS2_Pipeline_FirstPass_FirstPassInner'
================================================================
* Date:           Thu Apr 24 10:03:26 2025

* Version:        2023.1 (Build 3854077 on May  4 2023)
* Project:        clustering
* Solution:       solution1 (Vivado IP Flow Target)
* Product family: virtexuplus
* Target device:  xcvu11p-flga2577-1-e


================================================================
== Performance Estimates
================================================================
+ Timing: 
    * Summary: 
    +--------+----------+----------+------------+
    |  Clock |  Target  | Estimated| Uncertainty|
    +--------+----------+----------+------------+
    |ap_clk  |  10.00 ns|  6.002 ns|     2.70 ns|
    +--------+----------+----------+------------+

+ Latency: 
    * Summary: 
    +---------+---------+----------+----------+-----+-----+---------+
    |  Latency (cycles) |  Latency (absolute) |  Interval | Pipeline|
    |   min   |   max   |    min   |    max   | min | max |   Type  |
    +---------+---------+----------+----------+-----+-----+---------+
    |      402|      402|  4.020 us|  4.020 us|  402|  402|       no|
    +---------+---------+----------+----------+-----+-----+---------+

    + Detail: 
        * Instance: 
        N/A

        * Loop: 
        +----------------------------+---------+---------+----------+-----------+-----------+------+----------+
        |                            |  Latency (cycles) | Iteration|  Initiation Interval  | Trip |          |
        |          Loop Name         |   min   |   max   |  Latency |  achieved |   target  | Count| Pipelined|
        +----------------------------+---------+---------+----------+-----------+-----------+------+----------+
        |- FirstPass_FirstPassInner  |      400|      400|         4|          4|         11|   100|       yes|
        +----------------------------+---------+---------+----------+-----------+-----------+------+----------+

============================================================
+ Verbose Summary: Synthesis Manager
============================================================
InlineROM: 1
ExposeGlobal: 0
============================================================
+ Verbose Summary: CDFG Model
============================================================
IsTopModel: 0
ResetActiveHigh: 1
IsCombinational: 0
IsDatapathOnly: 0
HasWiredReturn: 1
HasMFsm: 2
HasVarLatency: 1
IsPipeline: 0
IsRtlPipelined: 0
IsInstanceOverlapped: 0
IsDontTouch: 0
HasImplIP: 0
IsGatedGlobalClock: 0

+ Individual pipeline summary: 
  * Pipeline-0: initiation interval (II) = 4, depth = 4


============================================================
+ Verbose Summary: Schedule
============================================================
* Number of FSM states : 4
* Pipeline : 1
  Pipeline-0 : II = 4, D = 4, States = { 1 2 3 4 }
* Dataflow Pipeline: 0

* FSM state transitions: 
1 --> 2 
2 --> 3 
3 --> 4 
4 --> 

* FSM state operations: 

State 1 <SV = 0> <Delay = 3.46>
ST_1 : Operation 7 [1/1] (0.00ns)   --->   "%j = alloca i32 1"   --->   Operation 7 'alloca' 'j' <Predicate = true> <Delay = 0.00>
ST_1 : Operation 8 [1/1] (0.00ns)   --->   "%i = alloca i32 1"   --->   Operation 8 'alloca' 'i' <Predicate = true> <Delay = 0.00>
ST_1 : Operation 9 [1/1] (0.00ns)   --->   "%indvar_flatten = alloca i32 1"   --->   Operation 9 'alloca' 'indvar_flatten' <Predicate = true> <Delay = 0.00>
ST_1 : Operation 10 [1/1] (0.00ns)   --->   "%minClusterID = alloca i32 1"   --->   Operation 10 'alloca' 'minClusterID' <Predicate = true> <Delay = 0.00>
ST_1 : Operation 11 [1/1] (0.00ns)   --->   "%specmemcore_ln0 = specmemcore void @_ssdm_op_SpecMemCore, i16 %clusterGrid1, i64 666, i64 22, i64 18446744073709551615"   --->   Operation 11 'specmemcore' 'specmemcore_ln0' <Predicate = true> <Delay = 0.00>
ST_1 : Operation 12 [1/1] (0.00ns)   --->   "%specinterface_ln0 = specinterface void @_ssdm_op_SpecInterface, i1 %grid, void @empty, i32 0, i32 0, void @empty_0, i32 4294967295, i32 0, void @empty_0, void @empty_0, void @empty_0, i32 0, i32 0, i32 0, i32 0, void @empty_0, void @empty_0, i32 4294967295, i32 0"   --->   Operation 12 'specinterface' 'specinterface_ln0' <Predicate = true> <Delay = 0.00>
ST_1 : Operation 13 [1/1] (0.46ns)   --->   "%store_ln0 = store i16 1, i16 %minClusterID"   --->   Operation 13 'store' 'store_ln0' <Predicate = true> <Delay = 0.46>
ST_1 : Operation 14 [1/1] (0.46ns)   --->   "%store_ln0 = store i7 0, i7 %indvar_flatten"   --->   Operation 14 'store' 'store_ln0' <Predicate = true> <Delay = 0.46>
ST_1 : Operation 15 [1/1] (0.46ns)   --->   "%store_ln0 = store i4 1, i4 %i"   --->   Operation 15 'store' 'store_ln0' <Predicate = true> <Delay = 0.46>
ST_1 : Operation 16 [1/1] (0.46ns)   --->   "%store_ln0 = store i4 1, i4 %j"   --->   Operation 16 'store' 'store_ln0' <Predicate = true> <Delay = 0.46>
ST_1 : Operation 17 [1/1] (0.00ns)   --->   "%br_ln0 = br void %for.body39"   --->   Operation 17 'br' 'br_ln0' <Predicate = true> <Delay = 0.00>
ST_1 : Operation 18 [1/1] (0.00ns)   --->   "%indvar_flatten_load = load i7 %indvar_flatten" [cluster.cpp:227]   --->   Operation 18 'load' 'indvar_flatten_load' <Predicate = true> <Delay = 0.00>
ST_1 : Operation 19 [1/1] (0.85ns)   --->   "%icmp_ln227 = icmp_eq  i7 %indvar_flatten_load, i7 100" [cluster.cpp:227]   --->   Operation 19 'icmp' 'icmp_ln227' <Predicate = true> <Delay = 0.85> <CoreInst = "Cmp">   --->   Core 9 'Cmp' <Latency = 0> <II = 1> <Delay = 0.85> <FuncUnit> <Opcode : 'icmp'> <InPorts = 2> <OutPorts = 1>
ST_1 : Operation 20 [1/1] (0.85ns)   --->   "%add_ln227_1 = add i7 %indvar_flatten_load, i7 1" [cluster.cpp:227]   --->   Operation 20 'add' 'add_ln227_1' <Predicate = true> <Delay = 0.85> <CoreInst = "Adder">   --->   Core 1 'Adder' <Latency = 0> <II = 1> <Delay = 0.85> <FuncUnit> <Opcode : 'add' 'sub'> <InPorts = 2> <OutPorts = 1>
ST_1 : Operation 21 [1/1] (0.00ns)   --->   "%br_ln227 = br i1 %icmp_ln227, void %for.inc95, void %for.body107.preheader.exitStub" [cluster.cpp:227]   --->   Operation 21 'br' 'br_ln227' <Predicate = true> <Delay = 0.00>
ST_1 : Operation 22 [1/1] (0.00ns)   --->   "%j_load = load i4 %j" [cluster.cpp:229]   --->   Operation 22 'load' 'j_load' <Predicate = (!icmp_ln227)> <Delay = 0.00>
ST_1 : Operation 23 [1/1] (0.00ns)   --->   "%i_load = load i4 %i" [cluster.cpp:227]   --->   Operation 23 'load' 'i_load' <Predicate = (!icmp_ln227)> <Delay = 0.00>
ST_1 : Operation 24 [1/1] (0.80ns)   --->   "%add_ln227 = add i4 %i_load, i4 1" [cluster.cpp:227]   --->   Operation 24 'add' 'add_ln227' <Predicate = (!icmp_ln227)> <Delay = 0.80> <CoreInst = "Adder">   --->   Core 1 'Adder' <Latency = 0> <II = 1> <Delay = 0.80> <FuncUnit> <Opcode : 'add' 'sub'> <InPorts = 2> <OutPorts = 1>
ST_1 : Operation 25 [1/1] (0.80ns)   --->   "%icmp_ln229 = icmp_eq  i4 %j_load, i4 11" [cluster.cpp:229]   --->   Operation 25 'icmp' 'icmp_ln229' <Predicate = (!icmp_ln227)> <Delay = 0.80> <CoreInst = "Cmp">   --->   Core 9 'Cmp' <Latency = 0> <II = 1> <Delay = 0.80> <FuncUnit> <Opcode : 'icmp'> <InPorts = 2> <OutPorts = 1>
ST_1 : Operation 26 [1/1] (0.18ns)   --->   "%select_ln227 = select i1 %icmp_ln229, i4 1, i4 %j_load" [cluster.cpp:227]   --->   Operation 26 'select' 'select_ln227' <Predicate = (!icmp_ln227)> <Delay = 0.18> <CoreInst = "Sel">   --->   Core 73 'Sel' <Latency = 0> <II = 1> <Delay = 0.18> <FuncUnit> <Opcode : 'select'> <InPorts = 3> <OutPorts = 1>
ST_1 : Operation 27 [1/1] (0.18ns)   --->   "%select_ln227_1 = select i1 %icmp_ln229, i4 %add_ln227, i4 %i_load" [cluster.cpp:227]   --->   Operation 27 'select' 'select_ln227_1' <Predicate = (!icmp_ln227)> <Delay = 0.18> <CoreInst = "Sel">   --->   Core 73 'Sel' <Latency = 0> <II = 1> <Delay = 0.18> <FuncUnit> <Opcode : 'select'> <InPorts = 3> <OutPorts = 1>
ST_1 : Operation 28 [1/1] (0.00ns)   --->   "%tmp_2 = bitconcatenate i8 @_ssdm_op_BitConcatenate.i8.i4.i4, i4 %select_ln227_1, i4 0" [cluster.cpp:231]   --->   Operation 28 'bitconcatenate' 'tmp_2' <Predicate = (!icmp_ln227)> <Delay = 0.00>
ST_1 : Operation 29 [1/1] (0.00ns)   --->   "%tmp_3 = bitconcatenate i6 @_ssdm_op_BitConcatenate.i6.i4.i2, i4 %select_ln227_1, i2 0" [cluster.cpp:231]   --->   Operation 29 'bitconcatenate' 'tmp_3' <Predicate = (!icmp_ln227)> <Delay = 0.00>
ST_1 : Operation 30 [1/1] (0.00ns)   --->   "%zext_ln231 = zext i6 %tmp_3" [cluster.cpp:231]   --->   Operation 30 'zext' 'zext_ln231' <Predicate = (!icmp_ln227)> <Delay = 0.00>
ST_1 : Operation 31 [1/1] (0.87ns)   --->   "%sub_ln231 = sub i8 %tmp_2, i8 %zext_ln231" [cluster.cpp:231]   --->   Operation 31 'sub' 'sub_ln231' <Predicate = (!icmp_ln227)> <Delay = 0.87> <CoreInst = "Adder">   --->   Core 1 'Adder' <Latency = 0> <II = 1> <Delay = 0.87> <FuncUnit> <Opcode : 'add' 'sub'> <InPorts = 2> <OutPorts = 1>
ST_1 : Operation 32 [1/1] (0.80ns)   --->   "%empty = add i4 %i_load, i4 15" [cluster.cpp:227]   --->   Operation 32 'add' 'empty' <Predicate = (!icmp_ln227)> <Delay = 0.80> <CoreInst = "Adder">   --->   Core 1 'Adder' <Latency = 0> <II = 1> <Delay = 0.80> <FuncUnit> <Opcode : 'add' 'sub'> <InPorts = 2> <OutPorts = 1>
ST_1 : Operation 33 [1/1] (0.18ns)   --->   "%select_ln227_2 = select i1 %icmp_ln229, i4 %i_load, i4 %empty" [cluster.cpp:227]   --->   Operation 33 'select' 'select_ln227_2' <Predicate = (!icmp_ln227)> <Delay = 0.18> <CoreInst = "Sel">   --->   Core 73 'Sel' <Latency = 0> <II = 1> <Delay = 0.18> <FuncUnit> <Opcode : 'select'> <InPorts = 3> <OutPorts = 1>
ST_1 : Operation 34 [1/1] (0.00ns)   --->   "%zext_ln231_1 = zext i4 %select_ln227" [cluster.cpp:231]   --->   Operation 34 'zext' 'zext_ln231_1' <Predicate = (!icmp_ln227)> <Delay = 0.00>
ST_1 : Operation 35 [1/1] (0.87ns)   --->   "%add_ln231 = add i8 %sub_ln231, i8 %zext_ln231_1" [cluster.cpp:231]   --->   Operation 35 'add' 'add_ln231' <Predicate = (!icmp_ln227)> <Delay = 0.87> <CoreInst = "Adder">   --->   Core 1 'Adder' <Latency = 0> <II = 1> <Delay = 0.87> <FuncUnit> <Opcode : 'add' 'sub'> <InPorts = 2> <OutPorts = 1>
ST_1 : Operation 36 [1/1] (0.00ns)   --->   "%zext_ln231_2 = zext i8 %add_ln231" [cluster.cpp:231]   --->   Operation 36 'zext' 'zext_ln231_2' <Predicate = (!icmp_ln227)> <Delay = 0.00>
ST_1 : Operation 37 [1/1] (0.00ns)   --->   "%grid_addr = getelementptr i1 %grid, i64 0, i64 %zext_ln231_2" [cluster.cpp:231]   --->   Operation 37 'getelementptr' 'grid_addr' <Predicate = (!icmp_ln227)> <Delay = 0.00>
ST_1 : Operation 38 [1/1] (0.00ns)   --->   "%clusterGrid1_addr_5 = getelementptr i16 %clusterGrid1, i64 0, i64 %zext_ln231_2" [cluster.cpp:245]   --->   Operation 38 'getelementptr' 'clusterGrid1_addr_5' <Predicate = (!icmp_ln227)> <Delay = 0.00>
ST_1 : Operation 39 [2/2] (0.73ns)   --->   "%grid_load = load i8 %grid_addr" [cluster.cpp:231]   --->   Operation 39 'load' 'grid_load' <Predicate = (!icmp_ln227)> <Delay = 0.73> <CoreInst = "RAM">   --->   Core 83 'RAM' <Latency = 1> <II = 1> <Delay = 0.73> <Storage> <Opcode : 'load' 'store'> <Ports = 2> <Width = 1> <Depth = 144> <RAM>
ST_1 : Operation 101 [1/1] (0.00ns)   --->   "%ret_ln0 = ret"   --->   Operation 101 'ret' 'ret_ln0' <Predicate = (icmp_ln227)> <Delay = 0.00>

State 2 <SV = 1> <Delay = 3.03>
ST_2 : Operation 40 [1/1] (0.00ns)   --->   "%specloopname_ln0 = specloopname void @_ssdm_op_SpecLoopName, void @FirstPass_FirstPassInner_str"   --->   Operation 40 'specloopname' 'specloopname_ln0' <Predicate = true> <Delay = 0.00>
ST_2 : Operation 41 [1/1] (0.00ns)   --->   "%speclooptripcount_ln0 = speclooptripcount void @_ssdm_op_SpecLoopTripCount, i64 100, i64 100, i64 100"   --->   Operation 41 'speclooptripcount' 'speclooptripcount_ln0' <Predicate = true> <Delay = 0.00>
ST_2 : Operation 42 [1/1] (0.00ns)   --->   "%tmp_4 = bitconcatenate i8 @_ssdm_op_BitConcatenate.i8.i4.i4, i4 %select_ln227_2, i4 0" [cluster.cpp:234]   --->   Operation 42 'bitconcatenate' 'tmp_4' <Predicate = true> <Delay = 0.00>
ST_2 : Operation 43 [1/1] (0.00ns)   --->   "%tmp_5 = bitconcatenate i6 @_ssdm_op_BitConcatenate.i6.i4.i2, i4 %select_ln227_2, i2 0" [cluster.cpp:234]   --->   Operation 43 'bitconcatenate' 'tmp_5' <Predicate = true> <Delay = 0.00>
ST_2 : Operation 44 [1/1] (0.00ns)   --->   "%zext_ln234 = zext i6 %tmp_5" [cluster.cpp:234]   --->   Operation 44 'zext' 'zext_ln234' <Predicate = true> <Delay = 0.00>
ST_2 : Operation 45 [1/1] (0.87ns)   --->   "%sub_ln234 = sub i8 %tmp_4, i8 %zext_ln234" [cluster.cpp:234]   --->   Operation 45 'sub' 'sub_ln234' <Predicate = true> <Delay = 0.87> <CoreInst = "Adder">   --->   Core 1 'Adder' <Latency = 0> <II = 1> <Delay = 0.87> <FuncUnit> <Opcode : 'add' 'sub'> <InPorts = 2> <OutPorts = 1>
ST_2 : Operation 46 [1/1] (0.87ns)   --->   "%add_ln235 = add i8 %sub_ln234, i8 %zext_ln231_1" [cluster.cpp:235]   --->   Operation 46 'add' 'add_ln235' <Predicate = true> <Delay = 0.87> <CoreInst = "Adder">   --->   Core 1 'Adder' <Latency = 0> <II = 1> <Delay = 0.87> <FuncUnit> <Opcode : 'add' 'sub'> <InPorts = 2> <OutPorts = 1>
ST_2 : Operation 47 [1/1] (0.00ns)   --->   "%zext_ln235 = zext i8 %add_ln235" [cluster.cpp:235]   --->   Operation 47 'zext' 'zext_ln235' <Predicate = true> <Delay = 0.00>
ST_2 : Operation 48 [1/1] (0.00ns)   --->   "%clusterGrid1_addr_3 = getelementptr i16 %clusterGrid1, i64 0, i64 %zext_ln235" [cluster.cpp:235]   --->   Operation 48 'getelementptr' 'clusterGrid1_addr_3' <Predicate = true> <Delay = 0.00>
ST_2 : Operation 49 [1/1] (0.00ns)   --->   "%specpipeline_ln230 = specpipeline void @_ssdm_op_SpecPipeline, i32 11, i32 0, i32 0, i32 0, void @empty_0" [cluster.cpp:230]   --->   Operation 49 'specpipeline' 'specpipeline_ln230' <Predicate = true> <Delay = 0.00>
ST_2 : Operation 50 [1/1] (0.00ns)   --->   "%specloopname_ln229 = specloopname void @_ssdm_op_SpecLoopName, void @empty_4" [cluster.cpp:229]   --->   Operation 50 'specloopname' 'specloopname_ln229' <Predicate = true> <Delay = 0.00>
ST_2 : Operation 51 [1/2] (0.73ns)   --->   "%grid_load = load i8 %grid_addr" [cluster.cpp:231]   --->   Operation 51 'load' 'grid_load' <Predicate = true> <Delay = 0.73> <CoreInst = "RAM">   --->   Core 83 'RAM' <Latency = 1> <II = 1> <Delay = 0.73> <Storage> <Opcode : 'load' 'store'> <Ports = 2> <Width = 1> <Depth = 144> <RAM>
ST_2 : Operation 52 [1/1] (0.80ns)   --->   "%add_ln229 = add i4 %select_ln227, i4 1" [cluster.cpp:229]   --->   Operation 52 'add' 'add_ln229' <Predicate = true> <Delay = 0.80> <CoreInst = "Adder">   --->   Core 1 'Adder' <Latency = 0> <II = 1> <Delay = 0.80> <FuncUnit> <Opcode : 'add' 'sub'> <InPorts = 2> <OutPorts = 1>
ST_2 : Operation 53 [1/1] (0.00ns)   --->   "%zext_ln236 = zext i4 %add_ln229" [cluster.cpp:236]   --->   Operation 53 'zext' 'zext_ln236' <Predicate = true> <Delay = 0.00>
ST_2 : Operation 54 [1/1] (0.87ns)   --->   "%add_ln236 = add i8 %sub_ln234, i8 %zext_ln236" [cluster.cpp:236]   --->   Operation 54 'add' 'add_ln236' <Predicate = true> <Delay = 0.87> <CoreInst = "Adder">   --->   Core 1 'Adder' <Latency = 0> <II = 1> <Delay = 0.87> <FuncUnit> <Opcode : 'add' 'sub'> <InPorts = 2> <OutPorts = 1>
ST_2 : Operation 55 [1/1] (0.00ns)   --->   "%zext_ln236_1 = zext i8 %add_ln236" [cluster.cpp:236]   --->   Operation 55 'zext' 'zext_ln236_1' <Predicate = true> <Delay = 0.00>
ST_2 : Operation 56 [1/1] (0.00ns)   --->   "%clusterGrid1_addr_4 = getelementptr i16 %clusterGrid1, i64 0, i64 %zext_ln236_1" [cluster.cpp:236]   --->   Operation 56 'getelementptr' 'clusterGrid1_addr_4' <Predicate = true> <Delay = 0.00>
ST_2 : Operation 57 [1/1] (0.00ns)   --->   "%br_ln231 = br i1 %grid_load, void %for.inc, void %if.then" [cluster.cpp:231]   --->   Operation 57 'br' 'br_ln231' <Predicate = true> <Delay = 0.00>
ST_2 : Operation 58 [1/1] (0.80ns)   --->   "%add_ln233 = add i4 %select_ln227, i4 15" [cluster.cpp:233]   --->   Operation 58 'add' 'add_ln233' <Predicate = (grid_load)> <Delay = 0.80> <CoreInst = "Adder">   --->   Core 1 'Adder' <Latency = 0> <II = 1> <Delay = 0.80> <FuncUnit> <Opcode : 'add' 'sub'> <InPorts = 2> <OutPorts = 1>
ST_2 : Operation 59 [1/1] (0.00ns)   --->   "%zext_ln233 = zext i4 %add_ln233" [cluster.cpp:233]   --->   Operation 59 'zext' 'zext_ln233' <Predicate = (grid_load)> <Delay = 0.00>
ST_2 : Operation 60 [1/1] (0.87ns)   --->   "%add_ln233_1 = add i8 %sub_ln231, i8 %zext_ln233" [cluster.cpp:233]   --->   Operation 60 'add' 'add_ln233_1' <Predicate = (grid_load)> <Delay = 0.87> <CoreInst = "Adder">   --->   Core 1 'Adder' <Latency = 0> <II = 1> <Delay = 0.87> <FuncUnit> <Opcode : 'add' 'sub'> <InPorts = 2> <OutPorts = 1>
ST_2 : Operation 61 [1/1] (0.00ns)   --->   "%zext_ln233_1 = zext i8 %add_ln233_1" [cluster.cpp:233]   --->   Operation 61 'zext' 'zext_ln233_1' <Predicate = (grid_load)> <Delay = 0.00>
ST_2 : Operation 62 [1/1] (0.00ns)   --->   "%clusterGrid1_addr_1 = getelementptr i16 %clusterGrid1, i64 0, i64 %zext_ln233_1" [cluster.cpp:233]   --->   Operation 62 'getelementptr' 'clusterGrid1_addr_1' <Predicate = (grid_load)> <Delay = 0.00>
ST_2 : Operation 63 [1/1] (0.87ns)   --->   "%add_ln234 = add i8 %sub_ln234, i8 %zext_ln233" [cluster.cpp:234]   --->   Operation 63 'add' 'add_ln234' <Predicate = (grid_load)> <Delay = 0.87> <CoreInst = "Adder">   --->   Core 1 'Adder' <Latency = 0> <II = 1> <Delay = 0.87> <FuncUnit> <Opcode : 'add' 'sub'> <InPorts = 2> <OutPorts = 1>
ST_2 : Operation 64 [1/1] (0.00ns)   --->   "%zext_ln234_1 = zext i8 %add_ln234" [cluster.cpp:234]   --->   Operation 64 'zext' 'zext_ln234_1' <Predicate = (grid_load)> <Delay = 0.00>
ST_2 : Operation 65 [1/1] (0.00ns)   --->   "%clusterGrid1_addr_2 = getelementptr i16 %clusterGrid1, i64 0, i64 %zext_ln234_1" [cluster.cpp:234]   --->   Operation 65 'getelementptr' 'clusterGrid1_addr_2' <Predicate = (grid_load)> <Delay = 0.00>
ST_2 : Operation 66 [2/2] (1.29ns)   --->   "%neighborID0 = load i8 %clusterGrid1_addr_1" [cluster.cpp:233]   --->   Operation 66 'load' 'neighborID0' <Predicate = (grid_load)> <Delay = 1.29> <CoreInst = "RAM_2P_BRAM">   --->   Core 94 'RAM_2P_BRAM' <Latency = 1> <II = 1> <Delay = 1.29> <Storage> <Opcode : 'load' 'store'> <Ports = 2> <Width = 16> <Depth = 144> <RAM>
ST_2 : Operation 67 [2/2] (1.29ns)   --->   "%neighborID1 = load i8 %clusterGrid1_addr_2" [cluster.cpp:234]   --->   Operation 67 'load' 'neighborID1' <Predicate = (grid_load)> <Delay = 1.29> <CoreInst = "RAM_2P_BRAM">   --->   Core 94 'RAM_2P_BRAM' <Latency = 1> <II = 1> <Delay = 1.29> <Storage> <Opcode : 'load' 'store'> <Ports = 2> <Width = 16> <Depth = 144> <RAM>

State 3 <SV = 2> <Delay = 4.12>
ST_3 : Operation 68 [1/1] (0.00ns)   --->   "%minClusterID_load = load i16 %minClusterID" [cluster.cpp:243]   --->   Operation 68 'load' 'minClusterID_load' <Predicate = (!icmp_ln227 & grid_load)> <Delay = 0.00>
ST_3 : Operation 69 [1/2] (1.29ns)   --->   "%neighborID0 = load i8 %clusterGrid1_addr_1" [cluster.cpp:233]   --->   Operation 69 'load' 'neighborID0' <Predicate = (!icmp_ln227 & grid_load)> <Delay = 1.29> <CoreInst = "RAM_2P_BRAM">   --->   Core 94 'RAM_2P_BRAM' <Latency = 1> <II = 1> <Delay = 1.29> <Storage> <Opcode : 'load' 'store'> <Ports = 2> <Width = 16> <Depth = 144> <RAM>
ST_3 : Operation 70 [1/2] (1.29ns)   --->   "%neighborID1 = load i8 %clusterGrid1_addr_2" [cluster.cpp:234]   --->   Operation 70 'load' 'neighborID1' <Predicate = (!icmp_ln227 & grid_load)> <Delay = 1.29> <CoreInst = "RAM_2P_BRAM">   --->   Core 94 'RAM_2P_BRAM' <Latency = 1> <II = 1> <Delay = 1.29> <Storage> <Opcode : 'load' 'store'> <Ports = 2> <Width = 16> <Depth = 144> <RAM>
ST_3 : Operation 71 [2/2] (1.29ns)   --->   "%neighborID2 = load i8 %clusterGrid1_addr_3" [cluster.cpp:235]   --->   Operation 71 'load' 'neighborID2' <Predicate = (!icmp_ln227 & grid_load)> <Delay = 1.29> <CoreInst = "RAM_2P_BRAM">   --->   Core 94 'RAM_2P_BRAM' <Latency = 1> <II = 1> <Delay = 1.29> <Storage> <Opcode : 'load' 'store'> <Ports = 2> <Width = 16> <Depth = 144> <RAM>
ST_3 : Operation 72 [2/2] (1.29ns)   --->   "%neighborID3 = load i8 %clusterGrid1_addr_4" [cluster.cpp:236]   --->   Operation 72 'load' 'neighborID3' <Predicate = (!icmp_ln227 & grid_load)> <Delay = 1.29> <CoreInst = "RAM_2P_BRAM">   --->   Core 94 'RAM_2P_BRAM' <Latency = 1> <II = 1> <Delay = 1.29> <Storage> <Opcode : 'load' 'store'> <Ports = 2> <Width = 16> <Depth = 144> <RAM>
ST_3 : Operation 73 [1/1] (1.12ns)   --->   "%icmp_ln238 = icmp_ne  i16 %neighborID0, i16 0" [cluster.cpp:238]   --->   Operation 73 'icmp' 'icmp_ln238' <Predicate = (!icmp_ln227 & grid_load)> <Delay = 1.12> <CoreInst = "Cmp">   --->   Core 9 'Cmp' <Latency = 0> <II = 1> <Delay = 1.12> <FuncUnit> <Opcode : 'icmp'> <InPorts = 2> <OutPorts = 1>
ST_3 : Operation 74 [1/1] (1.12ns)   --->   "%icmp_ln238_1 = icmp_slt  i16 %neighborID0, i16 %minClusterID_load" [cluster.cpp:238]   --->   Operation 74 'icmp' 'icmp_ln238_1' <Predicate = (!icmp_ln227 & grid_load)> <Delay = 1.12> <CoreInst = "Cmp">   --->   Core 9 'Cmp' <Latency = 0> <II = 1> <Delay = 1.12> <FuncUnit> <Opcode : 'icmp'> <InPorts = 2> <OutPorts = 1>
ST_3 : Operation 75 [1/1] (0.00ns) (grouped into LUT with out node minClusterID_10)   --->   "%and_ln238 = and i1 %icmp_ln238, i1 %icmp_ln238_1" [cluster.cpp:238]   --->   Operation 75 'and' 'and_ln238' <Predicate = (!icmp_ln227 & grid_load)> <Delay = 0.00> <CoreInst = "LogicGate">   --->   Core 74 'LogicGate' <Latency = 0> <II = 1> <Delay = 0.14> <FuncUnit> <Opcode : 'and' 'or' 'xor'> <InPorts = 2> <OutPorts = 1>
ST_3 : Operation 76 [1/1] (0.29ns) (out node of the LUT)   --->   "%minClusterID_10 = select i1 %and_ln238, i16 %neighborID0, i16 %minClusterID_load" [cluster.cpp:238]   --->   Operation 76 'select' 'minClusterID_10' <Predicate = (!icmp_ln227 & grid_load)> <Delay = 0.29> <CoreInst = "Sel">   --->   Core 73 'Sel' <Latency = 0> <II = 1> <Delay = 0.29> <FuncUnit> <Opcode : 'select'> <InPorts = 3> <OutPorts = 1>
ST_3 : Operation 77 [1/1] (1.12ns)   --->   "%icmp_ln239 = icmp_ne  i16 %neighborID1, i16 0" [cluster.cpp:239]   --->   Operation 77 'icmp' 'icmp_ln239' <Predicate = (!icmp_ln227 & grid_load)> <Delay = 1.12> <CoreInst = "Cmp">   --->   Core 9 'Cmp' <Latency = 0> <II = 1> <Delay = 1.12> <FuncUnit> <Opcode : 'icmp'> <InPorts = 2> <OutPorts = 1>
ST_3 : Operation 78 [1/1] (1.12ns)   --->   "%icmp_ln239_1 = icmp_slt  i16 %neighborID1, i16 %minClusterID_10" [cluster.cpp:239]   --->   Operation 78 'icmp' 'icmp_ln239_1' <Predicate = (!icmp_ln227 & grid_load)> <Delay = 1.12> <CoreInst = "Cmp">   --->   Core 9 'Cmp' <Latency = 0> <II = 1> <Delay = 1.12> <FuncUnit> <Opcode : 'icmp'> <InPorts = 2> <OutPorts = 1>
ST_3 : Operation 79 [1/1] (0.00ns) (grouped into LUT with out node minClusterID_12)   --->   "%and_ln239 = and i1 %icmp_ln239, i1 %icmp_ln239_1" [cluster.cpp:239]   --->   Operation 79 'and' 'and_ln239' <Predicate = (!icmp_ln227 & grid_load)> <Delay = 0.00> <CoreInst = "LogicGate">   --->   Core 74 'LogicGate' <Latency = 0> <II = 1> <Delay = 0.14> <FuncUnit> <Opcode : 'and' 'or' 'xor'> <InPorts = 2> <OutPorts = 1>
ST_3 : Operation 80 [1/1] (0.29ns) (out node of the LUT)   --->   "%minClusterID_12 = select i1 %and_ln239, i16 %neighborID1, i16 %minClusterID_10" [cluster.cpp:239]   --->   Operation 80 'select' 'minClusterID_12' <Predicate = (!icmp_ln227 & grid_load)> <Delay = 0.29> <CoreInst = "Sel">   --->   Core 73 'Sel' <Latency = 0> <II = 1> <Delay = 0.29> <FuncUnit> <Opcode : 'select'> <InPorts = 3> <OutPorts = 1>

State 4 <SV = 3> <Delay = 6.00>
ST_4 : Operation 81 [1/2] (1.29ns)   --->   "%neighborID2 = load i8 %clusterGrid1_addr_3" [cluster.cpp:235]   --->   Operation 81 'load' 'neighborID2' <Predicate = (!icmp_ln227 & grid_load)> <Delay = 1.29> <CoreInst = "RAM_2P_BRAM">   --->   Core 94 'RAM_2P_BRAM' <Latency = 1> <II = 1> <Delay = 1.29> <Storage> <Opcode : 'load' 'store'> <Ports = 2> <Width = 16> <Depth = 144> <RAM>
ST_4 : Operation 82 [1/2] (1.29ns)   --->   "%neighborID3 = load i8 %clusterGrid1_addr_4" [cluster.cpp:236]   --->   Operation 82 'load' 'neighborID3' <Predicate = (!icmp_ln227 & grid_load)> <Delay = 1.29> <CoreInst = "RAM_2P_BRAM">   --->   Core 94 'RAM_2P_BRAM' <Latency = 1> <II = 1> <Delay = 1.29> <Storage> <Opcode : 'load' 'store'> <Ports = 2> <Width = 16> <Depth = 144> <RAM>
ST_4 : Operation 83 [1/1] (1.12ns)   --->   "%icmp_ln240 = icmp_ne  i16 %neighborID2, i16 0" [cluster.cpp:240]   --->   Operation 83 'icmp' 'icmp_ln240' <Predicate = (!icmp_ln227 & grid_load)> <Delay = 1.12> <CoreInst = "Cmp">   --->   Core 9 'Cmp' <Latency = 0> <II = 1> <Delay = 1.12> <FuncUnit> <Opcode : 'icmp'> <InPorts = 2> <OutPorts = 1>
ST_4 : Operation 84 [1/1] (1.12ns)   --->   "%icmp_ln240_1 = icmp_slt  i16 %neighborID2, i16 %minClusterID_12" [cluster.cpp:240]   --->   Operation 84 'icmp' 'icmp_ln240_1' <Predicate = (!icmp_ln227 & grid_load)> <Delay = 1.12> <CoreInst = "Cmp">   --->   Core 9 'Cmp' <Latency = 0> <II = 1> <Delay = 1.12> <FuncUnit> <Opcode : 'icmp'> <InPorts = 2> <OutPorts = 1>
ST_4 : Operation 85 [1/1] (0.00ns) (grouped into LUT with out node minClusterID_14)   --->   "%and_ln240 = and i1 %icmp_ln240, i1 %icmp_ln240_1" [cluster.cpp:240]   --->   Operation 85 'and' 'and_ln240' <Predicate = (!icmp_ln227 & grid_load)> <Delay = 0.00> <CoreInst = "LogicGate">   --->   Core 74 'LogicGate' <Latency = 0> <II = 1> <Delay = 0.14> <FuncUnit> <Opcode : 'and' 'or' 'xor'> <InPorts = 2> <OutPorts = 1>
ST_4 : Operation 86 [1/1] (0.29ns) (out node of the LUT)   --->   "%minClusterID_14 = select i1 %and_ln240, i16 %neighborID2, i16 %minClusterID_12" [cluster.cpp:240]   --->   Operation 86 'select' 'minClusterID_14' <Predicate = (!icmp_ln227 & grid_load)> <Delay = 0.29> <CoreInst = "Sel">   --->   Core 73 'Sel' <Latency = 0> <II = 1> <Delay = 0.29> <FuncUnit> <Opcode : 'select'> <InPorts = 3> <OutPorts = 1>
ST_4 : Operation 87 [1/1] (1.12ns)   --->   "%icmp_ln241 = icmp_ne  i16 %neighborID3, i16 0" [cluster.cpp:241]   --->   Operation 87 'icmp' 'icmp_ln241' <Predicate = (!icmp_ln227 & grid_load)> <Delay = 1.12> <CoreInst = "Cmp">   --->   Core 9 'Cmp' <Latency = 0> <II = 1> <Delay = 1.12> <FuncUnit> <Opcode : 'icmp'> <InPorts = 2> <OutPorts = 1>
ST_4 : Operation 88 [1/1] (1.12ns)   --->   "%icmp_ln241_1 = icmp_slt  i16 %neighborID3, i16 %minClusterID_14" [cluster.cpp:241]   --->   Operation 88 'icmp' 'icmp_ln241_1' <Predicate = (!icmp_ln227 & grid_load)> <Delay = 1.12> <CoreInst = "Cmp">   --->   Core 9 'Cmp' <Latency = 0> <II = 1> <Delay = 1.12> <FuncUnit> <Opcode : 'icmp'> <InPorts = 2> <OutPorts = 1>
ST_4 : Operation 89 [1/1] (0.00ns) (grouped into LUT with out node minClusterID_16)   --->   "%and_ln241 = and i1 %icmp_ln241, i1 %icmp_ln241_1" [cluster.cpp:241]   --->   Operation 89 'and' 'and_ln241' <Predicate = (!icmp_ln227 & grid_load)> <Delay = 0.00> <CoreInst = "LogicGate">   --->   Core 74 'LogicGate' <Latency = 0> <II = 1> <Delay = 0.14> <FuncUnit> <Opcode : 'and' 'or' 'xor'> <InPorts = 2> <OutPorts = 1>
ST_4 : Operation 90 [1/1] (0.29ns) (out node of the LUT)   --->   "%minClusterID_16 = select i1 %and_ln241, i16 %neighborID3, i16 %minClusterID_14" [cluster.cpp:241]   --->   Operation 90 'select' 'minClusterID_16' <Predicate = (!icmp_ln227 & grid_load)> <Delay = 0.29> <CoreInst = "Sel">   --->   Core 73 'Sel' <Latency = 0> <II = 1> <Delay = 0.29> <FuncUnit> <Opcode : 'select'> <InPorts = 3> <OutPorts = 1>
ST_4 : Operation 91 [1/1] (1.12ns)   --->   "%icmp_ln243 = icmp_eq  i16 %minClusterID_16, i16 %minClusterID_load" [cluster.cpp:243]   --->   Operation 91 'icmp' 'icmp_ln243' <Predicate = (!icmp_ln227 & grid_load)> <Delay = 1.12> <CoreInst = "Cmp">   --->   Core 9 'Cmp' <Latency = 0> <II = 1> <Delay = 1.12> <FuncUnit> <Opcode : 'icmp'> <InPorts = 2> <OutPorts = 1>
ST_4 : Operation 92 [1/1] (1.12ns)   --->   "%maxClusterID = add i16 %minClusterID_load, i16 1" [cluster.cpp:243]   --->   Operation 92 'add' 'maxClusterID' <Predicate = (!icmp_ln227 & grid_load)> <Delay = 1.12> <CoreInst = "Adder">   --->   Core 1 'Adder' <Latency = 0> <II = 1> <Delay = 1.12> <FuncUnit> <Opcode : 'add' 'sub'> <InPorts = 2> <OutPorts = 1>
ST_4 : Operation 93 [1/1] (0.29ns)   --->   "%maxClusterID_1 = select i1 %icmp_ln243, i16 %maxClusterID, i16 %minClusterID_load" [cluster.cpp:243]   --->   Operation 93 'select' 'maxClusterID_1' <Predicate = (!icmp_ln227 & grid_load)> <Delay = 0.29> <CoreInst = "Sel">   --->   Core 73 'Sel' <Latency = 0> <II = 1> <Delay = 0.29> <FuncUnit> <Opcode : 'select'> <InPorts = 3> <OutPorts = 1>
ST_4 : Operation 94 [1/1] (1.29ns)   --->   "%store_ln245 = store i16 %minClusterID_16, i8 %clusterGrid1_addr_5" [cluster.cpp:245]   --->   Operation 94 'store' 'store_ln245' <Predicate = (!icmp_ln227 & grid_load)> <Delay = 1.29> <CoreInst = "RAM_2P_BRAM">   --->   Core 94 'RAM_2P_BRAM' <Latency = 1> <II = 1> <Delay = 1.29> <Storage> <Opcode : 'load' 'store'> <Ports = 2> <Width = 16> <Depth = 144> <RAM>
ST_4 : Operation 95 [1/1] (0.46ns)   --->   "%store_ln246 = store i16 %maxClusterID_1, i16 %minClusterID" [cluster.cpp:246]   --->   Operation 95 'store' 'store_ln246' <Predicate = (!icmp_ln227 & grid_load)> <Delay = 0.46>
ST_4 : Operation 96 [1/1] (0.00ns)   --->   "%br_ln246 = br void %for.inc" [cluster.cpp:246]   --->   Operation 96 'br' 'br_ln246' <Predicate = (!icmp_ln227 & grid_load)> <Delay = 0.00>
ST_4 : Operation 97 [1/1] (0.46ns)   --->   "%store_ln229 = store i7 %add_ln227_1, i7 %indvar_flatten" [cluster.cpp:229]   --->   Operation 97 'store' 'store_ln229' <Predicate = (!icmp_ln227)> <Delay = 0.46>
ST_4 : Operation 98 [1/1] (0.46ns)   --->   "%store_ln229 = store i4 %select_ln227_1, i4 %i" [cluster.cpp:229]   --->   Operation 98 'store' 'store_ln229' <Predicate = (!icmp_ln227)> <Delay = 0.46>
ST_4 : Operation 99 [1/1] (0.46ns)   --->   "%store_ln229 = store i4 %add_ln229, i4 %j" [cluster.cpp:229]   --->   Operation 99 'store' 'store_ln229' <Predicate = (!icmp_ln227)> <Delay = 0.46>
ST_4 : Operation 100 [1/1] (0.00ns)   --->   "%br_ln229 = br void %for.body39" [cluster.cpp:229]   --->   Operation 100 'br' 'br_ln229' <Predicate = (!icmp_ln227)> <Delay = 0.00>


============================================================
+ Verbose Summary: Timing violations
============================================================
Target clock period: 10.000ns, clock uncertainty: 2.700ns.

 <State 1>: 3.468ns
The critical path consists of the following:
	'alloca' operation ('j') [3]  (0.000 ns)
	'load' operation ('j_load', cluster.cpp:229) on local variable 'j' [20]  (0.000 ns)
	'icmp' operation ('icmp_ln229', cluster.cpp:229) [25]  (0.809 ns)
	'select' operation ('select_ln227_1', cluster.cpp:227) [27]  (0.187 ns)
	'sub' operation ('sub_ln231', cluster.cpp:231) [31]  (0.871 ns)
	'add' operation ('add_ln231', cluster.cpp:231) [39]  (0.871 ns)
	'getelementptr' operation ('grid_addr', cluster.cpp:231) [41]  (0.000 ns)
	'load' operation ('grid_load', cluster.cpp:231) on array 'grid' [48]  (0.730 ns)

 <State 2>: 3.039ns
The critical path consists of the following:
	'sub' operation ('sub_ln234', cluster.cpp:234) [37]  (0.871 ns)
	'add' operation ('add_ln234', cluster.cpp:234) [62]  (0.871 ns)
	'getelementptr' operation ('clusterGrid1_addr_2', cluster.cpp:234) [64]  (0.000 ns)
	'load' operation ('neighborID1', cluster.cpp:234) on array 'clusterGrid1' [66]  (1.297 ns)

 <State 3>: 4.127ns
The critical path consists of the following:
	'load' operation ('neighborID0', cluster.cpp:233) on array 'clusterGrid1' [65]  (1.297 ns)
	'icmp' operation ('icmp_ln238', cluster.cpp:238) [69]  (1.121 ns)
	'and' operation ('and_ln238', cluster.cpp:238) [71]  (0.000 ns)
	'select' operation ('minClusterID', cluster.cpp:238) [72]  (0.294 ns)
	'icmp' operation ('icmp_ln239_1', cluster.cpp:239) [74]  (1.121 ns)
	'and' operation ('and_ln239', cluster.cpp:239) [75]  (0.000 ns)
	'select' operation ('minClusterID', cluster.cpp:239) [76]  (0.294 ns)

 <State 4>: 6.002ns
The critical path consists of the following:
	'load' operation ('neighborID2', cluster.cpp:235) on array 'clusterGrid1' [67]  (1.297 ns)
	'icmp' operation ('icmp_ln240', cluster.cpp:240) [77]  (1.121 ns)
	'and' operation ('and_ln240', cluster.cpp:240) [79]  (0.000 ns)
	'select' operation ('minClusterID', cluster.cpp:240) [80]  (0.294 ns)
	'icmp' operation ('icmp_ln241_1', cluster.cpp:241) [82]  (1.121 ns)
	'and' operation ('and_ln241', cluster.cpp:241) [83]  (0.000 ns)
	'select' operation ('minClusterID', cluster.cpp:241) [84]  (0.294 ns)
	'icmp' operation ('icmp_ln243', cluster.cpp:243) [85]  (1.121 ns)
	'select' operation ('maxClusterID', cluster.cpp:243) [87]  (0.294 ns)
	'store' operation ('store_ln246', cluster.cpp:246) of variable 'maxClusterID', cluster.cpp:243 on local variable 'minClusterID' [89]  (0.460 ns)


============================================================
+ Verbose Summary: Binding
============================================================
N/A
* FSMD analyzer results:
  - Output states:
 - Input state : 
  - Chain level:
	State 1
	State 2
	State 3
	State 4


============================================================
+ Verbose Summary: Datapath Resource usage 
============================================================
N/A
