

================================================================
== Vitis HLS Report for 'naive_findClustersHLS2_Pipeline_SecondPass_SecondPassInner'
================================================================
* Date:           Thu Apr 24 10:03:27 2025

* Version:        2023.1 (Build 3854077 on May  4 2023)
* Project:        clustering
* Solution:       solution1 (Vivado IP Flow Target)
* Product family: virtexuplus
* Target device:  xcvu11p-flga2577-1-e


================================================================
== Performance Estimates
================================================================
+ Timing: 
    * Summary: 
    +--------+----------+----------+------------+
    |  Clock |  Target  | Estimated| Uncertainty|
    +--------+----------+----------+------------+
    |ap_clk  |  10.00 ns|  4.586 ns|     2.70 ns|
    +--------+----------+----------+------------+

+ Latency: 
    * Summary: 
    +---------+---------+-----------+-----------+------+------+---------+
    |  Latency (cycles) |   Latency (absolute)  |   Interval  | Pipeline|
    |   min   |   max   |    min    |    max    |  min |  max |   Type  |
    +---------+---------+-----------+-----------+------+------+---------+
    |     1102|     1102|  11.020 us|  11.020 us|  1102|  1102|       no|
    +---------+---------+-----------+-----------+------+------+---------+

    + Detail: 
        * Instance: 
        N/A

        * Loop: 
        +------------------------------+---------+---------+----------+-----------+-----------+------+----------+
        |                              |  Latency (cycles) | Iteration|  Initiation Interval  | Trip |          |
        |           Loop Name          |   min   |   max   |  Latency |  achieved |   target  | Count| Pipelined|
        +------------------------------+---------+---------+----------+-----------+-----------+------+----------+
        |- SecondPass_SecondPassInner  |     1100|     1100|        11|         11|         11|   100|       yes|
        +------------------------------+---------+---------+----------+-----------+-----------+------+----------+

============================================================
+ Verbose Summary: Synthesis Manager
============================================================
InlineROM: 1
ExposeGlobal: 0
============================================================
+ Verbose Summary: CDFG Model
============================================================
IsTopModel: 0
ResetActiveHigh: 1
IsCombinational: 0
IsDatapathOnly: 0
HasWiredReturn: 1
HasMFsm: 2
HasVarLatency: 1
IsPipeline: 0
IsRtlPipelined: 0
IsInstanceOverlapped: 0
IsDontTouch: 0
HasImplIP: 0
IsGatedGlobalClock: 0

+ Individual pipeline summary: 
  * Pipeline-0: initiation interval (II) = 11, depth = 11


============================================================
+ Verbose Summary: Schedule
============================================================
* Number of FSM states : 11
* Pipeline : 1
  Pipeline-0 : II = 11, D = 11, States = { 1 2 3 4 5 6 7 8 9 10 11 }
* Dataflow Pipeline: 0

* FSM state transitions: 
1 --> 2 
2 --> 3 
3 --> 4 
4 --> 5 
5 --> 6 
6 --> 7 
7 --> 8 
8 --> 9 
9 --> 10 
10 --> 11 
11 --> 

* FSM state operations: 

State 1 <SV = 0> <Delay = 3.46>
ST_1 : Operation 14 [1/1] (0.00ns)   --->   "%j = alloca i32 1"   --->   Operation 14 'alloca' 'j' <Predicate = true> <Delay = 0.00>
ST_1 : Operation 15 [1/1] (0.00ns)   --->   "%i = alloca i32 1"   --->   Operation 15 'alloca' 'i' <Predicate = true> <Delay = 0.00>
ST_1 : Operation 16 [1/1] (0.00ns)   --->   "%indvar_flatten6 = alloca i32 1"   --->   Operation 16 'alloca' 'indvar_flatten6' <Predicate = true> <Delay = 0.00>
ST_1 : Operation 17 [1/1] (0.00ns)   --->   "%specmemcore_ln0 = specmemcore void @_ssdm_op_SpecMemCore, i16 %clusterGrid2, i64 666, i64 22, i64 18446744073709551615"   --->   Operation 17 'specmemcore' 'specmemcore_ln0' <Predicate = true> <Delay = 0.00>
ST_1 : Operation 18 [1/1] (0.00ns)   --->   "%specmemcore_ln0 = specmemcore void @_ssdm_op_SpecMemCore, i16 %clusterGrid1, i64 666, i64 22, i64 18446744073709551615"   --->   Operation 18 'specmemcore' 'specmemcore_ln0' <Predicate = true> <Delay = 0.00>
ST_1 : Operation 19 [1/1] (0.00ns)   --->   "%specinterface_ln0 = specinterface void @_ssdm_op_SpecInterface, i1 %grid, void @empty, i32 0, i32 0, void @empty_0, i32 4294967295, i32 0, void @empty_0, void @empty_0, void @empty_0, i32 0, i32 0, i32 0, i32 0, void @empty_0, void @empty_0, i32 4294967295, i32 0"   --->   Operation 19 'specinterface' 'specinterface_ln0' <Predicate = true> <Delay = 0.00>
ST_1 : Operation 20 [1/1] (0.46ns)   --->   "%store_ln0 = store i7 0, i7 %indvar_flatten6"   --->   Operation 20 'store' 'store_ln0' <Predicate = true> <Delay = 0.46>
ST_1 : Operation 21 [1/1] (0.46ns)   --->   "%store_ln0 = store i4 1, i4 %i"   --->   Operation 21 'store' 'store_ln0' <Predicate = true> <Delay = 0.46>
ST_1 : Operation 22 [1/1] (0.46ns)   --->   "%store_ln0 = store i4 1, i4 %j"   --->   Operation 22 'store' 'store_ln0' <Predicate = true> <Delay = 0.46>
ST_1 : Operation 23 [1/1] (0.00ns)   --->   "%br_ln0 = br void %for.body107"   --->   Operation 23 'br' 'br_ln0' <Predicate = true> <Delay = 0.00>
ST_1 : Operation 24 [1/1] (0.00ns)   --->   "%indvar_flatten6_load = load i7 %indvar_flatten6" [cluster.cpp:252]   --->   Operation 24 'load' 'indvar_flatten6_load' <Predicate = true> <Delay = 0.00>
ST_1 : Operation 25 [1/1] (0.85ns)   --->   "%icmp_ln252 = icmp_eq  i7 %indvar_flatten6_load, i7 100" [cluster.cpp:252]   --->   Operation 25 'icmp' 'icmp_ln252' <Predicate = true> <Delay = 0.85> <CoreInst = "Cmp">   --->   Core 9 'Cmp' <Latency = 0> <II = 1> <Delay = 0.85> <FuncUnit> <Opcode : 'icmp'> <InPorts = 2> <OutPorts = 1>
ST_1 : Operation 26 [1/1] (0.85ns)   --->   "%add_ln252 = add i7 %indvar_flatten6_load, i7 1" [cluster.cpp:252]   --->   Operation 26 'add' 'add_ln252' <Predicate = true> <Delay = 0.85> <CoreInst = "Adder">   --->   Core 1 'Adder' <Latency = 0> <II = 1> <Delay = 0.85> <FuncUnit> <Opcode : 'add' 'sub'> <InPorts = 2> <OutPorts = 1>
ST_1 : Operation 27 [1/1] (0.00ns)   --->   "%br_ln252 = br i1 %icmp_ln252, void %for.inc204, void %for.body216.preheader.exitStub" [cluster.cpp:252]   --->   Operation 27 'br' 'br_ln252' <Predicate = true> <Delay = 0.00>
ST_1 : Operation 28 [1/1] (0.00ns)   --->   "%j_load = load i4 %j" [cluster.cpp:254]   --->   Operation 28 'load' 'j_load' <Predicate = (!icmp_ln252)> <Delay = 0.00>
ST_1 : Operation 29 [1/1] (0.00ns)   --->   "%i_load = load i4 %i"   --->   Operation 29 'load' 'i_load' <Predicate = (!icmp_ln252)> <Delay = 0.00>
ST_1 : Operation 30 [1/1] (0.80ns)   --->   "%icmp_ln254 = icmp_eq  i4 %j_load, i4 11" [cluster.cpp:254]   --->   Operation 30 'icmp' 'icmp_ln254' <Predicate = (!icmp_ln252)> <Delay = 0.80> <CoreInst = "Cmp">   --->   Core 9 'Cmp' <Latency = 0> <II = 1> <Delay = 0.80> <FuncUnit> <Opcode : 'icmp'> <InPorts = 2> <OutPorts = 1>
ST_1 : Operation 31 [1/1] (0.18ns)   --->   "%select_ln252 = select i1 %icmp_ln254, i4 1, i4 %j_load" [cluster.cpp:252]   --->   Operation 31 'select' 'select_ln252' <Predicate = (!icmp_ln252)> <Delay = 0.18> <CoreInst = "Sel">   --->   Core 73 'Sel' <Latency = 0> <II = 1> <Delay = 0.18> <FuncUnit> <Opcode : 'select'> <InPorts = 3> <OutPorts = 1>
ST_1 : Operation 32 [1/1] (0.80ns)   --->   "%indvars_iv_next24916 = add i4 %i_load, i4 1"   --->   Operation 32 'add' 'indvars_iv_next24916' <Predicate = (!icmp_ln252)> <Delay = 0.80> <CoreInst = "Adder">   --->   Core 1 'Adder' <Latency = 0> <II = 1> <Delay = 0.80> <FuncUnit> <Opcode : 'add' 'sub'> <InPorts = 2> <OutPorts = 1>
ST_1 : Operation 33 [1/1] (0.18ns)   --->   "%select_ln252_1 = select i1 %icmp_ln254, i4 %indvars_iv_next24916, i4 %i_load" [cluster.cpp:252]   --->   Operation 33 'select' 'select_ln252_1' <Predicate = (!icmp_ln252)> <Delay = 0.18> <CoreInst = "Sel">   --->   Core 73 'Sel' <Latency = 0> <II = 1> <Delay = 0.18> <FuncUnit> <Opcode : 'select'> <InPorts = 3> <OutPorts = 1>
ST_1 : Operation 34 [1/1] (0.00ns)   --->   "%tmp_6 = bitconcatenate i8 @_ssdm_op_BitConcatenate.i8.i4.i4, i4 %select_ln252_1, i4 0" [cluster.cpp:256]   --->   Operation 34 'bitconcatenate' 'tmp_6' <Predicate = (!icmp_ln252)> <Delay = 0.00>
ST_1 : Operation 35 [1/1] (0.00ns)   --->   "%tmp_7 = bitconcatenate i6 @_ssdm_op_BitConcatenate.i6.i4.i2, i4 %select_ln252_1, i2 0" [cluster.cpp:256]   --->   Operation 35 'bitconcatenate' 'tmp_7' <Predicate = (!icmp_ln252)> <Delay = 0.00>
ST_1 : Operation 36 [1/1] (0.00ns)   --->   "%zext_ln256 = zext i6 %tmp_7" [cluster.cpp:256]   --->   Operation 36 'zext' 'zext_ln256' <Predicate = (!icmp_ln252)> <Delay = 0.00>
ST_1 : Operation 37 [1/1] (0.87ns)   --->   "%sub_ln256 = sub i8 %tmp_6, i8 %zext_ln256" [cluster.cpp:256]   --->   Operation 37 'sub' 'sub_ln256' <Predicate = (!icmp_ln252)> <Delay = 0.87> <CoreInst = "Adder">   --->   Core 1 'Adder' <Latency = 0> <II = 1> <Delay = 0.87> <FuncUnit> <Opcode : 'add' 'sub'> <InPorts = 2> <OutPorts = 1>
ST_1 : Operation 38 [1/1] (0.80ns)   --->   "%indvars_iv_next249_mid1 = add i4 %i_load, i4 2"   --->   Operation 38 'add' 'indvars_iv_next249_mid1' <Predicate = (!icmp_ln252)> <Delay = 0.80> <CoreInst = "Adder">   --->   Core 1 'Adder' <Latency = 0> <II = 1> <Delay = 0.80> <FuncUnit> <Opcode : 'add' 'sub'> <InPorts = 2> <OutPorts = 1>
ST_1 : Operation 39 [1/1] (0.18ns)   --->   "%select_ln252_2 = select i1 %icmp_ln254, i4 %indvars_iv_next249_mid1, i4 %indvars_iv_next24916" [cluster.cpp:252]   --->   Operation 39 'select' 'select_ln252_2' <Predicate = (!icmp_ln252)> <Delay = 0.18> <CoreInst = "Sel">   --->   Core 73 'Sel' <Latency = 0> <II = 1> <Delay = 0.18> <FuncUnit> <Opcode : 'select'> <InPorts = 3> <OutPorts = 1>
ST_1 : Operation 40 [1/1] (0.00ns)   --->   "%zext_ln256_1 = zext i4 %select_ln252" [cluster.cpp:256]   --->   Operation 40 'zext' 'zext_ln256_1' <Predicate = (!icmp_ln252)> <Delay = 0.00>
ST_1 : Operation 41 [1/1] (0.87ns)   --->   "%add_ln256 = add i8 %sub_ln256, i8 %zext_ln256_1" [cluster.cpp:256]   --->   Operation 41 'add' 'add_ln256' <Predicate = (!icmp_ln252)> <Delay = 0.87> <CoreInst = "Adder">   --->   Core 1 'Adder' <Latency = 0> <II = 1> <Delay = 0.87> <FuncUnit> <Opcode : 'add' 'sub'> <InPorts = 2> <OutPorts = 1>
ST_1 : Operation 42 [1/1] (0.00ns)   --->   "%zext_ln256_2 = zext i8 %add_ln256" [cluster.cpp:256]   --->   Operation 42 'zext' 'zext_ln256_2' <Predicate = (!icmp_ln252)> <Delay = 0.00>
ST_1 : Operation 43 [1/1] (0.00ns)   --->   "%grid_addr = getelementptr i1 %grid, i64 0, i64 %zext_ln256_2" [cluster.cpp:256]   --->   Operation 43 'getelementptr' 'grid_addr' <Predicate = (!icmp_ln252)> <Delay = 0.00>
ST_1 : Operation 44 [1/1] (0.00ns)   --->   "%clusterGrid1_addr = getelementptr i16 %clusterGrid1, i64 0, i64 %zext_ln256_2" [cluster.cpp:257]   --->   Operation 44 'getelementptr' 'clusterGrid1_addr' <Predicate = (!icmp_ln252)> <Delay = 0.00>
ST_1 : Operation 45 [1/1] (0.00ns)   --->   "%clusterGrid2_addr = getelementptr i16 %clusterGrid2, i64 0, i64 %zext_ln256_2" [cluster.cpp:269]   --->   Operation 45 'getelementptr' 'clusterGrid2_addr' <Predicate = (!icmp_ln252)> <Delay = 0.00>
ST_1 : Operation 46 [2/2] (0.73ns)   --->   "%grid_load = load i8 %grid_addr" [cluster.cpp:256]   --->   Operation 46 'load' 'grid_load' <Predicate = (!icmp_ln252)> <Delay = 0.73> <CoreInst = "RAM">   --->   Core 83 'RAM' <Latency = 1> <II = 1> <Delay = 0.73> <Storage> <Opcode : 'load' 'store'> <Ports = 2> <Width = 1> <Depth = 144> <RAM>
ST_1 : Operation 131 [1/1] (0.00ns)   --->   "%ret_ln0 = ret"   --->   Operation 131 'ret' 'ret_ln0' <Predicate = (icmp_ln252)> <Delay = 0.00>

State 2 <SV = 1> <Delay = 2.97>
ST_2 : Operation 47 [1/1] (0.00ns)   --->   "%specloopname_ln0 = specloopname void @_ssdm_op_SpecLoopName, void @SecondPass_SecondPassInner_str"   --->   Operation 47 'specloopname' 'specloopname_ln0' <Predicate = true> <Delay = 0.00>
ST_2 : Operation 48 [1/1] (0.00ns)   --->   "%speclooptripcount_ln0 = speclooptripcount void @_ssdm_op_SpecLoopTripCount, i64 100, i64 100, i64 100"   --->   Operation 48 'speclooptripcount' 'speclooptripcount_ln0' <Predicate = true> <Delay = 0.00>
ST_2 : Operation 49 [1/1] (0.00ns)   --->   "%tmp_8 = bitconcatenate i8 @_ssdm_op_BitConcatenate.i8.i4.i4, i4 %select_ln252_2, i4 0" [cluster.cpp:260]   --->   Operation 49 'bitconcatenate' 'tmp_8' <Predicate = true> <Delay = 0.00>
ST_2 : Operation 50 [1/1] (0.00ns)   --->   "%tmp_9 = bitconcatenate i6 @_ssdm_op_BitConcatenate.i6.i4.i2, i4 %select_ln252_2, i2 0" [cluster.cpp:260]   --->   Operation 50 'bitconcatenate' 'tmp_9' <Predicate = true> <Delay = 0.00>
ST_2 : Operation 51 [1/1] (0.00ns)   --->   "%zext_ln260 = zext i6 %tmp_9" [cluster.cpp:260]   --->   Operation 51 'zext' 'zext_ln260' <Predicate = true> <Delay = 0.00>
ST_2 : Operation 52 [1/1] (0.87ns)   --->   "%sub_ln260 = sub i8 %tmp_8, i8 %zext_ln260" [cluster.cpp:260]   --->   Operation 52 'sub' 'sub_ln260' <Predicate = true> <Delay = 0.87> <CoreInst = "Adder">   --->   Core 1 'Adder' <Latency = 0> <II = 1> <Delay = 0.87> <FuncUnit> <Opcode : 'add' 'sub'> <InPorts = 2> <OutPorts = 1>
ST_2 : Operation 53 [1/1] (0.87ns)   --->   "%add_ln261 = add i8 %sub_ln260, i8 %zext_ln256_1" [cluster.cpp:261]   --->   Operation 53 'add' 'add_ln261' <Predicate = true> <Delay = 0.87> <CoreInst = "Adder">   --->   Core 1 'Adder' <Latency = 0> <II = 1> <Delay = 0.87> <FuncUnit> <Opcode : 'add' 'sub'> <InPorts = 2> <OutPorts = 1>
ST_2 : Operation 54 [1/1] (0.00ns)   --->   "%zext_ln261 = zext i8 %add_ln261" [cluster.cpp:261]   --->   Operation 54 'zext' 'zext_ln261' <Predicate = true> <Delay = 0.00>
ST_2 : Operation 55 [1/1] (0.00ns)   --->   "%clusterGrid1_addr_1 = getelementptr i16 %clusterGrid1, i64 0, i64 %zext_ln261" [cluster.cpp:261]   --->   Operation 55 'getelementptr' 'clusterGrid1_addr_1' <Predicate = true> <Delay = 0.00>
ST_2 : Operation 56 [1/1] (0.00ns)   --->   "%clusterGrid2_addr_1 = getelementptr i16 %clusterGrid2, i64 0, i64 %zext_ln261" [cluster.cpp:272]   --->   Operation 56 'getelementptr' 'clusterGrid2_addr_1' <Predicate = true> <Delay = 0.00>
ST_2 : Operation 57 [1/1] (0.00ns)   --->   "%specpipeline_ln255 = specpipeline void @_ssdm_op_SpecPipeline, i32 11, i32 0, i32 0, i32 0, void @empty_0" [cluster.cpp:255]   --->   Operation 57 'specpipeline' 'specpipeline_ln255' <Predicate = true> <Delay = 0.00>
ST_2 : Operation 58 [1/1] (0.00ns)   --->   "%specloopname_ln254 = specloopname void @_ssdm_op_SpecLoopName, void @empty_3" [cluster.cpp:254]   --->   Operation 58 'specloopname' 'specloopname_ln254' <Predicate = true> <Delay = 0.00>
ST_2 : Operation 59 [1/2] (0.73ns)   --->   "%grid_load = load i8 %grid_addr" [cluster.cpp:256]   --->   Operation 59 'load' 'grid_load' <Predicate = true> <Delay = 0.73> <CoreInst = "RAM">   --->   Core 83 'RAM' <Latency = 1> <II = 1> <Delay = 0.73> <Storage> <Opcode : 'load' 'store'> <Ports = 2> <Width = 1> <Depth = 144> <RAM>
ST_2 : Operation 60 [1/1] (0.80ns)   --->   "%add_ln254 = add i4 %select_ln252, i4 1" [cluster.cpp:254]   --->   Operation 60 'add' 'add_ln254' <Predicate = true> <Delay = 0.80> <CoreInst = "Adder">   --->   Core 1 'Adder' <Latency = 0> <II = 1> <Delay = 0.80> <FuncUnit> <Opcode : 'add' 'sub'> <InPorts = 2> <OutPorts = 1>
ST_2 : Operation 61 [1/1] (0.00ns)   --->   "%zext_ln259 = zext i4 %add_ln254" [cluster.cpp:259]   --->   Operation 61 'zext' 'zext_ln259' <Predicate = true> <Delay = 0.00>
ST_2 : Operation 62 [1/1] (0.87ns)   --->   "%add_ln259 = add i8 %sub_ln256, i8 %zext_ln259" [cluster.cpp:259]   --->   Operation 62 'add' 'add_ln259' <Predicate = true> <Delay = 0.87> <CoreInst = "Adder">   --->   Core 1 'Adder' <Latency = 0> <II = 1> <Delay = 0.87> <FuncUnit> <Opcode : 'add' 'sub'> <InPorts = 2> <OutPorts = 1>
ST_2 : Operation 63 [1/1] (0.00ns)   --->   "%zext_ln259_1 = zext i8 %add_ln259" [cluster.cpp:259]   --->   Operation 63 'zext' 'zext_ln259_1' <Predicate = true> <Delay = 0.00>
ST_2 : Operation 64 [1/1] (0.00ns)   --->   "%clusterGrid1_addr_2 = getelementptr i16 %clusterGrid1, i64 0, i64 %zext_ln259_1" [cluster.cpp:259]   --->   Operation 64 'getelementptr' 'clusterGrid1_addr_2' <Predicate = true> <Delay = 0.00>
ST_2 : Operation 65 [1/1] (0.87ns)   --->   "%add_ln260 = add i8 %sub_ln260, i8 %zext_ln259" [cluster.cpp:260]   --->   Operation 65 'add' 'add_ln260' <Predicate = true> <Delay = 0.87> <CoreInst = "Adder">   --->   Core 1 'Adder' <Latency = 0> <II = 1> <Delay = 0.87> <FuncUnit> <Opcode : 'add' 'sub'> <InPorts = 2> <OutPorts = 1>
ST_2 : Operation 66 [1/1] (0.00ns)   --->   "%zext_ln260_1 = zext i8 %add_ln260" [cluster.cpp:260]   --->   Operation 66 'zext' 'zext_ln260_1' <Predicate = true> <Delay = 0.00>
ST_2 : Operation 67 [1/1] (0.00ns)   --->   "%clusterGrid1_addr_3 = getelementptr i16 %clusterGrid1, i64 0, i64 %zext_ln260_1" [cluster.cpp:260]   --->   Operation 67 'getelementptr' 'clusterGrid1_addr_3' <Predicate = true> <Delay = 0.00>
ST_2 : Operation 68 [1/1] (0.00ns)   --->   "%clusterGrid2_addr_2 = getelementptr i16 %clusterGrid2, i64 0, i64 %zext_ln259_1" [cluster.cpp:270]   --->   Operation 68 'getelementptr' 'clusterGrid2_addr_2' <Predicate = true> <Delay = 0.00>
ST_2 : Operation 69 [1/1] (0.00ns)   --->   "%clusterGrid2_addr_3 = getelementptr i16 %clusterGrid2, i64 0, i64 %zext_ln260_1" [cluster.cpp:271]   --->   Operation 69 'getelementptr' 'clusterGrid2_addr_3' <Predicate = true> <Delay = 0.00>
ST_2 : Operation 70 [1/1] (0.00ns)   --->   "%br_ln256 = br i1 %grid_load, void %for.inc201, void %if.then114" [cluster.cpp:256]   --->   Operation 70 'br' 'br_ln256' <Predicate = true> <Delay = 0.00>
ST_2 : Operation 71 [2/2] (1.29ns)   --->   "%minClusterID = load i8 %clusterGrid1_addr" [cluster.cpp:257]   --->   Operation 71 'load' 'minClusterID' <Predicate = (grid_load)> <Delay = 1.29> <CoreInst = "RAM_2P_BRAM">   --->   Core 94 'RAM_2P_BRAM' <Latency = 1> <II = 1> <Delay = 1.29> <Storage> <Opcode : 'load' 'store'> <Ports = 2> <Width = 16> <Depth = 144> <RAM>
ST_2 : Operation 72 [2/2] (1.29ns)   --->   "%neighborID0 = load i8 %clusterGrid1_addr_2" [cluster.cpp:259]   --->   Operation 72 'load' 'neighborID0' <Predicate = (grid_load)> <Delay = 1.29> <CoreInst = "RAM_2P_BRAM">   --->   Core 94 'RAM_2P_BRAM' <Latency = 1> <II = 1> <Delay = 1.29> <Storage> <Opcode : 'load' 'store'> <Ports = 2> <Width = 16> <Depth = 144> <RAM>

State 3 <SV = 2> <Delay = 4.58>
ST_3 : Operation 73 [1/2] (1.29ns)   --->   "%minClusterID = load i8 %clusterGrid1_addr" [cluster.cpp:257]   --->   Operation 73 'load' 'minClusterID' <Predicate = (!icmp_ln252 & grid_load)> <Delay = 1.29> <CoreInst = "RAM_2P_BRAM">   --->   Core 94 'RAM_2P_BRAM' <Latency = 1> <II = 1> <Delay = 1.29> <Storage> <Opcode : 'load' 'store'> <Ports = 2> <Width = 16> <Depth = 144> <RAM>
ST_3 : Operation 74 [1/2] (1.29ns)   --->   "%neighborID0 = load i8 %clusterGrid1_addr_2" [cluster.cpp:259]   --->   Operation 74 'load' 'neighborID0' <Predicate = (!icmp_ln252 & grid_load)> <Delay = 1.29> <CoreInst = "RAM_2P_BRAM">   --->   Core 94 'RAM_2P_BRAM' <Latency = 1> <II = 1> <Delay = 1.29> <Storage> <Opcode : 'load' 'store'> <Ports = 2> <Width = 16> <Depth = 144> <RAM>
ST_3 : Operation 75 [2/2] (1.29ns)   --->   "%neighborID1 = load i8 %clusterGrid1_addr_3" [cluster.cpp:260]   --->   Operation 75 'load' 'neighborID1' <Predicate = (!icmp_ln252 & grid_load)> <Delay = 1.29> <CoreInst = "RAM_2P_BRAM">   --->   Core 94 'RAM_2P_BRAM' <Latency = 1> <II = 1> <Delay = 1.29> <Storage> <Opcode : 'load' 'store'> <Ports = 2> <Width = 16> <Depth = 144> <RAM>
ST_3 : Operation 76 [1/1] (0.80ns)   --->   "%add_ln262 = add i4 %select_ln252, i4 15" [cluster.cpp:262]   --->   Operation 76 'add' 'add_ln262' <Predicate = (!icmp_ln252 & grid_load)> <Delay = 0.80> <CoreInst = "Adder">   --->   Core 1 'Adder' <Latency = 0> <II = 1> <Delay = 0.80> <FuncUnit> <Opcode : 'add' 'sub'> <InPorts = 2> <OutPorts = 1>
ST_3 : Operation 77 [1/1] (0.00ns)   --->   "%zext_ln262 = zext i4 %add_ln262" [cluster.cpp:262]   --->   Operation 77 'zext' 'zext_ln262' <Predicate = (!icmp_ln252 & grid_load)> <Delay = 0.00>
ST_3 : Operation 78 [1/1] (0.87ns)   --->   "%add_ln262_1 = add i8 %sub_ln260, i8 %zext_ln262" [cluster.cpp:262]   --->   Operation 78 'add' 'add_ln262_1' <Predicate = (!icmp_ln252 & grid_load)> <Delay = 0.87> <CoreInst = "Adder">   --->   Core 1 'Adder' <Latency = 0> <II = 1> <Delay = 0.87> <FuncUnit> <Opcode : 'add' 'sub'> <InPorts = 2> <OutPorts = 1>
ST_3 : Operation 79 [1/1] (1.12ns)   --->   "%icmp_ln264 = icmp_ne  i16 %neighborID0, i16 0" [cluster.cpp:264]   --->   Operation 79 'icmp' 'icmp_ln264' <Predicate = (!icmp_ln252 & grid_load)> <Delay = 1.12> <CoreInst = "Cmp">   --->   Core 9 'Cmp' <Latency = 0> <II = 1> <Delay = 1.12> <FuncUnit> <Opcode : 'icmp'> <InPorts = 2> <OutPorts = 1>
ST_3 : Operation 80 [1/1] (1.12ns)   --->   "%icmp_ln264_1 = icmp_slt  i16 %neighborID0, i16 %minClusterID" [cluster.cpp:264]   --->   Operation 80 'icmp' 'icmp_ln264_1' <Predicate = (!icmp_ln252 & grid_load)> <Delay = 1.12> <CoreInst = "Cmp">   --->   Core 9 'Cmp' <Latency = 0> <II = 1> <Delay = 1.12> <FuncUnit> <Opcode : 'icmp'> <InPorts = 2> <OutPorts = 1>
ST_3 : Operation 81 [1/1] (0.00ns) (grouped into LUT with out node add_ln259_1)   --->   "%and_ln264 = and i1 %icmp_ln264, i1 %icmp_ln264_1" [cluster.cpp:264]   --->   Operation 81 'and' 'and_ln264' <Predicate = (!icmp_ln252 & grid_load)> <Delay = 0.00> <CoreInst = "LogicGate">   --->   Core 74 'LogicGate' <Latency = 0> <II = 1> <Delay = 0.14> <FuncUnit> <Opcode : 'and' 'or' 'xor'> <InPorts = 2> <OutPorts = 1>
ST_3 : Operation 82 [1/1] (0.00ns) (grouped into LUT with out node add_ln259_1)   --->   "%select_ln264 = select i1 %and_ln264, i4 %add_ln254, i4 %select_ln252" [cluster.cpp:264]   --->   Operation 82 'select' 'select_ln264' <Predicate = (!icmp_ln252 & grid_load)> <Delay = 0.00> <CoreInst = "Sel">   --->   Core 73 'Sel' <Latency = 0> <II = 1> <Delay = 0.18> <FuncUnit> <Opcode : 'select'> <InPorts = 3> <OutPorts = 1>
ST_3 : Operation 83 [1/1] (0.00ns) (grouped into LUT with out node add_ln259_1)   --->   "%zext_ln259_2 = zext i4 %select_ln264" [cluster.cpp:259]   --->   Operation 83 'zext' 'zext_ln259_2' <Predicate = (!icmp_ln252 & grid_load)> <Delay = 0.00>
ST_3 : Operation 84 [1/1] (0.87ns) (out node of the LUT)   --->   "%add_ln259_1 = add i8 %sub_ln256, i8 %zext_ln259_2" [cluster.cpp:259]   --->   Operation 84 'add' 'add_ln259_1' <Predicate = (!icmp_ln252 & grid_load)> <Delay = 0.87> <CoreInst = "Adder">   --->   Core 1 'Adder' <Latency = 0> <II = 1> <Delay = 0.87> <FuncUnit> <Opcode : 'add' 'sub'> <InPorts = 2> <OutPorts = 1>
ST_3 : Operation 85 [1/1] (0.00ns)   --->   "%zext_ln259_3 = zext i8 %add_ln259_1" [cluster.cpp:259]   --->   Operation 85 'zext' 'zext_ln259_3' <Predicate = (!icmp_ln252 & grid_load)> <Delay = 0.00>
ST_3 : Operation 86 [1/1] (0.00ns)   --->   "%clusterGrid1_addr_5 = getelementptr i16 %clusterGrid1, i64 0, i64 %zext_ln259_3" [cluster.cpp:259]   --->   Operation 86 'getelementptr' 'clusterGrid1_addr_5' <Predicate = (!icmp_ln252 & grid_load)> <Delay = 0.00>
ST_3 : Operation 87 [2/2] (1.29ns)   --->   "%minClusterID_2 = load i8 %clusterGrid1_addr_5" [cluster.cpp:264]   --->   Operation 87 'load' 'minClusterID_2' <Predicate = (!icmp_ln252 & grid_load)> <Delay = 1.29> <CoreInst = "RAM_2P_BRAM">   --->   Core 94 'RAM_2P_BRAM' <Latency = 1> <II = 1> <Delay = 1.29> <Storage> <Opcode : 'load' 'store'> <Ports = 2> <Width = 16> <Depth = 144> <RAM>

State 4 <SV = 3> <Delay = 4.11>
ST_4 : Operation 88 [1/2] (1.29ns)   --->   "%neighborID1 = load i8 %clusterGrid1_addr_3" [cluster.cpp:260]   --->   Operation 88 'load' 'neighborID1' <Predicate = (!icmp_ln252 & grid_load)> <Delay = 1.29> <CoreInst = "RAM_2P_BRAM">   --->   Core 94 'RAM_2P_BRAM' <Latency = 1> <II = 1> <Delay = 1.29> <Storage> <Opcode : 'load' 'store'> <Ports = 2> <Width = 16> <Depth = 144> <RAM>
ST_4 : Operation 89 [2/2] (1.29ns)   --->   "%neighborID2 = load i8 %clusterGrid1_addr_1" [cluster.cpp:261]   --->   Operation 89 'load' 'neighborID2' <Predicate = (!icmp_ln252 & grid_load)> <Delay = 1.29> <CoreInst = "RAM_2P_BRAM">   --->   Core 94 'RAM_2P_BRAM' <Latency = 1> <II = 1> <Delay = 1.29> <Storage> <Opcode : 'load' 'store'> <Ports = 2> <Width = 16> <Depth = 144> <RAM>
ST_4 : Operation 90 [1/2] (1.29ns)   --->   "%minClusterID_2 = load i8 %clusterGrid1_addr_5" [cluster.cpp:264]   --->   Operation 90 'load' 'minClusterID_2' <Predicate = (!icmp_ln252 & grid_load)> <Delay = 1.29> <CoreInst = "RAM_2P_BRAM">   --->   Core 94 'RAM_2P_BRAM' <Latency = 1> <II = 1> <Delay = 1.29> <Storage> <Opcode : 'load' 'store'> <Ports = 2> <Width = 16> <Depth = 144> <RAM>
ST_4 : Operation 91 [1/1] (1.12ns)   --->   "%icmp_ln265 = icmp_ne  i16 %neighborID1, i16 0" [cluster.cpp:265]   --->   Operation 91 'icmp' 'icmp_ln265' <Predicate = (!icmp_ln252 & grid_load)> <Delay = 1.12> <CoreInst = "Cmp">   --->   Core 9 'Cmp' <Latency = 0> <II = 1> <Delay = 1.12> <FuncUnit> <Opcode : 'icmp'> <InPorts = 2> <OutPorts = 1>
ST_4 : Operation 92 [1/1] (1.12ns)   --->   "%icmp_ln265_1 = icmp_slt  i16 %neighborID1, i16 %minClusterID_2" [cluster.cpp:265]   --->   Operation 92 'icmp' 'icmp_ln265_1' <Predicate = (!icmp_ln252 & grid_load)> <Delay = 1.12> <CoreInst = "Cmp">   --->   Core 9 'Cmp' <Latency = 0> <II = 1> <Delay = 1.12> <FuncUnit> <Opcode : 'icmp'> <InPorts = 2> <OutPorts = 1>
ST_4 : Operation 93 [1/1] (0.00ns) (grouped into LUT with out node select_ln265)   --->   "%and_ln265 = and i1 %icmp_ln265, i1 %icmp_ln265_1" [cluster.cpp:265]   --->   Operation 93 'and' 'and_ln265' <Predicate = (!icmp_ln252 & grid_load)> <Delay = 0.00> <CoreInst = "LogicGate">   --->   Core 74 'LogicGate' <Latency = 0> <II = 1> <Delay = 0.14> <FuncUnit> <Opcode : 'and' 'or' 'xor'> <InPorts = 2> <OutPorts = 1>
ST_4 : Operation 94 [1/1] (0.40ns) (out node of the LUT)   --->   "%select_ln265 = select i1 %and_ln265, i8 %add_ln260, i8 %add_ln259_1" [cluster.cpp:265]   --->   Operation 94 'select' 'select_ln265' <Predicate = (!icmp_ln252 & grid_load)> <Delay = 0.40> <CoreInst = "Sel">   --->   Core 73 'Sel' <Latency = 0> <II = 1> <Delay = 0.40> <FuncUnit> <Opcode : 'select'> <InPorts = 3> <OutPorts = 1>
ST_4 : Operation 95 [1/1] (0.00ns)   --->   "%zext_ln260_2 = zext i8 %select_ln265" [cluster.cpp:260]   --->   Operation 95 'zext' 'zext_ln260_2' <Predicate = (!icmp_ln252 & grid_load)> <Delay = 0.00>
ST_4 : Operation 96 [1/1] (0.00ns)   --->   "%clusterGrid1_addr_6 = getelementptr i16 %clusterGrid1, i64 0, i64 %zext_ln260_2" [cluster.cpp:260]   --->   Operation 96 'getelementptr' 'clusterGrid1_addr_6' <Predicate = (!icmp_ln252 & grid_load)> <Delay = 0.00>
ST_4 : Operation 97 [2/2] (1.29ns)   --->   "%minClusterID_4 = load i8 %clusterGrid1_addr_6" [cluster.cpp:265]   --->   Operation 97 'load' 'minClusterID_4' <Predicate = (!icmp_ln252 & grid_load)> <Delay = 1.29> <CoreInst = "RAM_2P_BRAM">   --->   Core 94 'RAM_2P_BRAM' <Latency = 1> <II = 1> <Delay = 1.29> <Storage> <Opcode : 'load' 'store'> <Ports = 2> <Width = 16> <Depth = 144> <RAM>

State 5 <SV = 4> <Delay = 4.11>
ST_5 : Operation 98 [1/2] (1.29ns)   --->   "%neighborID2 = load i8 %clusterGrid1_addr_1" [cluster.cpp:261]   --->   Operation 98 'load' 'neighborID2' <Predicate = (!icmp_ln252 & grid_load)> <Delay = 1.29> <CoreInst = "RAM_2P_BRAM">   --->   Core 94 'RAM_2P_BRAM' <Latency = 1> <II = 1> <Delay = 1.29> <Storage> <Opcode : 'load' 'store'> <Ports = 2> <Width = 16> <Depth = 144> <RAM>
ST_5 : Operation 99 [1/1] (0.00ns)   --->   "%zext_ln262_1 = zext i8 %add_ln262_1" [cluster.cpp:262]   --->   Operation 99 'zext' 'zext_ln262_1' <Predicate = (!icmp_ln252 & grid_load)> <Delay = 0.00>
ST_5 : Operation 100 [1/1] (0.00ns)   --->   "%clusterGrid1_addr_4 = getelementptr i16 %clusterGrid1, i64 0, i64 %zext_ln262_1" [cluster.cpp:262]   --->   Operation 100 'getelementptr' 'clusterGrid1_addr_4' <Predicate = (!icmp_ln252 & grid_load)> <Delay = 0.00>
ST_5 : Operation 101 [2/2] (1.29ns)   --->   "%neighborID3 = load i8 %clusterGrid1_addr_4" [cluster.cpp:262]   --->   Operation 101 'load' 'neighborID3' <Predicate = (!icmp_ln252 & grid_load)> <Delay = 1.29> <CoreInst = "RAM_2P_BRAM">   --->   Core 94 'RAM_2P_BRAM' <Latency = 1> <II = 1> <Delay = 1.29> <Storage> <Opcode : 'load' 'store'> <Ports = 2> <Width = 16> <Depth = 144> <RAM>
ST_5 : Operation 102 [1/2] (1.29ns)   --->   "%minClusterID_4 = load i8 %clusterGrid1_addr_6" [cluster.cpp:265]   --->   Operation 102 'load' 'minClusterID_4' <Predicate = (!icmp_ln252 & grid_load)> <Delay = 1.29> <CoreInst = "RAM_2P_BRAM">   --->   Core 94 'RAM_2P_BRAM' <Latency = 1> <II = 1> <Delay = 1.29> <Storage> <Opcode : 'load' 'store'> <Ports = 2> <Width = 16> <Depth = 144> <RAM>
ST_5 : Operation 103 [1/1] (1.12ns)   --->   "%icmp_ln266 = icmp_ne  i16 %neighborID2, i16 0" [cluster.cpp:266]   --->   Operation 103 'icmp' 'icmp_ln266' <Predicate = (!icmp_ln252 & grid_load)> <Delay = 1.12> <CoreInst = "Cmp">   --->   Core 9 'Cmp' <Latency = 0> <II = 1> <Delay = 1.12> <FuncUnit> <Opcode : 'icmp'> <InPorts = 2> <OutPorts = 1>
ST_5 : Operation 104 [1/1] (1.12ns)   --->   "%icmp_ln266_1 = icmp_slt  i16 %neighborID2, i16 %minClusterID_4" [cluster.cpp:266]   --->   Operation 104 'icmp' 'icmp_ln266_1' <Predicate = (!icmp_ln252 & grid_load)> <Delay = 1.12> <CoreInst = "Cmp">   --->   Core 9 'Cmp' <Latency = 0> <II = 1> <Delay = 1.12> <FuncUnit> <Opcode : 'icmp'> <InPorts = 2> <OutPorts = 1>
ST_5 : Operation 105 [1/1] (0.00ns) (grouped into LUT with out node select_ln266)   --->   "%and_ln266 = and i1 %icmp_ln266, i1 %icmp_ln266_1" [cluster.cpp:266]   --->   Operation 105 'and' 'and_ln266' <Predicate = (!icmp_ln252 & grid_load)> <Delay = 0.00> <CoreInst = "LogicGate">   --->   Core 74 'LogicGate' <Latency = 0> <II = 1> <Delay = 0.14> <FuncUnit> <Opcode : 'and' 'or' 'xor'> <InPorts = 2> <OutPorts = 1>
ST_5 : Operation 106 [1/1] (0.40ns) (out node of the LUT)   --->   "%select_ln266 = select i1 %and_ln266, i8 %add_ln261, i8 %select_ln265" [cluster.cpp:266]   --->   Operation 106 'select' 'select_ln266' <Predicate = (!icmp_ln252 & grid_load)> <Delay = 0.40> <CoreInst = "Sel">   --->   Core 73 'Sel' <Latency = 0> <II = 1> <Delay = 0.40> <FuncUnit> <Opcode : 'select'> <InPorts = 3> <OutPorts = 1>
ST_5 : Operation 107 [1/1] (0.00ns)   --->   "%zext_ln261_1 = zext i8 %select_ln266" [cluster.cpp:261]   --->   Operation 107 'zext' 'zext_ln261_1' <Predicate = (!icmp_ln252 & grid_load)> <Delay = 0.00>
ST_5 : Operation 108 [1/1] (0.00ns)   --->   "%clusterGrid1_addr_7 = getelementptr i16 %clusterGrid1, i64 0, i64 %zext_ln261_1" [cluster.cpp:261]   --->   Operation 108 'getelementptr' 'clusterGrid1_addr_7' <Predicate = (!icmp_ln252 & grid_load)> <Delay = 0.00>
ST_5 : Operation 109 [2/2] (1.29ns)   --->   "%minClusterID_6 = load i8 %clusterGrid1_addr_7" [cluster.cpp:266]   --->   Operation 109 'load' 'minClusterID_6' <Predicate = (!icmp_ln252 & grid_load)> <Delay = 1.29> <CoreInst = "RAM_2P_BRAM">   --->   Core 94 'RAM_2P_BRAM' <Latency = 1> <II = 1> <Delay = 1.29> <Storage> <Opcode : 'load' 'store'> <Ports = 2> <Width = 16> <Depth = 144> <RAM>

State 6 <SV = 5> <Delay = 4.11>
ST_6 : Operation 110 [1/2] (1.29ns)   --->   "%neighborID3 = load i8 %clusterGrid1_addr_4" [cluster.cpp:262]   --->   Operation 110 'load' 'neighborID3' <Predicate = (!icmp_ln252 & grid_load)> <Delay = 1.29> <CoreInst = "RAM_2P_BRAM">   --->   Core 94 'RAM_2P_BRAM' <Latency = 1> <II = 1> <Delay = 1.29> <Storage> <Opcode : 'load' 'store'> <Ports = 2> <Width = 16> <Depth = 144> <RAM>
ST_6 : Operation 111 [1/2] (1.29ns)   --->   "%minClusterID_6 = load i8 %clusterGrid1_addr_7" [cluster.cpp:266]   --->   Operation 111 'load' 'minClusterID_6' <Predicate = (!icmp_ln252 & grid_load)> <Delay = 1.29> <CoreInst = "RAM_2P_BRAM">   --->   Core 94 'RAM_2P_BRAM' <Latency = 1> <II = 1> <Delay = 1.29> <Storage> <Opcode : 'load' 'store'> <Ports = 2> <Width = 16> <Depth = 144> <RAM>
ST_6 : Operation 112 [1/1] (1.12ns)   --->   "%icmp_ln267 = icmp_ne  i16 %neighborID3, i16 0" [cluster.cpp:267]   --->   Operation 112 'icmp' 'icmp_ln267' <Predicate = (!icmp_ln252 & grid_load)> <Delay = 1.12> <CoreInst = "Cmp">   --->   Core 9 'Cmp' <Latency = 0> <II = 1> <Delay = 1.12> <FuncUnit> <Opcode : 'icmp'> <InPorts = 2> <OutPorts = 1>
ST_6 : Operation 113 [1/1] (1.12ns)   --->   "%icmp_ln267_1 = icmp_slt  i16 %neighborID3, i16 %minClusterID_6" [cluster.cpp:267]   --->   Operation 113 'icmp' 'icmp_ln267_1' <Predicate = (!icmp_ln252 & grid_load)> <Delay = 1.12> <CoreInst = "Cmp">   --->   Core 9 'Cmp' <Latency = 0> <II = 1> <Delay = 1.12> <FuncUnit> <Opcode : 'icmp'> <InPorts = 2> <OutPorts = 1>
ST_6 : Operation 114 [1/1] (0.00ns) (grouped into LUT with out node select_ln267)   --->   "%and_ln267 = and i1 %icmp_ln267, i1 %icmp_ln267_1" [cluster.cpp:267]   --->   Operation 114 'and' 'and_ln267' <Predicate = (!icmp_ln252 & grid_load)> <Delay = 0.00> <CoreInst = "LogicGate">   --->   Core 74 'LogicGate' <Latency = 0> <II = 1> <Delay = 0.14> <FuncUnit> <Opcode : 'and' 'or' 'xor'> <InPorts = 2> <OutPorts = 1>
ST_6 : Operation 115 [1/1] (0.40ns) (out node of the LUT)   --->   "%select_ln267 = select i1 %and_ln267, i8 %add_ln262_1, i8 %select_ln266" [cluster.cpp:267]   --->   Operation 115 'select' 'select_ln267' <Predicate = (!icmp_ln252 & grid_load)> <Delay = 0.40> <CoreInst = "Sel">   --->   Core 73 'Sel' <Latency = 0> <II = 1> <Delay = 0.40> <FuncUnit> <Opcode : 'select'> <InPorts = 3> <OutPorts = 1>
ST_6 : Operation 116 [1/1] (0.00ns)   --->   "%zext_ln262_2 = zext i8 %select_ln267" [cluster.cpp:262]   --->   Operation 116 'zext' 'zext_ln262_2' <Predicate = (!icmp_ln252 & grid_load)> <Delay = 0.00>
ST_6 : Operation 117 [1/1] (0.00ns)   --->   "%clusterGrid1_addr_8 = getelementptr i16 %clusterGrid1, i64 0, i64 %zext_ln262_2" [cluster.cpp:262]   --->   Operation 117 'getelementptr' 'clusterGrid1_addr_8' <Predicate = (!icmp_ln252 & grid_load)> <Delay = 0.00>
ST_6 : Operation 118 [2/2] (1.29ns)   --->   "%minClusterID_8 = load i8 %clusterGrid1_addr_8" [cluster.cpp:267]   --->   Operation 118 'load' 'minClusterID_8' <Predicate = (!icmp_ln252 & grid_load)> <Delay = 1.29> <CoreInst = "RAM_2P_BRAM">   --->   Core 94 'RAM_2P_BRAM' <Latency = 1> <II = 1> <Delay = 1.29> <Storage> <Opcode : 'load' 'store'> <Ports = 2> <Width = 16> <Depth = 144> <RAM>

State 7 <SV = 6> <Delay = 2.59>
ST_7 : Operation 119 [1/2] (1.29ns)   --->   "%minClusterID_8 = load i8 %clusterGrid1_addr_8" [cluster.cpp:267]   --->   Operation 119 'load' 'minClusterID_8' <Predicate = (!icmp_ln252 & grid_load)> <Delay = 1.29> <CoreInst = "RAM_2P_BRAM">   --->   Core 94 'RAM_2P_BRAM' <Latency = 1> <II = 1> <Delay = 1.29> <Storage> <Opcode : 'load' 'store'> <Ports = 2> <Width = 16> <Depth = 144> <RAM>
ST_7 : Operation 120 [1/1] (1.29ns)   --->   "%store_ln269 = store i16 %minClusterID_8, i8 %clusterGrid2_addr" [cluster.cpp:269]   --->   Operation 120 'store' 'store_ln269' <Predicate = (!icmp_ln252 & grid_load)> <Delay = 1.29> <CoreInst = "RAM_2P_BRAM">   --->   Core 94 'RAM_2P_BRAM' <Latency = 1> <II = 1> <Delay = 1.29> <Storage> <Opcode : 'load' 'store'> <Ports = 2> <Width = 16> <Depth = 144> <RAM>

State 8 <SV = 7> <Delay = 1.29>
ST_8 : Operation 121 [1/1] (1.29ns)   --->   "%store_ln270 = store i16 %minClusterID_8, i8 %clusterGrid2_addr_2" [cluster.cpp:270]   --->   Operation 121 'store' 'store_ln270' <Predicate = (!icmp_ln252 & grid_load)> <Delay = 1.29> <CoreInst = "RAM_2P_BRAM">   --->   Core 94 'RAM_2P_BRAM' <Latency = 1> <II = 1> <Delay = 1.29> <Storage> <Opcode : 'load' 'store'> <Ports = 2> <Width = 16> <Depth = 144> <RAM>

State 9 <SV = 8> <Delay = 1.29>
ST_9 : Operation 122 [1/1] (1.29ns)   --->   "%store_ln271 = store i16 %minClusterID_8, i8 %clusterGrid2_addr_3" [cluster.cpp:271]   --->   Operation 122 'store' 'store_ln271' <Predicate = (!icmp_ln252 & grid_load)> <Delay = 1.29> <CoreInst = "RAM_2P_BRAM">   --->   Core 94 'RAM_2P_BRAM' <Latency = 1> <II = 1> <Delay = 1.29> <Storage> <Opcode : 'load' 'store'> <Ports = 2> <Width = 16> <Depth = 144> <RAM>

State 10 <SV = 9> <Delay = 1.29>
ST_10 : Operation 123 [1/1] (1.29ns)   --->   "%store_ln272 = store i16 %minClusterID_8, i8 %clusterGrid2_addr_1" [cluster.cpp:272]   --->   Operation 123 'store' 'store_ln272' <Predicate = (!icmp_ln252 & grid_load)> <Delay = 1.29> <CoreInst = "RAM_2P_BRAM">   --->   Core 94 'RAM_2P_BRAM' <Latency = 1> <II = 1> <Delay = 1.29> <Storage> <Opcode : 'load' 'store'> <Ports = 2> <Width = 16> <Depth = 144> <RAM>

State 11 <SV = 10> <Delay = 1.29>
ST_11 : Operation 124 [1/1] (0.00ns)   --->   "%clusterGrid2_addr_4 = getelementptr i16 %clusterGrid2, i64 0, i64 %zext_ln262_1" [cluster.cpp:273]   --->   Operation 124 'getelementptr' 'clusterGrid2_addr_4' <Predicate = (!icmp_ln252 & grid_load)> <Delay = 0.00>
ST_11 : Operation 125 [1/1] (1.29ns)   --->   "%store_ln273 = store i16 %minClusterID_8, i8 %clusterGrid2_addr_4" [cluster.cpp:273]   --->   Operation 125 'store' 'store_ln273' <Predicate = (!icmp_ln252 & grid_load)> <Delay = 1.29> <CoreInst = "RAM_2P_BRAM">   --->   Core 94 'RAM_2P_BRAM' <Latency = 1> <II = 1> <Delay = 1.29> <Storage> <Opcode : 'load' 'store'> <Ports = 2> <Width = 16> <Depth = 144> <RAM>
ST_11 : Operation 126 [1/1] (0.00ns)   --->   "%br_ln274 = br void %for.inc201" [cluster.cpp:274]   --->   Operation 126 'br' 'br_ln274' <Predicate = (!icmp_ln252 & grid_load)> <Delay = 0.00>
ST_11 : Operation 127 [1/1] (0.46ns)   --->   "%store_ln254 = store i7 %add_ln252, i7 %indvar_flatten6" [cluster.cpp:254]   --->   Operation 127 'store' 'store_ln254' <Predicate = (!icmp_ln252)> <Delay = 0.46>
ST_11 : Operation 128 [1/1] (0.46ns)   --->   "%store_ln254 = store i4 %select_ln252_1, i4 %i" [cluster.cpp:254]   --->   Operation 128 'store' 'store_ln254' <Predicate = (!icmp_ln252)> <Delay = 0.46>
ST_11 : Operation 129 [1/1] (0.46ns)   --->   "%store_ln254 = store i4 %add_ln254, i4 %j" [cluster.cpp:254]   --->   Operation 129 'store' 'store_ln254' <Predicate = (!icmp_ln252)> <Delay = 0.46>
ST_11 : Operation 130 [1/1] (0.00ns)   --->   "%br_ln254 = br void %for.body107" [cluster.cpp:254]   --->   Operation 130 'br' 'br_ln254' <Predicate = (!icmp_ln252)> <Delay = 0.00>


============================================================
+ Verbose Summary: Timing violations
============================================================
Target clock period: 10.000ns, clock uncertainty: 2.700ns.

 <State 1>: 3.468ns
The critical path consists of the following:
	'alloca' operation ('j') [4]  (0.000 ns)
	'load' operation ('j_load', cluster.cpp:254) on local variable 'j' [20]  (0.000 ns)
	'icmp' operation ('icmp_ln254', cluster.cpp:254) [24]  (0.809 ns)
	'select' operation ('select_ln252_1', cluster.cpp:252) [27]  (0.187 ns)
	'sub' operation ('sub_ln256', cluster.cpp:256) [31]  (0.871 ns)
	'add' operation ('add_ln256', cluster.cpp:256) [39]  (0.871 ns)
	'getelementptr' operation ('grid_addr', cluster.cpp:256) [41]  (0.000 ns)
	'load' operation ('grid_load', cluster.cpp:256) on array 'grid' [50]  (0.730 ns)

 <State 2>: 2.977ns
The critical path consists of the following:
	'add' operation ('add_ln254', cluster.cpp:254) [51]  (0.809 ns)
	'add' operation ('add_ln259', cluster.cpp:259) [53]  (0.871 ns)
	'getelementptr' operation ('clusterGrid1_addr_2', cluster.cpp:259) [55]  (0.000 ns)
	'load' operation ('neighborID0', cluster.cpp:259) on array 'clusterGrid1' [64]  (1.297 ns)

 <State 3>: 4.586ns
The critical path consists of the following:
	'load' operation ('minClusterID', cluster.cpp:257) on array 'clusterGrid1' [63]  (1.297 ns)
	'icmp' operation ('icmp_ln264_1', cluster.cpp:264) [75]  (1.121 ns)
	'and' operation ('and_ln264', cluster.cpp:264) [76]  (0.000 ns)
	'select' operation ('select_ln264', cluster.cpp:264) [77]  (0.000 ns)
	'add' operation ('add_ln259_1', cluster.cpp:259) [79]  (0.871 ns)
	'getelementptr' operation ('clusterGrid1_addr_5', cluster.cpp:259) [81]  (0.000 ns)
	'load' operation ('minClusterID', cluster.cpp:264) on array 'clusterGrid1' [82]  (1.297 ns)

 <State 4>: 4.115ns
The critical path consists of the following:
	'load' operation ('neighborID1', cluster.cpp:260) on array 'clusterGrid1' [65]  (1.297 ns)
	'icmp' operation ('icmp_ln265', cluster.cpp:265) [83]  (1.121 ns)
	'and' operation ('and_ln265', cluster.cpp:265) [85]  (0.000 ns)
	'select' operation ('select_ln265', cluster.cpp:265) [86]  (0.400 ns)
	'getelementptr' operation ('clusterGrid1_addr_6', cluster.cpp:260) [88]  (0.000 ns)
	'load' operation ('minClusterID', cluster.cpp:265) on array 'clusterGrid1' [89]  (1.297 ns)

 <State 5>: 4.115ns
The critical path consists of the following:
	'load' operation ('neighborID2', cluster.cpp:261) on array 'clusterGrid1' [66]  (1.297 ns)
	'icmp' operation ('icmp_ln266_1', cluster.cpp:266) [91]  (1.121 ns)
	'and' operation ('and_ln266', cluster.cpp:266) [92]  (0.000 ns)
	'select' operation ('select_ln266', cluster.cpp:266) [93]  (0.400 ns)
	'getelementptr' operation ('clusterGrid1_addr_7', cluster.cpp:261) [95]  (0.000 ns)
	'load' operation ('minClusterID', cluster.cpp:266) on array 'clusterGrid1' [96]  (1.297 ns)

 <State 6>: 4.115ns
The critical path consists of the following:
	'load' operation ('neighborID3', cluster.cpp:262) on array 'clusterGrid1' [73]  (1.297 ns)
	'icmp' operation ('icmp_ln267_1', cluster.cpp:267) [98]  (1.121 ns)
	'and' operation ('and_ln267', cluster.cpp:267) [99]  (0.000 ns)
	'select' operation ('select_ln267', cluster.cpp:267) [100]  (0.400 ns)
	'getelementptr' operation ('clusterGrid1_addr_8', cluster.cpp:262) [102]  (0.000 ns)
	'load' operation ('minClusterID', cluster.cpp:267) on array 'clusterGrid1' [103]  (1.297 ns)

 <State 7>: 2.594ns
The critical path consists of the following:
	'load' operation ('minClusterID', cluster.cpp:267) on array 'clusterGrid1' [103]  (1.297 ns)
	'store' operation ('store_ln269', cluster.cpp:269) of variable 'minClusterID', cluster.cpp:267 on array 'clusterGrid2' [104]  (1.297 ns)

 <State 8>: 1.297ns
The critical path consists of the following:
	'store' operation ('store_ln270', cluster.cpp:270) of variable 'minClusterID', cluster.cpp:267 on array 'clusterGrid2' [105]  (1.297 ns)

 <State 9>: 1.297ns
The critical path consists of the following:
	'store' operation ('store_ln271', cluster.cpp:271) of variable 'minClusterID', cluster.cpp:267 on array 'clusterGrid2' [106]  (1.297 ns)

 <State 10>: 1.297ns
The critical path consists of the following:
	'store' operation ('store_ln272', cluster.cpp:272) of variable 'minClusterID', cluster.cpp:267 on array 'clusterGrid2' [107]  (1.297 ns)

 <State 11>: 1.297ns
The critical path consists of the following:
	'getelementptr' operation ('clusterGrid2_addr_4', cluster.cpp:273) [72]  (0.000 ns)
	'store' operation ('store_ln273', cluster.cpp:273) of variable 'minClusterID', cluster.cpp:267 on array 'clusterGrid2' [108]  (1.297 ns)


============================================================
+ Verbose Summary: Binding
============================================================
N/A
* FSMD analyzer results:
  - Output states:
 - Input state : 
  - Chain level:
	State 1
	State 2
	State 3
	State 4
	State 5
	State 6
	State 7
	State 8
	State 9
	State 10
	State 11


============================================================
+ Verbose Summary: Datapath Resource usage 
============================================================
N/A
