

================================================================
== Vitis HLS Report for 'naive_findClustersHLS2_Pipeline_CreateResult_CreateResultInner'
================================================================
* Date:           Thu Apr 24 10:03:28 2025

* Version:        2023.1 (Build 3854077 on May  4 2023)
* Project:        clustering
* Solution:       solution1 (Vivado IP Flow Target)
* Product family: virtexuplus
* Target device:  xcvu11p-flga2577-1-e


================================================================
== Performance Estimates
================================================================
+ Timing: 
    * Summary: 
    +--------+----------+----------+------------+
    |  Clock |  Target  | Estimated| Uncertainty|
    +--------+----------+----------+------------+
    |ap_clk  |  10.00 ns|  4.147 ns|     2.70 ns|
    +--------+----------+----------+------------+

+ Latency: 
    * Summary: 
    +---------+---------+----------+----------+-----+-----+---------+
    |  Latency (cycles) |  Latency (absolute) |  Interval | Pipeline|
    |   min   |   max   |    min   |    max   | min | max |   Type  |
    +---------+---------+----------+----------+-----+-----+---------+
    |      146|      146|  1.460 us|  1.460 us|  146|  146|       no|
    +---------+---------+----------+----------+-----+-----+---------+

    + Detail: 
        * Instance: 
        N/A

        * Loop: 
        +----------------------------------+---------+---------+----------+-----------+-----------+------+----------+
        |                                  |  Latency (cycles) | Iteration|  Initiation Interval  | Trip |          |
        |             Loop Name            |   min   |   max   |  Latency |  achieved |   target  | Count| Pipelined|
        +----------------------------------+---------+---------+----------+-----------+-----------+------+----------+
        |- CreateResult_CreateResultInner  |      144|      144|         2|          1|          1|   144|       yes|
        +----------------------------------+---------+---------+----------+-----------+-----------+------+----------+



================================================================
== Utilization Estimates
================================================================
* Summary: 
+---------------------+---------+------+---------+---------+-----+
|         Name        | BRAM_18K|  DSP |    FF   |   LUT   | URAM|
+---------------------+---------+------+---------+---------+-----+
|DSP                  |        -|     -|        -|        -|    -|
|Expression           |        -|     -|        0|      231|    -|
|FIFO                 |        -|     -|        -|        -|    -|
|Instance             |        -|     -|        -|        -|    -|
|Memory               |        -|     -|        -|        -|    -|
|Multiplexer          |        -|     -|        -|       72|    -|
|Register             |        -|     -|       35|        -|    -|
+---------------------+---------+------+---------+---------+-----+
|Total                |        0|     0|       35|      303|    0|
+---------------------+---------+------+---------+---------+-----+
|Available SLR        |     1344|  3072|   864000|   432000|  320|
+---------------------+---------+------+---------+---------+-----+
|Utilization SLR (%)  |        0|     0|       ~0|       ~0|    0|
+---------------------+---------+------+---------+---------+-----+
|Available            |     4032|  9216|  2592000|  1296000|  960|
+---------------------+---------+------+---------+---------+-----+
|Utilization (%)      |        0|     0|       ~0|       ~0|    0|
+---------------------+---------+------+---------+---------+-----+

+ Detail: 
    * Instance: 
    N/A

    * DSP: 
    N/A

    * Memory: 
    N/A

    * FIFO: 
    N/A

    * Expression: 
    +--------------------------+----------+----+---+----+------------+------------+
    |       Variable Name      | Operation| DSP| FF| LUT| Bitwidth P0| Bitwidth P1|
    +--------------------------+----------+----+---+----+------------+------------+
    |add_ln280_1_fu_154_p2     |         +|   0|  0|  15|           8|           1|
    |add_ln280_fu_166_p2       |         +|   0|  0|  12|           4|           1|
    |add_ln282_fu_237_p2       |         +|   0|  0|  12|           4|           1|
    |add_ln284_fu_224_p2       |         +|   0|  0|  19|           8|           8|
    |sub_ln284_fu_214_p2       |         -|   0|  0|  19|           8|           8|
    |icmp_ln280_fu_148_p2      |      icmp|   0|  0|  15|           8|           8|
    |icmp_ln282_fu_172_p2      |      icmp|   0|  0|  12|           4|           4|
    |icmp_ln285_fu_275_p2      |      icmp|   0|  0|  23|          16|           1|
    |clusterID_fu_281_p3       |    select|   0|  0|  16|           1|          16|
    |select_ln280_1_fu_186_p3  |    select|   0|  0|   4|           1|           4|
    |select_ln280_fu_178_p3    |    select|   0|  0|   4|           1|           1|
    |select_ln284_fu_299_p3    |    select|   0|  0|  78|           1|          80|
    |ap_enable_pp0             |       xor|   0|  0|   2|           1|           2|
    +--------------------------+----------+----+---+----+------------+------------+
    |Total                     |          |   0|  0| 231|          65|         135|
    +--------------------------+----------+----+---+----+------------+------------+

    * Multiplexer: 
    +----------------------------------------+----+-----------+-----+-----------+
    |                  Name                  | LUT| Input Size| Bits| Total Bits|
    +----------------------------------------+----+-----------+-----+-----------+
    |ap_done_int                             |   9|          2|    1|          2|
    |ap_enable_reg_pp0_iter1                 |   9|          2|    1|          2|
    |ap_sig_allocacmp_i_load                 |   9|          2|    4|          8|
    |ap_sig_allocacmp_indvar_flatten13_load  |   9|          2|    8|         16|
    |ap_sig_allocacmp_j_load                 |   9|          2|    4|          8|
    |i_fu_70                                 |   9|          2|    4|          8|
    |indvar_flatten13_fu_74                  |   9|          2|    8|         16|
    |j_fu_66                                 |   9|          2|    4|          8|
    +----------------------------------------+----+-----------+-----+-----------+
    |Total                                   |  72|         16|   34|         68|
    +----------------------------------------+----+-----------+-----+-----------+

    * Register: 
    +-------------------------+---+----+-----+-----------+
    |           Name          | FF| LUT| Bits| Const Bits|
    +-------------------------+---+----+-----+-----------+
    |ap_CS_fsm                |  1|   0|    1|          0|
    |ap_done_reg              |  1|   0|    1|          0|
    |ap_enable_reg_pp0_iter1  |  1|   0|    1|          0|
    |i_fu_70                  |  4|   0|    4|          0|
    |indvar_flatten13_fu_74   |  8|   0|    8|          0|
    |j_fu_66                  |  4|   0|    4|          0|
    |select_ln280_1_reg_342   |  4|   0|    4|          0|
    |select_ln280_reg_336     |  4|   0|    4|          0|
    |zext_ln284_2_reg_347     |  8|   0|   64|         56|
    +-------------------------+---+----+-----+-----------+
    |Total                    | 35|   0|   91|         56|
    +-------------------------+---+----+-----+-----------+



================================================================
== Interface
================================================================
* Summary: 
+-----------------------+-----+-----+------------+----------------------------------------------------------------+--------------+
|       RTL Ports       | Dir | Bits|  Protocol  |                          Source Object                         |    C Type    |
+-----------------------+-----+-----+------------+----------------------------------------------------------------+--------------+
|ap_clk                 |   in|    1|  ap_ctrl_hs|  naive_findClustersHLS2_Pipeline_CreateResult_CreateResultInner|  return value|
|ap_rst                 |   in|    1|  ap_ctrl_hs|  naive_findClustersHLS2_Pipeline_CreateResult_CreateResultInner|  return value|
|ap_start               |   in|    1|  ap_ctrl_hs|  naive_findClustersHLS2_Pipeline_CreateResult_CreateResultInner|  return value|
|ap_done                |  out|    1|  ap_ctrl_hs|  naive_findClustersHLS2_Pipeline_CreateResult_CreateResultInner|  return value|
|ap_idle                |  out|    1|  ap_ctrl_hs|  naive_findClustersHLS2_Pipeline_CreateResult_CreateResultInner|  return value|
|ap_ready               |  out|    1|  ap_ctrl_hs|  naive_findClustersHLS2_Pipeline_CreateResult_CreateResultInner|  return value|
|grid_address0          |  out|    8|   ap_memory|                                                            grid|         array|
|grid_ce0               |  out|    1|   ap_memory|                                                            grid|         array|
|grid_q0                |   in|    1|   ap_memory|                                                            grid|         array|
|pointsGrid_address0    |  out|    8|   ap_memory|                                                      pointsGrid|         array|
|pointsGrid_ce0         |  out|    1|   ap_memory|                                                      pointsGrid|         array|
|pointsGrid_we0         |  out|    1|   ap_memory|                                                      pointsGrid|         array|
|pointsGrid_d0          |  out|   96|   ap_memory|                                                      pointsGrid|         array|
|clusterGrid1_address0  |  out|    8|   ap_memory|                                                    clusterGrid1|         array|
|clusterGrid1_ce0       |  out|    1|   ap_memory|                                                    clusterGrid1|         array|
|clusterGrid1_q0        |   in|   16|   ap_memory|                                                    clusterGrid1|         array|
|clusterGrid2_address0  |  out|    8|   ap_memory|                                                    clusterGrid2|         array|
|clusterGrid2_ce0       |  out|    1|   ap_memory|                                                    clusterGrid2|         array|
|clusterGrid2_q0        |   in|   16|   ap_memory|                                                    clusterGrid2|         array|
+-----------------------+-----+-----+------------+----------------------------------------------------------------+--------------+

============================================================
+ Verbose Summary: Synthesis Manager
============================================================
InlineROM: 1
ExposeGlobal: 0
============================================================
+ Verbose Summary: CDFG Model
============================================================
IsTopModel: 0
ResetActiveHigh: 1
IsCombinational: 2
IsDatapathOnly: 2
HasWiredReturn: 1
HasMFsm: 2
HasVarLatency: 1
IsPipeline: 0
IsRtlPipelined: 0
IsInstanceOverlapped: 0
IsDontTouch: 0
HasImplIP: 0
IsGatedGlobalClock: 0

+ Individual pipeline summary: 
  * Pipeline-0: initiation interval (II) = 1, depth = 2


============================================================
+ Verbose Summary: Schedule
============================================================
* Number of FSM states : 2
* Pipeline : 1
  Pipeline-0 : II = 1, D = 2, States = { 1 2 }
* Dataflow Pipeline: 0

* FSM state transitions: 
1 --> 2 
2 --> 

* FSM state operations: 

State 1 <SV = 0> <Delay = 3.32>
ST_1 : Operation 5 [1/1] (0.00ns)   --->   "%j = alloca i32 1"   --->   Operation 5 'alloca' 'j' <Predicate = true> <Delay = 0.00>
ST_1 : Operation 6 [1/1] (0.00ns)   --->   "%i = alloca i32 1"   --->   Operation 6 'alloca' 'i' <Predicate = true> <Delay = 0.00>
ST_1 : Operation 7 [1/1] (0.00ns)   --->   "%indvar_flatten13 = alloca i32 1"   --->   Operation 7 'alloca' 'indvar_flatten13' <Predicate = true> <Delay = 0.00>
ST_1 : Operation 8 [1/1] (0.00ns)   --->   "%specmemcore_ln0 = specmemcore void @_ssdm_op_SpecMemCore, i16 %clusterGrid2, i64 666, i64 22, i64 18446744073709551615"   --->   Operation 8 'specmemcore' 'specmemcore_ln0' <Predicate = true> <Delay = 0.00>
ST_1 : Operation 9 [1/1] (0.00ns)   --->   "%specmemcore_ln0 = specmemcore void @_ssdm_op_SpecMemCore, i16 %clusterGrid1, i64 666, i64 22, i64 18446744073709551615"   --->   Operation 9 'specmemcore' 'specmemcore_ln0' <Predicate = true> <Delay = 0.00>
ST_1 : Operation 10 [1/1] (0.00ns)   --->   "%specinterface_ln0 = specinterface void @_ssdm_op_SpecInterface, i96 %pointsGrid, void @empty, i32 0, i32 0, void @empty_0, i32 4294967295, i32 0, void @empty_0, void @empty_0, void @empty_0, i32 0, i32 0, i32 0, i32 0, void @empty_0, void @empty_0, i32 4294967295, i32 0"   --->   Operation 10 'specinterface' 'specinterface_ln0' <Predicate = true> <Delay = 0.00>
ST_1 : Operation 11 [1/1] (0.00ns)   --->   "%specinterface_ln0 = specinterface void @_ssdm_op_SpecInterface, i1 %grid, void @empty, i32 0, i32 0, void @empty_0, i32 4294967295, i32 0, void @empty_0, void @empty_0, void @empty_0, i32 0, i32 0, i32 0, i32 0, void @empty_0, void @empty_0, i32 4294967295, i32 0"   --->   Operation 11 'specinterface' 'specinterface_ln0' <Predicate = true> <Delay = 0.00>
ST_1 : Operation 12 [1/1] (0.46ns)   --->   "%store_ln0 = store i8 0, i8 %indvar_flatten13"   --->   Operation 12 'store' 'store_ln0' <Predicate = true> <Delay = 0.46>
ST_1 : Operation 13 [1/1] (0.46ns)   --->   "%store_ln0 = store i4 0, i4 %i"   --->   Operation 13 'store' 'store_ln0' <Predicate = true> <Delay = 0.46>
ST_1 : Operation 14 [1/1] (0.46ns)   --->   "%store_ln0 = store i4 0, i4 %j"   --->   Operation 14 'store' 'store_ln0' <Predicate = true> <Delay = 0.46>
ST_1 : Operation 15 [1/1] (0.00ns)   --->   "%br_ln0 = br void %for.body216"   --->   Operation 15 'br' 'br_ln0' <Predicate = true> <Delay = 0.00>
ST_1 : Operation 16 [1/1] (0.00ns)   --->   "%indvar_flatten13_load = load i8 %indvar_flatten13" [cluster.cpp:280]   --->   Operation 16 'load' 'indvar_flatten13_load' <Predicate = true> <Delay = 0.00>
ST_1 : Operation 17 [1/1] (0.87ns)   --->   "%icmp_ln280 = icmp_eq  i8 %indvar_flatten13_load, i8 144" [cluster.cpp:280]   --->   Operation 17 'icmp' 'icmp_ln280' <Predicate = true> <Delay = 0.87> <CoreInst = "Cmp">   --->   Core 9 'Cmp' <Latency = 0> <II = 1> <Delay = 0.87> <FuncUnit> <Opcode : 'icmp'> <InPorts = 2> <OutPorts = 1>
ST_1 : Operation 18 [1/1] (0.87ns)   --->   "%add_ln280_1 = add i8 %indvar_flatten13_load, i8 1" [cluster.cpp:280]   --->   Operation 18 'add' 'add_ln280_1' <Predicate = true> <Delay = 0.87> <CoreInst = "Adder">   --->   Core 1 'Adder' <Latency = 0> <II = 1> <Delay = 0.87> <FuncUnit> <Opcode : 'add' 'sub'> <InPorts = 2> <OutPorts = 1>
ST_1 : Operation 19 [1/1] (0.00ns)   --->   "%br_ln280 = br i1 %icmp_ln280, void %for.inc252, void %for.end254.exitStub" [cluster.cpp:280]   --->   Operation 19 'br' 'br_ln280' <Predicate = true> <Delay = 0.00>
ST_1 : Operation 20 [1/1] (0.00ns)   --->   "%j_load = load i4 %j" [cluster.cpp:282]   --->   Operation 20 'load' 'j_load' <Predicate = (!icmp_ln280)> <Delay = 0.00>
ST_1 : Operation 21 [1/1] (0.00ns)   --->   "%i_load = load i4 %i" [cluster.cpp:280]   --->   Operation 21 'load' 'i_load' <Predicate = (!icmp_ln280)> <Delay = 0.00>
ST_1 : Operation 22 [1/1] (0.80ns)   --->   "%add_ln280 = add i4 %i_load, i4 1" [cluster.cpp:280]   --->   Operation 22 'add' 'add_ln280' <Predicate = (!icmp_ln280)> <Delay = 0.80> <CoreInst = "Adder">   --->   Core 1 'Adder' <Latency = 0> <II = 1> <Delay = 0.80> <FuncUnit> <Opcode : 'add' 'sub'> <InPorts = 2> <OutPorts = 1>
ST_1 : Operation 23 [1/1] (0.80ns)   --->   "%icmp_ln282 = icmp_eq  i4 %j_load, i4 12" [cluster.cpp:282]   --->   Operation 23 'icmp' 'icmp_ln282' <Predicate = (!icmp_ln280)> <Delay = 0.80> <CoreInst = "Cmp">   --->   Core 9 'Cmp' <Latency = 0> <II = 1> <Delay = 0.80> <FuncUnit> <Opcode : 'icmp'> <InPorts = 2> <OutPorts = 1>
ST_1 : Operation 24 [1/1] (0.18ns)   --->   "%select_ln280 = select i1 %icmp_ln282, i4 0, i4 %j_load" [cluster.cpp:280]   --->   Operation 24 'select' 'select_ln280' <Predicate = (!icmp_ln280)> <Delay = 0.18> <CoreInst = "Sel">   --->   Core 73 'Sel' <Latency = 0> <II = 1> <Delay = 0.18> <FuncUnit> <Opcode : 'select'> <InPorts = 3> <OutPorts = 1>
ST_1 : Operation 25 [1/1] (0.18ns)   --->   "%select_ln280_1 = select i1 %icmp_ln282, i4 %add_ln280, i4 %i_load" [cluster.cpp:280]   --->   Operation 25 'select' 'select_ln280_1' <Predicate = (!icmp_ln280)> <Delay = 0.18> <CoreInst = "Sel">   --->   Core 73 'Sel' <Latency = 0> <II = 1> <Delay = 0.18> <FuncUnit> <Opcode : 'select'> <InPorts = 3> <OutPorts = 1>
ST_1 : Operation 26 [1/1] (0.00ns)   --->   "%tmp_s = bitconcatenate i8 @_ssdm_op_BitConcatenate.i8.i4.i4, i4 %select_ln280_1, i4 0" [cluster.cpp:284]   --->   Operation 26 'bitconcatenate' 'tmp_s' <Predicate = (!icmp_ln280)> <Delay = 0.00>
ST_1 : Operation 27 [1/1] (0.00ns)   --->   "%tmp_2 = bitconcatenate i6 @_ssdm_op_BitConcatenate.i6.i4.i2, i4 %select_ln280_1, i2 0" [cluster.cpp:284]   --->   Operation 27 'bitconcatenate' 'tmp_2' <Predicate = (!icmp_ln280)> <Delay = 0.00>
ST_1 : Operation 28 [1/1] (0.00ns)   --->   "%zext_ln284 = zext i6 %tmp_2" [cluster.cpp:284]   --->   Operation 28 'zext' 'zext_ln284' <Predicate = (!icmp_ln280)> <Delay = 0.00>
ST_1 : Operation 29 [1/1] (0.00ns) (grouped into TernaryAdder)   --->   "%sub_ln284 = sub i8 %tmp_s, i8 %zext_ln284" [cluster.cpp:284]   --->   Operation 29 'sub' 'sub_ln284' <Predicate = (!icmp_ln280)> <Delay = 0.00> <CoreInst = "TAddSub">   --->   Core 10 'TAddSub' <Latency = 0> <II = 1> <Delay = 0.51> <IPBlock> <Opcode : '<invalid operator> ' 'add' 'sub'> <InPorts = 3> <OutPorts = 1> <Sync> <CReg>
ST_1 : Operation 30 [1/1] (0.00ns)   --->   "%zext_ln284_1 = zext i4 %select_ln280" [cluster.cpp:284]   --->   Operation 30 'zext' 'zext_ln284_1' <Predicate = (!icmp_ln280)> <Delay = 0.00>
ST_1 : Operation 31 [1/1] (1.02ns) (root node of TernaryAdder)   --->   "%add_ln284 = add i8 %sub_ln284, i8 %zext_ln284_1" [cluster.cpp:284]   --->   Operation 31 'add' 'add_ln284' <Predicate = (!icmp_ln280)> <Delay = 1.02> <CoreInst = "TAddSub">   --->   Core 10 'TAddSub' <Latency = 0> <II = 1> <Delay = 0.51> <IPBlock> <Opcode : '<invalid operator> ' 'add' 'sub'> <InPorts = 3> <OutPorts = 1> <Sync> <CReg>
ST_1 : Operation 32 [1/1] (0.00ns)   --->   "%zext_ln284_2 = zext i8 %add_ln284" [cluster.cpp:284]   --->   Operation 32 'zext' 'zext_ln284_2' <Predicate = (!icmp_ln280)> <Delay = 0.00>
ST_1 : Operation 33 [1/1] (0.00ns)   --->   "%grid_addr = getelementptr i1 %grid, i64 0, i64 %zext_ln284_2" [cluster.cpp:284]   --->   Operation 33 'getelementptr' 'grid_addr' <Predicate = (!icmp_ln280)> <Delay = 0.00>
ST_1 : Operation 34 [1/1] (0.00ns)   --->   "%clusterGrid1_addr = getelementptr i16 %clusterGrid1, i64 0, i64 %zext_ln284_2" [cluster.cpp:285]   --->   Operation 34 'getelementptr' 'clusterGrid1_addr' <Predicate = (!icmp_ln280)> <Delay = 0.00>
ST_1 : Operation 35 [1/1] (0.00ns)   --->   "%clusterGrid2_addr = getelementptr i16 %clusterGrid2, i64 0, i64 %zext_ln284_2" [cluster.cpp:285]   --->   Operation 35 'getelementptr' 'clusterGrid2_addr' <Predicate = (!icmp_ln280)> <Delay = 0.00>
ST_1 : Operation 36 [2/2] (0.73ns)   --->   "%grid_load = load i8 %grid_addr" [cluster.cpp:284]   --->   Operation 36 'load' 'grid_load' <Predicate = (!icmp_ln280)> <Delay = 0.73> <CoreInst = "RAM">   --->   Core 83 'RAM' <Latency = 1> <II = 1> <Delay = 0.73> <Storage> <Opcode : 'load' 'store'> <Ports = 2> <Width = 1> <Depth = 144> <RAM>
ST_1 : Operation 37 [2/2] (1.29ns)   --->   "%clusterGrid2_load = load i8 %clusterGrid2_addr" [cluster.cpp:285]   --->   Operation 37 'load' 'clusterGrid2_load' <Predicate = (!icmp_ln280)> <Delay = 1.29> <CoreInst = "RAM_2P_BRAM">   --->   Core 94 'RAM_2P_BRAM' <Latency = 1> <II = 1> <Delay = 1.29> <Storage> <Opcode : 'load' 'store'> <Ports = 2> <Width = 16> <Depth = 144> <RAM>
ST_1 : Operation 38 [2/2] (1.29ns)   --->   "%clusterGrid1_load = load i8 %clusterGrid1_addr" [cluster.cpp:285]   --->   Operation 38 'load' 'clusterGrid1_load' <Predicate = (!icmp_ln280)> <Delay = 1.29> <CoreInst = "RAM_2P_BRAM">   --->   Core 94 'RAM_2P_BRAM' <Latency = 1> <II = 1> <Delay = 1.29> <Storage> <Opcode : 'load' 'store'> <Ports = 2> <Width = 16> <Depth = 144> <RAM>
ST_1 : Operation 39 [1/1] (0.80ns)   --->   "%add_ln282 = add i4 %select_ln280, i4 1" [cluster.cpp:282]   --->   Operation 39 'add' 'add_ln282' <Predicate = (!icmp_ln280)> <Delay = 0.80> <CoreInst = "Adder">   --->   Core 1 'Adder' <Latency = 0> <II = 1> <Delay = 0.80> <FuncUnit> <Opcode : 'add' 'sub'> <InPorts = 2> <OutPorts = 1>
ST_1 : Operation 40 [1/1] (0.46ns)   --->   "%store_ln282 = store i8 %add_ln280_1, i8 %indvar_flatten13" [cluster.cpp:282]   --->   Operation 40 'store' 'store_ln282' <Predicate = (!icmp_ln280)> <Delay = 0.46>
ST_1 : Operation 41 [1/1] (0.46ns)   --->   "%store_ln282 = store i4 %select_ln280_1, i4 %i" [cluster.cpp:282]   --->   Operation 41 'store' 'store_ln282' <Predicate = (!icmp_ln280)> <Delay = 0.46>
ST_1 : Operation 42 [1/1] (0.46ns)   --->   "%store_ln282 = store i4 %add_ln282, i4 %j" [cluster.cpp:282]   --->   Operation 42 'store' 'store_ln282' <Predicate = (!icmp_ln280)> <Delay = 0.46>
ST_1 : Operation 62 [1/1] (0.00ns)   --->   "%ret_ln0 = ret"   --->   Operation 62 'ret' 'ret_ln0' <Predicate = (icmp_ln280)> <Delay = 0.00>

State 2 <SV = 1> <Delay = 4.14>
ST_2 : Operation 43 [1/1] (0.00ns)   --->   "%specloopname_ln0 = specloopname void @_ssdm_op_SpecLoopName, void @CreateResult_CreateResultInner_str"   --->   Operation 43 'specloopname' 'specloopname_ln0' <Predicate = true> <Delay = 0.00>
ST_2 : Operation 44 [1/1] (0.00ns)   --->   "%speclooptripcount_ln0 = speclooptripcount void @_ssdm_op_SpecLoopTripCount, i64 144, i64 144, i64 144"   --->   Operation 44 'speclooptripcount' 'speclooptripcount_ln0' <Predicate = true> <Delay = 0.00>
ST_2 : Operation 45 [1/1] (0.00ns)   --->   "%zext_ln280 = zext i4 %select_ln280_1" [cluster.cpp:280]   --->   Operation 45 'zext' 'zext_ln280' <Predicate = true> <Delay = 0.00>
ST_2 : Operation 46 [1/1] (0.00ns)   --->   "%pointsGrid_addr = getelementptr i96 %pointsGrid, i64 0, i64 %zext_ln284_2" [cluster.cpp:288]   --->   Operation 46 'getelementptr' 'pointsGrid_addr' <Predicate = true> <Delay = 0.00>
ST_2 : Operation 47 [1/1] (0.00ns)   --->   "%specpipeline_ln283 = specpipeline void @_ssdm_op_SpecPipeline, i32 1, i32 0, i32 0, i32 0, void @empty_0" [cluster.cpp:283]   --->   Operation 47 'specpipeline' 'specpipeline_ln283' <Predicate = true> <Delay = 0.00>
ST_2 : Operation 48 [1/1] (0.00ns)   --->   "%specloopname_ln282 = specloopname void @_ssdm_op_SpecLoopName, void @empty_2" [cluster.cpp:282]   --->   Operation 48 'specloopname' 'specloopname_ln282' <Predicate = true> <Delay = 0.00>
ST_2 : Operation 49 [1/2] (0.73ns)   --->   "%grid_load = load i8 %grid_addr" [cluster.cpp:284]   --->   Operation 49 'load' 'grid_load' <Predicate = true> <Delay = 0.73> <CoreInst = "RAM">   --->   Core 83 'RAM' <Latency = 1> <II = 1> <Delay = 0.73> <Storage> <Opcode : 'load' 'store'> <Ports = 2> <Width = 1> <Depth = 144> <RAM>
ST_2 : Operation 50 [1/1] (0.00ns) (grouped into LUT with out node select_ln284)   --->   "%zext_ln288 = zext i4 %select_ln280" [cluster.cpp:288]   --->   Operation 50 'zext' 'zext_ln288' <Predicate = true> <Delay = 0.00>
ST_2 : Operation 51 [1/1] (0.00ns) (grouped into LUT with out node select_ln284)   --->   "%tmp = bitconcatenate i36 @_ssdm_op_BitConcatenate.i36.i4.i32, i4 %select_ln280, i32 %zext_ln280" [cluster.cpp:288]   --->   Operation 51 'bitconcatenate' 'tmp' <Predicate = true> <Delay = 0.00>
ST_2 : Operation 52 [1/1] (0.00ns) (grouped into LUT with out node select_ln284)   --->   "%zext_ln285 = zext i36 %tmp" [cluster.cpp:285]   --->   Operation 52 'zext' 'zext_ln285' <Predicate = true> <Delay = 0.00>
ST_2 : Operation 53 [1/2] (1.29ns)   --->   "%clusterGrid2_load = load i8 %clusterGrid2_addr" [cluster.cpp:285]   --->   Operation 53 'load' 'clusterGrid2_load' <Predicate = true> <Delay = 1.29> <CoreInst = "RAM_2P_BRAM">   --->   Core 94 'RAM_2P_BRAM' <Latency = 1> <II = 1> <Delay = 1.29> <Storage> <Opcode : 'load' 'store'> <Ports = 2> <Width = 16> <Depth = 144> <RAM>
ST_2 : Operation 54 [1/1] (1.12ns)   --->   "%icmp_ln285 = icmp_eq  i16 %clusterGrid2_load, i16 0" [cluster.cpp:285]   --->   Operation 54 'icmp' 'icmp_ln285' <Predicate = true> <Delay = 1.12> <CoreInst = "Cmp">   --->   Core 9 'Cmp' <Latency = 0> <II = 1> <Delay = 1.12> <FuncUnit> <Opcode : 'icmp'> <InPorts = 2> <OutPorts = 1>
ST_2 : Operation 55 [1/2] (1.29ns)   --->   "%clusterGrid1_load = load i8 %clusterGrid1_addr" [cluster.cpp:285]   --->   Operation 55 'load' 'clusterGrid1_load' <Predicate = true> <Delay = 1.29> <CoreInst = "RAM_2P_BRAM">   --->   Core 94 'RAM_2P_BRAM' <Latency = 1> <II = 1> <Delay = 1.29> <Storage> <Opcode : 'load' 'store'> <Ports = 2> <Width = 16> <Depth = 144> <RAM>
ST_2 : Operation 56 [1/1] (0.00ns) (grouped into LUT with out node select_ln284)   --->   "%clusterID = select i1 %icmp_ln285, i16 %clusterGrid1_load, i16 %clusterGrid2_load" [cluster.cpp:285]   --->   Operation 56 'select' 'clusterID' <Predicate = true> <Delay = 0.00> <CoreInst = "Sel">   --->   Core 73 'Sel' <Latency = 0> <II = 1> <Delay = 0.29> <FuncUnit> <Opcode : 'select'> <InPorts = 3> <OutPorts = 1>
ST_2 : Operation 57 [1/1] (0.00ns) (grouped into LUT with out node select_ln284)   --->   "%tmp_1 = bitconcatenate i80 @_ssdm_op_BitConcatenate.i80.i16.i32.i32, i16 %clusterID, i32 %zext_ln288, i32 %zext_ln280" [cluster.cpp:286]   --->   Operation 57 'bitconcatenate' 'tmp_1' <Predicate = true> <Delay = 0.00>
ST_2 : Operation 58 [1/1] (0.43ns) (out node of the LUT)   --->   "%select_ln284 = select i1 %grid_load, i80 %tmp_1, i80 %zext_ln285" [cluster.cpp:284]   --->   Operation 58 'select' 'select_ln284' <Predicate = true> <Delay = 0.43> <CoreInst = "Sel">   --->   Core 73 'Sel' <Latency = 0> <II = 1> <Delay = 0.43> <FuncUnit> <Opcode : 'select'> <InPorts = 3> <OutPorts = 1>
ST_2 : Operation 59 [1/1] (0.00ns)   --->   "%sext_ln286 = sext i80 %select_ln284" [cluster.cpp:286]   --->   Operation 59 'sext' 'sext_ln286' <Predicate = true> <Delay = 0.00>
ST_2 : Operation 60 [1/1] (1.29ns)   --->   "%store_ln286 = store i96 %sext_ln286, i8 %pointsGrid_addr" [cluster.cpp:286]   --->   Operation 60 'store' 'store_ln286' <Predicate = true> <Delay = 1.29> <CoreInst = "RAM">   --->   Core 83 'RAM' <Latency = 1> <II = 1> <Delay = 1.29> <Storage> <Opcode : 'load' 'store'> <Ports = 2> <Width = 96> <Depth = 144> <RAM>
ST_2 : Operation 61 [1/1] (0.00ns)   --->   "%br_ln282 = br void %for.body216" [cluster.cpp:282]   --->   Operation 61 'br' 'br_ln282' <Predicate = true> <Delay = 0.00>


============================================================
+ Verbose Summary: Binding
============================================================
STG Binding: 
---------------- STG Properties BEGIN ----------------
- Is combinational: 0
- Is one-state seq: 0
- Is datapath-only: 0
- Is pipelined: 0
- Is top level: 0
Port [ Return ] is wired: 1; IO mode=ap_ctrl_hs:ce=0
Port [ grid]:  wired=1; compound=1; hidden=0; nouse=0; global=0; static=0; extern=0; dir=0; type=1; pingpong=0; private_global=0; MemPort=[13]; IO mode=ap_memory:ce=0
Port [ pointsGrid]:  wired=1; compound=1; hidden=0; nouse=0; global=0; static=0; extern=0; dir=1; type=1; pingpong=0; private_global=0; MemPort=[03]; IO mode=ap_memory:ce=0
Port [ clusterGrid1]:  wired=1; compound=1; hidden=0; nouse=0; global=0; static=0; extern=0; dir=0; type=1; pingpong=0; private_global=0; MemPort=[13]; IO mode=ap_memory:ce=0
Port [ clusterGrid2]:  wired=1; compound=1; hidden=0; nouse=0; global=0; static=0; extern=0; dir=0; type=1; pingpong=0; private_global=0; MemPort=[13]; IO mode=ap_memory:ce=0
---------------- STG Properties END ------------------

---------------- Datapath Model BEGIN ----------------

<LifeTime>
<method=bitvector/>
j                     (alloca           ) [ 010]
i                     (alloca           ) [ 010]
indvar_flatten13      (alloca           ) [ 010]
specmemcore_ln0       (specmemcore      ) [ 000]
specmemcore_ln0       (specmemcore      ) [ 000]
specinterface_ln0     (specinterface    ) [ 000]
specinterface_ln0     (specinterface    ) [ 000]
store_ln0             (store            ) [ 000]
store_ln0             (store            ) [ 000]
store_ln0             (store            ) [ 000]
br_ln0                (br               ) [ 000]
indvar_flatten13_load (load             ) [ 000]
icmp_ln280            (icmp             ) [ 010]
add_ln280_1           (add              ) [ 000]
br_ln280              (br               ) [ 000]
j_load                (load             ) [ 000]
i_load                (load             ) [ 000]
add_ln280             (add              ) [ 000]
icmp_ln282            (icmp             ) [ 000]
select_ln280          (select           ) [ 011]
select_ln280_1        (select           ) [ 011]
tmp_s                 (bitconcatenate   ) [ 000]
tmp_2                 (bitconcatenate   ) [ 000]
zext_ln284            (zext             ) [ 000]
sub_ln284             (sub              ) [ 000]
zext_ln284_1          (zext             ) [ 000]
add_ln284             (add              ) [ 000]
zext_ln284_2          (zext             ) [ 011]
grid_addr             (getelementptr    ) [ 011]
clusterGrid1_addr     (getelementptr    ) [ 011]
clusterGrid2_addr     (getelementptr    ) [ 011]
add_ln282             (add              ) [ 000]
store_ln282           (store            ) [ 000]
store_ln282           (store            ) [ 000]
store_ln282           (store            ) [ 000]
specloopname_ln0      (specloopname     ) [ 000]
speclooptripcount_ln0 (speclooptripcount) [ 000]
zext_ln280            (zext             ) [ 000]
pointsGrid_addr       (getelementptr    ) [ 000]
specpipeline_ln283    (specpipeline     ) [ 000]
specloopname_ln282    (specloopname     ) [ 000]
grid_load             (load             ) [ 000]
zext_ln288            (zext             ) [ 000]
tmp                   (bitconcatenate   ) [ 000]
zext_ln285            (zext             ) [ 000]
clusterGrid2_load     (load             ) [ 000]
icmp_ln285            (icmp             ) [ 000]
clusterGrid1_load     (load             ) [ 000]
clusterID             (select           ) [ 000]
tmp_1                 (bitconcatenate   ) [ 000]
select_ln284          (select           ) [ 000]
sext_ln286            (sext             ) [ 000]
store_ln286           (store            ) [ 000]
br_ln282              (br               ) [ 000]
ret_ln0               (ret              ) [ 000]
</LifeTime>

<model>

<comp_list>
<comp id="0" class="1000" name="grid">
<pin_list>
<pin id="1" dir="1" index="0" bw="1" slack="0"/>
</pin_list>
<bind>
<StgValue><ssdm name="grid"/><MemPortTyVec>1 3 </MemPortTyVec>
</StgValue>
</bind>
</comp>

<comp id="2" class="1000" name="pointsGrid">
<pin_list>
<pin id="3" dir="1" index="0" bw="1" slack="0"/>
</pin_list>
<bind>
<StgValue><ssdm name="pointsGrid"/><MemPortTyVec>0 3 </MemPortTyVec>
</StgValue>
</bind>
</comp>

<comp id="4" class="1000" name="clusterGrid1">
<pin_list>
<pin id="5" dir="1" index="0" bw="1" slack="0"/>
</pin_list>
<bind>
<StgValue><ssdm name="clusterGrid1"/><MemPortTyVec>1 3 </MemPortTyVec>
</StgValue>
</bind>
</comp>

<comp id="6" class="1000" name="clusterGrid2">
<pin_list>
<pin id="7" dir="1" index="0" bw="1" slack="0"/>
</pin_list>
<bind>
<StgValue><ssdm name="clusterGrid2"/><MemPortTyVec>1 3 </MemPortTyVec>
</StgValue>
</bind>
</comp>

<comp id="8" class="1001" name="const_8">
<pin_list>
<pin id="9" dir="1" index="0" bw="1" slack="0"/>
</pin_list>
<bind>
<StgValue><ssdm name=""/></StgValue>
</bind>
</comp>

<comp id="10" class="1001" name="const_10">
<pin_list>
<pin id="11" dir="1" index="0" bw="1" slack="2147483647"/>
</pin_list>
<bind>
<StgValue><ssdm name="_ssdm_op_SpecMemCore"/></StgValue>
</bind>
</comp>

<comp id="12" class="1001" name="const_12">
<pin_list>
<pin id="13" dir="1" index="0" bw="1" slack="2147483647"/>
</pin_list>
<bind>
<StgValue><ssdm name=""/></StgValue>
</bind>
</comp>

<comp id="14" class="1001" name="const_14">
<pin_list>
<pin id="15" dir="1" index="0" bw="1" slack="2147483647"/>
</pin_list>
<bind>
<StgValue><ssdm name=""/></StgValue>
</bind>
</comp>

<comp id="16" class="1001" name="const_16">
<pin_list>
<pin id="17" dir="1" index="0" bw="1" slack="2147483647"/>
</pin_list>
<bind>
<StgValue><ssdm name=""/></StgValue>
</bind>
</comp>

<comp id="18" class="1001" name="const_18">
<pin_list>
<pin id="19" dir="1" index="0" bw="1" slack="2147483647"/>
</pin_list>
<bind>
<StgValue><ssdm name="_ssdm_op_SpecInterface"/></StgValue>
</bind>
</comp>

<comp id="20" class="1001" name="const_20">
<pin_list>
<pin id="21" dir="1" index="0" bw="1" slack="2147483647"/>
</pin_list>
<bind>
<StgValue><ssdm name="empty"/></StgValue>
</bind>
</comp>

<comp id="22" class="1001" name="const_22">
<pin_list>
<pin id="23" dir="1" index="0" bw="1" slack="2147483647"/>
</pin_list>
<bind>
<StgValue><ssdm name=""/></StgValue>
</bind>
</comp>

<comp id="24" class="1001" name="const_24">
<pin_list>
<pin id="25" dir="1" index="0" bw="1" slack="2147483647"/>
</pin_list>
<bind>
<StgValue><ssdm name="empty_0"/></StgValue>
</bind>
</comp>

<comp id="26" class="1001" name="const_26">
<pin_list>
<pin id="27" dir="1" index="0" bw="1" slack="2147483647"/>
</pin_list>
<bind>
<StgValue><ssdm name=""/></StgValue>
</bind>
</comp>

<comp id="28" class="1001" name="const_28">
<pin_list>
<pin id="29" dir="1" index="0" bw="1" slack="0"/>
</pin_list>
<bind>
<StgValue><ssdm name=""/></StgValue>
</bind>
</comp>

<comp id="30" class="1001" name="const_30">
<pin_list>
<pin id="31" dir="1" index="0" bw="1" slack="0"/>
</pin_list>
<bind>
<StgValue><ssdm name=""/></StgValue>
</bind>
</comp>

<comp id="32" class="1001" name="const_32">
<pin_list>
<pin id="33" dir="1" index="0" bw="1" slack="0"/>
</pin_list>
<bind>
<StgValue><ssdm name=""/></StgValue>
</bind>
</comp>

<comp id="34" class="1001" name="const_34">
<pin_list>
<pin id="35" dir="1" index="0" bw="1" slack="0"/>
</pin_list>
<bind>
<StgValue><ssdm name=""/></StgValue>
</bind>
</comp>

<comp id="36" class="1001" name="const_36">
<pin_list>
<pin id="37" dir="1" index="0" bw="1" slack="0"/>
</pin_list>
<bind>
<StgValue><ssdm name=""/></StgValue>
</bind>
</comp>

<comp id="38" class="1001" name="const_38">
<pin_list>
<pin id="39" dir="1" index="0" bw="1" slack="0"/>
</pin_list>
<bind>
<StgValue><ssdm name=""/></StgValue>
</bind>
</comp>

<comp id="40" class="1001" name="const_40">
<pin_list>
<pin id="41" dir="1" index="0" bw="1" slack="0"/>
</pin_list>
<bind>
<StgValue><ssdm name="_ssdm_op_BitConcatenate.i8.i4.i4"/></StgValue>
</bind>
</comp>

<comp id="42" class="1001" name="const_42">
<pin_list>
<pin id="43" dir="1" index="0" bw="1" slack="0"/>
</pin_list>
<bind>
<StgValue><ssdm name="_ssdm_op_BitConcatenate.i6.i4.i2"/></StgValue>
</bind>
</comp>

<comp id="44" class="1001" name="const_44">
<pin_list>
<pin id="45" dir="1" index="0" bw="1" slack="0"/>
</pin_list>
<bind>
<StgValue><ssdm name=""/></StgValue>
</bind>
</comp>

<comp id="46" class="1001" name="const_46">
<pin_list>
<pin id="47" dir="1" index="0" bw="1" slack="0"/>
</pin_list>
<bind>
<StgValue><ssdm name=""/></StgValue>
</bind>
</comp>

<comp id="48" class="1001" name="const_48">
<pin_list>
<pin id="49" dir="1" index="0" bw="1" slack="2147483647"/>
</pin_list>
<bind>
<StgValue><ssdm name="_ssdm_op_SpecLoopName"/></StgValue>
</bind>
</comp>

<comp id="50" class="1001" name="const_50">
<pin_list>
<pin id="51" dir="1" index="0" bw="1" slack="2147483647"/>
</pin_list>
<bind>
<StgValue><ssdm name="CreateResult_CreateResultInner_str"/></StgValue>
</bind>
</comp>

<comp id="52" class="1001" name="const_52">
<pin_list>
<pin id="53" dir="1" index="0" bw="1" slack="2147483647"/>
</pin_list>
<bind>
<StgValue><ssdm name="_ssdm_op_SpecLoopTripCount"/></StgValue>
</bind>
</comp>

<comp id="54" class="1001" name="const_54">
<pin_list>
<pin id="55" dir="1" index="0" bw="1" slack="2147483647"/>
</pin_list>
<bind>
<StgValue><ssdm name=""/></StgValue>
</bind>
</comp>

<comp id="56" class="1001" name="const_56">
<pin_list>
<pin id="57" dir="1" index="0" bw="1" slack="2147483647"/>
</pin_list>
<bind>
<StgValue><ssdm name="_ssdm_op_SpecPipeline"/></StgValue>
</bind>
</comp>

<comp id="58" class="1001" name="const_58">
<pin_list>
<pin id="59" dir="1" index="0" bw="1" slack="2147483647"/>
</pin_list>
<bind>
<StgValue><ssdm name="empty_2"/></StgValue>
</bind>
</comp>

<comp id="60" class="1001" name="const_60">
<pin_list>
<pin id="61" dir="1" index="0" bw="1" slack="0"/>
</pin_list>
<bind>
<StgValue><ssdm name="_ssdm_op_BitConcatenate.i36.i4.i32"/></StgValue>
</bind>
</comp>

<comp id="62" class="1001" name="const_62">
<pin_list>
<pin id="63" dir="1" index="0" bw="1" slack="0"/>
</pin_list>
<bind>
<StgValue><ssdm name=""/></StgValue>
</bind>
</comp>

<comp id="64" class="1001" name="const_64">
<pin_list>
<pin id="65" dir="1" index="0" bw="1" slack="0"/>
</pin_list>
<bind>
<StgValue><ssdm name="_ssdm_op_BitConcatenate.i80.i16.i32.i32"/></StgValue>
</bind>
</comp>

<comp id="66" class="1004" name="j_fu_66">
<pin_list>
<pin id="67" dir="0" index="0" bw="1" slack="0"/>
<pin id="68" dir="1" index="1" bw="4" slack="0"/>
</pin_list>
<bind>
<opcode="alloca(26) " fcode="alloca"/>
<opset="j/1 "/>
</bind>
</comp>

<comp id="70" class="1004" name="i_fu_70">
<pin_list>
<pin id="71" dir="0" index="0" bw="1" slack="0"/>
<pin id="72" dir="1" index="1" bw="4" slack="0"/>
</pin_list>
<bind>
<opcode="alloca(26) " fcode="alloca"/>
<opset="i/1 "/>
</bind>
</comp>

<comp id="74" class="1004" name="indvar_flatten13_fu_74">
<pin_list>
<pin id="75" dir="0" index="0" bw="1" slack="0"/>
<pin id="76" dir="1" index="1" bw="8" slack="0"/>
</pin_list>
<bind>
<opcode="alloca(26) " fcode="alloca"/>
<opset="indvar_flatten13/1 "/>
</bind>
</comp>

<comp id="78" class="1004" name="grid_addr_gep_fu_78">
<pin_list>
<pin id="79" dir="0" index="0" bw="1" slack="0"/>
<pin id="80" dir="0" index="1" bw="1" slack="0"/>
<pin id="81" dir="0" index="2" bw="8" slack="0"/>
<pin id="82" dir="1" index="3" bw="8" slack="0"/>
</pin_list>
<bind>
<opcode="getelementptr(29) " fcode="getelementptr"/>
<opset="grid_addr/1 "/>
</bind>
</comp>

<comp id="85" class="1004" name="clusterGrid1_addr_gep_fu_85">
<pin_list>
<pin id="86" dir="0" index="0" bw="16" slack="0"/>
<pin id="87" dir="0" index="1" bw="1" slack="0"/>
<pin id="88" dir="0" index="2" bw="8" slack="0"/>
<pin id="89" dir="1" index="3" bw="8" slack="0"/>
</pin_list>
<bind>
<opcode="getelementptr(29) " fcode="getelementptr"/>
<opset="clusterGrid1_addr/1 "/>
</bind>
</comp>

<comp id="92" class="1004" name="clusterGrid2_addr_gep_fu_92">
<pin_list>
<pin id="93" dir="0" index="0" bw="16" slack="0"/>
<pin id="94" dir="0" index="1" bw="1" slack="0"/>
<pin id="95" dir="0" index="2" bw="8" slack="0"/>
<pin id="96" dir="1" index="3" bw="8" slack="0"/>
</pin_list>
<bind>
<opcode="getelementptr(29) " fcode="getelementptr"/>
<opset="clusterGrid2_addr/1 "/>
</bind>
</comp>

<comp id="99" class="1004" name="grp_access_fu_99">
<pin_list>
<pin id="100" dir="0" index="0" bw="8" slack="0"/>
<pin id="101" dir="0" index="1" bw="1" slack="2147483647"/>
<pin id="102" dir="0" index="2" bw="0" slack="2147483647"/>
<pin id="103" dir="1" index="3" bw="1" slack="0"/>
</pin_list>
<bind>
<opcode="load(27) " fcode="load"/>
<opset="grid_load/1 "/>
</bind>
</comp>

<comp id="105" class="1004" name="grp_access_fu_105">
<pin_list>
<pin id="106" dir="0" index="0" bw="8" slack="0"/>
<pin id="107" dir="0" index="1" bw="16" slack="2147483647"/>
<pin id="108" dir="0" index="2" bw="0" slack="2147483647"/>
<pin id="109" dir="1" index="3" bw="16" slack="0"/>
</pin_list>
<bind>
<opcode="load(27) " fcode="load"/>
<opset="clusterGrid2_load/1 "/>
</bind>
</comp>

<comp id="111" class="1004" name="grp_access_fu_111">
<pin_list>
<pin id="112" dir="0" index="0" bw="8" slack="0"/>
<pin id="113" dir="0" index="1" bw="16" slack="2147483647"/>
<pin id="114" dir="0" index="2" bw="0" slack="2147483647"/>
<pin id="115" dir="1" index="3" bw="16" slack="0"/>
</pin_list>
<bind>
<opcode="load(27) " fcode="load"/>
<opset="clusterGrid1_load/1 "/>
</bind>
</comp>

<comp id="117" class="1004" name="pointsGrid_addr_gep_fu_117">
<pin_list>
<pin id="118" dir="0" index="0" bw="96" slack="0"/>
<pin id="119" dir="0" index="1" bw="1" slack="0"/>
<pin id="120" dir="0" index="2" bw="8" slack="1"/>
<pin id="121" dir="1" index="3" bw="8" slack="0"/>
</pin_list>
<bind>
<opcode="getelementptr(29) " fcode="getelementptr"/>
<opset="pointsGrid_addr/2 "/>
</bind>
</comp>

<comp id="124" class="1004" name="store_ln286_access_fu_124">
<pin_list>
<pin id="125" dir="0" index="0" bw="8" slack="0"/>
<pin id="126" dir="0" index="1" bw="96" slack="0"/>
<pin id="127" dir="0" index="2" bw="0" slack="2147483647"/>
<pin id="128" dir="1" index="3" bw="96" slack="2147483647"/>
</pin_list>
<bind>
<opcode="store(28) " fcode="store"/>
<opset="store_ln286/2 "/>
</bind>
</comp>

<comp id="130" class="1004" name="store_ln0_store_fu_130">
<pin_list>
<pin id="131" dir="0" index="0" bw="1" slack="0"/>
<pin id="132" dir="0" index="1" bw="8" slack="0"/>
<pin id="133" dir="1" index="2" bw="0" slack="2147483647"/>
</pin_list>
<bind>
<opcode="store(28) " fcode="store"/>
<opset="store_ln0/1 "/>
</bind>
</comp>

<comp id="135" class="1004" name="store_ln0_store_fu_135">
<pin_list>
<pin id="136" dir="0" index="0" bw="1" slack="0"/>
<pin id="137" dir="0" index="1" bw="4" slack="0"/>
<pin id="138" dir="1" index="2" bw="0" slack="2147483647"/>
</pin_list>
<bind>
<opcode="store(28) " fcode="store"/>
<opset="store_ln0/1 "/>
</bind>
</comp>

<comp id="140" class="1004" name="store_ln0_store_fu_140">
<pin_list>
<pin id="141" dir="0" index="0" bw="1" slack="0"/>
<pin id="142" dir="0" index="1" bw="4" slack="0"/>
<pin id="143" dir="1" index="2" bw="0" slack="2147483647"/>
</pin_list>
<bind>
<opcode="store(28) " fcode="store"/>
<opset="store_ln0/1 "/>
</bind>
</comp>

<comp id="145" class="1004" name="indvar_flatten13_load_load_fu_145">
<pin_list>
<pin id="146" dir="0" index="0" bw="8" slack="0"/>
<pin id="147" dir="1" index="1" bw="8" slack="0"/>
</pin_list>
<bind>
<opcode="load(27) " fcode="load"/>
<opset="indvar_flatten13_load/1 "/>
</bind>
</comp>

<comp id="148" class="1004" name="icmp_ln280_fu_148">
<pin_list>
<pin id="149" dir="0" index="0" bw="8" slack="0"/>
<pin id="150" dir="0" index="1" bw="8" slack="0"/>
<pin id="151" dir="1" index="2" bw="1" slack="2147483647"/>
</pin_list>
<bind>
<opcode="icmp(45) " fcode="icmp"/>
<opset="icmp_ln280/1 "/>
</bind>
</comp>

<comp id="154" class="1004" name="add_ln280_1_fu_154">
<pin_list>
<pin id="155" dir="0" index="0" bw="8" slack="0"/>
<pin id="156" dir="0" index="1" bw="1" slack="0"/>
<pin id="157" dir="1" index="2" bw="8" slack="0"/>
</pin_list>
<bind>
<opcode="add(8) " fcode="add"/>
<opset="add_ln280_1/1 "/>
</bind>
</comp>

<comp id="160" class="1004" name="j_load_load_fu_160">
<pin_list>
<pin id="161" dir="0" index="0" bw="4" slack="0"/>
<pin id="162" dir="1" index="1" bw="4" slack="0"/>
</pin_list>
<bind>
<opcode="load(27) " fcode="load"/>
<opset="j_load/1 "/>
</bind>
</comp>

<comp id="163" class="1004" name="i_load_load_fu_163">
<pin_list>
<pin id="164" dir="0" index="0" bw="4" slack="0"/>
<pin id="165" dir="1" index="1" bw="4" slack="0"/>
</pin_list>
<bind>
<opcode="load(27) " fcode="load"/>
<opset="i_load/1 "/>
</bind>
</comp>

<comp id="166" class="1004" name="add_ln280_fu_166">
<pin_list>
<pin id="167" dir="0" index="0" bw="4" slack="0"/>
<pin id="168" dir="0" index="1" bw="1" slack="0"/>
<pin id="169" dir="1" index="2" bw="4" slack="0"/>
</pin_list>
<bind>
<opcode="add(8) " fcode="add"/>
<opset="add_ln280/1 "/>
</bind>
</comp>

<comp id="172" class="1004" name="icmp_ln282_fu_172">
<pin_list>
<pin id="173" dir="0" index="0" bw="4" slack="0"/>
<pin id="174" dir="0" index="1" bw="4" slack="0"/>
<pin id="175" dir="1" index="2" bw="1" slack="0"/>
</pin_list>
<bind>
<opcode="icmp(45) " fcode="icmp"/>
<opset="icmp_ln282/1 "/>
</bind>
</comp>

<comp id="178" class="1004" name="select_ln280_fu_178">
<pin_list>
<pin id="179" dir="0" index="0" bw="1" slack="0"/>
<pin id="180" dir="0" index="1" bw="4" slack="0"/>
<pin id="181" dir="0" index="2" bw="4" slack="0"/>
<pin id="182" dir="1" index="3" bw="4" slack="0"/>
</pin_list>
<bind>
<opcode="select(49) " fcode="select"/>
<opset="select_ln280/1 "/>
</bind>
</comp>

<comp id="186" class="1004" name="select_ln280_1_fu_186">
<pin_list>
<pin id="187" dir="0" index="0" bw="1" slack="0"/>
<pin id="188" dir="0" index="1" bw="4" slack="0"/>
<pin id="189" dir="0" index="2" bw="4" slack="0"/>
<pin id="190" dir="1" index="3" bw="4" slack="0"/>
</pin_list>
<bind>
<opcode="select(49) " fcode="select"/>
<opset="select_ln280_1/1 "/>
</bind>
</comp>

<comp id="194" class="1004" name="tmp_s_fu_194">
<pin_list>
<pin id="195" dir="0" index="0" bw="8" slack="0"/>
<pin id="196" dir="0" index="1" bw="4" slack="0"/>
<pin id="197" dir="0" index="2" bw="1" slack="0"/>
<pin id="198" dir="1" index="3" bw="8" slack="0"/>
</pin_list>
<bind>
<opcode="bitconcatenate(1004) " fcode="bitconcatenate"/>
<opset="tmp_s/1 "/>
</bind>
</comp>

<comp id="202" class="1004" name="tmp_2_fu_202">
<pin_list>
<pin id="203" dir="0" index="0" bw="6" slack="0"/>
<pin id="204" dir="0" index="1" bw="4" slack="0"/>
<pin id="205" dir="0" index="2" bw="1" slack="0"/>
<pin id="206" dir="1" index="3" bw="6" slack="0"/>
</pin_list>
<bind>
<opcode="bitconcatenate(1004) " fcode="bitconcatenate"/>
<opset="tmp_2/1 "/>
</bind>
</comp>

<comp id="210" class="1004" name="zext_ln284_fu_210">
<pin_list>
<pin id="211" dir="0" index="0" bw="6" slack="0"/>
<pin id="212" dir="1" index="1" bw="8" slack="0"/>
</pin_list>
<bind>
<opcode="zext(34) " fcode="zext"/>
<opset="zext_ln284/1 "/>
</bind>
</comp>

<comp id="214" class="1004" name="sub_ln284_fu_214">
<pin_list>
<pin id="215" dir="0" index="0" bw="8" slack="0"/>
<pin id="216" dir="0" index="1" bw="6" slack="0"/>
<pin id="217" dir="1" index="2" bw="8" slack="0"/>
</pin_list>
<bind>
<opcode="sub(10) " fcode="sub"/>
<opset="sub_ln284/1 "/>
</bind>
</comp>

<comp id="220" class="1004" name="zext_ln284_1_fu_220">
<pin_list>
<pin id="221" dir="0" index="0" bw="4" slack="0"/>
<pin id="222" dir="1" index="1" bw="8" slack="0"/>
</pin_list>
<bind>
<opcode="zext(34) " fcode="zext"/>
<opset="zext_ln284_1/1 "/>
</bind>
</comp>

<comp id="224" class="1004" name="add_ln284_fu_224">
<pin_list>
<pin id="225" dir="0" index="0" bw="8" slack="0"/>
<pin id="226" dir="0" index="1" bw="4" slack="0"/>
<pin id="227" dir="1" index="2" bw="8" slack="0"/>
</pin_list>
<bind>
<opcode="add(8) " fcode="add"/>
<opset="add_ln284/1 "/>
</bind>
</comp>

<comp id="230" class="1004" name="zext_ln284_2_fu_230">
<pin_list>
<pin id="231" dir="0" index="0" bw="8" slack="0"/>
<pin id="232" dir="1" index="1" bw="64" slack="0"/>
</pin_list>
<bind>
<opcode="zext(34) " fcode="zext"/>
<opset="zext_ln284_2/1 "/>
</bind>
</comp>

<comp id="237" class="1004" name="add_ln282_fu_237">
<pin_list>
<pin id="238" dir="0" index="0" bw="4" slack="0"/>
<pin id="239" dir="0" index="1" bw="1" slack="0"/>
<pin id="240" dir="1" index="2" bw="4" slack="0"/>
</pin_list>
<bind>
<opcode="add(8) " fcode="add"/>
<opset="add_ln282/1 "/>
</bind>
</comp>

<comp id="243" class="1004" name="store_ln282_store_fu_243">
<pin_list>
<pin id="244" dir="0" index="0" bw="8" slack="0"/>
<pin id="245" dir="0" index="1" bw="8" slack="0"/>
<pin id="246" dir="1" index="2" bw="0" slack="2147483647"/>
</pin_list>
<bind>
<opcode="store(28) " fcode="store"/>
<opset="store_ln282/1 "/>
</bind>
</comp>

<comp id="248" class="1004" name="store_ln282_store_fu_248">
<pin_list>
<pin id="249" dir="0" index="0" bw="4" slack="0"/>
<pin id="250" dir="0" index="1" bw="4" slack="0"/>
<pin id="251" dir="1" index="2" bw="0" slack="2147483647"/>
</pin_list>
<bind>
<opcode="store(28) " fcode="store"/>
<opset="store_ln282/1 "/>
</bind>
</comp>

<comp id="253" class="1004" name="store_ln282_store_fu_253">
<pin_list>
<pin id="254" dir="0" index="0" bw="4" slack="0"/>
<pin id="255" dir="0" index="1" bw="4" slack="0"/>
<pin id="256" dir="1" index="2" bw="0" slack="2147483647"/>
</pin_list>
<bind>
<opcode="store(28) " fcode="store"/>
<opset="store_ln282/1 "/>
</bind>
</comp>

<comp id="258" class="1004" name="zext_ln280_fu_258">
<pin_list>
<pin id="259" dir="0" index="0" bw="4" slack="1"/>
<pin id="260" dir="1" index="1" bw="32" slack="0"/>
</pin_list>
<bind>
<opcode="zext(34) " fcode="zext"/>
<opset="zext_ln280/2 "/>
</bind>
</comp>

<comp id="261" class="1004" name="zext_ln288_fu_261">
<pin_list>
<pin id="262" dir="0" index="0" bw="4" slack="1"/>
<pin id="263" dir="1" index="1" bw="32" slack="0"/>
</pin_list>
<bind>
<opcode="zext(34) " fcode="zext"/>
<opset="zext_ln288/2 "/>
</bind>
</comp>

<comp id="264" class="1004" name="tmp_fu_264">
<pin_list>
<pin id="265" dir="0" index="0" bw="36" slack="0"/>
<pin id="266" dir="0" index="1" bw="4" slack="1"/>
<pin id="267" dir="0" index="2" bw="4" slack="0"/>
<pin id="268" dir="1" index="3" bw="36" slack="0"/>
</pin_list>
<bind>
<opcode="bitconcatenate(1004) " fcode="bitconcatenate"/>
<opset="tmp/2 "/>
</bind>
</comp>

<comp id="271" class="1004" name="zext_ln285_fu_271">
<pin_list>
<pin id="272" dir="0" index="0" bw="36" slack="0"/>
<pin id="273" dir="1" index="1" bw="80" slack="0"/>
</pin_list>
<bind>
<opcode="zext(34) " fcode="zext"/>
<opset="zext_ln285/2 "/>
</bind>
</comp>

<comp id="275" class="1004" name="icmp_ln285_fu_275">
<pin_list>
<pin id="276" dir="0" index="0" bw="16" slack="0"/>
<pin id="277" dir="0" index="1" bw="16" slack="0"/>
<pin id="278" dir="1" index="2" bw="1" slack="0"/>
</pin_list>
<bind>
<opcode="icmp(45) " fcode="icmp"/>
<opset="icmp_ln285/2 "/>
</bind>
</comp>

<comp id="281" class="1004" name="clusterID_fu_281">
<pin_list>
<pin id="282" dir="0" index="0" bw="1" slack="0"/>
<pin id="283" dir="0" index="1" bw="16" slack="0"/>
<pin id="284" dir="0" index="2" bw="16" slack="0"/>
<pin id="285" dir="1" index="3" bw="16" slack="0"/>
</pin_list>
<bind>
<opcode="select(49) " fcode="select"/>
<opset="clusterID/2 "/>
</bind>
</comp>

<comp id="289" class="1004" name="tmp_1_fu_289">
<pin_list>
<pin id="290" dir="0" index="0" bw="80" slack="0"/>
<pin id="291" dir="0" index="1" bw="16" slack="0"/>
<pin id="292" dir="0" index="2" bw="4" slack="0"/>
<pin id="293" dir="0" index="3" bw="4" slack="0"/>
<pin id="294" dir="1" index="4" bw="80" slack="0"/>
</pin_list>
<bind>
<opcode="bitconcatenate(1004) " fcode="bitconcatenate"/>
<opset="tmp_1/2 "/>
</bind>
</comp>

<comp id="299" class="1004" name="select_ln284_fu_299">
<pin_list>
<pin id="300" dir="0" index="0" bw="1" slack="0"/>
<pin id="301" dir="0" index="1" bw="80" slack="0"/>
<pin id="302" dir="0" index="2" bw="80" slack="0"/>
<pin id="303" dir="1" index="3" bw="80" slack="0"/>
</pin_list>
<bind>
<opcode="select(49) " fcode="select"/>
<opset="select_ln284/2 "/>
</bind>
</comp>

<comp id="307" class="1004" name="sext_ln286_fu_307">
<pin_list>
<pin id="308" dir="0" index="0" bw="80" slack="0"/>
<pin id="309" dir="1" index="1" bw="96" slack="0"/>
</pin_list>
<bind>
<opcode="sext(35) " fcode="sext"/>
<opset="sext_ln286/2 "/>
</bind>
</comp>

<comp id="312" class="1005" name="j_reg_312">
<pin_list>
<pin id="313" dir="0" index="0" bw="4" slack="0"/>
<pin id="314" dir="1" index="1" bw="4" slack="0"/>
</pin_list>
<bind>
<opset="j "/>
</bind>
</comp>

<comp id="319" class="1005" name="i_reg_319">
<pin_list>
<pin id="320" dir="0" index="0" bw="4" slack="0"/>
<pin id="321" dir="1" index="1" bw="4" slack="0"/>
</pin_list>
<bind>
<opset="i "/>
</bind>
</comp>

<comp id="326" class="1005" name="indvar_flatten13_reg_326">
<pin_list>
<pin id="327" dir="0" index="0" bw="8" slack="0"/>
<pin id="328" dir="1" index="1" bw="8" slack="0"/>
</pin_list>
<bind>
<opset="indvar_flatten13 "/>
</bind>
</comp>

<comp id="336" class="1005" name="select_ln280_reg_336">
<pin_list>
<pin id="337" dir="0" index="0" bw="4" slack="1"/>
<pin id="338" dir="1" index="1" bw="4" slack="1"/>
</pin_list>
<bind>
<opset="select_ln280 "/>
</bind>
</comp>

<comp id="342" class="1005" name="select_ln280_1_reg_342">
<pin_list>
<pin id="343" dir="0" index="0" bw="4" slack="1"/>
<pin id="344" dir="1" index="1" bw="4" slack="1"/>
</pin_list>
<bind>
<opset="select_ln280_1 "/>
</bind>
</comp>

<comp id="347" class="1005" name="zext_ln284_2_reg_347">
<pin_list>
<pin id="348" dir="0" index="0" bw="64" slack="1"/>
<pin id="349" dir="1" index="1" bw="64" slack="1"/>
</pin_list>
<bind>
<opset="zext_ln284_2 "/>
</bind>
</comp>

<comp id="352" class="1005" name="grid_addr_reg_352">
<pin_list>
<pin id="353" dir="0" index="0" bw="8" slack="1"/>
<pin id="354" dir="1" index="1" bw="8" slack="1"/>
</pin_list>
<bind>
<opset="grid_addr "/>
</bind>
</comp>

<comp id="357" class="1005" name="clusterGrid1_addr_reg_357">
<pin_list>
<pin id="358" dir="0" index="0" bw="8" slack="1"/>
<pin id="359" dir="1" index="1" bw="8" slack="1"/>
</pin_list>
<bind>
<opset="clusterGrid1_addr "/>
</bind>
</comp>

<comp id="362" class="1005" name="clusterGrid2_addr_reg_362">
<pin_list>
<pin id="363" dir="0" index="0" bw="8" slack="1"/>
<pin id="364" dir="1" index="1" bw="8" slack="1"/>
</pin_list>
<bind>
<opset="clusterGrid2_addr "/>
</bind>
</comp>

</comp_list>

<net_list>
<net id="69"><net_src comp="8" pin="0"/><net_sink comp="66" pin=0"/></net>

<net id="73"><net_src comp="8" pin="0"/><net_sink comp="70" pin=0"/></net>

<net id="77"><net_src comp="8" pin="0"/><net_sink comp="74" pin=0"/></net>

<net id="83"><net_src comp="0" pin="0"/><net_sink comp="78" pin=0"/></net>

<net id="84"><net_src comp="46" pin="0"/><net_sink comp="78" pin=1"/></net>

<net id="90"><net_src comp="4" pin="0"/><net_sink comp="85" pin=0"/></net>

<net id="91"><net_src comp="46" pin="0"/><net_sink comp="85" pin=1"/></net>

<net id="97"><net_src comp="6" pin="0"/><net_sink comp="92" pin=0"/></net>

<net id="98"><net_src comp="46" pin="0"/><net_sink comp="92" pin=1"/></net>

<net id="104"><net_src comp="78" pin="3"/><net_sink comp="99" pin=0"/></net>

<net id="110"><net_src comp="92" pin="3"/><net_sink comp="105" pin=0"/></net>

<net id="116"><net_src comp="85" pin="3"/><net_sink comp="111" pin=0"/></net>

<net id="122"><net_src comp="2" pin="0"/><net_sink comp="117" pin=0"/></net>

<net id="123"><net_src comp="46" pin="0"/><net_sink comp="117" pin=1"/></net>

<net id="129"><net_src comp="117" pin="3"/><net_sink comp="124" pin=0"/></net>

<net id="134"><net_src comp="28" pin="0"/><net_sink comp="130" pin=0"/></net>

<net id="139"><net_src comp="30" pin="0"/><net_sink comp="135" pin=0"/></net>

<net id="144"><net_src comp="30" pin="0"/><net_sink comp="140" pin=0"/></net>

<net id="152"><net_src comp="145" pin="1"/><net_sink comp="148" pin=0"/></net>

<net id="153"><net_src comp="32" pin="0"/><net_sink comp="148" pin=1"/></net>

<net id="158"><net_src comp="145" pin="1"/><net_sink comp="154" pin=0"/></net>

<net id="159"><net_src comp="34" pin="0"/><net_sink comp="154" pin=1"/></net>

<net id="170"><net_src comp="163" pin="1"/><net_sink comp="166" pin=0"/></net>

<net id="171"><net_src comp="36" pin="0"/><net_sink comp="166" pin=1"/></net>

<net id="176"><net_src comp="160" pin="1"/><net_sink comp="172" pin=0"/></net>

<net id="177"><net_src comp="38" pin="0"/><net_sink comp="172" pin=1"/></net>

<net id="183"><net_src comp="172" pin="2"/><net_sink comp="178" pin=0"/></net>

<net id="184"><net_src comp="30" pin="0"/><net_sink comp="178" pin=1"/></net>

<net id="185"><net_src comp="160" pin="1"/><net_sink comp="178" pin=2"/></net>

<net id="191"><net_src comp="172" pin="2"/><net_sink comp="186" pin=0"/></net>

<net id="192"><net_src comp="166" pin="2"/><net_sink comp="186" pin=1"/></net>

<net id="193"><net_src comp="163" pin="1"/><net_sink comp="186" pin=2"/></net>

<net id="199"><net_src comp="40" pin="0"/><net_sink comp="194" pin=0"/></net>

<net id="200"><net_src comp="186" pin="3"/><net_sink comp="194" pin=1"/></net>

<net id="201"><net_src comp="30" pin="0"/><net_sink comp="194" pin=2"/></net>

<net id="207"><net_src comp="42" pin="0"/><net_sink comp="202" pin=0"/></net>

<net id="208"><net_src comp="186" pin="3"/><net_sink comp="202" pin=1"/></net>

<net id="209"><net_src comp="44" pin="0"/><net_sink comp="202" pin=2"/></net>

<net id="213"><net_src comp="202" pin="3"/><net_sink comp="210" pin=0"/></net>

<net id="218"><net_src comp="194" pin="3"/><net_sink comp="214" pin=0"/></net>

<net id="219"><net_src comp="210" pin="1"/><net_sink comp="214" pin=1"/></net>

<net id="223"><net_src comp="178" pin="3"/><net_sink comp="220" pin=0"/></net>

<net id="228"><net_src comp="214" pin="2"/><net_sink comp="224" pin=0"/></net>

<net id="229"><net_src comp="220" pin="1"/><net_sink comp="224" pin=1"/></net>

<net id="233"><net_src comp="224" pin="2"/><net_sink comp="230" pin=0"/></net>

<net id="234"><net_src comp="230" pin="1"/><net_sink comp="78" pin=2"/></net>

<net id="235"><net_src comp="230" pin="1"/><net_sink comp="85" pin=2"/></net>

<net id="236"><net_src comp="230" pin="1"/><net_sink comp="92" pin=2"/></net>

<net id="241"><net_src comp="178" pin="3"/><net_sink comp="237" pin=0"/></net>

<net id="242"><net_src comp="36" pin="0"/><net_sink comp="237" pin=1"/></net>

<net id="247"><net_src comp="154" pin="2"/><net_sink comp="243" pin=0"/></net>

<net id="252"><net_src comp="186" pin="3"/><net_sink comp="248" pin=0"/></net>

<net id="257"><net_src comp="237" pin="2"/><net_sink comp="253" pin=0"/></net>

<net id="269"><net_src comp="60" pin="0"/><net_sink comp="264" pin=0"/></net>

<net id="270"><net_src comp="258" pin="1"/><net_sink comp="264" pin=2"/></net>

<net id="274"><net_src comp="264" pin="3"/><net_sink comp="271" pin=0"/></net>

<net id="279"><net_src comp="105" pin="3"/><net_sink comp="275" pin=0"/></net>

<net id="280"><net_src comp="62" pin="0"/><net_sink comp="275" pin=1"/></net>

<net id="286"><net_src comp="275" pin="2"/><net_sink comp="281" pin=0"/></net>

<net id="287"><net_src comp="111" pin="3"/><net_sink comp="281" pin=1"/></net>

<net id="288"><net_src comp="105" pin="3"/><net_sink comp="281" pin=2"/></net>

<net id="295"><net_src comp="64" pin="0"/><net_sink comp="289" pin=0"/></net>

<net id="296"><net_src comp="281" pin="3"/><net_sink comp="289" pin=1"/></net>

<net id="297"><net_src comp="261" pin="1"/><net_sink comp="289" pin=2"/></net>

<net id="298"><net_src comp="258" pin="1"/><net_sink comp="289" pin=3"/></net>

<net id="304"><net_src comp="99" pin="3"/><net_sink comp="299" pin=0"/></net>

<net id="305"><net_src comp="289" pin="4"/><net_sink comp="299" pin=1"/></net>

<net id="306"><net_src comp="271" pin="1"/><net_sink comp="299" pin=2"/></net>

<net id="310"><net_src comp="299" pin="3"/><net_sink comp="307" pin=0"/></net>

<net id="311"><net_src comp="307" pin="1"/><net_sink comp="124" pin=1"/></net>

<net id="315"><net_src comp="66" pin="1"/><net_sink comp="312" pin=0"/></net>

<net id="316"><net_src comp="312" pin="1"/><net_sink comp="140" pin=1"/></net>

<net id="317"><net_src comp="312" pin="1"/><net_sink comp="160" pin=0"/></net>

<net id="318"><net_src comp="312" pin="1"/><net_sink comp="253" pin=1"/></net>

<net id="322"><net_src comp="70" pin="1"/><net_sink comp="319" pin=0"/></net>

<net id="323"><net_src comp="319" pin="1"/><net_sink comp="135" pin=1"/></net>

<net id="324"><net_src comp="319" pin="1"/><net_sink comp="163" pin=0"/></net>

<net id="325"><net_src comp="319" pin="1"/><net_sink comp="248" pin=1"/></net>

<net id="329"><net_src comp="74" pin="1"/><net_sink comp="326" pin=0"/></net>

<net id="330"><net_src comp="326" pin="1"/><net_sink comp="130" pin=1"/></net>

<net id="331"><net_src comp="326" pin="1"/><net_sink comp="145" pin=0"/></net>

<net id="332"><net_src comp="326" pin="1"/><net_sink comp="243" pin=1"/></net>

<net id="339"><net_src comp="178" pin="3"/><net_sink comp="336" pin=0"/></net>

<net id="340"><net_src comp="336" pin="1"/><net_sink comp="261" pin=0"/></net>

<net id="341"><net_src comp="336" pin="1"/><net_sink comp="264" pin=1"/></net>

<net id="345"><net_src comp="186" pin="3"/><net_sink comp="342" pin=0"/></net>

<net id="346"><net_src comp="342" pin="1"/><net_sink comp="258" pin=0"/></net>

<net id="350"><net_src comp="230" pin="1"/><net_sink comp="347" pin=0"/></net>

<net id="351"><net_src comp="347" pin="1"/><net_sink comp="117" pin=2"/></net>

<net id="355"><net_src comp="78" pin="3"/><net_sink comp="352" pin=0"/></net>

<net id="356"><net_src comp="352" pin="1"/><net_sink comp="99" pin=0"/></net>

<net id="360"><net_src comp="85" pin="3"/><net_sink comp="357" pin=0"/></net>

<net id="361"><net_src comp="357" pin="1"/><net_sink comp="111" pin=0"/></net>

<net id="365"><net_src comp="92" pin="3"/><net_sink comp="362" pin=0"/></net>

<net id="366"><net_src comp="362" pin="1"/><net_sink comp="105" pin=0"/></net>

</net_list>

</model> 
---------------- Datapath Model END ------------------

* FSMD analyzer results:
  - Output states:
	Port: grid | {}
	Port: pointsGrid | {2 }
 - Input state : 
	Port: naive_findClustersHLS2_Pipeline_CreateResult_CreateResultInner : grid | {1 2 }
	Port: naive_findClustersHLS2_Pipeline_CreateResult_CreateResultInner : pointsGrid | {}
	Port: naive_findClustersHLS2_Pipeline_CreateResult_CreateResultInner : clusterGrid1 | {1 2 }
	Port: naive_findClustersHLS2_Pipeline_CreateResult_CreateResultInner : clusterGrid2 | {1 2 }
  - Chain level:
	State 1
		store_ln0 : 1
		store_ln0 : 1
		store_ln0 : 1
		indvar_flatten13_load : 1
		icmp_ln280 : 2
		add_ln280_1 : 2
		br_ln280 : 3
		j_load : 1
		i_load : 1
		add_ln280 : 2
		icmp_ln282 : 2
		select_ln280 : 3
		select_ln280_1 : 3
		tmp_s : 4
		tmp_2 : 4
		zext_ln284 : 5
		sub_ln284 : 6
		zext_ln284_1 : 4
		add_ln284 : 7
		zext_ln284_2 : 8
		grid_addr : 9
		clusterGrid1_addr : 9
		clusterGrid2_addr : 9
		grid_load : 10
		clusterGrid2_load : 10
		clusterGrid1_load : 10
		add_ln282 : 4
		store_ln282 : 3
		store_ln282 : 4
		store_ln282 : 5
	State 2
		tmp : 1
		zext_ln285 : 2
		icmp_ln285 : 1
		clusterID : 2
		tmp_1 : 3
		select_ln284 : 4
		sext_ln286 : 5
		store_ln286 : 6


============================================================
+ Verbose Summary: Datapath Resource usage 
============================================================

* Functional unit list:
|----------|-----------------------|---------|---------|
| Operation|    Functional Unit    |    FF   |   LUT   |
|----------|-----------------------|---------|---------|
|          |  select_ln280_fu_178  |    0    |    4    |
|  select  | select_ln280_1_fu_186 |    0    |    4    |
|          |    clusterID_fu_281   |    0    |    16   |
|          |  select_ln284_fu_299  |    0    |    78   |
|----------|-----------------------|---------|---------|
|          |   add_ln280_1_fu_154  |    0    |    15   |
|    add   |    add_ln280_fu_166   |    0    |    12   |
|          |    add_ln284_fu_224   |    0    |    19   |
|          |    add_ln282_fu_237   |    0    |    12   |
|----------|-----------------------|---------|---------|
|          |   icmp_ln280_fu_148   |    0    |    15   |
|   icmp   |   icmp_ln282_fu_172   |    0    |    12   |
|          |   icmp_ln285_fu_275   |    0    |    23   |
|----------|-----------------------|---------|---------|
|    sub   |    sub_ln284_fu_214   |    0    |    19   |
|----------|-----------------------|---------|---------|
|          |      tmp_s_fu_194     |    0    |    0    |
|bitconcatenate|      tmp_2_fu_202     |    0    |    0    |
|          |       tmp_fu_264      |    0    |    0    |
|          |      tmp_1_fu_289     |    0    |    0    |
|----------|-----------------------|---------|---------|
|          |   zext_ln284_fu_210   |    0    |    0    |
|          |  zext_ln284_1_fu_220  |    0    |    0    |
|   zext   |  zext_ln284_2_fu_230  |    0    |    0    |
|          |   zext_ln280_fu_258   |    0    |    0    |
|          |   zext_ln288_fu_261   |    0    |    0    |
|          |   zext_ln285_fu_271   |    0    |    0    |
|----------|-----------------------|---------|---------|
|   sext   |   sext_ln286_fu_307   |    0    |    0    |
|----------|-----------------------|---------|---------|
|   Total  |                       |    0    |   229   |
|----------|-----------------------|---------|---------|

Memories:
N/A

* Register list:
+-------------------------+--------+
|                         |   FF   |
+-------------------------+--------+
|clusterGrid1_addr_reg_357|    8   |
|clusterGrid2_addr_reg_362|    8   |
|    grid_addr_reg_352    |    8   |
|        i_reg_319        |    4   |
| indvar_flatten13_reg_326|    8   |
|        j_reg_312        |    4   |
|  select_ln280_1_reg_342 |    4   |
|   select_ln280_reg_336  |    4   |
|   zext_ln284_2_reg_347  |   64   |
+-------------------------+--------+
|          Total          |   112  |
+-------------------------+--------+

* Multiplexer (MUX) list: 
|-------------------|------|------|------|--------||---------||---------|
|        Comp       |  Pin | Size |  BW  | S x BW ||  Delay  ||   LUT   |
|-------------------|------|------|------|--------||---------||---------|
|  grp_access_fu_99 |  p0  |   2  |   8  |   16   ||    9    |
| grp_access_fu_105 |  p0  |   2  |   8  |   16   ||    9    |
| grp_access_fu_111 |  p0  |   2  |   8  |   16   ||    9    |
|-------------------|------|------|------|--------||---------||---------|
|       Total       |      |      |      |   48   ||   1.38  ||    27   |
|-------------------|------|------|------|--------||---------||---------|



* Summary:
+-----------+--------+--------+--------+
|           |  Delay |   FF   |   LUT  |
+-----------+--------+--------+--------+
|  Function |    -   |    0   |   229  |
|   Memory  |    -   |    -   |    -   |
|Multiplexer|    1   |    -   |   27   |
|  Register |    -   |   112  |    -   |
+-----------+--------+--------+--------+
|   Total   |    1   |   112  |   256  |
+-----------+--------+--------+--------+
