

================================================================
== Vitis HLS Report for 'naive_findClustersHLS2_Pipeline_FirstPass_FirstPassInner'
================================================================
* Date:           Thu Apr 24 10:03:26 2025

* Version:        2023.1 (Build 3854077 on May  4 2023)
* Project:        clustering
* Solution:       solution1 (Vivado IP Flow Target)
* Product family: virtexuplus
* Target device:  xcvu11p-flga2577-1-e


================================================================
== Performance Estimates
================================================================
+ Timing: 
    * Summary: 
    +--------+----------+----------+------------+
    |  Clock |  Target  | Estimated| Uncertainty|
    +--------+----------+----------+------------+
    |ap_clk  |  10.00 ns|  6.002 ns|     2.70 ns|
    +--------+----------+----------+------------+

+ Latency: 
    * Summary: 
    +---------+---------+----------+----------+-----+-----+---------+
    |  Latency (cycles) |  Latency (absolute) |  Interval | Pipeline|
    |   min   |   max   |    min   |    max   | min | max |   Type  |
    +---------+---------+----------+----------+-----+-----+---------+
    |      402|      402|  4.020 us|  4.020 us|  402|  402|       no|
    +---------+---------+----------+----------+-----+-----+---------+

    + Detail: 
        * Instance: 
        N/A

        * Loop: 
        +----------------------------+---------+---------+----------+-----------+-----------+------+----------+
        |                            |  Latency (cycles) | Iteration|  Initiation Interval  | Trip |          |
        |          Loop Name         |   min   |   max   |  Latency |  achieved |   target  | Count| Pipelined|
        +----------------------------+---------+---------+----------+-----------+-----------+------+----------+
        |- FirstPass_FirstPassInner  |      400|      400|         4|          4|         11|   100|       yes|
        +----------------------------+---------+---------+----------+-----------+-----------+------+----------+

============================================================
+ Verbose Summary: Synthesis Manager
============================================================
InlineROM: 1
ExposeGlobal: 0
============================================================
+ Verbose Summary: CDFG Model
============================================================
IsTopModel: 0
ResetActiveHigh: 1
IsCombinational: 0
IsDatapathOnly: 0
HasWiredReturn: 1
HasMFsm: 2
HasVarLatency: 1
IsPipeline: 0
IsRtlPipelined: 0
IsInstanceOverlapped: 0
IsDontTouch: 0
HasImplIP: 0
IsGatedGlobalClock: 0

+ Individual pipeline summary: 
  * Pipeline-0: initiation interval (II) = 4, depth = 4


============================================================
+ Verbose Summary: Schedule
============================================================
* Number of FSM states : 4
* Pipeline : 1
  Pipeline-0 : II = 4, D = 4, States = { 1 2 3 4 }
* Dataflow Pipeline: 0

* FSM state transitions: 
1 --> 2 
2 --> 3 
3 --> 4 
4 --> 

* FSM state operations: 

State 1 <SV = 0> <Delay = 3.46>
ST_1 : Operation 7 [1/1] (0.00ns)   --->   "%j = alloca i32 1"   --->   Operation 7 'alloca' 'j' <Predicate = true> <Delay = 0.00>
ST_1 : Operation 8 [1/1] (0.00ns)   --->   "%i = alloca i32 1"   --->   Operation 8 'alloca' 'i' <Predicate = true> <Delay = 0.00>
ST_1 : Operation 9 [1/1] (0.00ns)   --->   "%indvar_flatten = alloca i32 1"   --->   Operation 9 'alloca' 'indvar_flatten' <Predicate = true> <Delay = 0.00>
ST_1 : Operation 10 [1/1] (0.00ns)   --->   "%minClusterID = alloca i32 1"   --->   Operation 10 'alloca' 'minClusterID' <Predicate = true> <Delay = 0.00>
ST_1 : Operation 11 [1/1] (0.00ns)   --->   "%specmemcore_ln0 = specmemcore void @_ssdm_op_SpecMemCore, i16 %clusterGrid1, i64 666, i64 22, i64 18446744073709551615"   --->   Operation 11 'specmemcore' 'specmemcore_ln0' <Predicate = true> <Delay = 0.00>
ST_1 : Operation 12 [1/1] (0.00ns)   --->   "%specinterface_ln0 = specinterface void @_ssdm_op_SpecInterface, i1 %grid, void @empty, i32 0, i32 0, void @empty_0, i32 4294967295, i32 0, void @empty_0, void @empty_0, void @empty_0, i32 0, i32 0, i32 0, i32 0, void @empty_0, void @empty_0, i32 4294967295, i32 0"   --->   Operation 12 'specinterface' 'specinterface_ln0' <Predicate = true> <Delay = 0.00>
ST_1 : Operation 13 [1/1] (0.46ns)   --->   "%store_ln0 = store i16 1, i16 %minClusterID"   --->   Operation 13 'store' 'store_ln0' <Predicate = true> <Delay = 0.46>
ST_1 : Operation 14 [1/1] (0.46ns)   --->   "%store_ln0 = store i7 0, i7 %indvar_flatten"   --->   Operation 14 'store' 'store_ln0' <Predicate = true> <Delay = 0.46>
ST_1 : Operation 15 [1/1] (0.46ns)   --->   "%store_ln0 = store i4 1, i4 %i"   --->   Operation 15 'store' 'store_ln0' <Predicate = true> <Delay = 0.46>
ST_1 : Operation 16 [1/1] (0.46ns)   --->   "%store_ln0 = store i4 1, i4 %j"   --->   Operation 16 'store' 'store_ln0' <Predicate = true> <Delay = 0.46>
ST_1 : Operation 17 [1/1] (0.00ns)   --->   "%br_ln0 = br void %for.body39"   --->   Operation 17 'br' 'br_ln0' <Predicate = true> <Delay = 0.00>
ST_1 : Operation 18 [1/1] (0.00ns)   --->   "%indvar_flatten_load = load i7 %indvar_flatten" [cluster.cpp:227]   --->   Operation 18 'load' 'indvar_flatten_load' <Predicate = true> <Delay = 0.00>
ST_1 : Operation 19 [1/1] (0.85ns)   --->   "%icmp_ln227 = icmp_eq  i7 %indvar_flatten_load, i7 100" [cluster.cpp:227]   --->   Operation 19 'icmp' 'icmp_ln227' <Predicate = true> <Delay = 0.85> <CoreInst = "Cmp">   --->   Core 9 'Cmp' <Latency = 0> <II = 1> <Delay = 0.85> <FuncUnit> <Opcode : 'icmp'> <InPorts = 2> <OutPorts = 1>
ST_1 : Operation 20 [1/1] (0.85ns)   --->   "%add_ln227_1 = add i7 %indvar_flatten_load, i7 1" [cluster.cpp:227]   --->   Operation 20 'add' 'add_ln227_1' <Predicate = true> <Delay = 0.85> <CoreInst = "Adder">   --->   Core 1 'Adder' <Latency = 0> <II = 1> <Delay = 0.85> <FuncUnit> <Opcode : 'add' 'sub'> <InPorts = 2> <OutPorts = 1>
ST_1 : Operation 21 [1/1] (0.00ns)   --->   "%br_ln227 = br i1 %icmp_ln227, void %for.inc95, void %for.body107.preheader.exitStub" [cluster.cpp:227]   --->   Operation 21 'br' 'br_ln227' <Predicate = true> <Delay = 0.00>
ST_1 : Operation 22 [1/1] (0.00ns)   --->   "%j_load = load i4 %j" [cluster.cpp:229]   --->   Operation 22 'load' 'j_load' <Predicate = (!icmp_ln227)> <Delay = 0.00>
ST_1 : Operation 23 [1/1] (0.00ns)   --->   "%i_load = load i4 %i" [cluster.cpp:227]   --->   Operation 23 'load' 'i_load' <Predicate = (!icmp_ln227)> <Delay = 0.00>
ST_1 : Operation 24 [1/1] (0.80ns)   --->   "%add_ln227 = add i4 %i_load, i4 1" [cluster.cpp:227]   --->   Operation 24 'add' 'add_ln227' <Predicate = (!icmp_ln227)> <Delay = 0.80> <CoreInst = "Adder">   --->   Core 1 'Adder' <Latency = 0> <II = 1> <Delay = 0.80> <FuncUnit> <Opcode : 'add' 'sub'> <InPorts = 2> <OutPorts = 1>
ST_1 : Operation 25 [1/1] (0.80ns)   --->   "%icmp_ln229 = icmp_eq  i4 %j_load, i4 11" [cluster.cpp:229]   --->   Operation 25 'icmp' 'icmp_ln229' <Predicate = (!icmp_ln227)> <Delay = 0.80> <CoreInst = "Cmp">   --->   Core 9 'Cmp' <Latency = 0> <II = 1> <Delay = 0.80> <FuncUnit> <Opcode : 'icmp'> <InPorts = 2> <OutPorts = 1>
ST_1 : Operation 26 [1/1] (0.18ns)   --->   "%select_ln227 = select i1 %icmp_ln229, i4 1, i4 %j_load" [cluster.cpp:227]   --->   Operation 26 'select' 'select_ln227' <Predicate = (!icmp_ln227)> <Delay = 0.18> <CoreInst = "Sel">   --->   Core 73 'Sel' <Latency = 0> <II = 1> <Delay = 0.18> <FuncUnit> <Opcode : 'select'> <InPorts = 3> <OutPorts = 1>
ST_1 : Operation 27 [1/1] (0.18ns)   --->   "%select_ln227_1 = select i1 %icmp_ln229, i4 %add_ln227, i4 %i_load" [cluster.cpp:227]   --->   Operation 27 'select' 'select_ln227_1' <Predicate = (!icmp_ln227)> <Delay = 0.18> <CoreInst = "Sel">   --->   Core 73 'Sel' <Latency = 0> <II = 1> <Delay = 0.18> <FuncUnit> <Opcode : 'select'> <InPorts = 3> <OutPorts = 1>
ST_1 : Operation 28 [1/1] (0.00ns)   --->   "%tmp_2 = bitconcatenate i8 @_ssdm_op_BitConcatenate.i8.i4.i4, i4 %select_ln227_1, i4 0" [cluster.cpp:231]   --->   Operation 28 'bitconcatenate' 'tmp_2' <Predicate = (!icmp_ln227)> <Delay = 0.00>
ST_1 : Operation 29 [1/1] (0.00ns)   --->   "%tmp_3 = bitconcatenate i6 @_ssdm_op_BitConcatenate.i6.i4.i2, i4 %select_ln227_1, i2 0" [cluster.cpp:231]   --->   Operation 29 'bitconcatenate' 'tmp_3' <Predicate = (!icmp_ln227)> <Delay = 0.00>
ST_1 : Operation 30 [1/1] (0.00ns)   --->   "%zext_ln231 = zext i6 %tmp_3" [cluster.cpp:231]   --->   Operation 30 'zext' 'zext_ln231' <Predicate = (!icmp_ln227)> <Delay = 0.00>
ST_1 : Operation 31 [1/1] (0.87ns)   --->   "%sub_ln231 = sub i8 %tmp_2, i8 %zext_ln231" [cluster.cpp:231]   --->   Operation 31 'sub' 'sub_ln231' <Predicate = (!icmp_ln227)> <Delay = 0.87> <CoreInst = "Adder">   --->   Core 1 'Adder' <Latency = 0> <II = 1> <Delay = 0.87> <FuncUnit> <Opcode : 'add' 'sub'> <InPorts = 2> <OutPorts = 1>
ST_1 : Operation 32 [1/1] (0.80ns)   --->   "%empty = add i4 %i_load, i4 15" [cluster.cpp:227]   --->   Operation 32 'add' 'empty' <Predicate = (!icmp_ln227)> <Delay = 0.80> <CoreInst = "Adder">   --->   Core 1 'Adder' <Latency = 0> <II = 1> <Delay = 0.80> <FuncUnit> <Opcode : 'add' 'sub'> <InPorts = 2> <OutPorts = 1>
ST_1 : Operation 33 [1/1] (0.18ns)   --->   "%select_ln227_2 = select i1 %icmp_ln229, i4 %i_load, i4 %empty" [cluster.cpp:227]   --->   Operation 33 'select' 'select_ln227_2' <Predicate = (!icmp_ln227)> <Delay = 0.18> <CoreInst = "Sel">   --->   Core 73 'Sel' <Latency = 0> <II = 1> <Delay = 0.18> <FuncUnit> <Opcode : 'select'> <InPorts = 3> <OutPorts = 1>
ST_1 : Operation 34 [1/1] (0.00ns)   --->   "%zext_ln231_1 = zext i4 %select_ln227" [cluster.cpp:231]   --->   Operation 34 'zext' 'zext_ln231_1' <Predicate = (!icmp_ln227)> <Delay = 0.00>
ST_1 : Operation 35 [1/1] (0.87ns)   --->   "%add_ln231 = add i8 %sub_ln231, i8 %zext_ln231_1" [cluster.cpp:231]   --->   Operation 35 'add' 'add_ln231' <Predicate = (!icmp_ln227)> <Delay = 0.87> <CoreInst = "Adder">   --->   Core 1 'Adder' <Latency = 0> <II = 1> <Delay = 0.87> <FuncUnit> <Opcode : 'add' 'sub'> <InPorts = 2> <OutPorts = 1>
ST_1 : Operation 36 [1/1] (0.00ns)   --->   "%zext_ln231_2 = zext i8 %add_ln231" [cluster.cpp:231]   --->   Operation 36 'zext' 'zext_ln231_2' <Predicate = (!icmp_ln227)> <Delay = 0.00>
ST_1 : Operation 37 [1/1] (0.00ns)   --->   "%grid_addr = getelementptr i1 %grid, i64 0, i64 %zext_ln231_2" [cluster.cpp:231]   --->   Operation 37 'getelementptr' 'grid_addr' <Predicate = (!icmp_ln227)> <Delay = 0.00>
ST_1 : Operation 38 [1/1] (0.00ns)   --->   "%clusterGrid1_addr_5 = getelementptr i16 %clusterGrid1, i64 0, i64 %zext_ln231_2" [cluster.cpp:245]   --->   Operation 38 'getelementptr' 'clusterGrid1_addr_5' <Predicate = (!icmp_ln227)> <Delay = 0.00>
ST_1 : Operation 39 [2/2] (0.73ns)   --->   "%grid_load = load i8 %grid_addr" [cluster.cpp:231]   --->   Operation 39 'load' 'grid_load' <Predicate = (!icmp_ln227)> <Delay = 0.73> <CoreInst = "RAM">   --->   Core 83 'RAM' <Latency = 1> <II = 1> <Delay = 0.73> <Storage> <Opcode : 'load' 'store'> <Ports = 2> <Width = 1> <Depth = 144> <RAM>
ST_1 : Operation 101 [1/1] (0.00ns)   --->   "%ret_ln0 = ret"   --->   Operation 101 'ret' 'ret_ln0' <Predicate = (icmp_ln227)> <Delay = 0.00>

State 2 <SV = 1> <Delay = 3.03>
ST_2 : Operation 40 [1/1] (0.00ns)   --->   "%specloopname_ln0 = specloopname void @_ssdm_op_SpecLoopName, void @FirstPass_FirstPassInner_str"   --->   Operation 40 'specloopname' 'specloopname_ln0' <Predicate = true> <Delay = 0.00>
ST_2 : Operation 41 [1/1] (0.00ns)   --->   "%speclooptripcount_ln0 = speclooptripcount void @_ssdm_op_SpecLoopTripCount, i64 100, i64 100, i64 100"   --->   Operation 41 'speclooptripcount' 'speclooptripcount_ln0' <Predicate = true> <Delay = 0.00>
ST_2 : Operation 42 [1/1] (0.00ns)   --->   "%tmp_4 = bitconcatenate i8 @_ssdm_op_BitConcatenate.i8.i4.i4, i4 %select_ln227_2, i4 0" [cluster.cpp:234]   --->   Operation 42 'bitconcatenate' 'tmp_4' <Predicate = true> <Delay = 0.00>
ST_2 : Operation 43 [1/1] (0.00ns)   --->   "%tmp_5 = bitconcatenate i6 @_ssdm_op_BitConcatenate.i6.i4.i2, i4 %select_ln227_2, i2 0" [cluster.cpp:234]   --->   Operation 43 'bitconcatenate' 'tmp_5' <Predicate = true> <Delay = 0.00>
ST_2 : Operation 44 [1/1] (0.00ns)   --->   "%zext_ln234 = zext i6 %tmp_5" [cluster.cpp:234]   --->   Operation 44 'zext' 'zext_ln234' <Predicate = true> <Delay = 0.00>
ST_2 : Operation 45 [1/1] (0.87ns)   --->   "%sub_ln234 = sub i8 %tmp_4, i8 %zext_ln234" [cluster.cpp:234]   --->   Operation 45 'sub' 'sub_ln234' <Predicate = true> <Delay = 0.87> <CoreInst = "Adder">   --->   Core 1 'Adder' <Latency = 0> <II = 1> <Delay = 0.87> <FuncUnit> <Opcode : 'add' 'sub'> <InPorts = 2> <OutPorts = 1>
ST_2 : Operation 46 [1/1] (0.87ns)   --->   "%add_ln235 = add i8 %sub_ln234, i8 %zext_ln231_1" [cluster.cpp:235]   --->   Operation 46 'add' 'add_ln235' <Predicate = true> <Delay = 0.87> <CoreInst = "Adder">   --->   Core 1 'Adder' <Latency = 0> <II = 1> <Delay = 0.87> <FuncUnit> <Opcode : 'add' 'sub'> <InPorts = 2> <OutPorts = 1>
ST_2 : Operation 47 [1/1] (0.00ns)   --->   "%zext_ln235 = zext i8 %add_ln235" [cluster.cpp:235]   --->   Operation 47 'zext' 'zext_ln235' <Predicate = true> <Delay = 0.00>
ST_2 : Operation 48 [1/1] (0.00ns)   --->   "%clusterGrid1_addr_3 = getelementptr i16 %clusterGrid1, i64 0, i64 %zext_ln235" [cluster.cpp:235]   --->   Operation 48 'getelementptr' 'clusterGrid1_addr_3' <Predicate = true> <Delay = 0.00>
ST_2 : Operation 49 [1/1] (0.00ns)   --->   "%specpipeline_ln230 = specpipeline void @_ssdm_op_SpecPipeline, i32 11, i32 0, i32 0, i32 0, void @empty_0" [cluster.cpp:230]   --->   Operation 49 'specpipeline' 'specpipeline_ln230' <Predicate = true> <Delay = 0.00>
ST_2 : Operation 50 [1/1] (0.00ns)   --->   "%specloopname_ln229 = specloopname void @_ssdm_op_SpecLoopName, void @empty_4" [cluster.cpp:229]   --->   Operation 50 'specloopname' 'specloopname_ln229' <Predicate = true> <Delay = 0.00>
ST_2 : Operation 51 [1/2] (0.73ns)   --->   "%grid_load = load i8 %grid_addr" [cluster.cpp:231]   --->   Operation 51 'load' 'grid_load' <Predicate = true> <Delay = 0.73> <CoreInst = "RAM">   --->   Core 83 'RAM' <Latency = 1> <II = 1> <Delay = 0.73> <Storage> <Opcode : 'load' 'store'> <Ports = 2> <Width = 1> <Depth = 144> <RAM>
ST_2 : Operation 52 [1/1] (0.80ns)   --->   "%add_ln229 = add i4 %select_ln227, i4 1" [cluster.cpp:229]   --->   Operation 52 'add' 'add_ln229' <Predicate = true> <Delay = 0.80> <CoreInst = "Adder">   --->   Core 1 'Adder' <Latency = 0> <II = 1> <Delay = 0.80> <FuncUnit> <Opcode : 'add' 'sub'> <InPorts = 2> <OutPorts = 1>
ST_2 : Operation 53 [1/1] (0.00ns)   --->   "%zext_ln236 = zext i4 %add_ln229" [cluster.cpp:236]   --->   Operation 53 'zext' 'zext_ln236' <Predicate = true> <Delay = 0.00>
ST_2 : Operation 54 [1/1] (0.87ns)   --->   "%add_ln236 = add i8 %sub_ln234, i8 %zext_ln236" [cluster.cpp:236]   --->   Operation 54 'add' 'add_ln236' <Predicate = true> <Delay = 0.87> <CoreInst = "Adder">   --->   Core 1 'Adder' <Latency = 0> <II = 1> <Delay = 0.87> <FuncUnit> <Opcode : 'add' 'sub'> <InPorts = 2> <OutPorts = 1>
ST_2 : Operation 55 [1/1] (0.00ns)   --->   "%zext_ln236_1 = zext i8 %add_ln236" [cluster.cpp:236]   --->   Operation 55 'zext' 'zext_ln236_1' <Predicate = true> <Delay = 0.00>
ST_2 : Operation 56 [1/1] (0.00ns)   --->   "%clusterGrid1_addr_4 = getelementptr i16 %clusterGrid1, i64 0, i64 %zext_ln236_1" [cluster.cpp:236]   --->   Operation 56 'getelementptr' 'clusterGrid1_addr_4' <Predicate = true> <Delay = 0.00>
ST_2 : Operation 57 [1/1] (0.00ns)   --->   "%br_ln231 = br i1 %grid_load, void %for.inc, void %if.then" [cluster.cpp:231]   --->   Operation 57 'br' 'br_ln231' <Predicate = true> <Delay = 0.00>
ST_2 : Operation 58 [1/1] (0.80ns)   --->   "%add_ln233 = add i4 %select_ln227, i4 15" [cluster.cpp:233]   --->   Operation 58 'add' 'add_ln233' <Predicate = (grid_load)> <Delay = 0.80> <CoreInst = "Adder">   --->   Core 1 'Adder' <Latency = 0> <II = 1> <Delay = 0.80> <FuncUnit> <Opcode : 'add' 'sub'> <InPorts = 2> <OutPorts = 1>
ST_2 : Operation 59 [1/1] (0.00ns)   --->   "%zext_ln233 = zext i4 %add_ln233" [cluster.cpp:233]   --->   Operation 59 'zext' 'zext_ln233' <Predicate = (grid_load)> <Delay = 0.00>
ST_2 : Operation 60 [1/1] (0.87ns)   --->   "%add_ln233_1 = add i8 %sub_ln231, i8 %zext_ln233" [cluster.cpp:233]   --->   Operation 60 'add' 'add_ln233_1' <Predicate = (grid_load)> <Delay = 0.87> <CoreInst = "Adder">   --->   Core 1 'Adder' <Latency = 0> <II = 1> <Delay = 0.87> <FuncUnit> <Opcode : 'add' 'sub'> <InPorts = 2> <OutPorts = 1>
ST_2 : Operation 61 [1/1] (0.00ns)   --->   "%zext_ln233_1 = zext i8 %add_ln233_1" [cluster.cpp:233]   --->   Operation 61 'zext' 'zext_ln233_1' <Predicate = (grid_load)> <Delay = 0.00>
ST_2 : Operation 62 [1/1] (0.00ns)   --->   "%clusterGrid1_addr_1 = getelementptr i16 %clusterGrid1, i64 0, i64 %zext_ln233_1" [cluster.cpp:233]   --->   Operation 62 'getelementptr' 'clusterGrid1_addr_1' <Predicate = (grid_load)> <Delay = 0.00>
ST_2 : Operation 63 [1/1] (0.87ns)   --->   "%add_ln234 = add i8 %sub_ln234, i8 %zext_ln233" [cluster.cpp:234]   --->   Operation 63 'add' 'add_ln234' <Predicate = (grid_load)> <Delay = 0.87> <CoreInst = "Adder">   --->   Core 1 'Adder' <Latency = 0> <II = 1> <Delay = 0.87> <FuncUnit> <Opcode : 'add' 'sub'> <InPorts = 2> <OutPorts = 1>
ST_2 : Operation 64 [1/1] (0.00ns)   --->   "%zext_ln234_1 = zext i8 %add_ln234" [cluster.cpp:234]   --->   Operation 64 'zext' 'zext_ln234_1' <Predicate = (grid_load)> <Delay = 0.00>
ST_2 : Operation 65 [1/1] (0.00ns)   --->   "%clusterGrid1_addr_2 = getelementptr i16 %clusterGrid1, i64 0, i64 %zext_ln234_1" [cluster.cpp:234]   --->   Operation 65 'getelementptr' 'clusterGrid1_addr_2' <Predicate = (grid_load)> <Delay = 0.00>
ST_2 : Operation 66 [2/2] (1.29ns)   --->   "%neighborID0 = load i8 %clusterGrid1_addr_1" [cluster.cpp:233]   --->   Operation 66 'load' 'neighborID0' <Predicate = (grid_load)> <Delay = 1.29> <CoreInst = "RAM_2P_BRAM">   --->   Core 94 'RAM_2P_BRAM' <Latency = 1> <II = 1> <Delay = 1.29> <Storage> <Opcode : 'load' 'store'> <Ports = 2> <Width = 16> <Depth = 144> <RAM>
ST_2 : Operation 67 [2/2] (1.29ns)   --->   "%neighborID1 = load i8 %clusterGrid1_addr_2" [cluster.cpp:234]   --->   Operation 67 'load' 'neighborID1' <Predicate = (grid_load)> <Delay = 1.29> <CoreInst = "RAM_2P_BRAM">   --->   Core 94 'RAM_2P_BRAM' <Latency = 1> <II = 1> <Delay = 1.29> <Storage> <Opcode : 'load' 'store'> <Ports = 2> <Width = 16> <Depth = 144> <RAM>

State 3 <SV = 2> <Delay = 4.12>
ST_3 : Operation 68 [1/1] (0.00ns)   --->   "%minClusterID_load = load i16 %minClusterID" [cluster.cpp:243]   --->   Operation 68 'load' 'minClusterID_load' <Predicate = (!icmp_ln227 & grid_load)> <Delay = 0.00>
ST_3 : Operation 69 [1/2] (1.29ns)   --->   "%neighborID0 = load i8 %clusterGrid1_addr_1" [cluster.cpp:233]   --->   Operation 69 'load' 'neighborID0' <Predicate = (!icmp_ln227 & grid_load)> <Delay = 1.29> <CoreInst = "RAM_2P_BRAM">   --->   Core 94 'RAM_2P_BRAM' <Latency = 1> <II = 1> <Delay = 1.29> <Storage> <Opcode : 'load' 'store'> <Ports = 2> <Width = 16> <Depth = 144> <RAM>
ST_3 : Operation 70 [1/2] (1.29ns)   --->   "%neighborID1 = load i8 %clusterGrid1_addr_2" [cluster.cpp:234]   --->   Operation 70 'load' 'neighborID1' <Predicate = (!icmp_ln227 & grid_load)> <Delay = 1.29> <CoreInst = "RAM_2P_BRAM">   --->   Core 94 'RAM_2P_BRAM' <Latency = 1> <II = 1> <Delay = 1.29> <Storage> <Opcode : 'load' 'store'> <Ports = 2> <Width = 16> <Depth = 144> <RAM>
ST_3 : Operation 71 [2/2] (1.29ns)   --->   "%neighborID2 = load i8 %clusterGrid1_addr_3" [cluster.cpp:235]   --->   Operation 71 'load' 'neighborID2' <Predicate = (!icmp_ln227 & grid_load)> <Delay = 1.29> <CoreInst = "RAM_2P_BRAM">   --->   Core 94 'RAM_2P_BRAM' <Latency = 1> <II = 1> <Delay = 1.29> <Storage> <Opcode : 'load' 'store'> <Ports = 2> <Width = 16> <Depth = 144> <RAM>
ST_3 : Operation 72 [2/2] (1.29ns)   --->   "%neighborID3 = load i8 %clusterGrid1_addr_4" [cluster.cpp:236]   --->   Operation 72 'load' 'neighborID3' <Predicate = (!icmp_ln227 & grid_load)> <Delay = 1.29> <CoreInst = "RAM_2P_BRAM">   --->   Core 94 'RAM_2P_BRAM' <Latency = 1> <II = 1> <Delay = 1.29> <Storage> <Opcode : 'load' 'store'> <Ports = 2> <Width = 16> <Depth = 144> <RAM>
ST_3 : Operation 73 [1/1] (1.12ns)   --->   "%icmp_ln238 = icmp_ne  i16 %neighborID0, i16 0" [cluster.cpp:238]   --->   Operation 73 'icmp' 'icmp_ln238' <Predicate = (!icmp_ln227 & grid_load)> <Delay = 1.12> <CoreInst = "Cmp">   --->   Core 9 'Cmp' <Latency = 0> <II = 1> <Delay = 1.12> <FuncUnit> <Opcode : 'icmp'> <InPorts = 2> <OutPorts = 1>
ST_3 : Operation 74 [1/1] (1.12ns)   --->   "%icmp_ln238_1 = icmp_slt  i16 %neighborID0, i16 %minClusterID_load" [cluster.cpp:238]   --->   Operation 74 'icmp' 'icmp_ln238_1' <Predicate = (!icmp_ln227 & grid_load)> <Delay = 1.12> <CoreInst = "Cmp">   --->   Core 9 'Cmp' <Latency = 0> <II = 1> <Delay = 1.12> <FuncUnit> <Opcode : 'icmp'> <InPorts = 2> <OutPorts = 1>
ST_3 : Operation 75 [1/1] (0.00ns) (grouped into LUT with out node minClusterID_10)   --->   "%and_ln238 = and i1 %icmp_ln238, i1 %icmp_ln238_1" [cluster.cpp:238]   --->   Operation 75 'and' 'and_ln238' <Predicate = (!icmp_ln227 & grid_load)> <Delay = 0.00> <CoreInst = "LogicGate">   --->   Core 74 'LogicGate' <Latency = 0> <II = 1> <Delay = 0.14> <FuncUnit> <Opcode : 'and' 'or' 'xor'> <InPorts = 2> <OutPorts = 1>
ST_3 : Operation 76 [1/1] (0.29ns) (out node of the LUT)   --->   "%minClusterID_10 = select i1 %and_ln238, i16 %neighborID0, i16 %minClusterID_load" [cluster.cpp:238]   --->   Operation 76 'select' 'minClusterID_10' <Predicate = (!icmp_ln227 & grid_load)> <Delay = 0.29> <CoreInst = "Sel">   --->   Core 73 'Sel' <Latency = 0> <II = 1> <Delay = 0.29> <FuncUnit> <Opcode : 'select'> <InPorts = 3> <OutPorts = 1>
ST_3 : Operation 77 [1/1] (1.12ns)   --->   "%icmp_ln239 = icmp_ne  i16 %neighborID1, i16 0" [cluster.cpp:239]   --->   Operation 77 'icmp' 'icmp_ln239' <Predicate = (!icmp_ln227 & grid_load)> <Delay = 1.12> <CoreInst = "Cmp">   --->   Core 9 'Cmp' <Latency = 0> <II = 1> <Delay = 1.12> <FuncUnit> <Opcode : 'icmp'> <InPorts = 2> <OutPorts = 1>
ST_3 : Operation 78 [1/1] (1.12ns)   --->   "%icmp_ln239_1 = icmp_slt  i16 %neighborID1, i16 %minClusterID_10" [cluster.cpp:239]   --->   Operation 78 'icmp' 'icmp_ln239_1' <Predicate = (!icmp_ln227 & grid_load)> <Delay = 1.12> <CoreInst = "Cmp">   --->   Core 9 'Cmp' <Latency = 0> <II = 1> <Delay = 1.12> <FuncUnit> <Opcode : 'icmp'> <InPorts = 2> <OutPorts = 1>
ST_3 : Operation 79 [1/1] (0.00ns) (grouped into LUT with out node minClusterID_12)   --->   "%and_ln239 = and i1 %icmp_ln239, i1 %icmp_ln239_1" [cluster.cpp:239]   --->   Operation 79 'and' 'and_ln239' <Predicate = (!icmp_ln227 & grid_load)> <Delay = 0.00> <CoreInst = "LogicGate">   --->   Core 74 'LogicGate' <Latency = 0> <II = 1> <Delay = 0.14> <FuncUnit> <Opcode : 'and' 'or' 'xor'> <InPorts = 2> <OutPorts = 1>
ST_3 : Operation 80 [1/1] (0.29ns) (out node of the LUT)   --->   "%minClusterID_12 = select i1 %and_ln239, i16 %neighborID1, i16 %minClusterID_10" [cluster.cpp:239]   --->   Operation 80 'select' 'minClusterID_12' <Predicate = (!icmp_ln227 & grid_load)> <Delay = 0.29> <CoreInst = "Sel">   --->   Core 73 'Sel' <Latency = 0> <II = 1> <Delay = 0.29> <FuncUnit> <Opcode : 'select'> <InPorts = 3> <OutPorts = 1>

State 4 <SV = 3> <Delay = 6.00>
ST_4 : Operation 81 [1/2] (1.29ns)   --->   "%neighborID2 = load i8 %clusterGrid1_addr_3" [cluster.cpp:235]   --->   Operation 81 'load' 'neighborID2' <Predicate = (!icmp_ln227 & grid_load)> <Delay = 1.29> <CoreInst = "RAM_2P_BRAM">   --->   Core 94 'RAM_2P_BRAM' <Latency = 1> <II = 1> <Delay = 1.29> <Storage> <Opcode : 'load' 'store'> <Ports = 2> <Width = 16> <Depth = 144> <RAM>
ST_4 : Operation 82 [1/2] (1.29ns)   --->   "%neighborID3 = load i8 %clusterGrid1_addr_4" [cluster.cpp:236]   --->   Operation 82 'load' 'neighborID3' <Predicate = (!icmp_ln227 & grid_load)> <Delay = 1.29> <CoreInst = "RAM_2P_BRAM">   --->   Core 94 'RAM_2P_BRAM' <Latency = 1> <II = 1> <Delay = 1.29> <Storage> <Opcode : 'load' 'store'> <Ports = 2> <Width = 16> <Depth = 144> <RAM>
ST_4 : Operation 83 [1/1] (1.12ns)   --->   "%icmp_ln240 = icmp_ne  i16 %neighborID2, i16 0" [cluster.cpp:240]   --->   Operation 83 'icmp' 'icmp_ln240' <Predicate = (!icmp_ln227 & grid_load)> <Delay = 1.12> <CoreInst = "Cmp">   --->   Core 9 'Cmp' <Latency = 0> <II = 1> <Delay = 1.12> <FuncUnit> <Opcode : 'icmp'> <InPorts = 2> <OutPorts = 1>
ST_4 : Operation 84 [1/1] (1.12ns)   --->   "%icmp_ln240_1 = icmp_slt  i16 %neighborID2, i16 %minClusterID_12" [cluster.cpp:240]   --->   Operation 84 'icmp' 'icmp_ln240_1' <Predicate = (!icmp_ln227 & grid_load)> <Delay = 1.12> <CoreInst = "Cmp">   --->   Core 9 'Cmp' <Latency = 0> <II = 1> <Delay = 1.12> <FuncUnit> <Opcode : 'icmp'> <InPorts = 2> <OutPorts = 1>
ST_4 : Operation 85 [1/1] (0.00ns) (grouped into LUT with out node minClusterID_14)   --->   "%and_ln240 = and i1 %icmp_ln240, i1 %icmp_ln240_1" [cluster.cpp:240]   --->   Operation 85 'and' 'and_ln240' <Predicate = (!icmp_ln227 & grid_load)> <Delay = 0.00> <CoreInst = "LogicGate">   --->   Core 74 'LogicGate' <Latency = 0> <II = 1> <Delay = 0.14> <FuncUnit> <Opcode : 'and' 'or' 'xor'> <InPorts = 2> <OutPorts = 1>
ST_4 : Operation 86 [1/1] (0.29ns) (out node of the LUT)   --->   "%minClusterID_14 = select i1 %and_ln240, i16 %neighborID2, i16 %minClusterID_12" [cluster.cpp:240]   --->   Operation 86 'select' 'minClusterID_14' <Predicate = (!icmp_ln227 & grid_load)> <Delay = 0.29> <CoreInst = "Sel">   --->   Core 73 'Sel' <Latency = 0> <II = 1> <Delay = 0.29> <FuncUnit> <Opcode : 'select'> <InPorts = 3> <OutPorts = 1>
ST_4 : Operation 87 [1/1] (1.12ns)   --->   "%icmp_ln241 = icmp_ne  i16 %neighborID3, i16 0" [cluster.cpp:241]   --->   Operation 87 'icmp' 'icmp_ln241' <Predicate = (!icmp_ln227 & grid_load)> <Delay = 1.12> <CoreInst = "Cmp">   --->   Core 9 'Cmp' <Latency = 0> <II = 1> <Delay = 1.12> <FuncUnit> <Opcode : 'icmp'> <InPorts = 2> <OutPorts = 1>
ST_4 : Operation 88 [1/1] (1.12ns)   --->   "%icmp_ln241_1 = icmp_slt  i16 %neighborID3, i16 %minClusterID_14" [cluster.cpp:241]   --->   Operation 88 'icmp' 'icmp_ln241_1' <Predicate = (!icmp_ln227 & grid_load)> <Delay = 1.12> <CoreInst = "Cmp">   --->   Core 9 'Cmp' <Latency = 0> <II = 1> <Delay = 1.12> <FuncUnit> <Opcode : 'icmp'> <InPorts = 2> <OutPorts = 1>
ST_4 : Operation 89 [1/1] (0.00ns) (grouped into LUT with out node minClusterID_16)   --->   "%and_ln241 = and i1 %icmp_ln241, i1 %icmp_ln241_1" [cluster.cpp:241]   --->   Operation 89 'and' 'and_ln241' <Predicate = (!icmp_ln227 & grid_load)> <Delay = 0.00> <CoreInst = "LogicGate">   --->   Core 74 'LogicGate' <Latency = 0> <II = 1> <Delay = 0.14> <FuncUnit> <Opcode : 'and' 'or' 'xor'> <InPorts = 2> <OutPorts = 1>
ST_4 : Operation 90 [1/1] (0.29ns) (out node of the LUT)   --->   "%minClusterID_16 = select i1 %and_ln241, i16 %neighborID3, i16 %minClusterID_14" [cluster.cpp:241]   --->   Operation 90 'select' 'minClusterID_16' <Predicate = (!icmp_ln227 & grid_load)> <Delay = 0.29> <CoreInst = "Sel">   --->   Core 73 'Sel' <Latency = 0> <II = 1> <Delay = 0.29> <FuncUnit> <Opcode : 'select'> <InPorts = 3> <OutPorts = 1>
ST_4 : Operation 91 [1/1] (1.12ns)   --->   "%icmp_ln243 = icmp_eq  i16 %minClusterID_16, i16 %minClusterID_load" [cluster.cpp:243]   --->   Operation 91 'icmp' 'icmp_ln243' <Predicate = (!icmp_ln227 & grid_load)> <Delay = 1.12> <CoreInst = "Cmp">   --->   Core 9 'Cmp' <Latency = 0> <II = 1> <Delay = 1.12> <FuncUnit> <Opcode : 'icmp'> <InPorts = 2> <OutPorts = 1>
ST_4 : Operation 92 [1/1] (1.12ns)   --->   "%maxClusterID = add i16 %minClusterID_load, i16 1" [cluster.cpp:243]   --->   Operation 92 'add' 'maxClusterID' <Predicate = (!icmp_ln227 & grid_load)> <Delay = 1.12> <CoreInst = "Adder">   --->   Core 1 'Adder' <Latency = 0> <II = 1> <Delay = 1.12> <FuncUnit> <Opcode : 'add' 'sub'> <InPorts = 2> <OutPorts = 1>
ST_4 : Operation 93 [1/1] (0.29ns)   --->   "%maxClusterID_1 = select i1 %icmp_ln243, i16 %maxClusterID, i16 %minClusterID_load" [cluster.cpp:243]   --->   Operation 93 'select' 'maxClusterID_1' <Predicate = (!icmp_ln227 & grid_load)> <Delay = 0.29> <CoreInst = "Sel">   --->   Core 73 'Sel' <Latency = 0> <II = 1> <Delay = 0.29> <FuncUnit> <Opcode : 'select'> <InPorts = 3> <OutPorts = 1>
ST_4 : Operation 94 [1/1] (1.29ns)   --->   "%store_ln245 = store i16 %minClusterID_16, i8 %clusterGrid1_addr_5" [cluster.cpp:245]   --->   Operation 94 'store' 'store_ln245' <Predicate = (!icmp_ln227 & grid_load)> <Delay = 1.29> <CoreInst = "RAM_2P_BRAM">   --->   Core 94 'RAM_2P_BRAM' <Latency = 1> <II = 1> <Delay = 1.29> <Storage> <Opcode : 'load' 'store'> <Ports = 2> <Width = 16> <Depth = 144> <RAM>
ST_4 : Operation 95 [1/1] (0.46ns)   --->   "%store_ln246 = store i16 %maxClusterID_1, i16 %minClusterID" [cluster.cpp:246]   --->   Operation 95 'store' 'store_ln246' <Predicate = (!icmp_ln227 & grid_load)> <Delay = 0.46>
ST_4 : Operation 96 [1/1] (0.00ns)   --->   "%br_ln246 = br void %for.inc" [cluster.cpp:246]   --->   Operation 96 'br' 'br_ln246' <Predicate = (!icmp_ln227 & grid_load)> <Delay = 0.00>
ST_4 : Operation 97 [1/1] (0.46ns)   --->   "%store_ln229 = store i7 %add_ln227_1, i7 %indvar_flatten" [cluster.cpp:229]   --->   Operation 97 'store' 'store_ln229' <Predicate = (!icmp_ln227)> <Delay = 0.46>
ST_4 : Operation 98 [1/1] (0.46ns)   --->   "%store_ln229 = store i4 %select_ln227_1, i4 %i" [cluster.cpp:229]   --->   Operation 98 'store' 'store_ln229' <Predicate = (!icmp_ln227)> <Delay = 0.46>
ST_4 : Operation 99 [1/1] (0.46ns)   --->   "%store_ln229 = store i4 %add_ln229, i4 %j" [cluster.cpp:229]   --->   Operation 99 'store' 'store_ln229' <Predicate = (!icmp_ln227)> <Delay = 0.46>
ST_4 : Operation 100 [1/1] (0.00ns)   --->   "%br_ln229 = br void %for.body39" [cluster.cpp:229]   --->   Operation 100 'br' 'br_ln229' <Predicate = (!icmp_ln227)> <Delay = 0.00>


============================================================
+ Verbose Summary: Binding
============================================================
STG Binding: 
---------------- STG Properties BEGIN ----------------
- Is combinational: 0
- Is one-state seq: 0
- Is datapath-only: 0
- Is pipelined: 0
- Is top level: 0
Port [ Return ] is wired: 1; IO mode=ap_ctrl_hs:ce=0
Port [ grid]:  wired=1; compound=1; hidden=0; nouse=0; global=0; static=0; extern=0; dir=0; type=1; pingpong=0; private_global=0; MemPort=[13]; IO mode=ap_memory:ce=0
Port [ clusterGrid1]:  wired=1; compound=1; hidden=0; nouse=0; global=0; static=0; extern=0; dir=2; type=1; pingpong=0; private_global=0; MemPort=[12]; IO mode=ap_memory:ce=0
---------------- STG Properties END ------------------

---------------- Datapath Model BEGIN ----------------

<LifeTime>
<method=bitvector/>
j                     (alloca           ) [ 01111]
i                     (alloca           ) [ 01111]
indvar_flatten        (alloca           ) [ 01111]
minClusterID          (alloca           ) [ 01111]
specmemcore_ln0       (specmemcore      ) [ 00000]
specinterface_ln0     (specinterface    ) [ 00000]
store_ln0             (store            ) [ 00000]
store_ln0             (store            ) [ 00000]
store_ln0             (store            ) [ 00000]
store_ln0             (store            ) [ 00000]
br_ln0                (br               ) [ 00000]
indvar_flatten_load   (load             ) [ 00000]
icmp_ln227            (icmp             ) [ 01111]
add_ln227_1           (add              ) [ 00111]
br_ln227              (br               ) [ 00000]
j_load                (load             ) [ 00000]
i_load                (load             ) [ 00000]
add_ln227             (add              ) [ 00000]
icmp_ln229            (icmp             ) [ 00000]
select_ln227          (select           ) [ 00100]
select_ln227_1        (select           ) [ 00111]
tmp_2                 (bitconcatenate   ) [ 00000]
tmp_3                 (bitconcatenate   ) [ 00000]
zext_ln231            (zext             ) [ 00000]
sub_ln231             (sub              ) [ 00100]
empty                 (add              ) [ 00000]
select_ln227_2        (select           ) [ 00100]
zext_ln231_1          (zext             ) [ 00100]
add_ln231             (add              ) [ 00000]
zext_ln231_2          (zext             ) [ 00000]
grid_addr             (getelementptr    ) [ 00100]
clusterGrid1_addr_5   (getelementptr    ) [ 00111]
specloopname_ln0      (specloopname     ) [ 00000]
speclooptripcount_ln0 (speclooptripcount) [ 00000]
tmp_4                 (bitconcatenate   ) [ 00000]
tmp_5                 (bitconcatenate   ) [ 00000]
zext_ln234            (zext             ) [ 00000]
sub_ln234             (sub              ) [ 00000]
add_ln235             (add              ) [ 00000]
zext_ln235            (zext             ) [ 00000]
clusterGrid1_addr_3   (getelementptr    ) [ 00011]
specpipeline_ln230    (specpipeline     ) [ 00000]
specloopname_ln229    (specloopname     ) [ 00000]
grid_load             (load             ) [ 00111]
add_ln229             (add              ) [ 00011]
zext_ln236            (zext             ) [ 00000]
add_ln236             (add              ) [ 00000]
zext_ln236_1          (zext             ) [ 00000]
clusterGrid1_addr_4   (getelementptr    ) [ 00011]
br_ln231              (br               ) [ 00000]
add_ln233             (add              ) [ 00000]
zext_ln233            (zext             ) [ 00000]
add_ln233_1           (add              ) [ 00000]
zext_ln233_1          (zext             ) [ 00000]
clusterGrid1_addr_1   (getelementptr    ) [ 00010]
add_ln234             (add              ) [ 00000]
zext_ln234_1          (zext             ) [ 00000]
clusterGrid1_addr_2   (getelementptr    ) [ 00010]
minClusterID_load     (load             ) [ 00001]
neighborID0           (load             ) [ 00000]
neighborID1           (load             ) [ 00000]
icmp_ln238            (icmp             ) [ 00000]
icmp_ln238_1          (icmp             ) [ 00000]
and_ln238             (and              ) [ 00000]
minClusterID_10       (select           ) [ 00000]
icmp_ln239            (icmp             ) [ 00000]
icmp_ln239_1          (icmp             ) [ 00000]
and_ln239             (and              ) [ 00000]
minClusterID_12       (select           ) [ 00001]
neighborID2           (load             ) [ 00000]
neighborID3           (load             ) [ 00000]
icmp_ln240            (icmp             ) [ 00000]
icmp_ln240_1          (icmp             ) [ 00000]
and_ln240             (and              ) [ 00000]
minClusterID_14       (select           ) [ 00000]
icmp_ln241            (icmp             ) [ 00000]
icmp_ln241_1          (icmp             ) [ 00000]
and_ln241             (and              ) [ 00000]
minClusterID_16       (select           ) [ 00000]
icmp_ln243            (icmp             ) [ 00000]
maxClusterID          (add              ) [ 00000]
maxClusterID_1        (select           ) [ 00000]
store_ln245           (store            ) [ 00000]
store_ln246           (store            ) [ 00000]
br_ln246              (br               ) [ 00000]
store_ln229           (store            ) [ 00000]
store_ln229           (store            ) [ 00000]
store_ln229           (store            ) [ 00000]
br_ln229              (br               ) [ 00000]
ret_ln0               (ret              ) [ 00000]
</LifeTime>

<model>

<comp_list>
<comp id="0" class="1000" name="grid">
<pin_list>
<pin id="1" dir="1" index="0" bw="1" slack="0"/>
</pin_list>
<bind>
<StgValue><ssdm name="grid"/><MemPortTyVec>1 3 </MemPortTyVec>
</StgValue>
</bind>
</comp>

<comp id="2" class="1000" name="clusterGrid1">
<pin_list>
<pin id="3" dir="1" index="0" bw="1" slack="0"/>
</pin_list>
<bind>
<StgValue><ssdm name="clusterGrid1"/><MemPortTyVec>1 2 </MemPortTyVec>
</StgValue>
</bind>
</comp>

<comp id="4" class="1001" name="const_4">
<pin_list>
<pin id="5" dir="1" index="0" bw="1" slack="0"/>
</pin_list>
<bind>
<StgValue><ssdm name=""/></StgValue>
</bind>
</comp>

<comp id="6" class="1001" name="const_6">
<pin_list>
<pin id="7" dir="1" index="0" bw="1" slack="2147483647"/>
</pin_list>
<bind>
<StgValue><ssdm name="_ssdm_op_SpecMemCore"/></StgValue>
</bind>
</comp>

<comp id="8" class="1001" name="const_8">
<pin_list>
<pin id="9" dir="1" index="0" bw="1" slack="2147483647"/>
</pin_list>
<bind>
<StgValue><ssdm name=""/></StgValue>
</bind>
</comp>

<comp id="10" class="1001" name="const_10">
<pin_list>
<pin id="11" dir="1" index="0" bw="1" slack="2147483647"/>
</pin_list>
<bind>
<StgValue><ssdm name=""/></StgValue>
</bind>
</comp>

<comp id="12" class="1001" name="const_12">
<pin_list>
<pin id="13" dir="1" index="0" bw="1" slack="2147483647"/>
</pin_list>
<bind>
<StgValue><ssdm name=""/></StgValue>
</bind>
</comp>

<comp id="14" class="1001" name="const_14">
<pin_list>
<pin id="15" dir="1" index="0" bw="1" slack="2147483647"/>
</pin_list>
<bind>
<StgValue><ssdm name="_ssdm_op_SpecInterface"/></StgValue>
</bind>
</comp>

<comp id="16" class="1001" name="const_16">
<pin_list>
<pin id="17" dir="1" index="0" bw="1" slack="2147483647"/>
</pin_list>
<bind>
<StgValue><ssdm name="empty"/></StgValue>
</bind>
</comp>

<comp id="18" class="1001" name="const_18">
<pin_list>
<pin id="19" dir="1" index="0" bw="1" slack="2147483647"/>
</pin_list>
<bind>
<StgValue><ssdm name=""/></StgValue>
</bind>
</comp>

<comp id="20" class="1001" name="const_20">
<pin_list>
<pin id="21" dir="1" index="0" bw="1" slack="2147483647"/>
</pin_list>
<bind>
<StgValue><ssdm name="empty_0"/></StgValue>
</bind>
</comp>

<comp id="22" class="1001" name="const_22">
<pin_list>
<pin id="23" dir="1" index="0" bw="1" slack="2147483647"/>
</pin_list>
<bind>
<StgValue><ssdm name=""/></StgValue>
</bind>
</comp>

<comp id="24" class="1001" name="const_24">
<pin_list>
<pin id="25" dir="1" index="0" bw="1" slack="0"/>
</pin_list>
<bind>
<StgValue><ssdm name=""/></StgValue>
</bind>
</comp>

<comp id="26" class="1001" name="const_26">
<pin_list>
<pin id="27" dir="1" index="0" bw="1" slack="0"/>
</pin_list>
<bind>
<StgValue><ssdm name=""/></StgValue>
</bind>
</comp>

<comp id="28" class="1001" name="const_28">
<pin_list>
<pin id="29" dir="1" index="0" bw="1" slack="0"/>
</pin_list>
<bind>
<StgValue><ssdm name=""/></StgValue>
</bind>
</comp>

<comp id="30" class="1001" name="const_30">
<pin_list>
<pin id="31" dir="1" index="0" bw="1" slack="0"/>
</pin_list>
<bind>
<StgValue><ssdm name=""/></StgValue>
</bind>
</comp>

<comp id="32" class="1001" name="const_32">
<pin_list>
<pin id="33" dir="1" index="0" bw="1" slack="0"/>
</pin_list>
<bind>
<StgValue><ssdm name=""/></StgValue>
</bind>
</comp>

<comp id="34" class="1001" name="const_34">
<pin_list>
<pin id="35" dir="1" index="0" bw="1" slack="0"/>
</pin_list>
<bind>
<StgValue><ssdm name=""/></StgValue>
</bind>
</comp>

<comp id="36" class="1001" name="const_36">
<pin_list>
<pin id="37" dir="1" index="0" bw="1" slack="0"/>
</pin_list>
<bind>
<StgValue><ssdm name="_ssdm_op_BitConcatenate.i8.i4.i4"/></StgValue>
</bind>
</comp>

<comp id="38" class="1001" name="const_38">
<pin_list>
<pin id="39" dir="1" index="0" bw="1" slack="0"/>
</pin_list>
<bind>
<StgValue><ssdm name=""/></StgValue>
</bind>
</comp>

<comp id="40" class="1001" name="const_40">
<pin_list>
<pin id="41" dir="1" index="0" bw="1" slack="0"/>
</pin_list>
<bind>
<StgValue><ssdm name="_ssdm_op_BitConcatenate.i6.i4.i2"/></StgValue>
</bind>
</comp>

<comp id="42" class="1001" name="const_42">
<pin_list>
<pin id="43" dir="1" index="0" bw="1" slack="0"/>
</pin_list>
<bind>
<StgValue><ssdm name=""/></StgValue>
</bind>
</comp>

<comp id="44" class="1001" name="const_44">
<pin_list>
<pin id="45" dir="1" index="0" bw="1" slack="0"/>
</pin_list>
<bind>
<StgValue><ssdm name=""/></StgValue>
</bind>
</comp>

<comp id="46" class="1001" name="const_46">
<pin_list>
<pin id="47" dir="1" index="0" bw="1" slack="0"/>
</pin_list>
<bind>
<StgValue><ssdm name=""/></StgValue>
</bind>
</comp>

<comp id="48" class="1001" name="const_48">
<pin_list>
<pin id="49" dir="1" index="0" bw="1" slack="2147483647"/>
</pin_list>
<bind>
<StgValue><ssdm name="_ssdm_op_SpecLoopName"/></StgValue>
</bind>
</comp>

<comp id="50" class="1001" name="const_50">
<pin_list>
<pin id="51" dir="1" index="0" bw="1" slack="2147483647"/>
</pin_list>
<bind>
<StgValue><ssdm name="FirstPass_FirstPassInner_str"/></StgValue>
</bind>
</comp>

<comp id="52" class="1001" name="const_52">
<pin_list>
<pin id="53" dir="1" index="0" bw="1" slack="2147483647"/>
</pin_list>
<bind>
<StgValue><ssdm name="_ssdm_op_SpecLoopTripCount"/></StgValue>
</bind>
</comp>

<comp id="54" class="1001" name="const_54">
<pin_list>
<pin id="55" dir="1" index="0" bw="1" slack="2147483647"/>
</pin_list>
<bind>
<StgValue><ssdm name=""/></StgValue>
</bind>
</comp>

<comp id="56" class="1001" name="const_56">
<pin_list>
<pin id="57" dir="1" index="0" bw="1" slack="2147483647"/>
</pin_list>
<bind>
<StgValue><ssdm name="_ssdm_op_SpecPipeline"/></StgValue>
</bind>
</comp>

<comp id="58" class="1001" name="const_58">
<pin_list>
<pin id="59" dir="1" index="0" bw="1" slack="2147483647"/>
</pin_list>
<bind>
<StgValue><ssdm name=""/></StgValue>
</bind>
</comp>

<comp id="60" class="1001" name="const_60">
<pin_list>
<pin id="61" dir="1" index="0" bw="1" slack="2147483647"/>
</pin_list>
<bind>
<StgValue><ssdm name="empty_4"/></StgValue>
</bind>
</comp>

<comp id="62" class="1001" name="const_62">
<pin_list>
<pin id="63" dir="1" index="0" bw="1" slack="0"/>
</pin_list>
<bind>
<StgValue><ssdm name=""/></StgValue>
</bind>
</comp>

<comp id="64" class="1004" name="j_fu_64">
<pin_list>
<pin id="65" dir="0" index="0" bw="1" slack="0"/>
<pin id="66" dir="1" index="1" bw="4" slack="0"/>
</pin_list>
<bind>
<opcode="alloca(26) " fcode="alloca"/>
<opset="j/1 "/>
</bind>
</comp>

<comp id="68" class="1004" name="i_fu_68">
<pin_list>
<pin id="69" dir="0" index="0" bw="1" slack="0"/>
<pin id="70" dir="1" index="1" bw="4" slack="0"/>
</pin_list>
<bind>
<opcode="alloca(26) " fcode="alloca"/>
<opset="i/1 "/>
</bind>
</comp>

<comp id="72" class="1004" name="indvar_flatten_fu_72">
<pin_list>
<pin id="73" dir="0" index="0" bw="1" slack="0"/>
<pin id="74" dir="1" index="1" bw="7" slack="0"/>
</pin_list>
<bind>
<opcode="alloca(26) " fcode="alloca"/>
<opset="indvar_flatten/1 "/>
</bind>
</comp>

<comp id="76" class="1004" name="minClusterID_fu_76">
<pin_list>
<pin id="77" dir="0" index="0" bw="1" slack="0"/>
<pin id="78" dir="1" index="1" bw="16" slack="0"/>
</pin_list>
<bind>
<opcode="alloca(26) " fcode="alloca"/>
<opset="minClusterID/1 "/>
</bind>
</comp>

<comp id="80" class="1004" name="grid_addr_gep_fu_80">
<pin_list>
<pin id="81" dir="0" index="0" bw="1" slack="0"/>
<pin id="82" dir="0" index="1" bw="1" slack="0"/>
<pin id="83" dir="0" index="2" bw="8" slack="0"/>
<pin id="84" dir="1" index="3" bw="8" slack="0"/>
</pin_list>
<bind>
<opcode="getelementptr(29) " fcode="getelementptr"/>
<opset="grid_addr/1 "/>
</bind>
</comp>

<comp id="87" class="1004" name="clusterGrid1_addr_5_gep_fu_87">
<pin_list>
<pin id="88" dir="0" index="0" bw="16" slack="0"/>
<pin id="89" dir="0" index="1" bw="1" slack="0"/>
<pin id="90" dir="0" index="2" bw="8" slack="0"/>
<pin id="91" dir="1" index="3" bw="8" slack="3"/>
</pin_list>
<bind>
<opcode="getelementptr(29) " fcode="getelementptr"/>
<opset="clusterGrid1_addr_5/1 "/>
</bind>
</comp>

<comp id="94" class="1004" name="grp_access_fu_94">
<pin_list>
<pin id="95" dir="0" index="0" bw="8" slack="0"/>
<pin id="96" dir="0" index="1" bw="1" slack="2147483647"/>
<pin id="97" dir="0" index="2" bw="0" slack="2147483647"/>
<pin id="98" dir="1" index="3" bw="1" slack="1"/>
</pin_list>
<bind>
<opcode="load(27) " fcode="load"/>
<opset="grid_load/1 "/>
</bind>
</comp>

<comp id="100" class="1004" name="clusterGrid1_addr_3_gep_fu_100">
<pin_list>
<pin id="101" dir="0" index="0" bw="16" slack="0"/>
<pin id="102" dir="0" index="1" bw="1" slack="0"/>
<pin id="103" dir="0" index="2" bw="8" slack="0"/>
<pin id="104" dir="1" index="3" bw="8" slack="1"/>
</pin_list>
<bind>
<opcode="getelementptr(29) " fcode="getelementptr"/>
<opset="clusterGrid1_addr_3/2 "/>
</bind>
</comp>

<comp id="107" class="1004" name="clusterGrid1_addr_4_gep_fu_107">
<pin_list>
<pin id="108" dir="0" index="0" bw="16" slack="0"/>
<pin id="109" dir="0" index="1" bw="1" slack="0"/>
<pin id="110" dir="0" index="2" bw="8" slack="0"/>
<pin id="111" dir="1" index="3" bw="8" slack="1"/>
</pin_list>
<bind>
<opcode="getelementptr(29) " fcode="getelementptr"/>
<opset="clusterGrid1_addr_4/2 "/>
</bind>
</comp>

<comp id="114" class="1004" name="clusterGrid1_addr_1_gep_fu_114">
<pin_list>
<pin id="115" dir="0" index="0" bw="16" slack="0"/>
<pin id="116" dir="0" index="1" bw="1" slack="0"/>
<pin id="117" dir="0" index="2" bw="8" slack="0"/>
<pin id="118" dir="1" index="3" bw="8" slack="0"/>
</pin_list>
<bind>
<opcode="getelementptr(29) " fcode="getelementptr"/>
<opset="clusterGrid1_addr_1/2 "/>
</bind>
</comp>

<comp id="121" class="1004" name="clusterGrid1_addr_2_gep_fu_121">
<pin_list>
<pin id="122" dir="0" index="0" bw="16" slack="0"/>
<pin id="123" dir="0" index="1" bw="1" slack="0"/>
<pin id="124" dir="0" index="2" bw="8" slack="0"/>
<pin id="125" dir="1" index="3" bw="8" slack="0"/>
</pin_list>
<bind>
<opcode="getelementptr(29) " fcode="getelementptr"/>
<opset="clusterGrid1_addr_2/2 "/>
</bind>
</comp>

<comp id="128" class="1004" name="grp_access_fu_128">
<pin_list>
<pin id="129" dir="0" index="0" bw="8" slack="0"/>
<pin id="130" dir="0" index="1" bw="16" slack="2147483647"/>
<pin id="131" dir="0" index="2" bw="0" slack="0"/>
<pin id="133" dir="0" index="4" bw="8" slack="0"/>
<pin id="134" dir="0" index="5" bw="16" slack="2147483647"/>
<pin id="135" dir="0" index="6" bw="0" slack="2147483647"/>
<pin id="132" dir="1" index="3" bw="16" slack="0"/>
<pin id="136" dir="1" index="7" bw="16" slack="0"/>
</pin_list>
<bind>
<opcode="load(27) store(28) " fcode="store"/>
<opset="neighborID0/2 neighborID1/2 neighborID2/3 neighborID3/3 store_ln245/4 "/>
</bind>
</comp>

<comp id="139" class="1004" name="grp_fu_139">
<pin_list>
<pin id="140" dir="0" index="0" bw="16" slack="0"/>
<pin id="141" dir="0" index="1" bw="1" slack="0"/>
<pin id="142" dir="1" index="2" bw="1" slack="0"/>
</pin_list>
<bind>
<opcode="icmp(45) " fcode="icmp"/>
<opset="icmp_ln238/3 icmp_ln240/4 "/>
</bind>
</comp>

<comp id="145" class="1004" name="grp_fu_145">
<pin_list>
<pin id="146" dir="0" index="0" bw="16" slack="0"/>
<pin id="147" dir="0" index="1" bw="1" slack="0"/>
<pin id="148" dir="1" index="2" bw="1" slack="0"/>
</pin_list>
<bind>
<opcode="icmp(45) " fcode="icmp"/>
<opset="icmp_ln239/3 icmp_ln241/4 "/>
</bind>
</comp>

<comp id="151" class="1004" name="store_ln0_store_fu_151">
<pin_list>
<pin id="152" dir="0" index="0" bw="1" slack="0"/>
<pin id="153" dir="0" index="1" bw="16" slack="0"/>
<pin id="154" dir="1" index="2" bw="0" slack="2147483647"/>
</pin_list>
<bind>
<opcode="store(28) " fcode="store"/>
<opset="store_ln0/1 "/>
</bind>
</comp>

<comp id="156" class="1004" name="store_ln0_store_fu_156">
<pin_list>
<pin id="157" dir="0" index="0" bw="1" slack="0"/>
<pin id="158" dir="0" index="1" bw="7" slack="0"/>
<pin id="159" dir="1" index="2" bw="0" slack="2147483647"/>
</pin_list>
<bind>
<opcode="store(28) " fcode="store"/>
<opset="store_ln0/1 "/>
</bind>
</comp>

<comp id="161" class="1004" name="store_ln0_store_fu_161">
<pin_list>
<pin id="162" dir="0" index="0" bw="1" slack="0"/>
<pin id="163" dir="0" index="1" bw="4" slack="0"/>
<pin id="164" dir="1" index="2" bw="0" slack="2147483647"/>
</pin_list>
<bind>
<opcode="store(28) " fcode="store"/>
<opset="store_ln0/1 "/>
</bind>
</comp>

<comp id="166" class="1004" name="store_ln0_store_fu_166">
<pin_list>
<pin id="167" dir="0" index="0" bw="1" slack="0"/>
<pin id="168" dir="0" index="1" bw="4" slack="0"/>
<pin id="169" dir="1" index="2" bw="0" slack="2147483647"/>
</pin_list>
<bind>
<opcode="store(28) " fcode="store"/>
<opset="store_ln0/1 "/>
</bind>
</comp>

<comp id="171" class="1004" name="indvar_flatten_load_load_fu_171">
<pin_list>
<pin id="172" dir="0" index="0" bw="7" slack="0"/>
<pin id="173" dir="1" index="1" bw="7" slack="0"/>
</pin_list>
<bind>
<opcode="load(27) " fcode="load"/>
<opset="indvar_flatten_load/1 "/>
</bind>
</comp>

<comp id="174" class="1004" name="icmp_ln227_fu_174">
<pin_list>
<pin id="175" dir="0" index="0" bw="7" slack="0"/>
<pin id="176" dir="0" index="1" bw="6" slack="0"/>
<pin id="177" dir="1" index="2" bw="1" slack="2"/>
</pin_list>
<bind>
<opcode="icmp(45) " fcode="icmp"/>
<opset="icmp_ln227/1 "/>
</bind>
</comp>

<comp id="180" class="1004" name="add_ln227_1_fu_180">
<pin_list>
<pin id="181" dir="0" index="0" bw="7" slack="0"/>
<pin id="182" dir="0" index="1" bw="1" slack="0"/>
<pin id="183" dir="1" index="2" bw="7" slack="3"/>
</pin_list>
<bind>
<opcode="add(8) " fcode="add"/>
<opset="add_ln227_1/1 "/>
</bind>
</comp>

<comp id="186" class="1004" name="j_load_load_fu_186">
<pin_list>
<pin id="187" dir="0" index="0" bw="4" slack="0"/>
<pin id="188" dir="1" index="1" bw="4" slack="0"/>
</pin_list>
<bind>
<opcode="load(27) " fcode="load"/>
<opset="j_load/1 "/>
</bind>
</comp>

<comp id="189" class="1004" name="i_load_load_fu_189">
<pin_list>
<pin id="190" dir="0" index="0" bw="4" slack="0"/>
<pin id="191" dir="1" index="1" bw="4" slack="0"/>
</pin_list>
<bind>
<opcode="load(27) " fcode="load"/>
<opset="i_load/1 "/>
</bind>
</comp>

<comp id="192" class="1004" name="add_ln227_fu_192">
<pin_list>
<pin id="193" dir="0" index="0" bw="4" slack="0"/>
<pin id="194" dir="0" index="1" bw="1" slack="0"/>
<pin id="195" dir="1" index="2" bw="4" slack="0"/>
</pin_list>
<bind>
<opcode="add(8) " fcode="add"/>
<opset="add_ln227/1 "/>
</bind>
</comp>

<comp id="198" class="1004" name="icmp_ln229_fu_198">
<pin_list>
<pin id="199" dir="0" index="0" bw="4" slack="0"/>
<pin id="200" dir="0" index="1" bw="4" slack="0"/>
<pin id="201" dir="1" index="2" bw="1" slack="0"/>
</pin_list>
<bind>
<opcode="icmp(45) " fcode="icmp"/>
<opset="icmp_ln229/1 "/>
</bind>
</comp>

<comp id="204" class="1004" name="select_ln227_fu_204">
<pin_list>
<pin id="205" dir="0" index="0" bw="1" slack="0"/>
<pin id="206" dir="0" index="1" bw="1" slack="0"/>
<pin id="207" dir="0" index="2" bw="4" slack="0"/>
<pin id="208" dir="1" index="3" bw="4" slack="0"/>
</pin_list>
<bind>
<opcode="select(49) " fcode="select"/>
<opset="select_ln227/1 "/>
</bind>
</comp>

<comp id="212" class="1004" name="select_ln227_1_fu_212">
<pin_list>
<pin id="213" dir="0" index="0" bw="1" slack="0"/>
<pin id="214" dir="0" index="1" bw="4" slack="0"/>
<pin id="215" dir="0" index="2" bw="4" slack="0"/>
<pin id="216" dir="1" index="3" bw="4" slack="0"/>
</pin_list>
<bind>
<opcode="select(49) " fcode="select"/>
<opset="select_ln227_1/1 "/>
</bind>
</comp>

<comp id="220" class="1004" name="tmp_2_fu_220">
<pin_list>
<pin id="221" dir="0" index="0" bw="8" slack="0"/>
<pin id="222" dir="0" index="1" bw="4" slack="0"/>
<pin id="223" dir="0" index="2" bw="1" slack="0"/>
<pin id="224" dir="1" index="3" bw="8" slack="0"/>
</pin_list>
<bind>
<opcode="bitconcatenate(1004) " fcode="bitconcatenate"/>
<opset="tmp_2/1 "/>
</bind>
</comp>

<comp id="228" class="1004" name="tmp_3_fu_228">
<pin_list>
<pin id="229" dir="0" index="0" bw="6" slack="0"/>
<pin id="230" dir="0" index="1" bw="4" slack="0"/>
<pin id="231" dir="0" index="2" bw="1" slack="0"/>
<pin id="232" dir="1" index="3" bw="6" slack="0"/>
</pin_list>
<bind>
<opcode="bitconcatenate(1004) " fcode="bitconcatenate"/>
<opset="tmp_3/1 "/>
</bind>
</comp>

<comp id="236" class="1004" name="zext_ln231_fu_236">
<pin_list>
<pin id="237" dir="0" index="0" bw="6" slack="0"/>
<pin id="238" dir="1" index="1" bw="8" slack="0"/>
</pin_list>
<bind>
<opcode="zext(34) " fcode="zext"/>
<opset="zext_ln231/1 "/>
</bind>
</comp>

<comp id="240" class="1004" name="sub_ln231_fu_240">
<pin_list>
<pin id="241" dir="0" index="0" bw="8" slack="0"/>
<pin id="242" dir="0" index="1" bw="6" slack="0"/>
<pin id="243" dir="1" index="2" bw="8" slack="0"/>
</pin_list>
<bind>
<opcode="sub(10) " fcode="sub"/>
<opset="sub_ln231/1 "/>
</bind>
</comp>

<comp id="246" class="1004" name="empty_fu_246">
<pin_list>
<pin id="247" dir="0" index="0" bw="4" slack="0"/>
<pin id="248" dir="0" index="1" bw="1" slack="0"/>
<pin id="249" dir="1" index="2" bw="4" slack="0"/>
</pin_list>
<bind>
<opcode="add(8) " fcode="add"/>
<opset="empty/1 "/>
</bind>
</comp>

<comp id="252" class="1004" name="select_ln227_2_fu_252">
<pin_list>
<pin id="253" dir="0" index="0" bw="1" slack="0"/>
<pin id="254" dir="0" index="1" bw="4" slack="0"/>
<pin id="255" dir="0" index="2" bw="4" slack="0"/>
<pin id="256" dir="1" index="3" bw="4" slack="1"/>
</pin_list>
<bind>
<opcode="select(49) " fcode="select"/>
<opset="select_ln227_2/1 "/>
</bind>
</comp>

<comp id="260" class="1004" name="zext_ln231_1_fu_260">
<pin_list>
<pin id="261" dir="0" index="0" bw="4" slack="0"/>
<pin id="262" dir="1" index="1" bw="8" slack="0"/>
</pin_list>
<bind>
<opcode="zext(34) " fcode="zext"/>
<opset="zext_ln231_1/1 "/>
</bind>
</comp>

<comp id="264" class="1004" name="add_ln231_fu_264">
<pin_list>
<pin id="265" dir="0" index="0" bw="8" slack="0"/>
<pin id="266" dir="0" index="1" bw="4" slack="0"/>
<pin id="267" dir="1" index="2" bw="8" slack="0"/>
</pin_list>
<bind>
<opcode="add(8) " fcode="add"/>
<opset="add_ln231/1 "/>
</bind>
</comp>

<comp id="270" class="1004" name="zext_ln231_2_fu_270">
<pin_list>
<pin id="271" dir="0" index="0" bw="8" slack="0"/>
<pin id="272" dir="1" index="1" bw="64" slack="0"/>
</pin_list>
<bind>
<opcode="zext(34) " fcode="zext"/>
<opset="zext_ln231_2/1 "/>
</bind>
</comp>

<comp id="276" class="1004" name="tmp_4_fu_276">
<pin_list>
<pin id="277" dir="0" index="0" bw="8" slack="0"/>
<pin id="278" dir="0" index="1" bw="4" slack="1"/>
<pin id="279" dir="0" index="2" bw="1" slack="0"/>
<pin id="280" dir="1" index="3" bw="8" slack="0"/>
</pin_list>
<bind>
<opcode="bitconcatenate(1004) " fcode="bitconcatenate"/>
<opset="tmp_4/2 "/>
</bind>
</comp>

<comp id="283" class="1004" name="tmp_5_fu_283">
<pin_list>
<pin id="284" dir="0" index="0" bw="6" slack="0"/>
<pin id="285" dir="0" index="1" bw="4" slack="1"/>
<pin id="286" dir="0" index="2" bw="1" slack="0"/>
<pin id="287" dir="1" index="3" bw="6" slack="0"/>
</pin_list>
<bind>
<opcode="bitconcatenate(1004) " fcode="bitconcatenate"/>
<opset="tmp_5/2 "/>
</bind>
</comp>

<comp id="290" class="1004" name="zext_ln234_fu_290">
<pin_list>
<pin id="291" dir="0" index="0" bw="6" slack="0"/>
<pin id="292" dir="1" index="1" bw="8" slack="0"/>
</pin_list>
<bind>
<opcode="zext(34) " fcode="zext"/>
<opset="zext_ln234/2 "/>
</bind>
</comp>

<comp id="294" class="1004" name="sub_ln234_fu_294">
<pin_list>
<pin id="295" dir="0" index="0" bw="8" slack="0"/>
<pin id="296" dir="0" index="1" bw="6" slack="0"/>
<pin id="297" dir="1" index="2" bw="8" slack="0"/>
</pin_list>
<bind>
<opcode="sub(10) " fcode="sub"/>
<opset="sub_ln234/2 "/>
</bind>
</comp>

<comp id="300" class="1004" name="add_ln235_fu_300">
<pin_list>
<pin id="301" dir="0" index="0" bw="8" slack="0"/>
<pin id="302" dir="0" index="1" bw="4" slack="1"/>
<pin id="303" dir="1" index="2" bw="8" slack="0"/>
</pin_list>
<bind>
<opcode="add(8) " fcode="add"/>
<opset="add_ln235/2 "/>
</bind>
</comp>

<comp id="305" class="1004" name="zext_ln235_fu_305">
<pin_list>
<pin id="306" dir="0" index="0" bw="8" slack="0"/>
<pin id="307" dir="1" index="1" bw="64" slack="0"/>
</pin_list>
<bind>
<opcode="zext(34) " fcode="zext"/>
<opset="zext_ln235/2 "/>
</bind>
</comp>

<comp id="310" class="1004" name="add_ln229_fu_310">
<pin_list>
<pin id="311" dir="0" index="0" bw="4" slack="1"/>
<pin id="312" dir="0" index="1" bw="1" slack="0"/>
<pin id="313" dir="1" index="2" bw="4" slack="0"/>
</pin_list>
<bind>
<opcode="add(8) " fcode="add"/>
<opset="add_ln229/2 "/>
</bind>
</comp>

<comp id="315" class="1004" name="zext_ln236_fu_315">
<pin_list>
<pin id="316" dir="0" index="0" bw="4" slack="0"/>
<pin id="317" dir="1" index="1" bw="8" slack="0"/>
</pin_list>
<bind>
<opcode="zext(34) " fcode="zext"/>
<opset="zext_ln236/2 "/>
</bind>
</comp>

<comp id="319" class="1004" name="add_ln236_fu_319">
<pin_list>
<pin id="320" dir="0" index="0" bw="8" slack="0"/>
<pin id="321" dir="0" index="1" bw="4" slack="0"/>
<pin id="322" dir="1" index="2" bw="8" slack="0"/>
</pin_list>
<bind>
<opcode="add(8) " fcode="add"/>
<opset="add_ln236/2 "/>
</bind>
</comp>

<comp id="325" class="1004" name="zext_ln236_1_fu_325">
<pin_list>
<pin id="326" dir="0" index="0" bw="8" slack="0"/>
<pin id="327" dir="1" index="1" bw="64" slack="0"/>
</pin_list>
<bind>
<opcode="zext(34) " fcode="zext"/>
<opset="zext_ln236_1/2 "/>
</bind>
</comp>

<comp id="330" class="1004" name="add_ln233_fu_330">
<pin_list>
<pin id="331" dir="0" index="0" bw="4" slack="1"/>
<pin id="332" dir="0" index="1" bw="1" slack="0"/>
<pin id="333" dir="1" index="2" bw="4" slack="0"/>
</pin_list>
<bind>
<opcode="add(8) " fcode="add"/>
<opset="add_ln233/2 "/>
</bind>
</comp>

<comp id="335" class="1004" name="zext_ln233_fu_335">
<pin_list>
<pin id="336" dir="0" index="0" bw="4" slack="0"/>
<pin id="337" dir="1" index="1" bw="8" slack="0"/>
</pin_list>
<bind>
<opcode="zext(34) " fcode="zext"/>
<opset="zext_ln233/2 "/>
</bind>
</comp>

<comp id="339" class="1004" name="add_ln233_1_fu_339">
<pin_list>
<pin id="340" dir="0" index="0" bw="8" slack="1"/>
<pin id="341" dir="0" index="1" bw="4" slack="0"/>
<pin id="342" dir="1" index="2" bw="8" slack="0"/>
</pin_list>
<bind>
<opcode="add(8) " fcode="add"/>
<opset="add_ln233_1/2 "/>
</bind>
</comp>

<comp id="344" class="1004" name="zext_ln233_1_fu_344">
<pin_list>
<pin id="345" dir="0" index="0" bw="8" slack="0"/>
<pin id="346" dir="1" index="1" bw="64" slack="0"/>
</pin_list>
<bind>
<opcode="zext(34) " fcode="zext"/>
<opset="zext_ln233_1/2 "/>
</bind>
</comp>

<comp id="349" class="1004" name="add_ln234_fu_349">
<pin_list>
<pin id="350" dir="0" index="0" bw="8" slack="0"/>
<pin id="351" dir="0" index="1" bw="4" slack="0"/>
<pin id="352" dir="1" index="2" bw="8" slack="0"/>
</pin_list>
<bind>
<opcode="add(8) " fcode="add"/>
<opset="add_ln234/2 "/>
</bind>
</comp>

<comp id="355" class="1004" name="zext_ln234_1_fu_355">
<pin_list>
<pin id="356" dir="0" index="0" bw="8" slack="0"/>
<pin id="357" dir="1" index="1" bw="64" slack="0"/>
</pin_list>
<bind>
<opcode="zext(34) " fcode="zext"/>
<opset="zext_ln234_1/2 "/>
</bind>
</comp>

<comp id="360" class="1004" name="minClusterID_load_load_fu_360">
<pin_list>
<pin id="361" dir="0" index="0" bw="16" slack="2"/>
<pin id="362" dir="1" index="1" bw="16" slack="0"/>
</pin_list>
<bind>
<opcode="load(27) " fcode="load"/>
<opset="minClusterID_load/3 "/>
</bind>
</comp>

<comp id="363" class="1004" name="icmp_ln238_1_fu_363">
<pin_list>
<pin id="364" dir="0" index="0" bw="16" slack="0"/>
<pin id="365" dir="0" index="1" bw="16" slack="0"/>
<pin id="366" dir="1" index="2" bw="1" slack="0"/>
</pin_list>
<bind>
<opcode="icmp(45) " fcode="icmp"/>
<opset="icmp_ln238_1/3 "/>
</bind>
</comp>

<comp id="369" class="1004" name="and_ln238_fu_369">
<pin_list>
<pin id="370" dir="0" index="0" bw="1" slack="0"/>
<pin id="371" dir="0" index="1" bw="1" slack="0"/>
<pin id="372" dir="1" index="2" bw="1" slack="0"/>
</pin_list>
<bind>
<opcode="and(23) " fcode="and"/>
<opset="and_ln238/3 "/>
</bind>
</comp>

<comp id="375" class="1004" name="minClusterID_10_fu_375">
<pin_list>
<pin id="376" dir="0" index="0" bw="1" slack="0"/>
<pin id="377" dir="0" index="1" bw="16" slack="0"/>
<pin id="378" dir="0" index="2" bw="16" slack="0"/>
<pin id="379" dir="1" index="3" bw="16" slack="0"/>
</pin_list>
<bind>
<opcode="select(49) " fcode="select"/>
<opset="minClusterID_10/3 "/>
</bind>
</comp>

<comp id="383" class="1004" name="icmp_ln239_1_fu_383">
<pin_list>
<pin id="384" dir="0" index="0" bw="16" slack="0"/>
<pin id="385" dir="0" index="1" bw="16" slack="0"/>
<pin id="386" dir="1" index="2" bw="1" slack="0"/>
</pin_list>
<bind>
<opcode="icmp(45) " fcode="icmp"/>
<opset="icmp_ln239_1/3 "/>
</bind>
</comp>

<comp id="389" class="1004" name="and_ln239_fu_389">
<pin_list>
<pin id="390" dir="0" index="0" bw="1" slack="0"/>
<pin id="391" dir="0" index="1" bw="1" slack="0"/>
<pin id="392" dir="1" index="2" bw="1" slack="0"/>
</pin_list>
<bind>
<opcode="and(23) " fcode="and"/>
<opset="and_ln239/3 "/>
</bind>
</comp>

<comp id="395" class="1004" name="minClusterID_12_fu_395">
<pin_list>
<pin id="396" dir="0" index="0" bw="1" slack="0"/>
<pin id="397" dir="0" index="1" bw="16" slack="0"/>
<pin id="398" dir="0" index="2" bw="16" slack="0"/>
<pin id="399" dir="1" index="3" bw="16" slack="1"/>
</pin_list>
<bind>
<opcode="select(49) " fcode="select"/>
<opset="minClusterID_12/3 "/>
</bind>
</comp>

<comp id="403" class="1004" name="icmp_ln240_1_fu_403">
<pin_list>
<pin id="404" dir="0" index="0" bw="16" slack="0"/>
<pin id="405" dir="0" index="1" bw="16" slack="1"/>
<pin id="406" dir="1" index="2" bw="1" slack="0"/>
</pin_list>
<bind>
<opcode="icmp(45) " fcode="icmp"/>
<opset="icmp_ln240_1/4 "/>
</bind>
</comp>

<comp id="408" class="1004" name="and_ln240_fu_408">
<pin_list>
<pin id="409" dir="0" index="0" bw="1" slack="0"/>
<pin id="410" dir="0" index="1" bw="1" slack="0"/>
<pin id="411" dir="1" index="2" bw="1" slack="0"/>
</pin_list>
<bind>
<opcode="and(23) " fcode="and"/>
<opset="and_ln240/4 "/>
</bind>
</comp>

<comp id="414" class="1004" name="minClusterID_14_fu_414">
<pin_list>
<pin id="415" dir="0" index="0" bw="1" slack="0"/>
<pin id="416" dir="0" index="1" bw="16" slack="0"/>
<pin id="417" dir="0" index="2" bw="16" slack="1"/>
<pin id="418" dir="1" index="3" bw="16" slack="0"/>
</pin_list>
<bind>
<opcode="select(49) " fcode="select"/>
<opset="minClusterID_14/4 "/>
</bind>
</comp>

<comp id="421" class="1004" name="icmp_ln241_1_fu_421">
<pin_list>
<pin id="422" dir="0" index="0" bw="16" slack="0"/>
<pin id="423" dir="0" index="1" bw="16" slack="0"/>
<pin id="424" dir="1" index="2" bw="1" slack="0"/>
</pin_list>
<bind>
<opcode="icmp(45) " fcode="icmp"/>
<opset="icmp_ln241_1/4 "/>
</bind>
</comp>

<comp id="427" class="1004" name="and_ln241_fu_427">
<pin_list>
<pin id="428" dir="0" index="0" bw="1" slack="0"/>
<pin id="429" dir="0" index="1" bw="1" slack="0"/>
<pin id="430" dir="1" index="2" bw="1" slack="0"/>
</pin_list>
<bind>
<opcode="and(23) " fcode="and"/>
<opset="and_ln241/4 "/>
</bind>
</comp>

<comp id="433" class="1004" name="minClusterID_16_fu_433">
<pin_list>
<pin id="434" dir="0" index="0" bw="1" slack="0"/>
<pin id="435" dir="0" index="1" bw="16" slack="0"/>
<pin id="436" dir="0" index="2" bw="16" slack="0"/>
<pin id="437" dir="1" index="3" bw="16" slack="0"/>
</pin_list>
<bind>
<opcode="select(49) " fcode="select"/>
<opset="minClusterID_16/4 "/>
</bind>
</comp>

<comp id="442" class="1004" name="icmp_ln243_fu_442">
<pin_list>
<pin id="443" dir="0" index="0" bw="16" slack="0"/>
<pin id="444" dir="0" index="1" bw="16" slack="1"/>
<pin id="445" dir="1" index="2" bw="1" slack="0"/>
</pin_list>
<bind>
<opcode="icmp(45) " fcode="icmp"/>
<opset="icmp_ln243/4 "/>
</bind>
</comp>

<comp id="447" class="1004" name="maxClusterID_fu_447">
<pin_list>
<pin id="448" dir="0" index="0" bw="16" slack="1"/>
<pin id="449" dir="0" index="1" bw="1" slack="0"/>
<pin id="450" dir="1" index="2" bw="16" slack="0"/>
</pin_list>
<bind>
<opcode="add(8) " fcode="add"/>
<opset="maxClusterID/4 "/>
</bind>
</comp>

<comp id="452" class="1004" name="maxClusterID_1_fu_452">
<pin_list>
<pin id="453" dir="0" index="0" bw="1" slack="0"/>
<pin id="454" dir="0" index="1" bw="16" slack="0"/>
<pin id="455" dir="0" index="2" bw="16" slack="1"/>
<pin id="456" dir="1" index="3" bw="16" slack="0"/>
</pin_list>
<bind>
<opcode="select(49) " fcode="select"/>
<opset="maxClusterID_1/4 "/>
</bind>
</comp>

<comp id="459" class="1004" name="store_ln246_store_fu_459">
<pin_list>
<pin id="460" dir="0" index="0" bw="16" slack="0"/>
<pin id="461" dir="0" index="1" bw="16" slack="3"/>
<pin id="462" dir="1" index="2" bw="0" slack="2147483647"/>
</pin_list>
<bind>
<opcode="store(28) " fcode="store"/>
<opset="store_ln246/4 "/>
</bind>
</comp>

<comp id="464" class="1004" name="store_ln229_store_fu_464">
<pin_list>
<pin id="465" dir="0" index="0" bw="7" slack="3"/>
<pin id="466" dir="0" index="1" bw="7" slack="3"/>
<pin id="467" dir="1" index="2" bw="0" slack="2147483647"/>
</pin_list>
<bind>
<opcode="store(28) " fcode="store"/>
<opset="store_ln229/4 "/>
</bind>
</comp>

<comp id="468" class="1004" name="store_ln229_store_fu_468">
<pin_list>
<pin id="469" dir="0" index="0" bw="4" slack="3"/>
<pin id="470" dir="0" index="1" bw="4" slack="3"/>
<pin id="471" dir="1" index="2" bw="0" slack="2147483647"/>
</pin_list>
<bind>
<opcode="store(28) " fcode="store"/>
<opset="store_ln229/4 "/>
</bind>
</comp>

<comp id="472" class="1004" name="store_ln229_store_fu_472">
<pin_list>
<pin id="473" dir="0" index="0" bw="4" slack="2"/>
<pin id="474" dir="0" index="1" bw="4" slack="3"/>
<pin id="475" dir="1" index="2" bw="0" slack="2147483647"/>
</pin_list>
<bind>
<opcode="store(28) " fcode="store"/>
<opset="store_ln229/4 "/>
</bind>
</comp>

<comp id="476" class="1005" name="j_reg_476">
<pin_list>
<pin id="477" dir="0" index="0" bw="4" slack="0"/>
<pin id="478" dir="1" index="1" bw="4" slack="0"/>
</pin_list>
<bind>
<opset="j "/>
</bind>
</comp>

<comp id="483" class="1005" name="i_reg_483">
<pin_list>
<pin id="484" dir="0" index="0" bw="4" slack="0"/>
<pin id="485" dir="1" index="1" bw="4" slack="0"/>
</pin_list>
<bind>
<opset="i "/>
</bind>
</comp>

<comp id="490" class="1005" name="indvar_flatten_reg_490">
<pin_list>
<pin id="491" dir="0" index="0" bw="7" slack="0"/>
<pin id="492" dir="1" index="1" bw="7" slack="0"/>
</pin_list>
<bind>
<opset="indvar_flatten "/>
</bind>
</comp>

<comp id="497" class="1005" name="minClusterID_reg_497">
<pin_list>
<pin id="498" dir="0" index="0" bw="16" slack="0"/>
<pin id="499" dir="1" index="1" bw="16" slack="0"/>
</pin_list>
<bind>
<opset="minClusterID "/>
</bind>
</comp>

<comp id="504" class="1005" name="icmp_ln227_reg_504">
<pin_list>
<pin id="505" dir="0" index="0" bw="1" slack="2"/>
<pin id="506" dir="1" index="1" bw="1" slack="2147483647"/>
</pin_list>
<bind>
<opset="icmp_ln227 "/>
</bind>
</comp>

<comp id="508" class="1005" name="add_ln227_1_reg_508">
<pin_list>
<pin id="509" dir="0" index="0" bw="7" slack="3"/>
<pin id="510" dir="1" index="1" bw="7" slack="3"/>
</pin_list>
<bind>
<opset="add_ln227_1 "/>
</bind>
</comp>

<comp id="513" class="1005" name="select_ln227_reg_513">
<pin_list>
<pin id="514" dir="0" index="0" bw="4" slack="1"/>
<pin id="515" dir="1" index="1" bw="4" slack="1"/>
</pin_list>
<bind>
<opset="select_ln227 "/>
</bind>
</comp>

<comp id="519" class="1005" name="select_ln227_1_reg_519">
<pin_list>
<pin id="520" dir="0" index="0" bw="4" slack="3"/>
<pin id="521" dir="1" index="1" bw="4" slack="3"/>
</pin_list>
<bind>
<opset="select_ln227_1 "/>
</bind>
</comp>

<comp id="524" class="1005" name="sub_ln231_reg_524">
<pin_list>
<pin id="525" dir="0" index="0" bw="8" slack="1"/>
<pin id="526" dir="1" index="1" bw="8" slack="1"/>
</pin_list>
<bind>
<opset="sub_ln231 "/>
</bind>
</comp>

<comp id="529" class="1005" name="select_ln227_2_reg_529">
<pin_list>
<pin id="530" dir="0" index="0" bw="4" slack="1"/>
<pin id="531" dir="1" index="1" bw="4" slack="1"/>
</pin_list>
<bind>
<opset="select_ln227_2 "/>
</bind>
</comp>

<comp id="535" class="1005" name="zext_ln231_1_reg_535">
<pin_list>
<pin id="536" dir="0" index="0" bw="8" slack="1"/>
<pin id="537" dir="1" index="1" bw="8" slack="1"/>
</pin_list>
<bind>
<opset="zext_ln231_1 "/>
</bind>
</comp>

<comp id="540" class="1005" name="grid_addr_reg_540">
<pin_list>
<pin id="541" dir="0" index="0" bw="8" slack="1"/>
<pin id="542" dir="1" index="1" bw="8" slack="1"/>
</pin_list>
<bind>
<opset="grid_addr "/>
</bind>
</comp>

<comp id="545" class="1005" name="clusterGrid1_addr_5_reg_545">
<pin_list>
<pin id="546" dir="0" index="0" bw="8" slack="3"/>
<pin id="547" dir="1" index="1" bw="8" slack="3"/>
</pin_list>
<bind>
<opset="clusterGrid1_addr_5 "/>
</bind>
</comp>

<comp id="550" class="1005" name="clusterGrid1_addr_3_reg_550">
<pin_list>
<pin id="551" dir="0" index="0" bw="8" slack="1"/>
<pin id="552" dir="1" index="1" bw="8" slack="1"/>
</pin_list>
<bind>
<opset="clusterGrid1_addr_3 "/>
</bind>
</comp>

<comp id="555" class="1005" name="grid_load_reg_555">
<pin_list>
<pin id="556" dir="0" index="0" bw="1" slack="1"/>
<pin id="557" dir="1" index="1" bw="1" slack="2147483647"/>
</pin_list>
<bind>
<opset="grid_load "/>
</bind>
</comp>

<comp id="559" class="1005" name="add_ln229_reg_559">
<pin_list>
<pin id="560" dir="0" index="0" bw="4" slack="2"/>
<pin id="561" dir="1" index="1" bw="4" slack="2"/>
</pin_list>
<bind>
<opset="add_ln229 "/>
</bind>
</comp>

<comp id="564" class="1005" name="clusterGrid1_addr_4_reg_564">
<pin_list>
<pin id="565" dir="0" index="0" bw="8" slack="1"/>
<pin id="566" dir="1" index="1" bw="8" slack="1"/>
</pin_list>
<bind>
<opset="clusterGrid1_addr_4 "/>
</bind>
</comp>

<comp id="569" class="1005" name="clusterGrid1_addr_1_reg_569">
<pin_list>
<pin id="570" dir="0" index="0" bw="8" slack="1"/>
<pin id="571" dir="1" index="1" bw="8" slack="1"/>
</pin_list>
<bind>
<opset="clusterGrid1_addr_1 "/>
</bind>
</comp>

<comp id="574" class="1005" name="clusterGrid1_addr_2_reg_574">
<pin_list>
<pin id="575" dir="0" index="0" bw="8" slack="1"/>
<pin id="576" dir="1" index="1" bw="8" slack="1"/>
</pin_list>
<bind>
<opset="clusterGrid1_addr_2 "/>
</bind>
</comp>

<comp id="579" class="1005" name="minClusterID_load_reg_579">
<pin_list>
<pin id="580" dir="0" index="0" bw="16" slack="1"/>
<pin id="581" dir="1" index="1" bw="16" slack="1"/>
</pin_list>
<bind>
<opset="minClusterID_load "/>
</bind>
</comp>

<comp id="586" class="1005" name="minClusterID_12_reg_586">
<pin_list>
<pin id="587" dir="0" index="0" bw="16" slack="1"/>
<pin id="588" dir="1" index="1" bw="16" slack="1"/>
</pin_list>
<bind>
<opset="minClusterID_12 "/>
</bind>
</comp>

</comp_list>

<net_list>
<net id="67"><net_src comp="4" pin="0"/><net_sink comp="64" pin=0"/></net>

<net id="71"><net_src comp="4" pin="0"/><net_sink comp="68" pin=0"/></net>

<net id="75"><net_src comp="4" pin="0"/><net_sink comp="72" pin=0"/></net>

<net id="79"><net_src comp="4" pin="0"/><net_sink comp="76" pin=0"/></net>

<net id="85"><net_src comp="0" pin="0"/><net_sink comp="80" pin=0"/></net>

<net id="86"><net_src comp="46" pin="0"/><net_sink comp="80" pin=1"/></net>

<net id="92"><net_src comp="2" pin="0"/><net_sink comp="87" pin=0"/></net>

<net id="93"><net_src comp="46" pin="0"/><net_sink comp="87" pin=1"/></net>

<net id="99"><net_src comp="80" pin="3"/><net_sink comp="94" pin=0"/></net>

<net id="105"><net_src comp="2" pin="0"/><net_sink comp="100" pin=0"/></net>

<net id="106"><net_src comp="46" pin="0"/><net_sink comp="100" pin=1"/></net>

<net id="112"><net_src comp="2" pin="0"/><net_sink comp="107" pin=0"/></net>

<net id="113"><net_src comp="46" pin="0"/><net_sink comp="107" pin=1"/></net>

<net id="119"><net_src comp="2" pin="0"/><net_sink comp="114" pin=0"/></net>

<net id="120"><net_src comp="46" pin="0"/><net_sink comp="114" pin=1"/></net>

<net id="126"><net_src comp="2" pin="0"/><net_sink comp="121" pin=0"/></net>

<net id="127"><net_src comp="46" pin="0"/><net_sink comp="121" pin=1"/></net>

<net id="137"><net_src comp="114" pin="3"/><net_sink comp="128" pin=2"/></net>

<net id="138"><net_src comp="121" pin="3"/><net_sink comp="128" pin=0"/></net>

<net id="143"><net_src comp="128" pin="7"/><net_sink comp="139" pin=0"/></net>

<net id="144"><net_src comp="62" pin="0"/><net_sink comp="139" pin=1"/></net>

<net id="149"><net_src comp="128" pin="3"/><net_sink comp="145" pin=0"/></net>

<net id="150"><net_src comp="62" pin="0"/><net_sink comp="145" pin=1"/></net>

<net id="155"><net_src comp="24" pin="0"/><net_sink comp="151" pin=0"/></net>

<net id="160"><net_src comp="26" pin="0"/><net_sink comp="156" pin=0"/></net>

<net id="165"><net_src comp="28" pin="0"/><net_sink comp="161" pin=0"/></net>

<net id="170"><net_src comp="28" pin="0"/><net_sink comp="166" pin=0"/></net>

<net id="178"><net_src comp="171" pin="1"/><net_sink comp="174" pin=0"/></net>

<net id="179"><net_src comp="30" pin="0"/><net_sink comp="174" pin=1"/></net>

<net id="184"><net_src comp="171" pin="1"/><net_sink comp="180" pin=0"/></net>

<net id="185"><net_src comp="32" pin="0"/><net_sink comp="180" pin=1"/></net>

<net id="196"><net_src comp="189" pin="1"/><net_sink comp="192" pin=0"/></net>

<net id="197"><net_src comp="28" pin="0"/><net_sink comp="192" pin=1"/></net>

<net id="202"><net_src comp="186" pin="1"/><net_sink comp="198" pin=0"/></net>

<net id="203"><net_src comp="34" pin="0"/><net_sink comp="198" pin=1"/></net>

<net id="209"><net_src comp="198" pin="2"/><net_sink comp="204" pin=0"/></net>

<net id="210"><net_src comp="28" pin="0"/><net_sink comp="204" pin=1"/></net>

<net id="211"><net_src comp="186" pin="1"/><net_sink comp="204" pin=2"/></net>

<net id="217"><net_src comp="198" pin="2"/><net_sink comp="212" pin=0"/></net>

<net id="218"><net_src comp="192" pin="2"/><net_sink comp="212" pin=1"/></net>

<net id="219"><net_src comp="189" pin="1"/><net_sink comp="212" pin=2"/></net>

<net id="225"><net_src comp="36" pin="0"/><net_sink comp="220" pin=0"/></net>

<net id="226"><net_src comp="212" pin="3"/><net_sink comp="220" pin=1"/></net>

<net id="227"><net_src comp="38" pin="0"/><net_sink comp="220" pin=2"/></net>

<net id="233"><net_src comp="40" pin="0"/><net_sink comp="228" pin=0"/></net>

<net id="234"><net_src comp="212" pin="3"/><net_sink comp="228" pin=1"/></net>

<net id="235"><net_src comp="42" pin="0"/><net_sink comp="228" pin=2"/></net>

<net id="239"><net_src comp="228" pin="3"/><net_sink comp="236" pin=0"/></net>

<net id="244"><net_src comp="220" pin="3"/><net_sink comp="240" pin=0"/></net>

<net id="245"><net_src comp="236" pin="1"/><net_sink comp="240" pin=1"/></net>

<net id="250"><net_src comp="189" pin="1"/><net_sink comp="246" pin=0"/></net>

<net id="251"><net_src comp="44" pin="0"/><net_sink comp="246" pin=1"/></net>

<net id="257"><net_src comp="198" pin="2"/><net_sink comp="252" pin=0"/></net>

<net id="258"><net_src comp="189" pin="1"/><net_sink comp="252" pin=1"/></net>

<net id="259"><net_src comp="246" pin="2"/><net_sink comp="252" pin=2"/></net>

<net id="263"><net_src comp="204" pin="3"/><net_sink comp="260" pin=0"/></net>

<net id="268"><net_src comp="240" pin="2"/><net_sink comp="264" pin=0"/></net>

<net id="269"><net_src comp="260" pin="1"/><net_sink comp="264" pin=1"/></net>

<net id="273"><net_src comp="264" pin="2"/><net_sink comp="270" pin=0"/></net>

<net id="274"><net_src comp="270" pin="1"/><net_sink comp="80" pin=2"/></net>

<net id="275"><net_src comp="270" pin="1"/><net_sink comp="87" pin=2"/></net>

<net id="281"><net_src comp="36" pin="0"/><net_sink comp="276" pin=0"/></net>

<net id="282"><net_src comp="38" pin="0"/><net_sink comp="276" pin=2"/></net>

<net id="288"><net_src comp="40" pin="0"/><net_sink comp="283" pin=0"/></net>

<net id="289"><net_src comp="42" pin="0"/><net_sink comp="283" pin=2"/></net>

<net id="293"><net_src comp="283" pin="3"/><net_sink comp="290" pin=0"/></net>

<net id="298"><net_src comp="276" pin="3"/><net_sink comp="294" pin=0"/></net>

<net id="299"><net_src comp="290" pin="1"/><net_sink comp="294" pin=1"/></net>

<net id="304"><net_src comp="294" pin="2"/><net_sink comp="300" pin=0"/></net>

<net id="308"><net_src comp="300" pin="2"/><net_sink comp="305" pin=0"/></net>

<net id="309"><net_src comp="305" pin="1"/><net_sink comp="100" pin=2"/></net>

<net id="314"><net_src comp="28" pin="0"/><net_sink comp="310" pin=1"/></net>

<net id="318"><net_src comp="310" pin="2"/><net_sink comp="315" pin=0"/></net>

<net id="323"><net_src comp="294" pin="2"/><net_sink comp="319" pin=0"/></net>

<net id="324"><net_src comp="315" pin="1"/><net_sink comp="319" pin=1"/></net>

<net id="328"><net_src comp="319" pin="2"/><net_sink comp="325" pin=0"/></net>

<net id="329"><net_src comp="325" pin="1"/><net_sink comp="107" pin=2"/></net>

<net id="334"><net_src comp="44" pin="0"/><net_sink comp="330" pin=1"/></net>

<net id="338"><net_src comp="330" pin="2"/><net_sink comp="335" pin=0"/></net>

<net id="343"><net_src comp="335" pin="1"/><net_sink comp="339" pin=1"/></net>

<net id="347"><net_src comp="339" pin="2"/><net_sink comp="344" pin=0"/></net>

<net id="348"><net_src comp="344" pin="1"/><net_sink comp="114" pin=2"/></net>

<net id="353"><net_src comp="294" pin="2"/><net_sink comp="349" pin=0"/></net>

<net id="354"><net_src comp="335" pin="1"/><net_sink comp="349" pin=1"/></net>

<net id="358"><net_src comp="349" pin="2"/><net_sink comp="355" pin=0"/></net>

<net id="359"><net_src comp="355" pin="1"/><net_sink comp="121" pin=2"/></net>

<net id="367"><net_src comp="128" pin="7"/><net_sink comp="363" pin=0"/></net>

<net id="368"><net_src comp="360" pin="1"/><net_sink comp="363" pin=1"/></net>

<net id="373"><net_src comp="139" pin="2"/><net_sink comp="369" pin=0"/></net>

<net id="374"><net_src comp="363" pin="2"/><net_sink comp="369" pin=1"/></net>

<net id="380"><net_src comp="369" pin="2"/><net_sink comp="375" pin=0"/></net>

<net id="381"><net_src comp="128" pin="7"/><net_sink comp="375" pin=1"/></net>

<net id="382"><net_src comp="360" pin="1"/><net_sink comp="375" pin=2"/></net>

<net id="387"><net_src comp="128" pin="3"/><net_sink comp="383" pin=0"/></net>

<net id="388"><net_src comp="375" pin="3"/><net_sink comp="383" pin=1"/></net>

<net id="393"><net_src comp="145" pin="2"/><net_sink comp="389" pin=0"/></net>

<net id="394"><net_src comp="383" pin="2"/><net_sink comp="389" pin=1"/></net>

<net id="400"><net_src comp="389" pin="2"/><net_sink comp="395" pin=0"/></net>

<net id="401"><net_src comp="128" pin="3"/><net_sink comp="395" pin=1"/></net>

<net id="402"><net_src comp="375" pin="3"/><net_sink comp="395" pin=2"/></net>

<net id="407"><net_src comp="128" pin="7"/><net_sink comp="403" pin=0"/></net>

<net id="412"><net_src comp="139" pin="2"/><net_sink comp="408" pin=0"/></net>

<net id="413"><net_src comp="403" pin="2"/><net_sink comp="408" pin=1"/></net>

<net id="419"><net_src comp="408" pin="2"/><net_sink comp="414" pin=0"/></net>

<net id="420"><net_src comp="128" pin="7"/><net_sink comp="414" pin=1"/></net>

<net id="425"><net_src comp="128" pin="3"/><net_sink comp="421" pin=0"/></net>

<net id="426"><net_src comp="414" pin="3"/><net_sink comp="421" pin=1"/></net>

<net id="431"><net_src comp="145" pin="2"/><net_sink comp="427" pin=0"/></net>

<net id="432"><net_src comp="421" pin="2"/><net_sink comp="427" pin=1"/></net>

<net id="438"><net_src comp="427" pin="2"/><net_sink comp="433" pin=0"/></net>

<net id="439"><net_src comp="128" pin="3"/><net_sink comp="433" pin=1"/></net>

<net id="440"><net_src comp="414" pin="3"/><net_sink comp="433" pin=2"/></net>

<net id="441"><net_src comp="433" pin="3"/><net_sink comp="128" pin=4"/></net>

<net id="446"><net_src comp="433" pin="3"/><net_sink comp="442" pin=0"/></net>

<net id="451"><net_src comp="24" pin="0"/><net_sink comp="447" pin=1"/></net>

<net id="457"><net_src comp="442" pin="2"/><net_sink comp="452" pin=0"/></net>

<net id="458"><net_src comp="447" pin="2"/><net_sink comp="452" pin=1"/></net>

<net id="463"><net_src comp="452" pin="3"/><net_sink comp="459" pin=0"/></net>

<net id="479"><net_src comp="64" pin="1"/><net_sink comp="476" pin=0"/></net>

<net id="480"><net_src comp="476" pin="1"/><net_sink comp="166" pin=1"/></net>

<net id="481"><net_src comp="476" pin="1"/><net_sink comp="186" pin=0"/></net>

<net id="482"><net_src comp="476" pin="1"/><net_sink comp="472" pin=1"/></net>

<net id="486"><net_src comp="68" pin="1"/><net_sink comp="483" pin=0"/></net>

<net id="487"><net_src comp="483" pin="1"/><net_sink comp="161" pin=1"/></net>

<net id="488"><net_src comp="483" pin="1"/><net_sink comp="189" pin=0"/></net>

<net id="489"><net_src comp="483" pin="1"/><net_sink comp="468" pin=1"/></net>

<net id="493"><net_src comp="72" pin="1"/><net_sink comp="490" pin=0"/></net>

<net id="494"><net_src comp="490" pin="1"/><net_sink comp="156" pin=1"/></net>

<net id="495"><net_src comp="490" pin="1"/><net_sink comp="171" pin=0"/></net>

<net id="496"><net_src comp="490" pin="1"/><net_sink comp="464" pin=1"/></net>

<net id="500"><net_src comp="76" pin="1"/><net_sink comp="497" pin=0"/></net>

<net id="501"><net_src comp="497" pin="1"/><net_sink comp="151" pin=1"/></net>

<net id="502"><net_src comp="497" pin="1"/><net_sink comp="360" pin=0"/></net>

<net id="503"><net_src comp="497" pin="1"/><net_sink comp="459" pin=1"/></net>

<net id="507"><net_src comp="174" pin="2"/><net_sink comp="504" pin=0"/></net>

<net id="511"><net_src comp="180" pin="2"/><net_sink comp="508" pin=0"/></net>

<net id="512"><net_src comp="508" pin="1"/><net_sink comp="464" pin=0"/></net>

<net id="516"><net_src comp="204" pin="3"/><net_sink comp="513" pin=0"/></net>

<net id="517"><net_src comp="513" pin="1"/><net_sink comp="310" pin=0"/></net>

<net id="518"><net_src comp="513" pin="1"/><net_sink comp="330" pin=0"/></net>

<net id="522"><net_src comp="212" pin="3"/><net_sink comp="519" pin=0"/></net>

<net id="523"><net_src comp="519" pin="1"/><net_sink comp="468" pin=0"/></net>

<net id="527"><net_src comp="240" pin="2"/><net_sink comp="524" pin=0"/></net>

<net id="528"><net_src comp="524" pin="1"/><net_sink comp="339" pin=0"/></net>

<net id="532"><net_src comp="252" pin="3"/><net_sink comp="529" pin=0"/></net>

<net id="533"><net_src comp="529" pin="1"/><net_sink comp="276" pin=1"/></net>

<net id="534"><net_src comp="529" pin="1"/><net_sink comp="283" pin=1"/></net>

<net id="538"><net_src comp="260" pin="1"/><net_sink comp="535" pin=0"/></net>

<net id="539"><net_src comp="535" pin="1"/><net_sink comp="300" pin=1"/></net>

<net id="543"><net_src comp="80" pin="3"/><net_sink comp="540" pin=0"/></net>

<net id="544"><net_src comp="540" pin="1"/><net_sink comp="94" pin=0"/></net>

<net id="548"><net_src comp="87" pin="3"/><net_sink comp="545" pin=0"/></net>

<net id="549"><net_src comp="545" pin="1"/><net_sink comp="128" pin=2"/></net>

<net id="553"><net_src comp="100" pin="3"/><net_sink comp="550" pin=0"/></net>

<net id="554"><net_src comp="550" pin="1"/><net_sink comp="128" pin=2"/></net>

<net id="558"><net_src comp="94" pin="3"/><net_sink comp="555" pin=0"/></net>

<net id="562"><net_src comp="310" pin="2"/><net_sink comp="559" pin=0"/></net>

<net id="563"><net_src comp="559" pin="1"/><net_sink comp="472" pin=0"/></net>

<net id="567"><net_src comp="107" pin="3"/><net_sink comp="564" pin=0"/></net>

<net id="568"><net_src comp="564" pin="1"/><net_sink comp="128" pin=0"/></net>

<net id="572"><net_src comp="114" pin="3"/><net_sink comp="569" pin=0"/></net>

<net id="573"><net_src comp="569" pin="1"/><net_sink comp="128" pin=2"/></net>

<net id="577"><net_src comp="121" pin="3"/><net_sink comp="574" pin=0"/></net>

<net id="578"><net_src comp="574" pin="1"/><net_sink comp="128" pin=0"/></net>

<net id="582"><net_src comp="360" pin="1"/><net_sink comp="579" pin=0"/></net>

<net id="583"><net_src comp="579" pin="1"/><net_sink comp="442" pin=1"/></net>

<net id="584"><net_src comp="579" pin="1"/><net_sink comp="447" pin=0"/></net>

<net id="585"><net_src comp="579" pin="1"/><net_sink comp="452" pin=2"/></net>

<net id="589"><net_src comp="395" pin="3"/><net_sink comp="586" pin=0"/></net>

<net id="590"><net_src comp="586" pin="1"/><net_sink comp="403" pin=1"/></net>

<net id="591"><net_src comp="586" pin="1"/><net_sink comp="414" pin=2"/></net>

</net_list>

</model> 
---------------- Datapath Model END ------------------

* FSMD analyzer results:
  - Output states:
	Port: clusterGrid1 | {4 }
 - Input state : 
	Port: naive_findClustersHLS2_Pipeline_FirstPass_FirstPassInner : grid | {1 2 }
	Port: naive_findClustersHLS2_Pipeline_FirstPass_FirstPassInner : clusterGrid1 | {2 3 4 }
  - Chain level:
	State 1
		store_ln0 : 1
		store_ln0 : 1
		store_ln0 : 1
		store_ln0 : 1
		indvar_flatten_load : 1
		icmp_ln227 : 2
		add_ln227_1 : 2
		br_ln227 : 3
		j_load : 1
		i_load : 1
		add_ln227 : 2
		icmp_ln229 : 2
		select_ln227 : 3
		select_ln227_1 : 3
		tmp_2 : 4
		tmp_3 : 4
		zext_ln231 : 5
		sub_ln231 : 6
		empty : 2
		select_ln227_2 : 3
		zext_ln231_1 : 4
		add_ln231 : 7
		zext_ln231_2 : 8
		grid_addr : 9
		clusterGrid1_addr_5 : 9
		grid_load : 10
	State 2
		zext_ln234 : 1
		sub_ln234 : 2
		add_ln235 : 3
		zext_ln235 : 4
		clusterGrid1_addr_3 : 5
		zext_ln236 : 1
		add_ln236 : 3
		zext_ln236_1 : 4
		clusterGrid1_addr_4 : 5
		br_ln231 : 1
		zext_ln233 : 1
		add_ln233_1 : 2
		zext_ln233_1 : 3
		clusterGrid1_addr_1 : 4
		add_ln234 : 3
		zext_ln234_1 : 4
		clusterGrid1_addr_2 : 5
		neighborID0 : 5
		neighborID1 : 6
	State 3
		icmp_ln238 : 1
		icmp_ln238_1 : 1
		and_ln238 : 2
		minClusterID_10 : 2
		icmp_ln239 : 1
		icmp_ln239_1 : 3
		and_ln239 : 4
		minClusterID_12 : 4
	State 4
		icmp_ln240 : 1
		icmp_ln240_1 : 1
		and_ln240 : 2
		minClusterID_14 : 2
		icmp_ln241 : 1
		icmp_ln241_1 : 3
		and_ln241 : 4
		minClusterID_16 : 4
		icmp_ln243 : 5
		maxClusterID_1 : 6
		store_ln245 : 5
		store_ln246 : 7


============================================================
+ Verbose Summary: Datapath Resource usage 
============================================================

* Functional unit list:
|----------|------------------------|---------|---------|
| Operation|     Functional Unit    |    FF   |   LUT   |
|----------|------------------------|---------|---------|
|          |       grp_fu_139       |    0    |    23   |
|          |       grp_fu_145       |    0    |    23   |
|          |    icmp_ln227_fu_174   |    0    |    14   |
|          |    icmp_ln229_fu_198   |    0    |    12   |
|   icmp   |   icmp_ln238_1_fu_363  |    0    |    23   |
|          |   icmp_ln239_1_fu_383  |    0    |    23   |
|          |   icmp_ln240_1_fu_403  |    0    |    23   |
|          |   icmp_ln241_1_fu_421  |    0    |    23   |
|          |    icmp_ln243_fu_442   |    0    |    23   |
|----------|------------------------|---------|---------|
|          |   add_ln227_1_fu_180   |    0    |    14   |
|          |    add_ln227_fu_192    |    0    |    12   |
|          |      empty_fu_246      |    0    |    12   |
|          |    add_ln231_fu_264    |    0    |    15   |
|          |    add_ln235_fu_300    |    0    |    15   |
|    add   |    add_ln229_fu_310    |    0    |    12   |
|          |    add_ln236_fu_319    |    0    |    15   |
|          |    add_ln233_fu_330    |    0    |    12   |
|          |   add_ln233_1_fu_339   |    0    |    15   |
|          |    add_ln234_fu_349    |    0    |    15   |
|          |   maxClusterID_fu_447  |    0    |    23   |
|----------|------------------------|---------|---------|
|          |   select_ln227_fu_204  |    0    |    4    |
|          |  select_ln227_1_fu_212 |    0    |    4    |
|          |  select_ln227_2_fu_252 |    0    |    4    |
|  select  | minClusterID_10_fu_375 |    0    |    16   |
|          | minClusterID_12_fu_395 |    0    |    16   |
|          | minClusterID_14_fu_414 |    0    |    16   |
|          | minClusterID_16_fu_433 |    0    |    16   |
|          |  maxClusterID_1_fu_452 |    0    |    16   |
|----------|------------------------|---------|---------|
|    sub   |    sub_ln231_fu_240    |    0    |    15   |
|          |    sub_ln234_fu_294    |    0    |    15   |
|----------|------------------------|---------|---------|
|          |    and_ln238_fu_369    |    0    |    2    |
|    and   |    and_ln239_fu_389    |    0    |    2    |
|          |    and_ln240_fu_408    |    0    |    2    |
|          |    and_ln241_fu_427    |    0    |    2    |
|----------|------------------------|---------|---------|
|          |      tmp_2_fu_220      |    0    |    0    |
|bitconcatenate|      tmp_3_fu_228      |    0    |    0    |
|          |      tmp_4_fu_276      |    0    |    0    |
|          |      tmp_5_fu_283      |    0    |    0    |
|----------|------------------------|---------|---------|
|          |    zext_ln231_fu_236   |    0    |    0    |
|          |   zext_ln231_1_fu_260  |    0    |    0    |
|          |   zext_ln231_2_fu_270  |    0    |    0    |
|          |    zext_ln234_fu_290   |    0    |    0    |
|   zext   |    zext_ln235_fu_305   |    0    |    0    |
|          |    zext_ln236_fu_315   |    0    |    0    |
|          |   zext_ln236_1_fu_325  |    0    |    0    |
|          |    zext_ln233_fu_335   |    0    |    0    |
|          |   zext_ln233_1_fu_344  |    0    |    0    |
|          |   zext_ln234_1_fu_355  |    0    |    0    |
|----------|------------------------|---------|---------|
|   Total  |                        |    0    |   477   |
|----------|------------------------|---------|---------|

Memories:
N/A

* Register list:
+---------------------------+--------+
|                           |   FF   |
+---------------------------+--------+
|    add_ln227_1_reg_508    |    7   |
|     add_ln229_reg_559     |    4   |
|clusterGrid1_addr_1_reg_569|    8   |
|clusterGrid1_addr_2_reg_574|    8   |
|clusterGrid1_addr_3_reg_550|    8   |
|clusterGrid1_addr_4_reg_564|    8   |
|clusterGrid1_addr_5_reg_545|    8   |
|     grid_addr_reg_540     |    8   |
|     grid_load_reg_555     |    1   |
|         i_reg_483         |    4   |
|     icmp_ln227_reg_504    |    1   |
|   indvar_flatten_reg_490  |    7   |
|         j_reg_476         |    4   |
|  minClusterID_12_reg_586  |   16   |
| minClusterID_load_reg_579 |   16   |
|    minClusterID_reg_497   |   16   |
|   select_ln227_1_reg_519  |    4   |
|   select_ln227_2_reg_529  |    4   |
|    select_ln227_reg_513   |    4   |
|     sub_ln231_reg_524     |    8   |
|    zext_ln231_1_reg_535   |    8   |
+---------------------------+--------+
|           Total           |   152  |
+---------------------------+--------+

* Multiplexer (MUX) list: 
|-------------------|------|------|------|--------||---------||---------|
|        Comp       |  Pin | Size |  BW  | S x BW ||  Delay  ||   LUT   |
|-------------------|------|------|------|--------||---------||---------|
|  grp_access_fu_94 |  p0  |   2  |   8  |   16   ||    9    |
| grp_access_fu_128 |  p0  |   3  |   8  |   24   ||    14   |
| grp_access_fu_128 |  p2  |   4  |   0  |    0   ||    20   |
|-------------------|------|------|------|--------||---------||---------|
|       Total       |      |      |      |   40   || 1.50643 ||    43   |
|-------------------|------|------|------|--------||---------||---------|



* Summary:
+-----------+--------+--------+--------+
|           |  Delay |   FF   |   LUT  |
+-----------+--------+--------+--------+
|  Function |    -   |    0   |   477  |
|   Memory  |    -   |    -   |    -   |
|Multiplexer|    1   |    -   |   43   |
|  Register |    -   |   152  |    -   |
+-----------+--------+--------+--------+
|   Total   |    1   |   152  |   520  |
+-----------+--------+--------+--------+
